#
# There is insufficient memory for the Java Runtime Environment to continue.
# Native memory allocation (mmap) failed to map 72351744 bytes for G1 virtual space
# Possible reasons:
#   The system is out of physical RAM or swap space
#   The process is running with CompressedOops enabled, and the Java Heap may be blocking the growth of the native heap
# Possible solutions:
#   Reduce memory load on the system
#   Increase physical memory or swap space
#   Check if swap backing store is full
#   Decrease Java heap size (-Xmx/-Xms)
#   Decrease number of Java threads
#   Decrease Java thread stack sizes (-Xss)
#   Set larger code cache with -XX:ReservedCodeCacheSize=
#   JVM is running with Unscaled Compressed Oops mode in which the Java heap is
#     placed in the first 4GB address space. The Java Heap base address is the
#     maximum limit for the native heap growth. Please use -XX:HeapBaseMinAddress
#     to set the Java Heap base and to place the Java Heap above 4GB virtual address.
# This output file may be truncated or incomplete.
#
#  Out of Memory Error (os_windows.cpp:3769), pid=5856, tid=14808
#
# JRE version: OpenJDK Runtime Environment (17.0.6) (build 17.0.6+0-b2043.56-10027231)
# Java VM: OpenJDK 64-Bit Server VM (17.0.6+0-b2043.56-10027231, mixed mode, tiered, compressed oops, compressed class ptrs, g1 gc, windows-amd64)
# No core dump will be written. Minidumps are not enabled by default on client versions of Windows
#

---------------  S U M M A R Y ------------

Command Line: --add-opens=java.base/java.util=ALL-UNNAMED --add-opens=java.base/java.lang=ALL-UNNAMED --add-opens=java.base/java.lang.invoke=ALL-UNNAMED --add-opens=java.prefs/java.util.prefs=ALL-UNNAMED --add-opens=java.base/java.nio.charset=ALL-UNNAMED --add-opens=java.base/java.net=ALL-UNNAMED --add-opens=java.base/java.util.concurrent.atomic=ALL-UNNAMED -Xmx2048m -Dfile.encoding=UTF-8 -Duser.country=CN -Duser.language=zh -Duser.variant org.gradle.launcher.daemon.bootstrap.GradleDaemon 8.0

Host: 11th Gen Intel(R) Core(TM) i5-1135G7 @ 2.40GHz, 8 cores, 15G,  Windows 11 , 64 bit Build 22621 (10.0.22621.2506)
Time: Tue Dec 19 20:04:10 2023  Windows 11 , 64 bit Build 22621 (10.0.22621.2506) elapsed time: 8.915557 seconds (0d 0h 0m 8s)

---------------  T H R E A D  ---------------

Current thread (0x000001a2aaf30850):  VMThread "VM Thread" [stack: 0x00000077e1b00000,0x00000077e1c00000] [id=14808]

Stack: [0x00000077e1b00000,0x00000077e1c00000]
Native frames: (J=compiled Java code, j=interpreted, Vv=VM code, C=native code)
V  [jvm.dll+0x683c9a]
V  [jvm.dll+0x8427a4]
V  [jvm.dll+0x843f9e]
V  [jvm.dll+0x844603]
V  [jvm.dll+0x249b75]
V  [jvm.dll+0x680b69]
V  [jvm.dll+0x67505a]
V  [jvm.dll+0x309acb]
V  [jvm.dll+0x310f86]
V  [jvm.dll+0x3608ee]
V  [jvm.dll+0x360b1f]
V  [jvm.dll+0x2dfbf8]
V  [jvm.dll+0x2ddec4]
V  [jvm.dll+0x2dd4cc]
V  [jvm.dll+0x321f3b]
V  [jvm.dll+0x848ccb]
V  [jvm.dll+0x849a04]
V  [jvm.dll+0x849f1d]
V  [jvm.dll+0x84a2f4]
V  [jvm.dll+0x84a3c0]
V  [jvm.dll+0x7f274a]
V  [jvm.dll+0x682ad5]
C  [ucrtbase.dll+0x29363]
C  [KERNEL32.DLL+0x1257d]
C  [ntdll.dll+0x5aa58]

VM_Operation (0x00000077e45fde00): G1CollectForAllocation, mode: safepoint, requested by thread 0x000001a2acf3da20


---------------  P R O C E S S  ---------------

Threads class SMR info:
_java_thread_list=0x000001a2b457b260, length=136, elements={
0x000001a2910bcb50, 0x000001a2ab83f030, 0x000001a2ab83fbe0, 0x000001a2ab86ea40,
0x000001a2ab86f5f0, 0x000001a2ab873fc0, 0x000001a2ab894f00, 0x000001a2ab895c90,
0x000001a2ab897b60, 0x000001a2ab898550, 0x000001a2aba4a850, 0x000001a2aba4bd30,
0x000001a2abb21120, 0x000001a2ad108fe0, 0x000001a2ac7e77d0, 0x000001a2ac7e5fc0,
0x000001a2ac7e6490, 0x000001a2ac7e6e30, 0x000001a2acf3fbd0, 0x000001a2acf3def0,
0x000001a2acf3ed60, 0x000001a2acf3e890, 0x000001a2acf400a0, 0x000001a2acf3bd40,
0x000001a2acf3b3a0, 0x000001a2acf3a060, 0x000001a2acf40a40, 0x000001a2acf3d550,
0x000001a2acf3c6e0, 0x000001a2acf3f700, 0x000001a2acf3f230, 0x000001a2acf40f10,
0x000001a2acf3aed0, 0x000001a2acf3da20, 0x000001a2acf40570, 0x000001a2acf3c210,
0x000001a2b1551600, 0x000001a2b1550790, 0x000001a2b154fdf0, 0x000001a2b154b5c0,
0x000001a2b1550c60, 0x000001a2b154e110, 0x000001a2b154c430, 0x000001a2b154bf60,
0x000001a2b154f920, 0x000001a2b1551ad0, 0x000001a2b154cdd0, 0x000001a2b154d770,
0x000001a2b1551fa0, 0x000001a2b154d2a0, 0x000001a2b154e5e0, 0x000001a2b1552470,
0x000001a2b154f450, 0x000001a2b1552940, 0x000001a2b154ba90, 0x000001a2b1552e10,
0x000001a2b154dc40, 0x000001a2b195b320, 0x000001a2b19621d0, 0x000001a2b1960e90,
0x000001a2b195bcc0, 0x000001a2b195a980, 0x000001a2b195e340, 0x000001a2b195de70,
0x000001a2b195ae50, 0x000001a2b195e810, 0x000001a2b195ece0, 0x000001a2b195c190,
0x000001a2b195f680, 0x000001a2b195f1b0, 0x000001a2b195b7f0, 0x000001a2b195c660,
0x000001a2b195cb30, 0x000001a2b195d9a0, 0x000001a2b195fb50, 0x000001a2b1961360,
0x000001a2b195d4d0, 0x000001a2b195d000, 0x000001a2b1960020, 0x000001a2b19609c0,
0x000001a2b19604f0, 0x000001a2b1961830, 0x000001a2b1961d00, 0x000001a2ae728820,
0x000001a2ae729b60, 0x000001a2ae726b40, 0x000001a2ae725cd0, 0x000001a2ae727010,
0x000001a2ae72a030, 0x000001a2ae725800, 0x000001a2ae72a500, 0x000001a2ae7274e0,
0x000001a2ae72a9d0, 0x000001a2ae7261a0, 0x000001a2ae726670, 0x000001a2ae7279b0,
0x000001a2ae727e80, 0x000001a2ae728350, 0x000001a2ae7291c0, 0x000001a2ae72b840,
0x000001a2ae72aea0, 0x000001a2ae729690, 0x000001a2ae72b370, 0x000001a2ae728cf0,
0x000001a2ae72bd10, 0x000001a2ae72c1e0, 0x000001a2ae72c6b0, 0x000001a2ae72cb80,
0x000001a2ae725330, 0x000001a2b1832590, 0x000001a2b1830d80, 0x000001a2b18303e0,
0x000001a2b1831720, 0x000001a2b18308b0, 0x000001a2b1831250, 0x000001a2b18320c0,
0x000001a2b1831bf0, 0x000001a2b1832a60, 0x000001a2b182f0a0, 0x000001a2b182f570,
0x000001a2b182fa40, 0x000001a2b182ff10, 0x000001a2b0fad3c0, 0x000001a2b0fae230,
0x000001a2b0fa9060, 0x000001a2b0fa9ed0, 0x000001a2b0fab210, 0x000001a2b0fb08b0,
0x000001a2b0fac080, 0x000001a2b0faad40, 0x000001a2ac7e7300, 0x000001a2ac7e6960,
0x000001a2b55ab250, 0x000001a2b55a9570, 0x000001a2b55a73c0, 0x000001a2b55a6a20
}

Java Threads: ( => current thread )
  0x000001a2910bcb50 JavaThread "main" [_thread_blocked, id=11028, stack(0x00000077e1500000,0x00000077e1600000)]
  0x000001a2ab83f030 JavaThread "Reference Handler" daemon [_thread_blocked, id=2044, stack(0x00000077e1c00000,0x00000077e1d00000)]
  0x000001a2ab83fbe0 JavaThread "Finalizer" daemon [_thread_blocked, id=15468, stack(0x00000077e1d00000,0x00000077e1e00000)]
  0x000001a2ab86ea40 JavaThread "Signal Dispatcher" daemon [_thread_blocked, id=18860, stack(0x00000077e1e00000,0x00000077e1f00000)]
  0x000001a2ab86f5f0 JavaThread "Attach Listener" daemon [_thread_blocked, id=15792, stack(0x00000077e1f00000,0x00000077e2000000)]
  0x000001a2ab873fc0 JavaThread "Service Thread" daemon [_thread_blocked, id=12968, stack(0x00000077e2000000,0x00000077e2100000)]
  0x000001a2ab894f00 JavaThread "Monitor Deflation Thread" daemon [_thread_blocked, id=12404, stack(0x00000077e2100000,0x00000077e2200000)]
  0x000001a2ab895c90 JavaThread "C2 CompilerThread0" daemon [_thread_blocked, id=8720, stack(0x00000077e2200000,0x00000077e2300000)]
  0x000001a2ab897b60 JavaThread "C1 CompilerThread0" daemon [_thread_blocked, id=11440, stack(0x00000077e2300000,0x00000077e2400000)]
  0x000001a2ab898550 JavaThread "Sweeper thread" daemon [_thread_blocked, id=14296, stack(0x00000077e2400000,0x00000077e2500000)]
  0x000001a2aba4a850 JavaThread "Common-Cleaner" daemon [_thread_blocked, id=16900, stack(0x00000077e2500000,0x00000077e2600000)]
  0x000001a2aba4bd30 JavaThread "Notification Thread" daemon [_thread_blocked, id=5176, stack(0x00000077e2600000,0x00000077e2700000)]
  0x000001a2abb21120 JavaThread "C2 CompilerThread1" daemon [_thread_in_native, id=21448, stack(0x00000077e2800000,0x00000077e2900000)]
  0x000001a2ad108fe0 JavaThread "Daemon health stats" [_thread_blocked, id=4768, stack(0x00000077e2e00000,0x00000077e2f00000)]
  0x000001a2ac7e77d0 JavaThread "Incoming local TCP Connector on port 7621" [_thread_in_native, id=3040, stack(0x00000077e2f00000,0x00000077e3000000)]
  0x000001a2ac7e5fc0 JavaThread "Daemon periodic checks" [_thread_blocked, id=16796, stack(0x00000077e3000000,0x00000077e3100000)]
  0x000001a2ac7e6490 JavaThread "Daemon" [_thread_blocked, id=9140, stack(0x00000077e3100000,0x00000077e3200000)]
  0x000001a2ac7e6e30 JavaThread "Handler for socket connection from /127.0.0.1:7621 to /127.0.0.1:7622" [_thread_in_native, id=19604, stack(0x00000077e3200000,0x00000077e3300000)]
  0x000001a2acf3fbd0 JavaThread "Cancel handler" [_thread_blocked, id=3668, stack(0x00000077e3300000,0x00000077e3400000)]
  0x000001a2acf3def0 JavaThread "Daemon worker" [_thread_blocked, id=8664, stack(0x00000077e3400000,0x00000077e3500000)]
  0x000001a2acf3ed60 JavaThread "Asynchronous log dispatcher for DefaultDaemonConnection: socket connection from /127.0.0.1:7621 to /127.0.0.1:7622" [_thread_blocked, id=18136, stack(0x00000077e3500000,0x00000077e3600000)]
  0x000001a2acf3e890 JavaThread "Stdin handler" [_thread_blocked, id=21764, stack(0x00000077e3600000,0x00000077e3700000)]
  0x000001a2acf400a0 JavaThread "Daemon client event forwarder" [_thread_blocked, id=9828, stack(0x00000077e3700000,0x00000077e3800000)]
  0x000001a2acf3bd40 JavaThread "Cache worker for journal cache (D:\dev\gradle\caches\journal-1)" [_thread_blocked, id=11324, stack(0x00000077e3b00000,0x00000077e3c00000)]
  0x000001a2acf3b3a0 JavaThread "File lock request listener" [_thread_in_native, id=9632, stack(0x00000077e3c00000,0x00000077e3d00000)]
  0x000001a2acf3a060 JavaThread "Cache worker for file hash cache (D:\dev\gradle\caches\8.0\fileHashes)" [_thread_blocked, id=22012, stack(0x00000077e3d00000,0x00000077e3e00000)]
  0x000001a2acf40a40 JavaThread "File watcher server" daemon [_thread_blocked, id=9692, stack(0x00000077e3e00000,0x00000077e3f00000)]
  0x000001a2acf3d550 JavaThread "File watcher consumer" daemon [_thread_blocked, id=21700, stack(0x00000077e3f00000,0x00000077e4000000)]
  0x000001a2acf3c6e0 JavaThread "Cache worker for checksums cache (D:\AndroidStudioProjects\pinokoapp\.gradle\8.0\checksums)" [_thread_blocked, id=22004, stack(0x00000077e4000000,0x00000077e4100000)]
  0x000001a2acf3f700 JavaThread "Cache worker for cache directory md-rule (D:\dev\gradle\caches\8.0\md-rule)" [_thread_blocked, id=9364, stack(0x00000077e4100000,0x00000077e4200000)]
  0x000001a2acf3f230 JavaThread "Cache worker for file content cache (D:\dev\gradle\caches\8.0\fileContent)" [_thread_blocked, id=12688, stack(0x00000077e4200000,0x00000077e4300000)]
  0x000001a2acf40f10 JavaThread "Cache worker for file hash cache (D:\AndroidStudioProjects\pinokoapp\.gradle\8.0\fileHashes)" [_thread_blocked, id=5568, stack(0x00000077e4300000,0x00000077e4400000)]
  0x000001a2acf3aed0 JavaThread "Cache worker for cache directory md-supplier (D:\dev\gradle\caches\8.0\md-supplier)" [_thread_blocked, id=1156, stack(0x00000077e4400000,0x00000077e4500000)]
  0x000001a2acf3da20 JavaThread "Cache worker for execution history cache (D:\dev\gradle\caches\8.0\executionHistory)" [_thread_blocked, id=11984, stack(0x00000077e4500000,0x00000077e4600000)]
  0x000001a2acf40570 JavaThread "jar transforms" [_thread_blocked, id=8752, stack(0x00000077e4600000,0x00000077e4700000)]
  0x000001a2acf3c210 JavaThread "jar transforms Thread 2" [_thread_blocked, id=21416, stack(0x00000077e4700000,0x00000077e4800000)]
  0x000001a2b1551600 JavaThread "Cache worker for kotlin-dsl (D:\dev\gradle\caches\8.0\kotlin-dsl)" [_thread_blocked, id=2212, stack(0x00000077e4800000,0x00000077e4900000)]
  0x000001a2b1550790 JavaThread "jar transforms Thread 3" [_thread_blocked, id=22272, stack(0x00000077e4900000,0x00000077e4a00000)]
  0x000001a2b154fdf0 JavaThread "jar transforms Thread 4" [_thread_blocked, id=1788, stack(0x00000077e4a00000,0x00000077e4b00000)]
  0x000001a2b154b5c0 JavaThread "Cache worker for dependencies-accessors (D:\AndroidStudioProjects\pinokoapp\.gradle\8.0\dependencies-accessors)" [_thread_blocked, id=21096, stack(0x00000077e4b00000,0x00000077e4c00000)]
  0x000001a2b1550c60 JavaThread "Cache worker for Build Output Cleanup Cache (D:\AndroidStudioProjects\pinokoapp\.gradle\buildOutputCleanup)" [_thread_blocked, id=3100, stack(0x00000077e4c00000,0x00000077e4d00000)]
  0x000001a2b154e110 JavaThread "jar transforms Thread 5" [_thread_blocked, id=10248, stack(0x00000077e4d00000,0x00000077e4e00000)]
  0x000001a2b154c430 JavaThread "Unconstrained build operations" [_thread_blocked, id=18352, stack(0x00000077e4e00000,0x00000077e4f00000)]
  0x000001a2b154bf60 JavaThread "Unconstrained build operations Thread 2" [_thread_blocked, id=22388, stack(0x00000077e4f00000,0x00000077e5000000)]
  0x000001a2b154f920 JavaThread "Unconstrained build operations Thread 3" [_thread_blocked, id=18220, stack(0x00000077e5000000,0x00000077e5100000)]
  0x000001a2b1551ad0 JavaThread "Unconstrained build operations Thread 4" [_thread_blocked, id=13204, stack(0x00000077e5100000,0x00000077e5200000)]
  0x000001a2b154cdd0 JavaThread "Unconstrained build operations Thread 5" [_thread_blocked, id=13968, stack(0x00000077e5200000,0x00000077e5300000)]
  0x000001a2b154d770 JavaThread "Unconstrained build operations Thread 6" [_thread_blocked, id=16408, stack(0x00000077e5300000,0x00000077e5400000)]
  0x000001a2b1551fa0 JavaThread "Unconstrained build operations Thread 7" [_thread_blocked, id=16776, stack(0x00000077e5400000,0x00000077e5500000)]
  0x000001a2b154d2a0 JavaThread "Unconstrained build operations Thread 8" [_thread_blocked, id=21324, stack(0x00000077e5500000,0x00000077e5600000)]
  0x000001a2b154e5e0 JavaThread "Unconstrained build operations Thread 9" [_thread_blocked, id=12272, stack(0x00000077e5600000,0x00000077e5700000)]
  0x000001a2b1552470 JavaThread "Unconstrained build operations Thread 10" [_thread_blocked, id=18708, stack(0x00000077e5700000,0x00000077e5800000)]
  0x000001a2b154f450 JavaThread "Unconstrained build operations Thread 11" [_thread_blocked, id=7960, stack(0x00000077e5800000,0x00000077e5900000)]
  0x000001a2b1552940 JavaThread "Unconstrained build operations Thread 12" [_thread_blocked, id=22096, stack(0x00000077e5900000,0x00000077e5a00000)]
  0x000001a2b154ba90 JavaThread "Unconstrained build operations Thread 13" [_thread_blocked, id=19008, stack(0x00000077e5a00000,0x00000077e5b00000)]
  0x000001a2b1552e10 JavaThread "Unconstrained build operations Thread 14" [_thread_blocked, id=19128, stack(0x00000077e5b00000,0x00000077e5c00000)]
  0x000001a2b154dc40 JavaThread "Unconstrained build operations Thread 15" [_thread_blocked, id=11148, stack(0x00000077e5c00000,0x00000077e5d00000)]
  0x000001a2b195b320 JavaThread "Unconstrained build operations Thread 16" [_thread_blocked, id=22472, stack(0x00000077e5d00000,0x00000077e5e00000)]
  0x000001a2b19621d0 JavaThread "Unconstrained build operations Thread 17" [_thread_blocked, id=11352, stack(0x00000077e5e00000,0x00000077e5f00000)]
  0x000001a2b1960e90 JavaThread "Unconstrained build operations Thread 18" [_thread_blocked, id=15096, stack(0x00000077e5f00000,0x00000077e6000000)]
  0x000001a2b195bcc0 JavaThread "Unconstrained build operations Thread 19" [_thread_blocked, id=5032, stack(0x00000077e6000000,0x00000077e6100000)]
  0x000001a2b195a980 JavaThread "Unconstrained build operations Thread 20" [_thread_blocked, id=21276, stack(0x00000077e6100000,0x00000077e6200000)]
  0x000001a2b195e340 JavaThread "Unconstrained build operations Thread 21" [_thread_blocked, id=6808, stack(0x00000077e6200000,0x00000077e6300000)]
  0x000001a2b195de70 JavaThread "Unconstrained build operations Thread 22" [_thread_blocked, id=9536, stack(0x00000077e6300000,0x00000077e6400000)]
  0x000001a2b195ae50 JavaThread "Unconstrained build operations Thread 23" [_thread_blocked, id=21576, stack(0x00000077e6400000,0x00000077e6500000)]
  0x000001a2b195e810 JavaThread "Unconstrained build operations Thread 24" [_thread_blocked, id=11788, stack(0x00000077e6500000,0x00000077e6600000)]
  0x000001a2b195ece0 JavaThread "Unconstrained build operations Thread 25" [_thread_blocked, id=1160, stack(0x00000077e6600000,0x00000077e6700000)]
  0x000001a2b195c190 JavaThread "Unconstrained build operations Thread 26" [_thread_blocked, id=13980, stack(0x00000077e6700000,0x00000077e6800000)]
  0x000001a2b195f680 JavaThread "Unconstrained build operations Thread 27" [_thread_blocked, id=4620, stack(0x00000077e6800000,0x00000077e6900000)]
  0x000001a2b195f1b0 JavaThread "Unconstrained build operations Thread 28" [_thread_blocked, id=14492, stack(0x00000077e6900000,0x00000077e6a00000)]
  0x000001a2b195b7f0 JavaThread "Unconstrained build operations Thread 29" [_thread_blocked, id=14100, stack(0x00000077e6a00000,0x00000077e6b00000)]
  0x000001a2b195c660 JavaThread "Unconstrained build operations Thread 30" [_thread_blocked, id=10336, stack(0x00000077e6b00000,0x00000077e6c00000)]
  0x000001a2b195cb30 JavaThread "Unconstrained build operations Thread 31" [_thread_blocked, id=7652, stack(0x00000077e6c00000,0x00000077e6d00000)]
  0x000001a2b195d9a0 JavaThread "Unconstrained build operations Thread 32" [_thread_blocked, id=9468, stack(0x00000077e6d00000,0x00000077e6e00000)]
  0x000001a2b195fb50 JavaThread "Unconstrained build operations Thread 33" [_thread_blocked, id=8108, stack(0x00000077e6e00000,0x00000077e6f00000)]
  0x000001a2b1961360 JavaThread "Unconstrained build operations Thread 34" [_thread_blocked, id=16184, stack(0x00000077e6f00000,0x00000077e7000000)]
  0x000001a2b195d4d0 JavaThread "Unconstrained build operations Thread 35" [_thread_blocked, id=17436, stack(0x00000077e7000000,0x00000077e7100000)]
  0x000001a2b195d000 JavaThread "Unconstrained build operations Thread 36" [_thread_blocked, id=13304, stack(0x00000077e7100000,0x00000077e7200000)]
  0x000001a2b1960020 JavaThread "Unconstrained build operations Thread 37" [_thread_blocked, id=11948, stack(0x00000077e7200000,0x00000077e7300000)]
  0x000001a2b19609c0 JavaThread "Unconstrained build operations Thread 38" [_thread_blocked, id=16556, stack(0x00000077e7300000,0x00000077e7400000)]
  0x000001a2b19604f0 JavaThread "Unconstrained build operations Thread 39" [_thread_blocked, id=3412, stack(0x00000077e7400000,0x00000077e7500000)]
  0x000001a2b1961830 JavaThread "Unconstrained build operations Thread 40" [_thread_blocked, id=13484, stack(0x00000077e7500000,0x00000077e7600000)]
  0x000001a2b1961d00 JavaThread "Unconstrained build operations Thread 41" [_thread_blocked, id=3472, stack(0x00000077e7600000,0x00000077e7700000)]
  0x000001a2ae728820 JavaThread "Unconstrained build operations Thread 42" [_thread_blocked, id=19672, stack(0x00000077e7700000,0x00000077e7800000)]
  0x000001a2ae729b60 JavaThread "Unconstrained build operations Thread 43" [_thread_blocked, id=9656, stack(0x00000077e7800000,0x00000077e7900000)]
  0x000001a2ae726b40 JavaThread "Unconstrained build operations Thread 44" [_thread_blocked, id=18328, stack(0x00000077e7900000,0x00000077e7a00000)]
  0x000001a2ae725cd0 JavaThread "Unconstrained build operations Thread 45" [_thread_blocked, id=16952, stack(0x00000077e7a00000,0x00000077e7b00000)]
  0x000001a2ae727010 JavaThread "Unconstrained build operations Thread 46" [_thread_blocked, id=17960, stack(0x00000077e7b00000,0x00000077e7c00000)]
  0x000001a2ae72a030 JavaThread "Unconstrained build operations Thread 47" [_thread_blocked, id=9776, stack(0x00000077e7c00000,0x00000077e7d00000)]
  0x000001a2ae725800 JavaThread "Unconstrained build operations Thread 48" [_thread_blocked, id=18188, stack(0x00000077e7d00000,0x00000077e7e00000)]
  0x000001a2ae72a500 JavaThread "Unconstrained build operations Thread 49" [_thread_blocked, id=3316, stack(0x00000077e7e00000,0x00000077e7f00000)]
  0x000001a2ae7274e0 JavaThread "Unconstrained build operations Thread 50" [_thread_blocked, id=1972, stack(0x00000077e7f00000,0x00000077e8000000)]
  0x000001a2ae72a9d0 JavaThread "Unconstrained build operations Thread 51" [_thread_blocked, id=11404, stack(0x00000077e8000000,0x00000077e8100000)]
  0x000001a2ae7261a0 JavaThread "Unconstrained build operations Thread 52" [_thread_blocked, id=2064, stack(0x00000077e8100000,0x00000077e8200000)]
  0x000001a2ae726670 JavaThread "Unconstrained build operations Thread 53" [_thread_blocked, id=1152, stack(0x00000077e8200000,0x00000077e8300000)]
  0x000001a2ae7279b0 JavaThread "Unconstrained build operations Thread 54" [_thread_blocked, id=15076, stack(0x00000077e8300000,0x00000077e8400000)]
  0x000001a2ae727e80 JavaThread "Unconstrained build operations Thread 55" [_thread_blocked, id=21760, stack(0x00000077e8400000,0x00000077e8500000)]
  0x000001a2ae728350 JavaThread "Unconstrained build operations Thread 56" [_thread_blocked, id=21664, stack(0x00000077e8500000,0x00000077e8600000)]
  0x000001a2ae7291c0 JavaThread "Unconstrained build operations Thread 57" [_thread_blocked, id=21420, stack(0x00000077e8600000,0x00000077e8700000)]
  0x000001a2ae72b840 JavaThread "Unconstrained build operations Thread 58" [_thread_blocked, id=12052, stack(0x00000077e8700000,0x00000077e8800000)]
  0x000001a2ae72aea0 JavaThread "Unconstrained build operations Thread 59" [_thread_blocked, id=15108, stack(0x00000077e8800000,0x00000077e8900000)]
  0x000001a2ae729690 JavaThread "Unconstrained build operations Thread 60" [_thread_blocked, id=11004, stack(0x00000077e8900000,0x00000077e8a00000)]
  0x000001a2ae72b370 JavaThread "Unconstrained build operations Thread 61" [_thread_blocked, id=16512, stack(0x00000077e8a00000,0x00000077e8b00000)]
  0x000001a2ae728cf0 JavaThread "Unconstrained build operations Thread 62" [_thread_blocked, id=7088, stack(0x00000077e8b00000,0x00000077e8c00000)]
  0x000001a2ae72bd10 JavaThread "Unconstrained build operations Thread 63" [_thread_blocked, id=19924, stack(0x00000077e8c00000,0x00000077e8d00000)]
  0x000001a2ae72c1e0 JavaThread "Unconstrained build operations Thread 64" [_thread_blocked, id=17532, stack(0x00000077e8d00000,0x00000077e8e00000)]
  0x000001a2ae72c6b0 JavaThread "Unconstrained build operations Thread 65" [_thread_blocked, id=12116, stack(0x00000077e8e00000,0x00000077e8f00000)]
  0x000001a2ae72cb80 JavaThread "Unconstrained build operations Thread 66" [_thread_blocked, id=17948, stack(0x00000077e8f00000,0x00000077e9000000)]
  0x000001a2ae725330 JavaThread "Unconstrained build operations Thread 67" [_thread_blocked, id=13872, stack(0x00000077e9000000,0x00000077e9100000)]
  0x000001a2b1832590 JavaThread "Unconstrained build operations Thread 68" [_thread_blocked, id=3592, stack(0x00000077e9100000,0x00000077e9200000)]
  0x000001a2b1830d80 JavaThread "Unconstrained build operations Thread 69" [_thread_blocked, id=6404, stack(0x00000077e9200000,0x00000077e9300000)]
  0x000001a2b18303e0 JavaThread "Unconstrained build operations Thread 70" [_thread_blocked, id=17664, stack(0x00000077e9300000,0x00000077e9400000)]
  0x000001a2b1831720 JavaThread "Unconstrained build operations Thread 71" [_thread_blocked, id=7496, stack(0x00000077e9400000,0x00000077e9500000)]
  0x000001a2b18308b0 JavaThread "Unconstrained build operations Thread 72" [_thread_blocked, id=14192, stack(0x00000077e9500000,0x00000077e9600000)]
  0x000001a2b1831250 JavaThread "Unconstrained build operations Thread 73" [_thread_blocked, id=9760, stack(0x00000077e9600000,0x00000077e9700000)]
  0x000001a2b18320c0 JavaThread "Unconstrained build operations Thread 74" [_thread_blocked, id=17752, stack(0x00000077e9700000,0x00000077e9800000)]
  0x000001a2b1831bf0 JavaThread "Unconstrained build operations Thread 75" [_thread_blocked, id=22144, stack(0x00000077e9800000,0x00000077e9900000)]
  0x000001a2b1832a60 JavaThread "Unconstrained build operations Thread 76" [_thread_blocked, id=19812, stack(0x00000077e9900000,0x00000077e9a00000)]
  0x000001a2b182f0a0 JavaThread "Unconstrained build operations Thread 77" [_thread_blocked, id=13140, stack(0x00000077e9a00000,0x00000077e9b00000)]
  0x000001a2b182f570 JavaThread "Unconstrained build operations Thread 78" [_thread_blocked, id=21992, stack(0x00000077e9b00000,0x00000077e9c00000)]
  0x000001a2b182fa40 JavaThread "Unconstrained build operations Thread 79" [_thread_blocked, id=13656, stack(0x00000077e9c00000,0x00000077e9d00000)]
  0x000001a2b182ff10 JavaThread "Unconstrained build operations Thread 80" [_thread_blocked, id=17912, stack(0x00000077e9d00000,0x00000077e9e00000)]
  0x000001a2b0fad3c0 JavaThread "jar transforms Thread 6" [_thread_blocked, id=7260, stack(0x00000077e9e00000,0x00000077e9f00000)]
  0x000001a2b0fae230 JavaThread "jar transforms Thread 7" [_thread_blocked, id=15460, stack(0x00000077e9f00000,0x00000077ea000000)]
  0x000001a2b0fa9060 JavaThread "jar transforms Thread 8" [_thread_blocked, id=528, stack(0x00000077ea000000,0x00000077ea100000)]
  0x000001a2b0fa9ed0 JavaThread "build event listener" [_thread_blocked, id=15700, stack(0x00000077ea100000,0x00000077ea200000)]
  0x000001a2b0fab210 JavaThread "Memory manager" [_thread_blocked, id=3720, stack(0x00000077ea200000,0x00000077ea300000)]
  0x000001a2b0fb08b0 JavaThread "included builds" [_thread_blocked, id=16836, stack(0x00000077ea300000,0x00000077ea400000)]
  0x000001a2b0fac080 JavaThread "Execution worker" [_thread_blocked, id=11048, stack(0x00000077ea400000,0x00000077ea500000)]
  0x000001a2b0faad40 JavaThread "Execution worker Thread 2" [_thread_blocked, id=18396, stack(0x00000077ea500000,0x00000077ea600000)]
  0x000001a2ac7e7300 JavaThread "Execution worker Thread 3" [_thread_blocked, id=12764, stack(0x00000077ea600000,0x00000077ea700000)]
  0x000001a2ac7e6960 JavaThread "Execution worker Thread 4" [_thread_blocked, id=15924, stack(0x00000077ea700000,0x00000077ea800000)]
  0x000001a2b55ab250 JavaThread "Execution worker Thread 5" [_thread_blocked, id=12464, stack(0x00000077ea800000,0x00000077ea900000)]
  0x000001a2b55a9570 JavaThread "Execution worker Thread 6" [_thread_blocked, id=10420, stack(0x00000077ea900000,0x00000077eaa00000)]
  0x000001a2b55a73c0 JavaThread "Execution worker Thread 7" [_thread_blocked, id=13060, stack(0x00000077eaa00000,0x00000077eab00000)]
  0x000001a2b55a6a20 JavaThread "Cache worker for execution history cache (D:\AndroidStudioProjects\pinokoapp\.gradle\8.0\executionHistory)" [_thread_blocked, id=9424, stack(0x00000077eab00000,0x00000077eac00000)]

Other Threads:
=>0x000001a2aaf30850 VMThread "VM Thread" [stack: 0x00000077e1b00000,0x00000077e1c00000] [id=14808]
  0x000001a2aaf3ecd0 WatcherThread [stack: 0x00000077e2700000,0x00000077e2800000] [id=5124]
  0x000001a291116ac0 GCTaskThread "GC Thread#0" [stack: 0x00000077e1600000,0x00000077e1700000] [id=13716]
  0x000001a2ac79d210 GCTaskThread "GC Thread#1" [stack: 0x00000077e2900000,0x00000077e2a00000] [id=6956]
  0x000001a2ac79d4c0 GCTaskThread "GC Thread#2" [stack: 0x00000077e2a00000,0x00000077e2b00000] [id=13092]
  0x000001a2ac6f2640 GCTaskThread "GC Thread#3" [stack: 0x00000077e2b00000,0x00000077e2c00000] [id=19996]
  0x000001a2abb86550 GCTaskThread "GC Thread#4" [stack: 0x00000077e2c00000,0x00000077e2d00000] [id=19852]
  0x000001a2ac230600 GCTaskThread "GC Thread#5" [stack: 0x00000077e2d00000,0x00000077e2e00000] [id=11260]
  0x000001a2ac781f90 GCTaskThread "GC Thread#6" [stack: 0x00000077e3800000,0x00000077e3900000] [id=19168]
  0x000001a2ac783510 GCTaskThread "GC Thread#7" [stack: 0x00000077e3900000,0x00000077e3a00000] [id=13096]
  0x000001a291127a00 ConcurrentGCThread "G1 Main Marker" [stack: 0x00000077e1700000,0x00000077e1800000] [id=21724]
  0x000001a291128410 ConcurrentGCThread "G1 Conc#0" [stack: 0x00000077e1800000,0x00000077e1900000] [id=11032]
  0x000001a2ac781ce0 ConcurrentGCThread "G1 Conc#1" [stack: 0x00000077e3a00000,0x00000077e3b00000] [id=8768]
  0x000001a29117ebf0 ConcurrentGCThread "G1 Refine#0" [stack: 0x00000077e1900000,0x00000077e1a00000] [id=20656]
  0x000001a2aadc6be0 ConcurrentGCThread "G1 Service" [stack: 0x00000077e1a00000,0x00000077e1b00000] [id=4452]

Threads with active compile tasks:
C2 CompilerThread0     8927 10098       4       java.lang.reflect.Constructor::newInstanceWithCaller (75 bytes)
C1 CompilerThread0     8927 10635       3       org.gradle.internal.snapshot.MerkleDirectorySnapshotBuilder$Directory::fold (145 bytes)
C2 CompilerThread1     8927 10093       4       org.gradle.api.internal.attributes.DefaultImmutableAttributesFactory::concat (46 bytes)

VM state: at safepoint (normal execution)

VM Mutex/Monitor currently owned by a thread:  ([mutex/lock_event])
[0x000001a2910b86d0] Threads_lock - owner thread: 0x000001a2aaf30850
[0x000001a2910b8d00] Heap_lock - owner thread: 0x000001a2acf3da20

Heap address: 0x0000000080000000, size: 2048 MB, Compressed Oops mode: 32-bit

CDS archive(s) not mapped
Compressed class space mapped at: 0x0000000100000000-0x0000000140000000, reserved size: 1073741824
Narrow klass base: 0x0000000000000000, Narrow klass shift: 3, Narrow klass range: 0x140000000

GC Precious Log:
 CPUs: 8 total, 8 available
 Memory: 16179M
 Large Page Support: Disabled
 NUMA Support: Disabled
 Compressed Oops: Enabled (32-bit)
 Heap Region Size: 1M
 Heap Min Capacity: 8M
 Heap Initial Capacity: 254M
 Heap Max Capacity: 2G
 Pre-touch: Disabled
 Parallel Workers: 8
 Concurrent Workers: 2
 Concurrent Refinement Workers: 8
 Periodic GC: Disabled

Heap:
 garbage-first heap   total 260096K, used 97045K [0x0000000080000000, 0x0000000100000000)
  region size 1024K, 1 young (1024K), 1 survivors (1024K)
 Metaspace       used 95661K, committed 96320K, reserved 1138688K
  class space    used 13114K, committed 13440K, reserved 1048576K

Heap Regions: E=young(eden), S=young(survivor), O=old, HS=humongous(starts), HC=humongous(continues), CS=collection set, F=free, OA=open archive, CA=closed archive, TAMS=top-at-mark-start (previous, next)
|   0|0x0000000080000000, 0x0000000080100000, 0x0000000080100000|100%|HS|  |TAMS 0x0000000080100000, 0x0000000080000000| Complete 
|   1|0x0000000080100000, 0x0000000080200000, 0x0000000080200000|100%|HC|  |TAMS 0x0000000080200000, 0x0000000080100000| Complete 
|   2|0x0000000080200000, 0x0000000080300000, 0x0000000080300000|100%|HC|  |TAMS 0x0000000080300000, 0x0000000080200000| Complete 
|   3|0x0000000080300000, 0x0000000080400000, 0x0000000080400000|100%|HC|  |TAMS 0x0000000080400000, 0x0000000080300000| Complete 
|   4|0x0000000080400000, 0x0000000080500000, 0x0000000080500000|100%| O|  |TAMS 0x0000000080500000, 0x0000000080400000| Untracked 
|   5|0x0000000080500000, 0x0000000080600000, 0x0000000080600000|100%| O|  |TAMS 0x0000000080600000, 0x0000000080500000| Untracked 
|   6|0x0000000080600000, 0x0000000080700000, 0x0000000080700000|100%| O|  |TAMS 0x0000000080700000, 0x0000000080600000| Untracked 
|   7|0x0000000080700000, 0x0000000080800000, 0x0000000080800000|100%| O|  |TAMS 0x0000000080800000, 0x0000000080700000| Untracked 
|   8|0x0000000080800000, 0x0000000080900000, 0x0000000080900000|100%| O|  |TAMS 0x0000000080900000, 0x0000000080800000| Untracked 
|   9|0x0000000080900000, 0x0000000080a00000, 0x0000000080a00000|100%| O|  |TAMS 0x0000000080a00000, 0x0000000080900000| Untracked 
|  10|0x0000000080a00000, 0x0000000080b00000, 0x0000000080b00000|100%| O|  |TAMS 0x0000000080b00000, 0x0000000080a00000| Untracked 
|  11|0x0000000080b00000, 0x0000000080c00000, 0x0000000080c00000|100%| O|  |TAMS 0x0000000080c00000, 0x0000000080b00000| Untracked 
|  12|0x0000000080c00000, 0x0000000080d00000, 0x0000000080d00000|100%| O|  |TAMS 0x0000000080d00000, 0x0000000080c00000| Untracked 
|  13|0x0000000080d00000, 0x0000000080e00000, 0x0000000080e00000|100%| O|  |TAMS 0x0000000080e00000, 0x0000000080d00000| Untracked 
|  14|0x0000000080e00000, 0x0000000080f00000, 0x0000000080f00000|100%| O|  |TAMS 0x0000000080f00000, 0x0000000080e00000| Untracked 
|  15|0x0000000080f00000, 0x0000000081000000, 0x0000000081000000|100%| O|  |TAMS 0x0000000081000000, 0x0000000080f00000| Untracked 
|  16|0x0000000081000000, 0x0000000081100000, 0x0000000081100000|100%| O|  |TAMS 0x0000000081100000, 0x0000000081000000| Untracked 
|  17|0x0000000081100000, 0x0000000081200000, 0x0000000081200000|100%| O|  |TAMS 0x0000000081200000, 0x0000000081100000| Untracked 
|  18|0x0000000081200000, 0x0000000081300000, 0x0000000081300000|100%| O|  |TAMS 0x0000000081300000, 0x0000000081200000| Untracked 
|  19|0x0000000081300000, 0x0000000081400000, 0x0000000081400000|100%| O|  |TAMS 0x0000000081400000, 0x0000000081300000| Untracked 
|  20|0x0000000081400000, 0x0000000081500000, 0x0000000081500000|100%| O|  |TAMS 0x0000000081500000, 0x0000000081400000| Untracked 
|  21|0x0000000081500000, 0x0000000081600000, 0x0000000081600000|100%| O|  |TAMS 0x0000000081600000, 0x0000000081500000| Untracked 
|  22|0x0000000081600000, 0x0000000081700000, 0x0000000081700000|100%| O|  |TAMS 0x0000000081700000, 0x0000000081600000| Untracked 
|  23|0x0000000081700000, 0x0000000081800000, 0x0000000081800000|100%| O|  |TAMS 0x0000000081800000, 0x0000000081700000| Untracked 
|  24|0x0000000081800000, 0x0000000081900000, 0x0000000081900000|100%| O|  |TAMS 0x0000000081900000, 0x0000000081800000| Untracked 
|  25|0x0000000081900000, 0x0000000081a00000, 0x0000000081a00000|100%| O|  |TAMS 0x0000000081a00000, 0x0000000081900000| Untracked 
|  26|0x0000000081a00000, 0x0000000081b00000, 0x0000000081b00000|100%|HS|  |TAMS 0x0000000081b00000, 0x0000000081a00000| Complete 
|  27|0x0000000081b00000, 0x0000000081c00000, 0x0000000081c00000|100%| O|  |TAMS 0x0000000081c00000, 0x0000000081b00000| Untracked 
|  28|0x0000000081c00000, 0x0000000081d00000, 0x0000000081d00000|100%| O|  |TAMS 0x0000000081d00000, 0x0000000081c00000| Untracked 
|  29|0x0000000081d00000, 0x0000000081e00000, 0x0000000081e00000|100%| O|  |TAMS 0x0000000081e00000, 0x0000000081d00000| Untracked 
|  30|0x0000000081e00000, 0x0000000081f00000, 0x0000000081f00000|100%|HS|  |TAMS 0x0000000081f00000, 0x0000000081e00000| Complete 
|  31|0x0000000081f00000, 0x0000000082000000, 0x0000000082000000|100%|HS|  |TAMS 0x0000000082000000, 0x0000000081f00000| Complete 
|  32|0x0000000082000000, 0x0000000082100000, 0x0000000082100000|100%|HC|  |TAMS 0x0000000082100000, 0x0000000082000000| Complete 
|  33|0x0000000082100000, 0x0000000082200000, 0x0000000082200000|100%|HS|  |TAMS 0x0000000082200000, 0x0000000082100000| Complete 
|  34|0x0000000082200000, 0x0000000082300000, 0x0000000082300000|100%|HS|  |TAMS 0x0000000082300000, 0x0000000082200000| Complete 
|  35|0x0000000082300000, 0x0000000082400000, 0x0000000082400000|100%|HC|  |TAMS 0x0000000082400000, 0x0000000082300000| Complete 
|  36|0x0000000082400000, 0x0000000082500000, 0x0000000082500000|100%|HC|  |TAMS 0x0000000082500000, 0x0000000082400000| Complete 
|  37|0x0000000082500000, 0x0000000082600000, 0x0000000082600000|100%|HC|  |TAMS 0x0000000082600000, 0x0000000082500000| Complete 
|  38|0x0000000082600000, 0x0000000082700000, 0x0000000082700000|100%| O|  |TAMS 0x0000000082700000, 0x0000000082600000| Untracked 
|  39|0x0000000082700000, 0x0000000082800000, 0x0000000082800000|100%| O|  |TAMS 0x0000000082800000, 0x0000000082700000| Untracked 
|  40|0x0000000082800000, 0x0000000082900000, 0x0000000082900000|100%| O|  |TAMS 0x0000000082900000, 0x0000000082800000| Untracked 
|  41|0x0000000082900000, 0x0000000082a00000, 0x0000000082a00000|100%| O|  |TAMS 0x0000000082a00000, 0x0000000082900000| Untracked 
|  42|0x0000000082a00000, 0x0000000082a00000, 0x0000000082b00000|  0%| F|  |TAMS 0x0000000082a00000, 0x0000000082a00000| Untracked 
|  43|0x0000000082b00000, 0x0000000082c00000, 0x0000000082c00000|100%| O|  |TAMS 0x0000000082b00000, 0x0000000082b00000| Untracked 
|  44|0x0000000082c00000, 0x0000000082d00000, 0x0000000082d00000|100%| O|  |TAMS 0x0000000082d00000, 0x0000000082c00000| Untracked 
|  45|0x0000000082d00000, 0x0000000082e00000, 0x0000000082e00000|100%| O|  |TAMS 0x0000000082e00000, 0x0000000082d00000| Untracked 
|  46|0x0000000082e00000, 0x0000000082f00000, 0x0000000082f00000|100%| O|  |TAMS 0x0000000082f00000, 0x0000000082e00000| Untracked 
|  47|0x0000000082f00000, 0x0000000083000000, 0x0000000083000000|100%| O|  |TAMS 0x0000000083000000, 0x0000000082f00000| Untracked 
|  48|0x0000000083000000, 0x0000000083100000, 0x0000000083100000|100%| O|  |TAMS 0x0000000083100000, 0x0000000083000000| Untracked 
|  49|0x0000000083100000, 0x0000000083200000, 0x0000000083200000|100%| O|  |TAMS 0x0000000083200000, 0x0000000083100000| Untracked 
|  50|0x0000000083200000, 0x0000000083300000, 0x0000000083300000|100%| O|  |TAMS 0x0000000083300000, 0x0000000083200000| Untracked 
|  51|0x0000000083300000, 0x0000000083400000, 0x0000000083400000|100%| O|  |TAMS 0x0000000083400000, 0x0000000083300000| Untracked 
|  52|0x0000000083400000, 0x0000000083500000, 0x0000000083500000|100%| O|  |TAMS 0x0000000083500000, 0x0000000083400000| Untracked 
|  53|0x0000000083500000, 0x0000000083600000, 0x0000000083600000|100%| O|  |TAMS 0x0000000083600000, 0x0000000083500000| Untracked 
|  54|0x0000000083600000, 0x0000000083700000, 0x0000000083700000|100%| O|  |TAMS 0x0000000083700000, 0x0000000083600000| Untracked 
|  55|0x0000000083700000, 0x0000000083800000, 0x0000000083800000|100%| O|  |TAMS 0x0000000083800000, 0x0000000083700000| Untracked 
|  56|0x0000000083800000, 0x0000000083900000, 0x0000000083900000|100%| O|  |TAMS 0x0000000083900000, 0x0000000083800000| Untracked 
|  57|0x0000000083900000, 0x0000000083a00000, 0x0000000083a00000|100%| O|  |TAMS 0x0000000083a00000, 0x0000000083900000| Untracked 
|  58|0x0000000083a00000, 0x0000000083b00000, 0x0000000083b00000|100%| O|  |TAMS 0x0000000083b00000, 0x0000000083a00000| Untracked 
|  59|0x0000000083b00000, 0x0000000083c00000, 0x0000000083c00000|100%| O|  |TAMS 0x0000000083c00000, 0x0000000083b00000| Untracked 
|  60|0x0000000083c00000, 0x0000000083d00000, 0x0000000083d00000|100%| O|  |TAMS 0x0000000083d00000, 0x0000000083c00000| Untracked 
|  61|0x0000000083d00000, 0x0000000083e00000, 0x0000000083e00000|100%| O|  |TAMS 0x0000000083e00000, 0x0000000083d00000| Untracked 
|  62|0x0000000083e00000, 0x0000000083f00000, 0x0000000083f00000|100%| O|  |TAMS 0x0000000083f00000, 0x0000000083e00000| Untracked 
|  63|0x0000000083f00000, 0x0000000084000000, 0x0000000084000000|100%| O|  |TAMS 0x0000000084000000, 0x0000000083f00000| Untracked 
|  64|0x0000000084000000, 0x0000000084100000, 0x0000000084100000|100%| O|  |TAMS 0x0000000084100000, 0x0000000084000000| Untracked 
|  65|0x0000000084100000, 0x0000000084200000, 0x0000000084200000|100%| O|  |TAMS 0x0000000084200000, 0x0000000084100000| Untracked 
|  66|0x0000000084200000, 0x0000000084300000, 0x0000000084300000|100%| O|  |TAMS 0x0000000084300000, 0x0000000084200000| Untracked 
|  67|0x0000000084300000, 0x0000000084400000, 0x0000000084400000|100%| O|  |TAMS 0x0000000084400000, 0x0000000084300000| Untracked 
|  68|0x0000000084400000, 0x0000000084500000, 0x0000000084500000|100%| O|  |TAMS 0x0000000084500000, 0x0000000084400000| Untracked 
|  69|0x0000000084500000, 0x0000000084600000, 0x0000000084600000|100%| O|  |TAMS 0x0000000084600000, 0x0000000084500000| Untracked 
|  70|0x0000000084600000, 0x0000000084700000, 0x0000000084700000|100%| O|  |TAMS 0x0000000084700000, 0x0000000084600000| Untracked 
|  71|0x0000000084700000, 0x0000000084800000, 0x0000000084800000|100%| O|  |TAMS 0x0000000084800000, 0x0000000084700000| Untracked 
|  72|0x0000000084800000, 0x0000000084900000, 0x0000000084900000|100%| O|  |TAMS 0x0000000084900000, 0x0000000084800000| Untracked 
|  73|0x0000000084900000, 0x0000000084a00000, 0x0000000084a00000|100%| O|  |TAMS 0x0000000084a00000, 0x0000000084900000| Untracked 
|  74|0x0000000084a00000, 0x0000000084b00000, 0x0000000084b00000|100%| O|  |TAMS 0x0000000084b00000, 0x0000000084a00000| Untracked 
|  75|0x0000000084b00000, 0x0000000084c00000, 0x0000000084c00000|100%| O|  |TAMS 0x0000000084c00000, 0x0000000084b00000| Untracked 
|  76|0x0000000084c00000, 0x0000000084d00000, 0x0000000084d00000|100%| O|  |TAMS 0x0000000084d00000, 0x0000000084c00000| Untracked 
|  77|0x0000000084d00000, 0x0000000084e00000, 0x0000000084e00000|100%| O|  |TAMS 0x0000000084e00000, 0x0000000084d00000| Untracked 
|  78|0x0000000084e00000, 0x0000000084f00000, 0x0000000084f00000|100%| O|  |TAMS 0x0000000084f00000, 0x0000000084e00000| Untracked 
|  79|0x0000000084f00000, 0x0000000085000000, 0x0000000085000000|100%| O|  |TAMS 0x0000000085000000, 0x0000000084f00000| Untracked 
|  80|0x0000000085000000, 0x0000000085100000, 0x0000000085100000|100%| O|  |TAMS 0x0000000085100000, 0x0000000085000000| Untracked 
|  81|0x0000000085100000, 0x0000000085200000, 0x0000000085200000|100%| O|  |TAMS 0x0000000085200000, 0x0000000085100000| Untracked 
|  82|0x0000000085200000, 0x0000000085300000, 0x0000000085300000|100%| O|  |TAMS 0x0000000085300000, 0x0000000085200000| Untracked 
|  83|0x0000000085300000, 0x0000000085400000, 0x0000000085400000|100%| O|  |TAMS 0x0000000085400000, 0x0000000085300000| Untracked 
|  84|0x0000000085400000, 0x0000000085500000, 0x0000000085500000|100%| O|  |TAMS 0x0000000085500000, 0x0000000085400000| Untracked 
|  85|0x0000000085500000, 0x0000000085600000, 0x0000000085600000|100%| O|  |TAMS 0x00000000855de600, 0x0000000085500000| Untracked 
|  86|0x0000000085600000, 0x0000000085700000, 0x0000000085700000|100%| O|  |TAMS 0x0000000085600000, 0x0000000085600000| Untracked 
|  87|0x0000000085700000, 0x0000000085800000, 0x0000000085800000|100%| O|  |TAMS 0x0000000085700000, 0x0000000085700000| Untracked 
|  88|0x0000000085800000, 0x0000000085900000, 0x0000000085900000|100%| O|  |TAMS 0x0000000085800000, 0x0000000085800000| Untracked 
|  89|0x0000000085900000, 0x0000000085a00000, 0x0000000085a00000|100%| O|  |TAMS 0x0000000085900000, 0x0000000085900000| Untracked 
|  90|0x0000000085a00000, 0x0000000085b00000, 0x0000000085b00000|100%| O|  |TAMS 0x0000000085a00000, 0x0000000085a00000| Untracked 
|  91|0x0000000085b00000, 0x0000000085c00000, 0x0000000085c00000|100%| O|  |TAMS 0x0000000085b00000, 0x0000000085b00000| Untracked 
|  92|0x0000000085c00000, 0x0000000085d00000, 0x0000000085d00000|100%| O|  |TAMS 0x0000000085c00000, 0x0000000085c00000| Untracked 
|  93|0x0000000085d00000, 0x0000000085e00000, 0x0000000085e00000|100%| O|  |TAMS 0x0000000085d00000, 0x0000000085d00000| Untracked 
|  94|0x0000000085e00000, 0x0000000085f00000, 0x0000000085f00000|100%| O|  |TAMS 0x0000000085e00000, 0x0000000085e00000| Untracked 
|  95|0x0000000085f00000, 0x0000000085f00000, 0x0000000086000000|  0%| F|  |TAMS 0x0000000085f00000, 0x0000000085f00000| Untracked 
|  96|0x0000000086000000, 0x0000000086000000, 0x0000000086100000|  0%| F|  |TAMS 0x0000000086000000, 0x0000000086000000| Untracked 
|  97|0x0000000086100000, 0x0000000086100000, 0x0000000086200000|  0%| F|  |TAMS 0x0000000086100000, 0x0000000086100000| Untracked 
|  98|0x0000000086200000, 0x0000000086200000, 0x0000000086300000|  0%| F|  |TAMS 0x0000000086200000, 0x0000000086200000| Untracked 
|  99|0x0000000086300000, 0x0000000086300000, 0x0000000086400000|  0%| F|  |TAMS 0x0000000086300000, 0x0000000086300000| Untracked 
| 100|0x0000000086400000, 0x0000000086400000, 0x0000000086500000|  0%| F|  |TAMS 0x0000000086400000, 0x0000000086400000| Untracked 
| 101|0x0000000086500000, 0x0000000086500000, 0x0000000086600000|  0%| F|  |TAMS 0x0000000086500000, 0x0000000086500000| Untracked 
| 102|0x0000000086600000, 0x0000000086600000, 0x0000000086700000|  0%| F|  |TAMS 0x0000000086600000, 0x0000000086600000| Untracked 
| 103|0x0000000086700000, 0x0000000086700000, 0x0000000086800000|  0%| F|  |TAMS 0x0000000086700000, 0x0000000086700000| Untracked 
| 104|0x0000000086800000, 0x0000000086800000, 0x0000000086900000|  0%| F|  |TAMS 0x0000000086800000, 0x0000000086800000| Untracked 
| 105|0x0000000086900000, 0x0000000086900000, 0x0000000086a00000|  0%| F|  |TAMS 0x0000000086900000, 0x0000000086900000| Untracked 
| 106|0x0000000086a00000, 0x0000000086a00000, 0x0000000086b00000|  0%| F|  |TAMS 0x0000000086a00000, 0x0000000086a00000| Untracked 
| 107|0x0000000086b00000, 0x0000000086b00000, 0x0000000086c00000|  0%| F|  |TAMS 0x0000000086b00000, 0x0000000086b00000| Untracked 
| 108|0x0000000086c00000, 0x0000000086c00000, 0x0000000086d00000|  0%| F|  |TAMS 0x0000000086c00000, 0x0000000086c00000| Untracked 
| 109|0x0000000086d00000, 0x0000000086d00000, 0x0000000086e00000|  0%| F|  |TAMS 0x0000000086d00000, 0x0000000086d00000| Untracked 
| 110|0x0000000086e00000, 0x0000000086e00000, 0x0000000086f00000|  0%| F|  |TAMS 0x0000000086e00000, 0x0000000086e00000| Untracked 
| 111|0x0000000086f00000, 0x0000000086f00000, 0x0000000087000000|  0%| F|  |TAMS 0x0000000086f00000, 0x0000000086f00000| Untracked 
| 112|0x0000000087000000, 0x0000000087000000, 0x0000000087100000|  0%| F|  |TAMS 0x0000000087000000, 0x0000000087000000| Untracked 
| 113|0x0000000087100000, 0x0000000087100000, 0x0000000087200000|  0%| F|  |TAMS 0x0000000087100000, 0x0000000087100000| Untracked 
| 114|0x0000000087200000, 0x0000000087200000, 0x0000000087300000|  0%| F|  |TAMS 0x0000000087200000, 0x0000000087200000| Untracked 
| 115|0x0000000087300000, 0x0000000087300000, 0x0000000087400000|  0%| F|  |TAMS 0x0000000087300000, 0x0000000087300000| Untracked 
| 116|0x0000000087400000, 0x0000000087400000, 0x0000000087500000|  0%| F|  |TAMS 0x0000000087400000, 0x0000000087400000| Untracked 
| 117|0x0000000087500000, 0x0000000087500000, 0x0000000087600000|  0%| F|  |TAMS 0x0000000087500000, 0x0000000087500000| Untracked 
| 118|0x0000000087600000, 0x0000000087600000, 0x0000000087700000|  0%| F|  |TAMS 0x0000000087600000, 0x0000000087600000| Untracked 
| 119|0x0000000087700000, 0x0000000087700000, 0x0000000087800000|  0%| F|  |TAMS 0x0000000087700000, 0x0000000087700000| Untracked 
| 120|0x0000000087800000, 0x0000000087800000, 0x0000000087900000|  0%| F|  |TAMS 0x0000000087800000, 0x0000000087800000| Untracked 
| 121|0x0000000087900000, 0x0000000087900000, 0x0000000087a00000|  0%| F|  |TAMS 0x0000000087900000, 0x0000000087900000| Untracked 
| 122|0x0000000087a00000, 0x0000000087a00000, 0x0000000087b00000|  0%| F|  |TAMS 0x0000000087a00000, 0x0000000087a00000| Untracked 
| 123|0x0000000087b00000, 0x0000000087b00000, 0x0000000087c00000|  0%| F|  |TAMS 0x0000000087b00000, 0x0000000087b00000| Untracked 
| 124|0x0000000087c00000, 0x0000000087c00000, 0x0000000087d00000|  0%| F|  |TAMS 0x0000000087c00000, 0x0000000087c00000| Untracked 
| 125|0x0000000087d00000, 0x0000000087d00000, 0x0000000087e00000|  0%| F|  |TAMS 0x0000000087d00000, 0x0000000087d00000| Untracked 
| 126|0x0000000087e00000, 0x0000000087e00000, 0x0000000087f00000|  0%| F|  |TAMS 0x0000000087e00000, 0x0000000087e00000| Untracked 
| 127|0x0000000087f00000, 0x0000000087f00000, 0x0000000088000000|  0%| F|  |TAMS 0x0000000087f00000, 0x0000000087f00000| Untracked 
| 128|0x0000000088000000, 0x0000000088000000, 0x0000000088100000|  0%| F|  |TAMS 0x0000000088000000, 0x0000000088000000| Untracked 
| 129|0x0000000088100000, 0x0000000088100000, 0x0000000088200000|  0%| F|  |TAMS 0x0000000088100000, 0x0000000088100000| Untracked 
| 130|0x0000000088200000, 0x0000000088200000, 0x0000000088300000|  0%| F|  |TAMS 0x0000000088200000, 0x0000000088200000| Untracked 
| 131|0x0000000088300000, 0x0000000088300000, 0x0000000088400000|  0%| F|  |TAMS 0x0000000088300000, 0x0000000088300000| Untracked 
| 132|0x0000000088400000, 0x0000000088400000, 0x0000000088500000|  0%| F|  |TAMS 0x0000000088400000, 0x0000000088400000| Untracked 
| 133|0x0000000088500000, 0x0000000088500000, 0x0000000088600000|  0%| F|  |TAMS 0x0000000088500000, 0x0000000088500000| Untracked 
| 134|0x0000000088600000, 0x0000000088600000, 0x0000000088700000|  0%| F|  |TAMS 0x0000000088600000, 0x0000000088600000| Untracked 
| 135|0x0000000088700000, 0x0000000088700000, 0x0000000088800000|  0%| F|  |TAMS 0x0000000088700000, 0x0000000088700000| Untracked 
| 136|0x0000000088800000, 0x0000000088800000, 0x0000000088900000|  0%| F|  |TAMS 0x0000000088800000, 0x0000000088800000| Untracked 
| 137|0x0000000088900000, 0x0000000088900000, 0x0000000088a00000|  0%| F|  |TAMS 0x0000000088900000, 0x0000000088900000| Untracked 
| 138|0x0000000088a00000, 0x0000000088a00000, 0x0000000088b00000|  0%| F|  |TAMS 0x0000000088a00000, 0x0000000088a00000| Untracked 
| 139|0x0000000088b00000, 0x0000000088b00000, 0x0000000088c00000|  0%| F|  |TAMS 0x0000000088b00000, 0x0000000088b00000| Untracked 
| 140|0x0000000088c00000, 0x0000000088c00000, 0x0000000088d00000|  0%| F|  |TAMS 0x0000000088c00000, 0x0000000088c00000| Untracked 
| 141|0x0000000088d00000, 0x0000000088d00000, 0x0000000088e00000|  0%| F|  |TAMS 0x0000000088d00000, 0x0000000088d00000| Untracked 
| 142|0x0000000088e00000, 0x0000000088e00000, 0x0000000088f00000|  0%| F|  |TAMS 0x0000000088e00000, 0x0000000088e00000| Untracked 
| 143|0x0000000088f00000, 0x0000000088f00000, 0x0000000089000000|  0%| F|  |TAMS 0x0000000088f00000, 0x0000000088f00000| Untracked 
| 144|0x0000000089000000, 0x0000000089000000, 0x0000000089100000|  0%| F|  |TAMS 0x0000000089000000, 0x0000000089000000| Untracked 
| 145|0x0000000089100000, 0x0000000089100000, 0x0000000089200000|  0%| F|  |TAMS 0x0000000089100000, 0x0000000089100000| Untracked 
| 146|0x0000000089200000, 0x0000000089200000, 0x0000000089300000|  0%| F|  |TAMS 0x0000000089200000, 0x0000000089200000| Untracked 
| 147|0x0000000089300000, 0x0000000089300000, 0x0000000089400000|  0%| F|  |TAMS 0x0000000089300000, 0x0000000089300000| Untracked 
| 148|0x0000000089400000, 0x0000000089400000, 0x0000000089500000|  0%| F|  |TAMS 0x0000000089400000, 0x0000000089400000| Untracked 
| 149|0x0000000089500000, 0x0000000089500000, 0x0000000089600000|  0%| F|  |TAMS 0x0000000089500000, 0x0000000089500000| Untracked 
| 150|0x0000000089600000, 0x0000000089600000, 0x0000000089700000|  0%| F|  |TAMS 0x0000000089600000, 0x0000000089600000| Untracked 
| 151|0x0000000089700000, 0x0000000089700000, 0x0000000089800000|  0%| F|  |TAMS 0x0000000089700000, 0x0000000089700000| Untracked 
| 152|0x0000000089800000, 0x0000000089800000, 0x0000000089900000|  0%| F|  |TAMS 0x0000000089800000, 0x0000000089800000| Untracked 
| 153|0x0000000089900000, 0x0000000089900000, 0x0000000089a00000|  0%| F|  |TAMS 0x0000000089900000, 0x0000000089900000| Untracked 
| 154|0x0000000089a00000, 0x0000000089a00000, 0x0000000089b00000|  0%| F|  |TAMS 0x0000000089a00000, 0x0000000089a00000| Untracked 
| 155|0x0000000089b00000, 0x0000000089b00000, 0x0000000089c00000|  0%| F|  |TAMS 0x0000000089b00000, 0x0000000089b00000| Untracked 
| 156|0x0000000089c00000, 0x0000000089c00000, 0x0000000089d00000|  0%| F|  |TAMS 0x0000000089c00000, 0x0000000089c00000| Untracked 
| 157|0x0000000089d00000, 0x0000000089d00000, 0x0000000089e00000|  0%| F|  |TAMS 0x0000000089d00000, 0x0000000089d00000| Untracked 
| 158|0x0000000089e00000, 0x0000000089e00000, 0x0000000089f00000|  0%| F|  |TAMS 0x0000000089e00000, 0x0000000089e00000| Untracked 
| 159|0x0000000089f00000, 0x0000000089f00000, 0x000000008a000000|  0%| F|  |TAMS 0x0000000089f00000, 0x0000000089f00000| Untracked 
| 160|0x000000008a000000, 0x000000008a000000, 0x000000008a100000|  0%| F|  |TAMS 0x000000008a000000, 0x000000008a000000| Untracked 
| 161|0x000000008a100000, 0x000000008a100000, 0x000000008a200000|  0%| F|  |TAMS 0x000000008a100000, 0x000000008a100000| Untracked 
| 162|0x000000008a200000, 0x000000008a200000, 0x000000008a300000|  0%| F|  |TAMS 0x000000008a200000, 0x000000008a200000| Untracked 
| 163|0x000000008a300000, 0x000000008a300000, 0x000000008a400000|  0%| F|  |TAMS 0x000000008a300000, 0x000000008a300000| Untracked 
| 164|0x000000008a400000, 0x000000008a400000, 0x000000008a500000|  0%| F|  |TAMS 0x000000008a400000, 0x000000008a400000| Untracked 
| 165|0x000000008a500000, 0x000000008a500000, 0x000000008a600000|  0%| F|  |TAMS 0x000000008a500000, 0x000000008a500000| Untracked 
| 166|0x000000008a600000, 0x000000008a600000, 0x000000008a700000|  0%| F|  |TAMS 0x000000008a600000, 0x000000008a600000| Untracked 
| 167|0x000000008a700000, 0x000000008a700000, 0x000000008a800000|  0%| F|  |TAMS 0x000000008a700000, 0x000000008a700000| Untracked 
| 168|0x000000008a800000, 0x000000008a800000, 0x000000008a900000|  0%| F|  |TAMS 0x000000008a800000, 0x000000008a800000| Untracked 
| 169|0x000000008a900000, 0x000000008a900000, 0x000000008aa00000|  0%| F|  |TAMS 0x000000008a900000, 0x000000008a900000| Untracked 
| 170|0x000000008aa00000, 0x000000008aa00000, 0x000000008ab00000|  0%| F|  |TAMS 0x000000008aa00000, 0x000000008aa00000| Untracked 
| 171|0x000000008ab00000, 0x000000008ab00000, 0x000000008ac00000|  0%| F|  |TAMS 0x000000008ab00000, 0x000000008ab00000| Untracked 
| 172|0x000000008ac00000, 0x000000008ac00000, 0x000000008ad00000|  0%| F|  |TAMS 0x000000008ac00000, 0x000000008ac00000| Untracked 
| 173|0x000000008ad00000, 0x000000008ad00000, 0x000000008ae00000|  0%| F|  |TAMS 0x000000008ad00000, 0x000000008ad00000| Untracked 
| 174|0x000000008ae00000, 0x000000008ae00000, 0x000000008af00000|  0%| F|  |TAMS 0x000000008ae00000, 0x000000008ae00000| Untracked 
| 175|0x000000008af00000, 0x000000008af00000, 0x000000008b000000|  0%| F|  |TAMS 0x000000008af00000, 0x000000008af00000| Untracked 
| 176|0x000000008b000000, 0x000000008b000000, 0x000000008b100000|  0%| F|  |TAMS 0x000000008b000000, 0x000000008b000000| Untracked 
| 177|0x000000008b100000, 0x000000008b100000, 0x000000008b200000|  0%| F|  |TAMS 0x000000008b100000, 0x000000008b100000| Untracked 
| 178|0x000000008b200000, 0x000000008b200000, 0x000000008b300000|  0%| F|  |TAMS 0x000000008b200000, 0x000000008b200000| Untracked 
| 179|0x000000008b300000, 0x000000008b300000, 0x000000008b400000|  0%| F|  |TAMS 0x000000008b300000, 0x000000008b300000| Untracked 
| 180|0x000000008b400000, 0x000000008b400000, 0x000000008b500000|  0%| F|  |TAMS 0x000000008b400000, 0x000000008b400000| Untracked 
| 181|0x000000008b500000, 0x000000008b500000, 0x000000008b600000|  0%| F|  |TAMS 0x000000008b500000, 0x000000008b500000| Untracked 
| 182|0x000000008b600000, 0x000000008b600000, 0x000000008b700000|  0%| F|  |TAMS 0x000000008b600000, 0x000000008b600000| Untracked 
| 183|0x000000008b700000, 0x000000008b700000, 0x000000008b800000|  0%| F|  |TAMS 0x000000008b700000, 0x000000008b700000| Untracked 
| 184|0x000000008b800000, 0x000000008b800000, 0x000000008b900000|  0%| F|  |TAMS 0x000000008b800000, 0x000000008b800000| Untracked 
| 185|0x000000008b900000, 0x000000008b900000, 0x000000008ba00000|  0%| F|  |TAMS 0x000000008b900000, 0x000000008b900000| Untracked 
| 186|0x000000008ba00000, 0x000000008ba00000, 0x000000008bb00000|  0%| F|  |TAMS 0x000000008ba00000, 0x000000008ba00000| Untracked 
| 187|0x000000008bb00000, 0x000000008bb00000, 0x000000008bc00000|  0%| F|  |TAMS 0x000000008bb00000, 0x000000008bb00000| Untracked 
| 188|0x000000008bc00000, 0x000000008bc00000, 0x000000008bd00000|  0%| F|  |TAMS 0x000000008bc00000, 0x000000008bc00000| Untracked 
| 189|0x000000008bd00000, 0x000000008bd00000, 0x000000008be00000|  0%| F|  |TAMS 0x000000008bd00000, 0x000000008bd00000| Untracked 
| 190|0x000000008be00000, 0x000000008be00000, 0x000000008bf00000|  0%| F|  |TAMS 0x000000008be00000, 0x000000008be00000| Untracked 
| 191|0x000000008bf00000, 0x000000008bf00000, 0x000000008c000000|  0%| F|  |TAMS 0x000000008bf00000, 0x000000008bf00000| Untracked 
| 192|0x000000008c000000, 0x000000008c000000, 0x000000008c100000|  0%| F|  |TAMS 0x000000008c000000, 0x000000008c000000| Untracked 
| 193|0x000000008c100000, 0x000000008c100000, 0x000000008c200000|  0%| F|  |TAMS 0x000000008c100000, 0x000000008c100000| Untracked 
| 194|0x000000008c200000, 0x000000008c200000, 0x000000008c300000|  0%| F|  |TAMS 0x000000008c200000, 0x000000008c200000| Untracked 
| 195|0x000000008c300000, 0x000000008c300000, 0x000000008c400000|  0%| F|  |TAMS 0x000000008c300000, 0x000000008c300000| Untracked 
| 196|0x000000008c400000, 0x000000008c400000, 0x000000008c500000|  0%| F|  |TAMS 0x000000008c400000, 0x000000008c400000| Untracked 
| 197|0x000000008c500000, 0x000000008c500000, 0x000000008c600000|  0%| F|  |TAMS 0x000000008c500000, 0x000000008c500000| Untracked 
| 198|0x000000008c600000, 0x000000008c600000, 0x000000008c700000|  0%| F|  |TAMS 0x000000008c600000, 0x000000008c600000| Untracked 
| 199|0x000000008c700000, 0x000000008c700000, 0x000000008c800000|  0%| F|  |TAMS 0x000000008c700000, 0x000000008c700000| Untracked 
| 200|0x000000008c800000, 0x000000008c800000, 0x000000008c900000|  0%| F|  |TAMS 0x000000008c800000, 0x000000008c800000| Untracked 
| 201|0x000000008c900000, 0x000000008c900000, 0x000000008ca00000|  0%| F|  |TAMS 0x000000008c900000, 0x000000008c900000| Untracked 
| 202|0x000000008ca00000, 0x000000008ca00000, 0x000000008cb00000|  0%| F|  |TAMS 0x000000008ca00000, 0x000000008ca00000| Untracked 
| 203|0x000000008cb00000, 0x000000008cb00000, 0x000000008cc00000|  0%| F|  |TAMS 0x000000008cb00000, 0x000000008cb00000| Untracked 
| 204|0x000000008cc00000, 0x000000008cc00000, 0x000000008cd00000|  0%| F|  |TAMS 0x000000008cc00000, 0x000000008cc00000| Untracked 
| 205|0x000000008cd00000, 0x000000008cd00000, 0x000000008ce00000|  0%| F|  |TAMS 0x000000008cd00000, 0x000000008cd00000| Untracked 
| 206|0x000000008ce00000, 0x000000008ce00000, 0x000000008cf00000|  0%| F|  |TAMS 0x000000008ce00000, 0x000000008ce00000| Untracked 
| 207|0x000000008cf00000, 0x000000008cf00000, 0x000000008d000000|  0%| F|  |TAMS 0x000000008cf00000, 0x000000008cf00000| Untracked 
| 208|0x000000008d000000, 0x000000008d000000, 0x000000008d100000|  0%| F|  |TAMS 0x000000008d000000, 0x000000008d000000| Untracked 
| 209|0x000000008d100000, 0x000000008d100000, 0x000000008d200000|  0%| F|  |TAMS 0x000000008d100000, 0x000000008d100000| Untracked 
| 210|0x000000008d200000, 0x000000008d2c54c0, 0x000000008d300000| 77%| S|CS|TAMS 0x000000008d200000, 0x000000008d200000| Complete 
| 211|0x000000008d300000, 0x000000008d300000, 0x000000008d400000|  0%| F|  |TAMS 0x000000008d300000, 0x000000008d300000| Untracked 
| 212|0x000000008d400000, 0x000000008d400000, 0x000000008d500000|  0%| F|  |TAMS 0x000000008d400000, 0x000000008d400000| Untracked 
| 213|0x000000008d500000, 0x000000008d500000, 0x000000008d600000|  0%| F|  |TAMS 0x000000008d500000, 0x000000008d500000| Untracked 
| 214|0x000000008d600000, 0x000000008d600000, 0x000000008d700000|  0%| F|  |TAMS 0x000000008d600000, 0x000000008d600000| Untracked 
| 215|0x000000008d700000, 0x000000008d700000, 0x000000008d800000|  0%| F|  |TAMS 0x000000008d700000, 0x000000008d700000| Untracked 
| 216|0x000000008d800000, 0x000000008d800000, 0x000000008d900000|  0%| F|  |TAMS 0x000000008d800000, 0x000000008d800000| Untracked 
| 217|0x000000008d900000, 0x000000008d900000, 0x000000008da00000|  0%| F|  |TAMS 0x000000008d900000, 0x000000008d900000| Untracked 
| 218|0x000000008da00000, 0x000000008da00000, 0x000000008db00000|  0%| F|  |TAMS 0x000000008da00000, 0x000000008da00000| Untracked 
| 219|0x000000008db00000, 0x000000008db00000, 0x000000008dc00000|  0%| F|  |TAMS 0x000000008db00000, 0x000000008db00000| Untracked 
| 220|0x000000008dc00000, 0x000000008dc00000, 0x000000008dd00000|  0%| F|  |TAMS 0x000000008dc00000, 0x000000008dc00000| Untracked 
| 221|0x000000008dd00000, 0x000000008dd00000, 0x000000008de00000|  0%| F|  |TAMS 0x000000008dd00000, 0x000000008dd00000| Untracked 
| 222|0x000000008de00000, 0x000000008de00000, 0x000000008df00000|  0%| F|  |TAMS 0x000000008de00000, 0x000000008de00000| Untracked 
| 223|0x000000008df00000, 0x000000008df00000, 0x000000008e000000|  0%| F|  |TAMS 0x000000008df00000, 0x000000008df00000| Untracked 
| 224|0x000000008e000000, 0x000000008e000000, 0x000000008e100000|  0%| F|  |TAMS 0x000000008e000000, 0x000000008e000000| Untracked 
| 225|0x000000008e100000, 0x000000008e100000, 0x000000008e200000|  0%| F|  |TAMS 0x000000008e100000, 0x000000008e100000| Untracked 
| 226|0x000000008e200000, 0x000000008e200000, 0x000000008e300000|  0%| F|  |TAMS 0x000000008e200000, 0x000000008e200000| Untracked 
| 227|0x000000008e300000, 0x000000008e300000, 0x000000008e400000|  0%| F|  |TAMS 0x000000008e300000, 0x000000008e300000| Untracked 
| 228|0x000000008e400000, 0x000000008e400000, 0x000000008e500000|  0%| F|  |TAMS 0x000000008e400000, 0x000000008e400000| Untracked 
| 229|0x000000008e500000, 0x000000008e500000, 0x000000008e600000|  0%| F|  |TAMS 0x000000008e500000, 0x000000008e500000| Untracked 
| 230|0x000000008e600000, 0x000000008e600000, 0x000000008e700000|  0%| F|  |TAMS 0x000000008e600000, 0x000000008e600000| Untracked 
| 231|0x000000008e700000, 0x000000008e700000, 0x000000008e800000|  0%| F|  |TAMS 0x000000008e700000, 0x000000008e700000| Untracked 
| 232|0x000000008e800000, 0x000000008e800000, 0x000000008e900000|  0%| F|  |TAMS 0x000000008e800000, 0x000000008e800000| Untracked 
| 233|0x000000008e900000, 0x000000008e900000, 0x000000008ea00000|  0%| F|  |TAMS 0x000000008e900000, 0x000000008e900000| Untracked 
| 234|0x000000008ea00000, 0x000000008ea00000, 0x000000008eb00000|  0%| F|  |TAMS 0x000000008ea00000, 0x000000008ea00000| Untracked 
| 235|0x000000008eb00000, 0x000000008eb00000, 0x000000008ec00000|  0%| F|  |TAMS 0x000000008eb00000, 0x000000008eb00000| Untracked 
| 236|0x000000008ec00000, 0x000000008ec00000, 0x000000008ed00000|  0%| F|  |TAMS 0x000000008ec00000, 0x000000008ec00000| Untracked 
| 237|0x000000008ed00000, 0x000000008ed00000, 0x000000008ee00000|  0%| F|  |TAMS 0x000000008ed00000, 0x000000008ed00000| Untracked 
| 238|0x000000008ee00000, 0x000000008ee00000, 0x000000008ef00000|  0%| F|  |TAMS 0x000000008ee00000, 0x000000008ee00000| Untracked 
| 239|0x000000008ef00000, 0x000000008ef00000, 0x000000008f000000|  0%| F|  |TAMS 0x000000008ef00000, 0x000000008ef00000| Untracked 
| 240|0x000000008f000000, 0x000000008f000000, 0x000000008f100000|  0%| F|  |TAMS 0x000000008f000000, 0x000000008f000000| Untracked 
| 241|0x000000008f100000, 0x000000008f100000, 0x000000008f200000|  0%| F|  |TAMS 0x000000008f100000, 0x000000008f100000| Untracked 
| 242|0x000000008f200000, 0x000000008f200000, 0x000000008f300000|  0%| F|  |TAMS 0x000000008f200000, 0x000000008f200000| Untracked 
| 243|0x000000008f300000, 0x000000008f300000, 0x000000008f400000|  0%| F|  |TAMS 0x000000008f300000, 0x000000008f300000| Untracked 
| 244|0x000000008f400000, 0x000000008f400000, 0x000000008f500000|  0%| F|  |TAMS 0x000000008f400000, 0x000000008f400000| Untracked 
| 245|0x000000008f500000, 0x000000008f500000, 0x000000008f600000|  0%| F|  |TAMS 0x000000008f500000, 0x000000008f500000| Untracked 
| 246|0x000000008f600000, 0x000000008f600000, 0x000000008f700000|  0%| F|  |TAMS 0x000000008f600000, 0x000000008f600000| Untracked 
| 247|0x000000008f700000, 0x000000008f700000, 0x000000008f800000|  0%| F|  |TAMS 0x000000008f700000, 0x000000008f700000| Untracked 
| 248|0x000000008f800000, 0x000000008f800000, 0x000000008f900000|  0%| F|  |TAMS 0x000000008f800000, 0x000000008f800000| Untracked 
| 249|0x000000008f900000, 0x000000008f900000, 0x000000008fa00000|  0%| F|  |TAMS 0x000000008f900000, 0x000000008f900000| Untracked 
| 250|0x000000008fa00000, 0x000000008fa00000, 0x000000008fb00000|  0%| F|  |TAMS 0x000000008fa00000, 0x000000008fa00000| Untracked 
| 251|0x000000008fb00000, 0x000000008fb00000, 0x000000008fc00000|  0%| F|  |TAMS 0x000000008fb00000, 0x000000008fb00000| Untracked 
| 252|0x000000008fc00000, 0x000000008fc00000, 0x000000008fd00000|  0%| F|  |TAMS 0x000000008fc00000, 0x000000008fc00000| Untracked 
| 253|0x000000008fd00000, 0x000000008fd00000, 0x000000008fe00000|  0%| F|  |TAMS 0x000000008fd00000, 0x000000008fd00000| Untracked 

Card table byte_map: [0x000001a2a3cc0000,0x000001a2a40c0000] _byte_map_base: 0x000001a2a38c0000

Marking Bits (Prev, Next): (CMBitMap*) 0x000001a291117110, (CMBitMap*) 0x000001a2911170d0
 Prev Bits: [0x000001a2a64c0000, 0x000001a2a84c0000)
 Next Bits: [0x000001a2a44c0000, 0x000001a2a64c0000)

Polling page: 0x000001a28f010000

Metaspace:

Usage:
  Non-class:     80.61 MB used.
      Class:     12.81 MB used.
       Both:     93.42 MB used.

Virtual space:
  Non-class space:       88.00 MB reserved,      80.94 MB ( 92%) committed,  11 nodes.
      Class space:        1.00 GB reserved,      13.12 MB (  1%) committed,  1 nodes.
             Both:        1.09 GB reserved,      94.06 MB (  8%) committed. 

Chunk freelists:
   Non-Class:  2.16 MB
       Class:  2.86 MB
        Both:  5.02 MB

MaxMetaspaceSize: unlimited
CompressedClassSpaceSize: 1.00 GB
Initial GC threshold: 21.00 MB
Current GC threshold: 156.38 MB
CDS: off
MetaspaceReclaimPolicy: balanced
 - commit_granule_bytes: 65536.
 - commit_granule_words: 8192.
 - virtual_space_node_default_size: 1048576.
 - enlarge_chunks_in_place: 1.
 - new_chunks_are_fully_committed: 0.
 - uncommit_free_chunks: 1.
 - use_allocation_guard: 0.
 - handle_deallocations: 1.


Internal statistics:

num_allocs_failed_limit: 9.
num_arena_births: 998.
num_arena_deaths: 0.
num_vsnodes_births: 12.
num_vsnodes_deaths: 0.
num_space_committed: 1505.
num_space_uncommitted: 0.
num_chunks_returned_to_freelist: 9.
num_chunks_taken_from_freelist: 4521.
num_chunk_merges: 9.
num_chunk_splits: 2998.
num_chunks_enlarged: 2019.
num_purges: 0.
num_inconsistent_stats: 0.

CodeHeap 'non-profiled nmethods': size=120000Kb used=5551Kb max_used=5551Kb free=114448Kb
 bounds [0x000001a29c050000, 0x000001a29c5c0000, 0x000001a2a3580000]
CodeHeap 'profiled nmethods': size=120000Kb used=19441Kb max_used=19441Kb free=100558Kb
 bounds [0x000001a294580000, 0x000001a295880000, 0x000001a29bab0000]
CodeHeap 'non-nmethods': size=5760Kb used=2399Kb max_used=2481Kb free=3360Kb
 bounds [0x000001a29bab0000, 0x000001a29bd30000, 0x000001a29c050000]
 total_blobs=10649 nmethods=9725 adapters=836
 compilation: enabled
              stopped_count=0, restarted_count=0
 full_count=0

Compilation events (20 events):
Event: 8.904 Thread 0x000001a2ab897b60 nmethod 10615 0x000001a29c5bb610 code [0x000001a29c5bb7a0, 0x000001a29c5bb878]
Event: 8.904 Thread 0x000001a2ab897b60 10616       1       org.gradle.internal.execution.impl.DefaultExecutionEngine::access$100 (5 bytes)
Event: 8.904 Thread 0x000001a2ab897b60 nmethod 10616 0x000001a29c5bb910 code [0x000001a29c5bbaa0, 0x000001a29c5bbb58]
Event: 8.904 Thread 0x000001a2ab897b60 10626       3       com.esotericsoftware.kryo.io.Output::<init> (64 bytes)
Event: 8.905 Thread 0x000001a2ab897b60 nmethod 10626 0x000001a295879510 code [0x000001a295879720, 0x000001a295879c28]
Event: 8.905 Thread 0x000001a2ab897b60 10625       1       org.gradle.internal.execution.impl.DefaultExecutionEngine::access$000 (5 bytes)
Event: 8.905 Thread 0x000001a2ab897b60 nmethod 10625 0x000001a29c5bbc10 code [0x000001a29c5bbda0, 0x000001a29c5bbe58]
Event: 8.906 Thread 0x000001a2ab897b60 10627       3       org.gradle.internal.snapshot.SnapshotUtil$2::handleAsDescendantOfChild (10 bytes)
Event: 8.907 Thread 0x000001a2ab897b60 nmethod 10627 0x000001a295879e10 code [0x000001a295879fc0, 0x000001a29587a308]
Event: 8.907 Thread 0x000001a2ab897b60 10628       3       org.gradle.internal.snapshot.SnapshotUtil$2::handleAsDescendantOfChild (12 bytes)
Event: 8.907 Thread 0x000001a2ab897b60 nmethod 10628 0x000001a29587a410 code [0x000001a29587a5c0, 0x000001a29587a788]
Event: 8.907 Thread 0x000001a2ab897b60 10629       3       org.gradle.internal.file.FileHierarchySet$PrefixFileSet::contains (13 bytes)
Event: 8.907 Thread 0x000001a2ab897b60 nmethod 10629 0x000001a29587a890 code [0x000001a29587aa40, 0x000001a29587abc8]
Event: 8.907 Thread 0x000001a2ab897b60 10631       3       org.gradle.internal.snapshot.MerkleDirectorySnapshotBuilder$Directory::<init> (43 bytes)
Event: 8.908 Thread 0x000001a2ab897b60 nmethod 10631 0x000001a29587ad10 code [0x000001a29587aee0, 0x000001a29587b4b8]
Event: 8.908 Thread 0x000001a2ab897b60 10630       3       org.gradle.internal.snapshot.MerkleDirectorySnapshotBuilder::enterDirectory (23 bytes)
Event: 8.908 Thread 0x000001a2ab897b60 nmethod 10630 0x000001a29587b690 code [0x000001a29587b840, 0x000001a29587bad8]
Event: 8.908 Thread 0x000001a2ab897b60 10632   !   3       sun.nio.fs.WindowsDirectoryStream::close (59 bytes)
Event: 8.908 Thread 0x000001a2ab897b60 nmethod 10632 0x000001a29587bc10 code [0x000001a29587be00, 0x000001a29587c288]
Event: 8.908 Thread 0x000001a2ab897b60 10635       3       org.gradle.internal.snapshot.MerkleDirectorySnapshotBuilder$Directory::fold (145 bytes)

GC Heap History (20 events):
Event: 6.411 GC heap after
{Heap after GC invocations=28 (full 0):
 garbage-first heap   total 117760K, used 68548K [0x0000000080000000, 0x0000000100000000)
  region size 1024K, 4 young (4096K), 4 survivors (4096K)
 Metaspace       used 76193K, committed 76800K, reserved 1122304K
  class space    used 10090K, committed 10368K, reserved 1048576K
}
Event: 6.536 GC heap before
{Heap before GC invocations=28 (full 0):
 garbage-first heap   total 117760K, used 81860K [0x0000000080000000, 0x0000000100000000)
  region size 1024K, 18 young (18432K), 4 survivors (4096K)
 Metaspace       used 77737K, committed 78336K, reserved 1122304K
  class space    used 10315K, committed 10624K, reserved 1048576K
}
Event: 6.541 GC heap after
{Heap after GC invocations=29 (full 0):
 garbage-first heap   total 141312K, used 70029K [0x0000000080000000, 0x0000000100000000)
  region size 1024K, 2 young (2048K), 2 survivors (2048K)
 Metaspace       used 77737K, committed 78336K, reserved 1122304K
  class space    used 10315K, committed 10624K, reserved 1048576K
}
Event: 6.974 GC heap before
{Heap before GC invocations=30 (full 0):
 garbage-first heap   total 141312K, used 110989K [0x0000000080000000, 0x0000000100000000)
  region size 1024K, 41 young (41984K), 2 survivors (2048K)
 Metaspace       used 82402K, committed 83008K, reserved 1122304K
  class space    used 11154K, committed 11456K, reserved 1048576K
}
Event: 6.977 GC heap after
{Heap after GC invocations=31 (full 0):
 garbage-first heap   total 141312K, used 71867K [0x0000000080000000, 0x0000000100000000)
  region size 1024K, 4 young (4096K), 4 survivors (4096K)
 Metaspace       used 82402K, committed 83008K, reserved 1122304K
  class space    used 11154K, committed 11456K, reserved 1048576K
}
Event: 7.442 GC heap before
{Heap before GC invocations=31 (full 0):
 garbage-first heap   total 141312K, used 111803K [0x0000000080000000, 0x0000000100000000)
  region size 1024K, 43 young (44032K), 4 survivors (4096K)
 Metaspace       used 86299K, committed 86848K, reserved 1130496K
  class space    used 11710K, committed 11968K, reserved 1048576K
}
Event: 7.446 GC heap after
{Heap after GC invocations=32 (full 0):
 garbage-first heap   total 141312K, used 75175K [0x0000000080000000, 0x0000000100000000)
  region size 1024K, 6 young (6144K), 6 survivors (6144K)
 Metaspace       used 86299K, committed 86848K, reserved 1130496K
  class space    used 11710K, committed 11968K, reserved 1048576K
}
Event: 7.882 GC heap before
{Heap before GC invocations=33 (full 0):
 garbage-first heap   total 141312K, used 114087K [0x0000000080000000, 0x0000000100000000)
  region size 1024K, 44 young (45056K), 6 survivors (6144K)
 Metaspace       used 91291K, committed 91968K, reserved 1130496K
  class space    used 12440K, committed 12736K, reserved 1048576K
}
Event: 7.886 GC heap after
{Heap after GC invocations=34 (full 0):
 garbage-first heap   total 141312K, used 78656K [0x0000000080000000, 0x0000000100000000)
  region size 1024K, 4 young (4096K), 4 survivors (4096K)
 Metaspace       used 91291K, committed 91968K, reserved 1130496K
  class space    used 12440K, committed 12736K, reserved 1048576K
}
Event: 8.203 GC heap before
{Heap before GC invocations=34 (full 0):
 garbage-first heap   total 141312K, used 114496K [0x0000000080000000, 0x0000000100000000)
  region size 1024K, 39 young (39936K), 4 survivors (4096K)
 Metaspace       used 93379K, committed 93952K, reserved 1130496K
  class space    used 12725K, committed 12992K, reserved 1048576K
}
Event: 8.209 GC heap after
{Heap after GC invocations=35 (full 0):
 garbage-first heap   total 141312K, used 82401K [0x0000000080000000, 0x0000000100000000)
  region size 1024K, 4 young (4096K), 4 survivors (4096K)
 Metaspace       used 93379K, committed 93952K, reserved 1130496K
  class space    used 12725K, committed 12992K, reserved 1048576K
}
Event: 8.405 GC heap before
{Heap before GC invocations=36 (full 0):
 garbage-first heap   total 148480K, used 116193K [0x0000000080000000, 0x0000000100000000)
  region size 1024K, 37 young (37888K), 4 survivors (4096K)
 Metaspace       used 93554K, committed 94208K, reserved 1130496K
  class space    used 12739K, committed 13056K, reserved 1048576K
}
Event: 8.409 GC heap after
{Heap after GC invocations=37 (full 0):
 garbage-first heap   total 148480K, used 87370K [0x0000000080000000, 0x0000000100000000)
  region size 1024K, 5 young (5120K), 5 survivors (5120K)
 Metaspace       used 93554K, committed 94208K, reserved 1130496K
  class space    used 12739K, committed 13056K, reserved 1048576K
}
Event: 8.422 GC heap before
{Heap before GC invocations=37 (full 0):
 garbage-first heap   total 148480K, used 89418K [0x0000000080000000, 0x0000000100000000)
  region size 1024K, 7 young (7168K), 5 survivors (5120K)
 Metaspace       used 93564K, committed 94208K, reserved 1130496K
  class space    used 12739K, committed 13056K, reserved 1048576K
}
Event: 8.426 GC heap after
{Heap after GC invocations=38 (full 0):
 garbage-first heap   total 148480K, used 87603K [0x0000000080000000, 0x0000000100000000)
  region size 1024K, 1 young (1024K), 1 survivors (1024K)
 Metaspace       used 93564K, committed 94208K, reserved 1130496K
  class space    used 12739K, committed 13056K, reserved 1048576K
}
Event: 8.716 GC heap before
{Heap before GC invocations=38 (full 0):
 garbage-first heap   total 148480K, used 120371K [0x0000000080000000, 0x0000000100000000)
  region size 1024K, 34 young (34816K), 1 survivors (1024K)
 Metaspace       used 95010K, committed 95680K, reserved 1138688K
  class space    used 12982K, committed 13312K, reserved 1048576K
}
Event: 8.720 GC heap after
{Heap after GC invocations=39 (full 0):
 garbage-first heap   total 148480K, used 93018K [0x0000000080000000, 0x0000000100000000)
  region size 1024K, 5 young (5120K), 5 survivors (5120K)
 Metaspace       used 95010K, committed 95680K, reserved 1138688K
  class space    used 12982K, committed 13312K, reserved 1048576K
}
Event: 8.893 GC heap before
{Heap before GC invocations=40 (full 0):
 garbage-first heap   total 168960K, used 120666K [0x0000000080000000, 0x0000000100000000)
  region size 1024K, 33 young (33792K), 5 survivors (5120K)
 Metaspace       used 95652K, committed 96320K, reserved 1138688K
  class space    used 13114K, committed 13440K, reserved 1048576K
}
Event: 8.899 GC heap after
{Heap after GC invocations=41 (full 0):
 garbage-first heap   total 168960K, used 97416K [0x0000000080000000, 0x0000000100000000)
  region size 1024K, 5 young (5120K), 5 survivors (5120K)
 Metaspace       used 95652K, committed 96320K, reserved 1138688K
  class space    used 13114K, committed 13440K, reserved 1048576K
}
Event: 8.910 GC heap before
{Heap before GC invocations=41 (full 0):
 garbage-first heap   total 168960K, used 100488K [0x0000000080000000, 0x0000000100000000)
  region size 1024K, 8 young (8192K), 5 survivors (5120K)
 Metaspace       used 95661K, committed 96320K, reserved 1138688K
  class space    used 13114K, committed 13440K, reserved 1048576K
}

Dll operation events (2 events):
Event: 0.006 Loaded shared library D:\Android\Android Studio\jbr\bin\java.dll
Event: 0.239 Loaded shared library D:\Android\Android Studio\jbr\bin\verify.dll

Deoptimization events (20 events):
Event: 8.813 Thread 0x000001a2b154e5e0 Uncommon trap: trap_request=0xffffff45 fr.pc=0x000001a29c3cea88 relative=0x00000000000004c8
Event: 8.813 Thread 0x000001a2b154e5e0 Uncommon trap: reason=unstable_if action=reinterpret pc=0x000001a29c3cea88 method=java.lang.StringLatin1.compareToCI([B[B)I @ 68 c2
Event: 8.813 Thread 0x000001a2b154e5e0 DEOPT PACKING pc=0x000001a29c3cea88 sp=0x00000077e56fb6a0
Event: 8.813 Thread 0x000001a2b154e5e0 DEOPT UNPACKING pc=0x000001a29bb0a1a3 sp=0x00000077e56fb628 mode 2
Event: 8.816 Thread 0x000001a2b1552940 Uncommon trap: trap_request=0xffffff45 fr.pc=0x000001a29c0d3b4c relative=0x000000000000176c
Event: 8.816 Thread 0x000001a2b1552940 Uncommon trap: reason=unstable_if action=reinterpret pc=0x000001a29c0d3b4c method=java.util.concurrent.ConcurrentHashMap.computeIfAbsent(Ljava/lang/Object;Ljava/util/function/Function;)Ljava/lang/Object; @ 279 c2
Event: 8.816 Thread 0x000001a2b1552940 DEOPT PACKING pc=0x000001a29c0d3b4c sp=0x00000077e59fdeb0
Event: 8.816 Thread 0x000001a2b1552940 DEOPT UNPACKING pc=0x000001a29bb0a1a3 sp=0x00000077e59fde58 mode 2
Event: 8.817 Thread 0x000001a2b55a9570 Uncommon trap: trap_request=0xffffff45 fr.pc=0x000001a29c19359c relative=0x00000000000006fc
Event: 8.817 Thread 0x000001a2b55a9570 Uncommon trap: reason=unstable_if action=reinterpret pc=0x000001a29c19359c method=java.util.concurrent.ConcurrentHashMap.addCount(JI)V @ 7 c2
Event: 8.817 Thread 0x000001a2b55a9570 DEOPT PACKING pc=0x000001a29c19359c sp=0x00000077ea9f9690
Event: 8.817 Thread 0x000001a2b55a9570 DEOPT UNPACKING pc=0x000001a29bb0a1a3 sp=0x00000077ea9f9548 mode 2
Event: 8.819 Thread 0x000001a2b195d000 Uncommon trap: trap_request=0xffffff45 fr.pc=0x000001a29c0d3b4c relative=0x000000000000176c
Event: 8.819 Thread 0x000001a2b195d000 Uncommon trap: reason=unstable_if action=reinterpret pc=0x000001a29c0d3b4c method=java.util.concurrent.ConcurrentHashMap.computeIfAbsent(Ljava/lang/Object;Ljava/util/function/Function;)Ljava/lang/Object; @ 279 c2
Event: 8.819 Thread 0x000001a2b195d000 DEOPT PACKING pc=0x000001a29c0d3b4c sp=0x00000077e71fde30
Event: 8.819 Thread 0x000001a2b195d000 DEOPT UNPACKING pc=0x000001a29bb0a1a3 sp=0x00000077e71fddd8 mode 2
Event: 8.841 Thread 0x000001a2b55a9570 Uncommon trap: trap_request=0xffffff45 fr.pc=0x000001a29c469ce0 relative=0x0000000000000220
Event: 8.841 Thread 0x000001a2b55a9570 Uncommon trap: reason=unstable_if action=reinterpret pc=0x000001a29c469ce0 method=org.gradle.internal.time.MonotonicClock.advance(J)J @ 25 c2
Event: 8.841 Thread 0x000001a2b55a9570 DEOPT PACKING pc=0x000001a29c469ce0 sp=0x00000077ea9fb1b0
Event: 8.841 Thread 0x000001a2b55a9570 DEOPT UNPACKING pc=0x000001a29bb0a1a3 sp=0x00000077ea9fb0b8 mode 2

Classes unloaded (0 events):
No events

Classes redefined (0 events):
No events

Internal exceptions (20 events):
Event: 8.554 Thread 0x000001a2acf400a0 Exception <a 'java/lang/NoSuchMethodError'{0x0000000087e296d0}: static Lorg/gradle/internal/build/event/types/DefaultTaskFinishedProgressEvent;.<clinit>()V> (0x0000000087e296d0) 
thrown [s\src\hotspot\share\prims\jni.cpp, line 1108]
Event: 8.556 Thread 0x000001a2acf400a0 Exception <a 'java/lang/NoSuchMethodError'{0x0000000087e52358}: static Lorg/gradle/internal/build/event/types/DefaultTaskSuccessResult;.<clinit>()V> (0x0000000087e52358) 
thrown [s\src\hotspot\share\prims\jni.cpp, line 1108]
Event: 8.556 Thread 0x000001a2acf400a0 Exception <a 'java/lang/NoSuchMethodError'{0x0000000087e53a60}: static Lorg/gradle/internal/build/event/types/AbstractTaskResult;.<clinit>()V> (0x0000000087e53a60) 
thrown [s\src\hotspot\share\prims\jni.cpp, line 1108]
Event: 8.562 Thread 0x000001a2b55a9570 Exception <a 'sun/nio/fs/WindowsException'{0x000000008826fc60}> (0x000000008826fc60) 
thrown [s\src\hotspot\share\prims\jni.cpp, line 517]
Event: 8.566 Thread 0x000001a2acf400a0 Exception <a 'java/lang/NoSuchMethodError'{0x0000000087d7dde0}: static Lorg/gradle/internal/build/event/types/DefaultTaskSkippedResult;.<clinit>()V> (0x0000000087d7dde0) 
thrown [s\src\hotspot\share\prims\jni.cpp, line 1108]
Event: 8.567 Thread 0x000001a2b0fa9ed0 Exception <a 'java/lang/NoSuchMethodError'{0x0000000087d866f8}: static Lcom/android/buildanalyzer/common/AndroidGradlePluginAttributionData$BuildInfo;.<clinit>()V> (0x0000000087d866f8) 
thrown [s\src\hotspot\share\prims\jni.cpp, line 1108]
Event: 8.569 Thread 0x000001a2b0fa9ed0 Exception <a 'java/lang/NoSuchMethodError'{0x0000000087da42c0}: static Lcom/android/buildanalyzer/common/AndroidGradlePluginAttributionData$JavaInfo;.<clinit>()V> (0x0000000087da42c0) 
thrown [s\src\hotspot\share\prims\jni.cpp, line 1108]
Event: 8.570 Thread 0x000001a2b0fa9ed0 Exception <a 'java/lang/NoSuchMethodError'{0x0000000087de0400}: static [Ljava/lang/String;.<clinit>()V> (0x0000000087de0400) 
thrown [s\src\hotspot\share\prims\jni.cpp, line 1108]
Event: 8.572 Thread 0x000001a2b0fa9ed0 Exception <a 'java/lang/NoSuchMethodError'{0x0000000087c07d48}: static Lcom/android/buildanalyzer/common/AndroidGradlePluginAttributionData$TaskInfo;.<clinit>()V> (0x0000000087c07d48) 
thrown [s\src\hotspot\share\prims\jni.cpp, line 1108]
Event: 8.573 Thread 0x000001a2b0fa9ed0 Exception <a 'java/lang/NoSuchMethodError'{0x0000000087c15128}: static Lcom/android/buildanalyzer/common/AndroidGradlePluginAttributionData$TaskCategoryInfo;.<clinit>()V> (0x0000000087c15128) 
thrown [s\src\hotspot\share\prims\jni.cpp, line 1108]
Event: 8.577 Thread 0x000001a2b0fa9ed0 Exception <a 'java/lang/NoSuchMethodError'{0x0000000087ca4138}: 'void java.lang.invoke.DirectMethodHandle$Holder.invokeSpecial(java.lang.Object, java.lang.Object, java.lang.Object, int)'> (0x0000000087ca4138) 
thrown [s\src\hotspot\share\interpreter\linkResolver.cpp, line 771]
Event: 8.761 Thread 0x000001a2b55a9570 Exception <a 'java/lang/NoSuchMethodError'{0x000000008d3ad5e8}: 'void java.lang.invoke.DirectMethodHandle$Holder.invokeStatic(java.lang.Object, java.lang.Object, java.lang.Object, java.lang.Object, int, java.lang.Object, java.lang.Object)'> (0x000000008d3ad5e8) 
thrown [s\src\hotspot\share\interpreter\linkResolver.cpp, line 771]
Event: 8.781 Thread 0x000001a2b1552470 Exception <a 'java/lang/NoSuchMethodError'{0x000000008cfeb2e8}: 'java.lang.Object java.lang.invoke.DirectMethodHandle$Holder.invokeSpecialIFC(java.lang.Object, java.lang.Object, java.lang.Object)'> (0x000000008cfeb2e8) 
thrown [s\src\hotspot\share\interpreter\linkResolver.cpp, line 771]
Event: 8.781 Thread 0x000001a2b195ece0 Exception <a 'java/lang/NoSuchMethodError'{0x000000008cfff3c0}: 'java.lang.Object java.lang.invoke.DirectMethodHandle$Holder.invokeSpecialIFC(java.lang.Object, java.lang.Object, java.lang.Object)'> (0x000000008cfff3c0) 
thrown [s\src\hotspot\share\interpreter\linkResolver.cpp, line 771]
Event: 8.781 Thread 0x000001a2b154ba90 Exception <a 'java/lang/NoSuchMethodError'{0x000000008cff1ed0}: 'java.lang.Object java.lang.invoke.DirectMethodHandle$Holder.invokeSpecialIFC(java.lang.Object, java.lang.Object, java.lang.Object)'> (0x000000008cff1ed0) 
thrown [s\src\hotspot\share\interpreter\linkResolver.cpp, line 771]
Event: 8.781 Thread 0x000001a2b195d000 Exception <a 'java/lang/NoSuchMethodError'{0x000000008ce03628}: 'java.lang.Object java.lang.invoke.DirectMethodHandle$Holder.invokeSpecialIFC(java.lang.Object, java.lang.Object, java.lang.Object)'> (0x000000008ce03628) 
thrown [s\src\hotspot\share\interpreter\linkResolver.cpp, line 771]
Event: 8.781 Thread 0x000001a2b1552940 Exception <a 'java/lang/NoSuchMethodError'{0x000000008cfe2f80}: 'java.lang.Object java.lang.invoke.DirectMethodHandle$Holder.invokeSpecialIFC(java.lang.Object, java.lang.Object, java.lang.Object)'> (0x000000008cfe2f80) 
thrown [s\src\hotspot\share\interpreter\linkResolver.cpp, line 771]
Event: 8.781 Thread 0x000001a2b154f450 Exception <a 'java/lang/NoSuchMethodError'{0x000000008cff8478}: 'java.lang.Object java.lang.invoke.DirectMethodHandle$Holder.invokeSpecialIFC(java.lang.Object, java.lang.Object, java.lang.Object)'> (0x000000008cff8478) 
thrown [s\src\hotspot\share\interpreter\linkResolver.cpp, line 771]
Event: 8.781 Thread 0x000001a2b55a9570 Exception <a 'java/lang/NoSuchMethodError'{0x000000008cf74ac0}: 'java.lang.Object java.lang.invoke.DirectMethodHandle$Holder.invokeSpecialIFC(java.lang.Object, java.lang.Object, java.lang.Object)'> (0x000000008cf74ac0) 
thrown [s\src\hotspot\share\interpreter\linkResolver.cpp, line 771]
Event: 8.781 Thread 0x000001a2b154e5e0 Exception <a 'java/lang/NoSuchMethodError'{0x000000008cfdb688}: 'java.lang.Object java.lang.invoke.DirectMethodHandle$Holder.invokeSpecialIFC(java.lang.Object, java.lang.Object, java.lang.Object)'> (0x000000008cfdb688) 
thrown [s\src\hotspot\share\interpreter\linkResolver.cpp, line 771]

VM Operations (20 events):
Event: 8.409 Executing VM operation: G1CollectForAllocation done
Event: 8.422 Executing VM operation: G1CollectForAllocation
Event: 8.426 Executing VM operation: G1CollectForAllocation done
Event: 8.511 Executing VM operation: HandshakeAllThreads
Event: 8.511 Executing VM operation: HandshakeAllThreads done
Event: 8.552 Executing VM operation: HandshakeAllThreads
Event: 8.552 Executing VM operation: HandshakeAllThreads done
Event: 8.592 Executing VM operation: HandshakeAllThreads
Event: 8.592 Executing VM operation: HandshakeAllThreads done
Event: 8.594 Executing VM operation: ICBufferFull
Event: 8.594 Executing VM operation: ICBufferFull done
Event: 8.716 Executing VM operation: G1CollectForAllocation
Event: 8.720 Executing VM operation: G1CollectForAllocation done
Event: 8.782 Executing VM operation: G1Concurrent
Event: 8.786 Executing VM operation: G1Concurrent done
Event: 8.813 Executing VM operation: G1Concurrent
Event: 8.814 Executing VM operation: G1Concurrent done
Event: 8.893 Executing VM operation: G1CollectForAllocation
Event: 8.899 Executing VM operation: G1CollectForAllocation done
Event: 8.910 Executing VM operation: G1CollectForAllocation

Events (20 events):
Event: 8.578 loading class java/io/ObjectInputStream$HandleTable
Event: 8.579 loading class java/io/ObjectInputStream$HandleTable done
Event: 8.579 loading class java/io/ObjectInputStream$HandleTable$HandleList
Event: 8.579 loading class java/io/ObjectInputStream$HandleTable$HandleList done
Event: 8.579 loading class java/io/ObjectInputStream$ValidationList
Event: 8.579 loading class java/io/ObjectInputStream$ValidationList done
Event: 8.579 loading class java/io/ObjectInputFilter$Config
Event: 8.579 loading class java/io/ObjectInputFilter$Config done
Event: 8.580 loading class java/io/ObjectInputFilter
Event: 8.580 loading class java/io/ObjectInputFilter done
Event: 8.580 loading class java/io/ObjectInputFilter$Config$BuiltinFilterFactory
Event: 8.580 loading class java/io/ObjectInputFilter$Config$BuiltinFilterFactory done
Event: 8.580 loading class jdk/internal/access/JavaObjectInputFilterAccess
Event: 8.580 loading class jdk/internal/access/JavaObjectInputFilterAccess done
Event: 8.580 loading class jdk/internal/event/DeserializationEvent
Event: 8.580 loading class jdk/internal/event/DeserializationEvent done
Event: 8.581 loading class java/io/ObjectInputStream$FieldValues
Event: 8.581 loading class java/io/ObjectInputStream$GetField
Event: 8.581 loading class java/io/ObjectInputStream$GetField done
Event: 8.581 loading class java/io/ObjectInputStream$FieldValues done


Dynamic libraries:
0x00007ff76ef50000 - 0x00007ff76ef5a000 	D:\Android\Android Studio\jbr\bin\java.exe
0x00007ffc34ed0000 - 0x00007ffc350e7000 	C:\WINDOWS\SYSTEM32\ntdll.dll
0x00007ffc33620000 - 0x00007ffc336e4000 	C:\WINDOWS\System32\KERNEL32.DLL
0x00007ffc326a0000 - 0x00007ffc32a46000 	C:\WINDOWS\System32\KERNELBASE.dll
0x00007ffc32b00000 - 0x00007ffc32c11000 	C:\WINDOWS\System32\ucrtbase.dll
0x00007ffc12760000 - 0x00007ffc1277b000 	D:\Android\Android Studio\jbr\bin\VCRUNTIME140.dll
0x00007ffc16980000 - 0x00007ffc16997000 	D:\Android\Android Studio\jbr\bin\jli.dll
0x00007ffc33d20000 - 0x00007ffc33ece000 	C:\WINDOWS\System32\USER32.dll
0x00007ffc32a50000 - 0x00007ffc32a76000 	C:\WINDOWS\System32\win32u.dll
0x00007ffc33470000 - 0x00007ffc33499000 	C:\WINDOWS\System32\GDI32.dll
0x00007ffc21cd0000 - 0x00007ffc21f63000 	C:\WINDOWS\WinSxS\amd64_microsoft.windows.common-controls_6595b64144ccf1df_6.0.22621.2506_none_270c5ae97388e100\COMCTL32.dll
0x00007ffc32240000 - 0x00007ffc32358000 	C:\WINDOWS\System32\gdi32full.dll
0x00007ffc336f0000 - 0x00007ffc33797000 	C:\WINDOWS\System32\msvcrt.dll
0x00007ffc323d0000 - 0x00007ffc3246a000 	C:\WINDOWS\System32\msvcp_win.dll
0x00007ffc33fd0000 - 0x00007ffc34001000 	C:\WINDOWS\System32\IMM32.DLL
0x00007ffc191c0000 - 0x00007ffc191cc000 	D:\Android\Android Studio\jbr\bin\vcruntime140_1.dll
0x00007ffbfe440000 - 0x00007ffbfe4cd000 	D:\Android\Android Studio\jbr\bin\msvcp140.dll
0x00007ffbae450000 - 0x00007ffbaf0be000 	D:\Android\Android Studio\jbr\bin\server\jvm.dll
0x00007ffc337a0000 - 0x00007ffc33851000 	C:\WINDOWS\System32\ADVAPI32.dll
0x00007ffc33b90000 - 0x00007ffc33c35000 	C:\WINDOWS\System32\sechost.dll
0x00007ffc32d80000 - 0x00007ffc32e97000 	C:\WINDOWS\System32\RPCRT4.dll
0x00007ffc29a60000 - 0x00007ffc29a69000 	C:\WINDOWS\SYSTEM32\WSOCK32.dll
0x00007ffc27af0000 - 0x00007ffc27b24000 	C:\WINDOWS\SYSTEM32\WINMM.dll
0x00007ffc24ad0000 - 0x00007ffc24ada000 	C:\WINDOWS\SYSTEM32\VERSION.dll
0x00007ffc33ab0000 - 0x00007ffc33b21000 	C:\WINDOWS\System32\WS2_32.dll
0x00007ffc312f0000 - 0x00007ffc31308000 	C:\WINDOWS\SYSTEM32\kernel.appcore.dll
0x00007ffc28550000 - 0x00007ffc2855a000 	D:\Android\Android Studio\jbr\bin\jimage.dll
0x00007ffc2fa00000 - 0x00007ffc2fc33000 	C:\WINDOWS\SYSTEM32\DBGHELP.DLL
0x00007ffc32f20000 - 0x00007ffc332a9000 	C:\WINDOWS\System32\combase.dll
0x00007ffc33c40000 - 0x00007ffc33d17000 	C:\WINDOWS\System32\OLEAUT32.dll
0x00007ffc24b50000 - 0x00007ffc24b82000 	C:\WINDOWS\SYSTEM32\dbgcore.DLL
0x00007ffc32a80000 - 0x00007ffc32afa000 	C:\WINDOWS\System32\bcryptPrimitives.dll
0x00007ffc13e40000 - 0x00007ffc13e65000 	D:\Android\Android Studio\jbr\bin\java.dll
0x00007ffc13b10000 - 0x00007ffc13b28000 	D:\Android\Android Studio\jbr\bin\zip.dll
0x00007ffc340d0000 - 0x00007ffc3492a000 	C:\WINDOWS\System32\SHELL32.dll
0x00007ffc30120000 - 0x00007ffc30a16000 	C:\WINDOWS\SYSTEM32\windows.storage.dll
0x00007ffc2ffe0000 - 0x00007ffc3011e000 	C:\WINDOWS\SYSTEM32\wintypes.dll
0x00007ffc33ed0000 - 0x00007ffc33fc3000 	C:\WINDOWS\System32\SHCORE.dll
0x00007ffc34010000 - 0x00007ffc3406e000 	C:\WINDOWS\System32\shlwapi.dll
0x00007ffc32170000 - 0x00007ffc32196000 	C:\WINDOWS\SYSTEM32\profapi.dll
0x00007ffc12590000 - 0x00007ffc125a9000 	D:\Android\Android Studio\jbr\bin\net.dll
0x00007ffc293d0000 - 0x00007ffc29507000 	C:\WINDOWS\SYSTEM32\WINHTTP.dll
0x00007ffc31780000 - 0x00007ffc317e9000 	C:\WINDOWS\system32\mswsock.dll
0x00007ffc12570000 - 0x00007ffc12586000 	D:\Android\Android Studio\jbr\bin\nio.dll
0x00007ffc27a70000 - 0x00007ffc27a80000 	D:\Android\Android Studio\jbr\bin\verify.dll
0x00007ffc24a00000 - 0x00007ffc24a27000 	D:\dev\gradle\native\68d5fa5c4cc2d200863cafc0d521ce42e7d3e7ee720ec0a83991735586a16f82\windows-amd64\native-platform.dll
0x00007ffc02530000 - 0x00007ffc02674000 	D:\dev\gradle\native\e376f236ea51e6404a007f0833ffe2c6e607c4080706a723a18a27aeea778392\windows-amd64\native-platform-file-events.dll
0x00007ffc28200000 - 0x00007ffc28209000 	D:\Android\Android Studio\jbr\bin\management.dll
0x00007ffc27b40000 - 0x00007ffc27b4b000 	D:\Android\Android Studio\jbr\bin\management_ext.dll
0x00007ffc33b80000 - 0x00007ffc33b88000 	C:\WINDOWS\System32\PSAPI.DLL
0x00007ffc319e0000 - 0x00007ffc319fb000 	C:\WINDOWS\SYSTEM32\CRYPTSP.dll
0x00007ffc31250000 - 0x00007ffc31285000 	C:\WINDOWS\system32\rsaenh.dll
0x00007ffc31880000 - 0x00007ffc318ac000 	C:\WINDOWS\SYSTEM32\USERENV.dll
0x00007ffc31bf0000 - 0x00007ffc31c18000 	C:\WINDOWS\SYSTEM32\bcrypt.dll
0x00007ffc31a00000 - 0x00007ffc31a0c000 	C:\WINDOWS\SYSTEM32\CRYPTBASE.dll
0x00007ffc30d30000 - 0x00007ffc30d5d000 	C:\WINDOWS\SYSTEM32\IPHLPAPI.DLL
0x00007ffc34950000 - 0x00007ffc34959000 	C:\WINDOWS\System32\NSI.dll
0x00007ffc292c0000 - 0x00007ffc292d9000 	C:\WINDOWS\SYSTEM32\dhcpcsvc6.DLL
0x00007ffc29210000 - 0x00007ffc2922f000 	C:\WINDOWS\SYSTEM32\dhcpcsvc.DLL
0x00007ffc30db0000 - 0x00007ffc30ea9000 	C:\WINDOWS\SYSTEM32\DNSAPI.dll
0x00007ffc22060000 - 0x00007ffc22068000 	C:\WINDOWS\system32\wshunix.dll
0x00007ffbd7bc0000 - 0x00007ffbd7bd7000 	C:\WINDOWS\system32\napinsp.dll
0x00007ffbd7ba0000 - 0x00007ffbd7bbb000 	C:\WINDOWS\system32\pnrpnsp.dll
0x00007ffbd7b80000 - 0x00007ffbd7b91000 	C:\WINDOWS\System32\winrnr.dll
0x00007ffbf9430000 - 0x00007ffbf9445000 	C:\WINDOWS\system32\wshbth.dll
0x00007ffc24d20000 - 0x00007ffc24d41000 	C:\WINDOWS\system32\nlansp_c.dll
0x00007ffc279f0000 - 0x00007ffc279fa000 	C:\Windows\System32\rasadhlp.dll
0x00007ffc284a0000 - 0x00007ffc28523000 	C:\WINDOWS\System32\fwpuclnt.dll

dbghelp: loaded successfully - version: 4.0.5 - missing functions: none
symbol engine: initialized successfully - sym options: 0x614 - pdb path: .;D:\Android\Android Studio\jbr\bin;C:\WINDOWS\SYSTEM32;C:\WINDOWS\WinSxS\amd64_microsoft.windows.common-controls_6595b64144ccf1df_6.0.22621.2506_none_270c5ae97388e100;D:\Android\Android Studio\jbr\bin\server;D:\dev\gradle\native\68d5fa5c4cc2d200863cafc0d521ce42e7d3e7ee720ec0a83991735586a16f82\windows-amd64;D:\dev\gradle\native\e376f236ea51e6404a007f0833ffe2c6e607c4080706a723a18a27aeea778392\windows-amd64

VM Arguments:
jvm_args: --add-opens=java.base/java.util=ALL-UNNAMED --add-opens=java.base/java.lang=ALL-UNNAMED --add-opens=java.base/java.lang.invoke=ALL-UNNAMED --add-opens=java.prefs/java.util.prefs=ALL-UNNAMED --add-opens=java.base/java.nio.charset=ALL-UNNAMED --add-opens=java.base/java.net=ALL-UNNAMED --add-opens=java.base/java.util.concurrent.atomic=ALL-UNNAMED -Xmx2048m -Dfile.encoding=UTF-8 -Duser.country=CN -Duser.language=zh -Duser.variant 
java_command: org.gradle.launcher.daemon.bootstrap.GradleDaemon 8.0
java_class_path (initial): D:\dev\gradle\wrapper\dists\gradle-8.0-bin\ca5e32bp14vu59qr306oxotwh\gradle-8.0\lib\gradle-launcher-8.0.jar
Launcher Type: SUN_STANDARD

[Global flags]
     intx CICompilerCount                          = 4                                         {product} {ergonomic}
     uint ConcGCThreads                            = 2                                         {product} {ergonomic}
     uint G1ConcRefinementThreads                  = 8                                         {product} {ergonomic}
   size_t G1HeapRegionSize                         = 1048576                                   {product} {ergonomic}
    uintx GCDrainStackTargetSize                   = 64                                        {product} {ergonomic}
   size_t InitialHeapSize                          = 266338304                                 {product} {ergonomic}
   size_t MarkStackSize                            = 4194304                                   {product} {ergonomic}
   size_t MaxHeapSize                              = 2147483648                                {product} {command line}
   size_t MaxNewSize                               = 1287651328                                {product} {ergonomic}
   size_t MinHeapDeltaBytes                        = 1048576                                   {product} {ergonomic}
   size_t MinHeapSize                              = 8388608                                   {product} {ergonomic}
    uintx NonNMethodCodeHeapSize                   = 5839372                                {pd product} {ergonomic}
    uintx NonProfiledCodeHeapSize                  = 122909434                              {pd product} {ergonomic}
    uintx ProfiledCodeHeapSize                     = 122909434                              {pd product} {ergonomic}
    uintx ReservedCodeCacheSize                    = 251658240                              {pd product} {ergonomic}
     bool SegmentedCodeCache                       = true                                      {product} {ergonomic}
   size_t SoftMaxHeapSize                          = 2147483648                             {manageable} {ergonomic}
     bool UseCompressedClassPointers               = true                           {product lp64_product} {ergonomic}
     bool UseCompressedOops                        = true                           {product lp64_product} {ergonomic}
     bool UseG1GC                                  = true                                      {product} {ergonomic}
     bool UseLargePagesIndividualAllocation        = false                                  {pd product} {ergonomic}

Logging:
Log output configuration:
 #0: stdout all=warning uptime,level,tags
 #1: stderr all=off uptime,level,tags

Environment Variables:
JAVA_HOME=C:\Users\aka1298\.jdks\jdk-21
PATH=C:\WINDOWS\system32;C:\WINDOWS;C:\WINDOWS\System32\Wbem;C:\WINDOWS\System32\WindowsPowerShell\v1.0\;C:\WINDOWS\System32\OpenSSH\;C:\Users\aka1298\.jdks\jdk-21\bin;D:\program\git\cmd;D:\dev\ffmpeg\bin;D:\dev\nacos\bin\;D:\program\FFDec\;C:\Users\aka1298\AppData\Roaming\npm;D:\dev\nginx-1.20.2;D:\program\sublime_text;D:\dev\Redis-5.0.14.1;D:\tools;D:\dev\python;C:\Program Files\dotnet\;D:\dev\VSC\VC\Tools\MSVC\14.16.27023\bin\HostX64\x64;D:\dev\gradle\bin;D:\program\7-Zip;d:\dev\nvm;C:\Program Files\nodejs;C:\Program Files\Docker\Docker\resources\bin;C:\Program Files\gsudo\Current;D:\dev\VS Code;D:\dev\apache-maven-3.9.4\bin;;D:\program\Tencent\web\dll;C:\Program Files\PowerShell\7\;D:\dev\python\Scripts\;D:\dev\python\;%PNPM_HOME%;C:\Users\aka1298\AppData\Local\Microsoft\WindowsApps;D:\dev\PyCharm 2022.2.2\bin;;D:\dev\JetBrains\IntelliJ IDEA 2023.1\bin;;C:\Users\aka1298\.dotnet\tools;C:\Users\aka1298\AppData\Roaming\npm;D:\JetBrains\IntelliJ IDEA Community Edition 2022.3.3\bin;;D:\dev\VS Code\bin;d:\dev\nvm;C:\Program Files\nodejs;C:\Users\aka1298\AppData\Local\Programs\oh-my-posh\bin;
USERNAME=aka1298
OS=Windows_NT
PROCESSOR_IDENTIFIER=Intel64 Family 6 Model 140 Stepping 1, GenuineIntel
TMP=C:\Users\aka1298\AppData\Local\Temp
TEMP=C:\Users\aka1298\AppData\Local\Temp


JNI global refs:
JNI global refs: 28, weak refs: 17

JNI global refs memory usage: 843, weak refs: 841


---------------  S Y S T E M  ---------------

OS:
 Windows 11 , 64 bit Build 22621 (10.0.22621.2506)
OS uptime: 5 days 12:32 hours
Hyper-V role detected

CPU: total 8 (initial active 8) (4 cores per cpu, 2 threads per core) family 6 model 140 stepping 1 microcode 0x8a, cx8, cmov, fxsr, ht, mmx, 3dnowpref, sse, sse2, sse3, ssse3, sse4.1, sse4.2, popcnt, lzcnt, tsc, tscinvbit, avx, avx2, aes, erms, clmul, bmi1, bmi2, adx, avx512f, avx512dq, avx512cd, avx512bw, avx512vl, sha, fma, vzeroupper, avx512_vpopcntdq, avx512_vpclmulqdq, avx512_vaes, avx512_vnni, clflush, clflushopt, clwb, avx512_vbmi2, avx512_vbmi, hv

Memory: 4k page, system-wide physical 16179M (377M free)
TotalPageFile size 46607M (AvailPageFile size 50M)
current process WorkingSet (physical memory assigned to process): 439M, peak: 439M
current process commit charge ("private bytes"): 563M, peak: 632M

vm_info: OpenJDK 64-Bit Server VM (17.0.6+0-b2043.56-10027231) for windows-amd64 JRE (17.0.6+0-b2043.56-10027231), built on Apr 28 2023 00:43:19 by "androidbuild" with MS VC++ 16.10 / 16.11 (VS2019)

END.
