#
# There is insufficient memory for the Java Runtime Environment to continue.
# Native memory allocation (mmap) failed to map 41943040 bytes for G1 virtual space
# Possible reasons:
#   The system is out of physical RAM or swap space
#   The process is running with CompressedOops enabled, and the Java Heap may be blocking the growth of the native heap
# Possible solutions:
#   Reduce memory load on the system
#   Increase physical memory or swap space
#   Check if swap backing store is full
#   Decrease Java heap size (-Xmx/-Xms)
#   Decrease number of Java threads
#   Decrease Java thread stack sizes (-Xss)
#   Set larger code cache with -XX:ReservedCodeCacheSize=
#   JVM is running with Unscaled Compressed Oops mode in which the Java heap is
#     placed in the first 4GB address space. The Java Heap base address is the
#     maximum limit for the native heap growth. Please use -XX:HeapBaseMinAddress
#     to set the Java Heap base and to place the Java Heap above 4GB virtual address.
# This output file may be truncated or incomplete.
#
#  Out of Memory Error (os_windows.cpp:3769), pid=3048, tid=19280
#
# JRE version: OpenJDK Runtime Environment (17.0.6) (build 17.0.6+0-b2043.56-10027231)
# Java VM: OpenJDK 64-Bit Server VM (17.0.6+0-b2043.56-10027231, mixed mode, tiered, compressed oops, compressed class ptrs, g1 gc, windows-amd64)
# No core dump will be written. Minidumps are not enabled by default on client versions of Windows
#

---------------  S U M M A R Y ------------

Command Line: --add-opens=java.base/java.util=ALL-UNNAMED --add-opens=java.base/java.lang=ALL-UNNAMED --add-opens=java.base/java.lang.invoke=ALL-UNNAMED --add-opens=java.prefs/java.util.prefs=ALL-UNNAMED --add-opens=java.base/java.nio.charset=ALL-UNNAMED --add-opens=java.base/java.net=ALL-UNNAMED --add-opens=java.base/java.util.concurrent.atomic=ALL-UNNAMED -Xmx2048m -Dfile.encoding=UTF-8 -Duser.country=CN -Duser.language=zh -Duser.variant org.gradle.launcher.daemon.bootstrap.GradleDaemon 8.0

Host: 11th Gen Intel(R) Core(TM) i5-1135G7 @ 2.40GHz, 8 cores, 15G,  Windows 11 , 64 bit Build 22621 (10.0.22621.2506)
Time: Tue Dec 19 20:04:24 2023  Windows 11 , 64 bit Build 22621 (10.0.22621.2506) elapsed time: 8.313739 seconds (0d 0h 0m 8s)

---------------  T H R E A D  ---------------

Current thread (0x0000026bff08f5f0):  VMThread "VM Thread" [stack: 0x000000f29a500000,0x000000f29a600000] [id=19280]

Stack: [0x000000f29a500000,0x000000f29a600000]
Native frames: (J=compiled Java code, j=interpreted, Vv=VM code, C=native code)
V  [jvm.dll+0x683c9a]
V  [jvm.dll+0x8427a4]
V  [jvm.dll+0x843f9e]
V  [jvm.dll+0x844603]
V  [jvm.dll+0x249b75]
V  [jvm.dll+0x680b69]
V  [jvm.dll+0x67505a]
V  [jvm.dll+0x309acb]
V  [jvm.dll+0x310f86]
V  [jvm.dll+0x3608ee]
V  [jvm.dll+0x360b1f]
V  [jvm.dll+0x2dfbf8]
V  [jvm.dll+0x2ddec4]
V  [jvm.dll+0x2dd4cc]
V  [jvm.dll+0x321f3b]
V  [jvm.dll+0x848ccb]
V  [jvm.dll+0x849a04]
V  [jvm.dll+0x849f1d]
V  [jvm.dll+0x84a2f4]
V  [jvm.dll+0x84a3c0]
V  [jvm.dll+0x7f274a]
V  [jvm.dll+0x682ad5]
C  [ucrtbase.dll+0x29363]
C  [KERNEL32.DLL+0x1257d]
C  [ntdll.dll+0x5aa58]

VM_Operation (0x000000f2a2ef9770): G1CollectForAllocation, mode: safepoint, requested by thread 0x0000026b9a7011b0


---------------  P R O C E S S  ---------------

Threads class SMR info:
_java_thread_list=0x0000026b99968ec0, length=137, elements={
0x0000026bfa23aed0, 0x0000026bffc4d220, 0x0000026bffc489a0, 0x0000026bffc8e2b0,
0x0000026bffc8eb70, 0x0000026bffc8f430, 0x0000026bffc8fcf0, 0x0000026bffcb0a90,
0x0000026bffcb1390, 0x0000026bffcb1c90, 0x0000026bffe34070, 0x0000026bffe48230,
0x0000026bfff27140, 0x0000026b9535ee70, 0x0000026b9639a1f0, 0x0000026b97793510,
0x0000026b972f00a0, 0x0000026b95f43580, 0x0000026b972b9070, 0x0000026b96104830,
0x0000026b973097f0, 0x0000026b9575ae00, 0x0000026b95757440, 0x0000026b95758c50,
0x0000026b95759f90, 0x0000026b9575a460, 0x0000026b95757de0, 0x0000026b95758780,
0x0000026b95757910, 0x0000026b9575a930, 0x0000026b9a7ee6e0, 0x0000026b9a7f1700,
0x0000026b9a7f1bd0, 0x0000026b9a7f2f10, 0x0000026b9a7ec530, 0x0000026b9a7f38b0,
0x0000026b9a7f33e0, 0x0000026b9a7eca00, 0x0000026b9a7ed3a0, 0x0000026b9a7efef0,
0x0000026b9a7edd40, 0x0000026b9a7efa20, 0x0000026b9a7ed870, 0x0000026b9a7f1230,
0x0000026b9a7eebb0, 0x0000026b9a7f0890, 0x0000026b9b4d1a40, 0x0000026b9b4cd210,
0x0000026b9b4cfd60, 0x0000026b9b4cba00, 0x0000026b9b4cdbb0, 0x0000026b9b4ccd40,
0x0000026b9b4cc870, 0x0000026b9b4d0230, 0x0000026b9b4d1f10, 0x0000026b9b4d0700,
0x0000026b9b4d0bd0, 0x0000026b9b4cd6e0, 0x0000026b9b4d10a0, 0x0000026b9b4cbed0,
0x0000026b9b4cf890, 0x0000026b9b4d23e0, 0x0000026b9b4ce550, 0x0000026b9b4cf3c0,
0x0000026b9b4ce080, 0x0000026b9b4d1570, 0x0000026b9b4cea20, 0x0000026b9b4cb530,
0x0000026b9b4d28b0, 0x0000026b9b4cc3a0, 0x0000026b9b4ceef0, 0x0000026b9b4cb060,
0x0000026b9b2381c0, 0x0000026b9b238690, 0x0000026b9b23a840, 0x0000026b9b238b60,
0x0000026b9b23fa10, 0x0000026b9b23b1e0, 0x0000026b9b239030, 0x0000026b9b23ad10,
0x0000026b9b23e6d0, 0x0000026b9b23c050, 0x0000026b9b239500, 0x0000026b9b2399d0,
0x0000026b9b23a370, 0x0000026b9b23d390, 0x0000026b9b23dd30, 0x0000026b9b239ea0,
0x0000026b9b23b6b0, 0x0000026b9b23bb80, 0x0000026b9b23c520, 0x0000026b9b23c9f0,
0x0000026b9b23cec0, 0x0000026b9b23e200, 0x0000026b9b23eba0, 0x0000026b9b23d860,
0x0000026b9b23f070, 0x0000026b9b23f540, 0x0000026b97db0ed0, 0x0000026b97db3550,
0x0000026b97db3a20, 0x0000026b97db3080, 0x0000026b97db13a0, 0x0000026b97db2bb0,
0x0000026b97db0060, 0x0000026b97db1870, 0x0000026b97db2210, 0x0000026b97db1d40,
0x0000026b97db0530, 0x0000026b97db26e0, 0x0000026b97db0a00, 0x0000026b97d67060,
0x0000026b97d67a00, 0x0000026b97d6b3c0, 0x0000026b97d6da40, 0x0000026b97d69bb0,
0x0000026b97d6aa20, 0x0000026b97d6aef0, 0x0000026b97d6c230, 0x0000026b97d68870,
0x0000026b97d6d570, 0x0000026b97d683a0, 0x0000026b97d6b890, 0x0000026b97d6bd60,
0x0000026b97d6df10, 0x0000026b97d6cbd0, 0x0000026b97d68d40, 0x0000026b97d67530,
0x0000026b9a7011b0, 0x0000026b9a6feb30, 0x0000026b9a6fc980, 0x0000026b9a6ff9a0,
0x0000026b9a702020, 0x0000026b9a6fd7f0, 0x0000026b9a6fdcc0, 0x0000026b9a6fe190,
0x0000026b9a6fb170
}

Java Threads: ( => current thread )
  0x0000026bfa23aed0 JavaThread "main" [_thread_blocked, id=14916, stack(0x000000f299f00000,0x000000f29a000000)]
  0x0000026bffc4d220 JavaThread "Reference Handler" daemon [_thread_blocked, id=6424, stack(0x000000f29a600000,0x000000f29a700000)]
  0x0000026bffc489a0 JavaThread "Finalizer" daemon [_thread_blocked, id=6440, stack(0x000000f29a700000,0x000000f29a800000)]
  0x0000026bffc8e2b0 JavaThread "Signal Dispatcher" daemon [_thread_blocked, id=12336, stack(0x000000f29a800000,0x000000f29a900000)]
  0x0000026bffc8eb70 JavaThread "Attach Listener" daemon [_thread_blocked, id=16040, stack(0x000000f29a900000,0x000000f29aa00000)]
  0x0000026bffc8f430 JavaThread "Service Thread" daemon [_thread_blocked, id=21752, stack(0x000000f29aa00000,0x000000f29ab00000)]
  0x0000026bffc8fcf0 JavaThread "Monitor Deflation Thread" daemon [_thread_blocked, id=16820, stack(0x000000f29ab00000,0x000000f29ac00000)]
  0x0000026bffcb0a90 JavaThread "C2 CompilerThread0" daemon [_thread_in_native, id=10192, stack(0x000000f29ac00000,0x000000f29ad00000)]
  0x0000026bffcb1390 JavaThread "C1 CompilerThread0" daemon [_thread_blocked, id=13288, stack(0x000000f29ad00000,0x000000f29ae00000)]
  0x0000026bffcb1c90 JavaThread "Sweeper thread" daemon [_thread_blocked, id=10404, stack(0x000000f29ae00000,0x000000f29af00000)]
  0x0000026bffe34070 JavaThread "Common-Cleaner" daemon [_thread_blocked, id=19636, stack(0x000000f29af00000,0x000000f29b000000)]
  0x0000026bffe48230 JavaThread "Notification Thread" daemon [_thread_blocked, id=10232, stack(0x000000f29b000000,0x000000f29b100000)]
  0x0000026bfff27140 JavaThread "C2 CompilerThread1" daemon [_thread_blocked, id=1888, stack(0x000000f29b200000,0x000000f29b300000)]
  0x0000026b9535ee70 JavaThread "C2 CompilerThread2" daemon [_thread_in_native, id=19256, stack(0x000000f29b300000,0x000000f29b400000)]
  0x0000026b9639a1f0 JavaThread "Daemon health stats" [_thread_blocked, id=15992, stack(0x000000f29b900000,0x000000f29ba00000)]
  0x0000026b97793510 JavaThread "Incoming local TCP Connector on port 7633" [_thread_in_native, id=22024, stack(0x000000f29ba00000,0x000000f29bb00000)]
  0x0000026b972f00a0 JavaThread "Daemon periodic checks" [_thread_blocked, id=6660, stack(0x000000f29bb00000,0x000000f29bc00000)]
  0x0000026b95f43580 JavaThread "Daemon" [_thread_blocked, id=12056, stack(0x000000f29bc00000,0x000000f29bd00000)]
  0x0000026b972b9070 JavaThread "Handler for socket connection from /127.0.0.1:7633 to /127.0.0.1:7634" [_thread_in_native, id=21880, stack(0x000000f29bd00000,0x000000f29be00000)]
  0x0000026b96104830 JavaThread "Cancel handler" [_thread_blocked, id=9596, stack(0x000000f29be00000,0x000000f29bf00000)]
  0x0000026b973097f0 JavaThread "Daemon worker" [_thread_blocked, id=3152, stack(0x000000f29bf00000,0x000000f29c000000)]
  0x0000026b9575ae00 JavaThread "Asynchronous log dispatcher for DefaultDaemonConnection: socket connection from /127.0.0.1:7633 to /127.0.0.1:7634" [_thread_blocked, id=12408, stack(0x000000f29c000000,0x000000f29c100000)]
  0x0000026b95757440 JavaThread "Stdin handler" [_thread_blocked, id=3420, stack(0x000000f29c100000,0x000000f29c200000)]
  0x0000026b95758c50 JavaThread "Daemon client event forwarder" [_thread_blocked, id=16808, stack(0x000000f29c200000,0x000000f29c300000)]
  0x0000026b95759f90 JavaThread "Cache worker for journal cache (D:\dev\gradle\caches\journal-1)" [_thread_blocked, id=5116, stack(0x000000f29c600000,0x000000f29c700000)]
  0x0000026b9575a460 JavaThread "File lock request listener" [_thread_in_native, id=16780, stack(0x000000f29c700000,0x000000f29c800000)]
  0x0000026b95757de0 JavaThread "Cache worker for file hash cache (D:\dev\gradle\caches\8.0\fileHashes)" [_thread_blocked, id=2604, stack(0x000000f29c800000,0x000000f29c900000)]
  0x0000026b95758780 JavaThread "File watcher server" daemon [_thread_blocked, id=8724, stack(0x000000f29c900000,0x000000f29ca00000)]
  0x0000026b95757910 JavaThread "File watcher consumer" daemon [_thread_blocked, id=21452, stack(0x000000f29ca00000,0x000000f29cb00000)]
  0x0000026b9575a930 JavaThread "Cache worker for checksums cache (D:\AndroidStudioProjects\pinokoapp\.gradle\8.0\checksums)" [_thread_blocked, id=15752, stack(0x000000f29cb00000,0x000000f29cc00000)]
  0x0000026b9a7ee6e0 JavaThread "Cache worker for cache directory md-rule (D:\dev\gradle\caches\8.0\md-rule)" [_thread_blocked, id=13344, stack(0x000000f29cc00000,0x000000f29cd00000)]
  0x0000026b9a7f1700 JavaThread "Cache worker for file content cache (D:\dev\gradle\caches\8.0\fileContent)" [_thread_blocked, id=9720, stack(0x000000f29cd00000,0x000000f29ce00000)]
  0x0000026b9a7f1bd0 JavaThread "Cache worker for file hash cache (D:\AndroidStudioProjects\pinokoapp\.gradle\8.0\fileHashes)" [_thread_blocked, id=7036, stack(0x000000f29ce00000,0x000000f29cf00000)]
  0x0000026b9a7f2f10 JavaThread "Cache worker for cache directory md-supplier (D:\dev\gradle\caches\8.0\md-supplier)" [_thread_blocked, id=12672, stack(0x000000f29cf00000,0x000000f29d000000)]
  0x0000026b9a7ec530 JavaThread "Cache worker for execution history cache (D:\dev\gradle\caches\8.0\executionHistory)" [_thread_blocked, id=8024, stack(0x000000f29d000000,0x000000f29d100000)]
  0x0000026b9a7f38b0 JavaThread "jar transforms" [_thread_blocked, id=22252, stack(0x000000f29d100000,0x000000f29d200000)]
  0x0000026b9a7f33e0 JavaThread "jar transforms Thread 2" [_thread_blocked, id=9904, stack(0x000000f29d200000,0x000000f29d300000)]
  0x0000026b9a7eca00 JavaThread "Cache worker for kotlin-dsl (D:\dev\gradle\caches\8.0\kotlin-dsl)" [_thread_blocked, id=16528, stack(0x000000f29d300000,0x000000f29d400000)]
  0x0000026b9a7ed3a0 JavaThread "jar transforms Thread 3" [_thread_blocked, id=12696, stack(0x000000f29d400000,0x000000f29d500000)]
  0x0000026b9a7efef0 JavaThread "jar transforms Thread 4" [_thread_blocked, id=21884, stack(0x000000f29d500000,0x000000f29d600000)]
  0x0000026b9a7edd40 JavaThread "Cache worker for dependencies-accessors (D:\AndroidStudioProjects\pinokoapp\.gradle\8.0\dependencies-accessors)" [_thread_blocked, id=12988, stack(0x000000f29d600000,0x000000f29d700000)]
  0x0000026b9a7efa20 JavaThread "Cache worker for Build Output Cleanup Cache (D:\AndroidStudioProjects\pinokoapp\.gradle\buildOutputCleanup)" [_thread_blocked, id=21948, stack(0x000000f29d700000,0x000000f29d800000)]
  0x0000026b9a7ed870 JavaThread "jar transforms Thread 5" [_thread_blocked, id=15536, stack(0x000000f29d800000,0x000000f29d900000)]
  0x0000026b9a7f1230 JavaThread "Unconstrained build operations" [_thread_blocked, id=16732, stack(0x000000f29d900000,0x000000f29da00000)]
  0x0000026b9a7eebb0 JavaThread "Unconstrained build operations Thread 2" [_thread_blocked, id=8968, stack(0x000000f29da00000,0x000000f29db00000)]
  0x0000026b9a7f0890 JavaThread "Unconstrained build operations Thread 3" [_thread_blocked, id=16188, stack(0x000000f29db00000,0x000000f29dc00000)]
  0x0000026b9b4d1a40 JavaThread "Unconstrained build operations Thread 4" [_thread_blocked, id=15572, stack(0x000000f29dc00000,0x000000f29dd00000)]
  0x0000026b9b4cd210 JavaThread "Unconstrained build operations Thread 5" [_thread_blocked, id=1288, stack(0x000000f29dd00000,0x000000f29de00000)]
  0x0000026b9b4cfd60 JavaThread "Unconstrained build operations Thread 6" [_thread_blocked, id=9608, stack(0x000000f29de00000,0x000000f29df00000)]
  0x0000026b9b4cba00 JavaThread "Unconstrained build operations Thread 7" [_thread_blocked, id=15844, stack(0x000000f29df00000,0x000000f29e000000)]
  0x0000026b9b4cdbb0 JavaThread "Unconstrained build operations Thread 8" [_thread_blocked, id=12376, stack(0x000000f29e000000,0x000000f29e100000)]
  0x0000026b9b4ccd40 JavaThread "Unconstrained build operations Thread 9" [_thread_blocked, id=8852, stack(0x000000f29e100000,0x000000f29e200000)]
  0x0000026b9b4cc870 JavaThread "Unconstrained build operations Thread 10" [_thread_blocked, id=5616, stack(0x000000f29e200000,0x000000f29e300000)]
  0x0000026b9b4d0230 JavaThread "Unconstrained build operations Thread 11" [_thread_blocked, id=1704, stack(0x000000f29e300000,0x000000f29e400000)]
  0x0000026b9b4d1f10 JavaThread "Unconstrained build operations Thread 12" [_thread_blocked, id=19960, stack(0x000000f29e400000,0x000000f29e500000)]
  0x0000026b9b4d0700 JavaThread "Unconstrained build operations Thread 13" [_thread_blocked, id=20232, stack(0x000000f29e500000,0x000000f29e600000)]
  0x0000026b9b4d0bd0 JavaThread "Unconstrained build operations Thread 14" [_thread_blocked, id=13824, stack(0x000000f29e600000,0x000000f29e700000)]
  0x0000026b9b4cd6e0 JavaThread "Unconstrained build operations Thread 15" [_thread_blocked, id=5836, stack(0x000000f29e700000,0x000000f29e800000)]
  0x0000026b9b4d10a0 JavaThread "Unconstrained build operations Thread 16" [_thread_blocked, id=816, stack(0x000000f29e800000,0x000000f29e900000)]
  0x0000026b9b4cbed0 JavaThread "Unconstrained build operations Thread 17" [_thread_blocked, id=7100, stack(0x000000f29e900000,0x000000f29ea00000)]
  0x0000026b9b4cf890 JavaThread "Unconstrained build operations Thread 18" [_thread_blocked, id=14252, stack(0x000000f29ea00000,0x000000f29eb00000)]
  0x0000026b9b4d23e0 JavaThread "Unconstrained build operations Thread 19" [_thread_blocked, id=16856, stack(0x000000f29eb00000,0x000000f29ec00000)]
  0x0000026b9b4ce550 JavaThread "Unconstrained build operations Thread 20" [_thread_blocked, id=11348, stack(0x000000f29ec00000,0x000000f29ed00000)]
  0x0000026b9b4cf3c0 JavaThread "Unconstrained build operations Thread 21" [_thread_blocked, id=6988, stack(0x000000f29ed00000,0x000000f29ee00000)]
  0x0000026b9b4ce080 JavaThread "Unconstrained build operations Thread 22" [_thread_blocked, id=17864, stack(0x000000f29ee00000,0x000000f29ef00000)]
  0x0000026b9b4d1570 JavaThread "Unconstrained build operations Thread 23" [_thread_blocked, id=14188, stack(0x000000f29ef00000,0x000000f29f000000)]
  0x0000026b9b4cea20 JavaThread "Unconstrained build operations Thread 24" [_thread_blocked, id=1400, stack(0x000000f29f000000,0x000000f29f100000)]
  0x0000026b9b4cb530 JavaThread "Unconstrained build operations Thread 25" [_thread_blocked, id=13856, stack(0x000000f29f100000,0x000000f29f200000)]
  0x0000026b9b4d28b0 JavaThread "Unconstrained build operations Thread 26" [_thread_blocked, id=9572, stack(0x000000f29f200000,0x000000f29f300000)]
  0x0000026b9b4cc3a0 JavaThread "Unconstrained build operations Thread 27" [_thread_blocked, id=16904, stack(0x000000f29f300000,0x000000f29f400000)]
  0x0000026b9b4ceef0 JavaThread "Unconstrained build operations Thread 28" [_thread_blocked, id=5848, stack(0x000000f29f400000,0x000000f29f500000)]
  0x0000026b9b4cb060 JavaThread "Unconstrained build operations Thread 29" [_thread_blocked, id=6788, stack(0x000000f29f500000,0x000000f29f600000)]
  0x0000026b9b2381c0 JavaThread "Unconstrained build operations Thread 30" [_thread_blocked, id=17828, stack(0x000000f29f600000,0x000000f29f700000)]
  0x0000026b9b238690 JavaThread "Unconstrained build operations Thread 31" [_thread_blocked, id=12312, stack(0x000000f29f700000,0x000000f29f800000)]
  0x0000026b9b23a840 JavaThread "Unconstrained build operations Thread 32" [_thread_blocked, id=19472, stack(0x000000f29f800000,0x000000f29f900000)]
  0x0000026b9b238b60 JavaThread "Unconstrained build operations Thread 33" [_thread_blocked, id=21384, stack(0x000000f29f900000,0x000000f29fa00000)]
  0x0000026b9b23fa10 JavaThread "Unconstrained build operations Thread 34" [_thread_blocked, id=9860, stack(0x000000f29fa00000,0x000000f29fb00000)]
  0x0000026b9b23b1e0 JavaThread "Unconstrained build operations Thread 35" [_thread_blocked, id=22512, stack(0x000000f29fb00000,0x000000f29fc00000)]
  0x0000026b9b239030 JavaThread "Unconstrained build operations Thread 36" [_thread_blocked, id=22192, stack(0x000000f29fc00000,0x000000f29fd00000)]
  0x0000026b9b23ad10 JavaThread "Unconstrained build operations Thread 37" [_thread_blocked, id=10688, stack(0x000000f29fd00000,0x000000f29fe00000)]
  0x0000026b9b23e6d0 JavaThread "Unconstrained build operations Thread 38" [_thread_blocked, id=4112, stack(0x000000f29fe00000,0x000000f29ff00000)]
  0x0000026b9b23c050 JavaThread "Unconstrained build operations Thread 39" [_thread_blocked, id=5248, stack(0x000000f29ff00000,0x000000f2a0000000)]
  0x0000026b9b239500 JavaThread "Unconstrained build operations Thread 40" [_thread_blocked, id=284, stack(0x000000f2a0000000,0x000000f2a0100000)]
  0x0000026b9b2399d0 JavaThread "Unconstrained build operations Thread 41" [_thread_blocked, id=5612, stack(0x000000f2a0100000,0x000000f2a0200000)]
  0x0000026b9b23a370 JavaThread "Unconstrained build operations Thread 42" [_thread_blocked, id=8216, stack(0x000000f2a0200000,0x000000f2a0300000)]
  0x0000026b9b23d390 JavaThread "Unconstrained build operations Thread 43" [_thread_blocked, id=9652, stack(0x000000f2a0300000,0x000000f2a0400000)]
  0x0000026b9b23dd30 JavaThread "Unconstrained build operations Thread 44" [_thread_blocked, id=15760, stack(0x000000f2a0400000,0x000000f2a0500000)]
  0x0000026b9b239ea0 JavaThread "Unconstrained build operations Thread 45" [_thread_blocked, id=17284, stack(0x000000f2a0500000,0x000000f2a0600000)]
  0x0000026b9b23b6b0 JavaThread "Unconstrained build operations Thread 46" [_thread_blocked, id=10056, stack(0x000000f2a0600000,0x000000f2a0700000)]
  0x0000026b9b23bb80 JavaThread "Unconstrained build operations Thread 47" [_thread_blocked, id=20244, stack(0x000000f2a0700000,0x000000f2a0800000)]
  0x0000026b9b23c520 JavaThread "Unconstrained build operations Thread 48" [_thread_blocked, id=10964, stack(0x000000f2a0800000,0x000000f2a0900000)]
  0x0000026b9b23c9f0 JavaThread "Unconstrained build operations Thread 49" [_thread_blocked, id=7028, stack(0x000000f2a0900000,0x000000f2a0a00000)]
  0x0000026b9b23cec0 JavaThread "Unconstrained build operations Thread 50" [_thread_blocked, id=12648, stack(0x000000f2a0a00000,0x000000f2a0b00000)]
  0x0000026b9b23e200 JavaThread "Unconstrained build operations Thread 51" [_thread_blocked, id=6384, stack(0x000000f2a0b00000,0x000000f2a0c00000)]
  0x0000026b9b23eba0 JavaThread "Unconstrained build operations Thread 52" [_thread_blocked, id=13520, stack(0x000000f2a0c00000,0x000000f2a0d00000)]
  0x0000026b9b23d860 JavaThread "Unconstrained build operations Thread 53" [_thread_blocked, id=4916, stack(0x000000f2a0d00000,0x000000f2a0e00000)]
  0x0000026b9b23f070 JavaThread "Unconstrained build operations Thread 54" [_thread_blocked, id=20408, stack(0x000000f2a0e00000,0x000000f2a0f00000)]
  0x0000026b9b23f540 JavaThread "Unconstrained build operations Thread 55" [_thread_blocked, id=19544, stack(0x000000f2a0f00000,0x000000f2a1000000)]
  0x0000026b97db0ed0 JavaThread "Unconstrained build operations Thread 56" [_thread_blocked, id=14636, stack(0x000000f2a1000000,0x000000f2a1100000)]
  0x0000026b97db3550 JavaThread "Unconstrained build operations Thread 57" [_thread_blocked, id=20140, stack(0x000000f2a1100000,0x000000f2a1200000)]
  0x0000026b97db3a20 JavaThread "Unconstrained build operations Thread 58" [_thread_blocked, id=6008, stack(0x000000f2a1200000,0x000000f2a1300000)]
  0x0000026b97db3080 JavaThread "Unconstrained build operations Thread 59" [_thread_blocked, id=7604, stack(0x000000f2a1300000,0x000000f2a1400000)]
  0x0000026b97db13a0 JavaThread "Unconstrained build operations Thread 60" [_thread_blocked, id=19920, stack(0x000000f2a1400000,0x000000f2a1500000)]
  0x0000026b97db2bb0 JavaThread "Unconstrained build operations Thread 61" [_thread_blocked, id=8332, stack(0x000000f2a1500000,0x000000f2a1600000)]
  0x0000026b97db0060 JavaThread "Unconstrained build operations Thread 62" [_thread_blocked, id=19036, stack(0x000000f2a1600000,0x000000f2a1700000)]
  0x0000026b97db1870 JavaThread "Unconstrained build operations Thread 63" [_thread_blocked, id=22456, stack(0x000000f2a1700000,0x000000f2a1800000)]
  0x0000026b97db2210 JavaThread "Unconstrained build operations Thread 64" [_thread_blocked, id=21912, stack(0x000000f2a1800000,0x000000f2a1900000)]
  0x0000026b97db1d40 JavaThread "Unconstrained build operations Thread 65" [_thread_blocked, id=22132, stack(0x000000f2a1900000,0x000000f2a1a00000)]
  0x0000026b97db0530 JavaThread "Unconstrained build operations Thread 66" [_thread_blocked, id=17916, stack(0x000000f2a1a00000,0x000000f2a1b00000)]
  0x0000026b97db26e0 JavaThread "Unconstrained build operations Thread 67" [_thread_blocked, id=6156, stack(0x000000f2a1b00000,0x000000f2a1c00000)]
  0x0000026b97db0a00 JavaThread "Unconstrained build operations Thread 68" [_thread_blocked, id=21000, stack(0x000000f2a1c00000,0x000000f2a1d00000)]
  0x0000026b97d67060 JavaThread "Unconstrained build operations Thread 69" [_thread_blocked, id=3716, stack(0x000000f2a1d00000,0x000000f2a1e00000)]
  0x0000026b97d67a00 JavaThread "Unconstrained build operations Thread 70" [_thread_blocked, id=21980, stack(0x000000f2a1e00000,0x000000f2a1f00000)]
  0x0000026b97d6b3c0 JavaThread "Unconstrained build operations Thread 71" [_thread_blocked, id=17816, stack(0x000000f2a1f00000,0x000000f2a2000000)]
  0x0000026b97d6da40 JavaThread "Unconstrained build operations Thread 72" [_thread_blocked, id=18356, stack(0x000000f2a2000000,0x000000f2a2100000)]
  0x0000026b97d69bb0 JavaThread "Unconstrained build operations Thread 73" [_thread_blocked, id=6712, stack(0x000000f2a2100000,0x000000f2a2200000)]
  0x0000026b97d6aa20 JavaThread "Unconstrained build operations Thread 74" [_thread_blocked, id=22488, stack(0x000000f2a2200000,0x000000f2a2300000)]
  0x0000026b97d6aef0 JavaThread "Unconstrained build operations Thread 75" [_thread_blocked, id=12020, stack(0x000000f2a2300000,0x000000f2a2400000)]
  0x0000026b97d6c230 JavaThread "Unconstrained build operations Thread 76" [_thread_blocked, id=14244, stack(0x000000f2a2400000,0x000000f2a2500000)]
  0x0000026b97d68870 JavaThread "Unconstrained build operations Thread 77" [_thread_blocked, id=19624, stack(0x000000f2a2500000,0x000000f2a2600000)]
  0x0000026b97d6d570 JavaThread "Unconstrained build operations Thread 78" [_thread_blocked, id=14944, stack(0x000000f2a2600000,0x000000f2a2700000)]
  0x0000026b97d683a0 JavaThread "Unconstrained build operations Thread 79" [_thread_blocked, id=2328, stack(0x000000f2a2700000,0x000000f2a2800000)]
  0x0000026b97d6b890 JavaThread "Unconstrained build operations Thread 80" [_thread_blocked, id=7700, stack(0x000000f2a2800000,0x000000f2a2900000)]
  0x0000026b97d6bd60 JavaThread "jar transforms Thread 6" [_thread_blocked, id=10568, stack(0x000000f2a2900000,0x000000f2a2a00000)]
  0x0000026b97d6df10 JavaThread "jar transforms Thread 7" [_thread_blocked, id=6892, stack(0x000000f2a2a00000,0x000000f2a2b00000)]
  0x0000026b97d6cbd0 JavaThread "jar transforms Thread 8" [_thread_blocked, id=20624, stack(0x000000f2a2b00000,0x000000f2a2c00000)]
  0x0000026b97d68d40 JavaThread "build event listener" [_thread_blocked, id=20696, stack(0x000000f2a2c00000,0x000000f2a2d00000)]
  0x0000026b97d67530 JavaThread "Memory manager" [_thread_blocked, id=12836, stack(0x000000f2a2d00000,0x000000f2a2e00000)]
  0x0000026b9a7011b0 JavaThread "included builds" [_thread_blocked, id=18116, stack(0x000000f2a2e00000,0x000000f2a2f00000)]
  0x0000026b9a6feb30 JavaThread "Execution worker" [_thread_blocked, id=16204, stack(0x000000f2a2f00000,0x000000f2a3000000)]
  0x0000026b9a6fc980 JavaThread "Execution worker Thread 2" [_thread_blocked, id=4708, stack(0x000000f2a3000000,0x000000f2a3100000)]
  0x0000026b9a6ff9a0 JavaThread "Execution worker Thread 3" [_thread_blocked, id=22380, stack(0x000000f2a3100000,0x000000f2a3200000)]
  0x0000026b9a702020 JavaThread "Execution worker Thread 4" [_thread_blocked, id=19800, stack(0x000000f2a3200000,0x000000f2a3300000)]
  0x0000026b9a6fd7f0 JavaThread "Execution worker Thread 5" [_thread_blocked, id=6728, stack(0x000000f2a3300000,0x000000f2a3400000)]
  0x0000026b9a6fdcc0 JavaThread "Execution worker Thread 6" [_thread_blocked, id=120, stack(0x000000f2a3400000,0x000000f2a3500000)]
  0x0000026b9a6fe190 JavaThread "Execution worker Thread 7" [_thread_blocked, id=12884, stack(0x000000f2a3500000,0x000000f2a3600000)]
  0x0000026b9a6fb170 JavaThread "Cache worker for execution history cache (D:\AndroidStudioProjects\pinokoapp\.gradle\8.0\executionHistory)" [_thread_blocked, id=13032, stack(0x000000f2a3600000,0x000000f2a3700000)]

Other Threads:
=>0x0000026bff08f5f0 VMThread "VM Thread" [stack: 0x000000f29a500000,0x000000f29a600000] [id=19280]
  0x0000026bfa2c79d0 WatcherThread [stack: 0x000000f29b100000,0x000000f29b200000] [id=14512]
  0x0000026bfa298c70 GCTaskThread "GC Thread#0" [stack: 0x000000f29a000000,0x000000f29a100000] [id=10440]
  0x0000026b952b23e0 GCTaskThread "GC Thread#1" [stack: 0x000000f29b400000,0x000000f29b500000] [id=7068]
  0x0000026b952b2690 GCTaskThread "GC Thread#2" [stack: 0x000000f29b500000,0x000000f29b600000] [id=22364]
  0x0000026b952b2940 GCTaskThread "GC Thread#3" [stack: 0x000000f29b600000,0x000000f29b700000] [id=10160]
  0x0000026b955cec70 GCTaskThread "GC Thread#4" [stack: 0x000000f29b700000,0x000000f29b800000] [id=13316]
  0x0000026b955cef20 GCTaskThread "GC Thread#5" [stack: 0x000000f29b800000,0x000000f29b900000] [id=5476]
  0x0000026b97188920 GCTaskThread "GC Thread#6" [stack: 0x000000f29c300000,0x000000f29c400000] [id=15216]
  0x0000026b9721e4a0 GCTaskThread "GC Thread#7" [stack: 0x000000f29c400000,0x000000f29c500000] [id=19936]
  0x0000026bfa2a9ac0 ConcurrentGCThread "G1 Main Marker" [stack: 0x000000f29a100000,0x000000f29a200000] [id=8940]
  0x0000026bfa2aa3e0 ConcurrentGCThread "G1 Conc#0" [stack: 0x000000f29a200000,0x000000f29a300000] [id=22516]
  0x0000026b962b1020 ConcurrentGCThread "G1 Conc#1" [stack: 0x000000f29c500000,0x000000f29c600000] [id=17928]
  0x0000026bfa2fd910 ConcurrentGCThread "G1 Refine#0" [stack: 0x000000f29a300000,0x000000f29a400000] [id=7108]
  0x0000026bfa2fe240 ConcurrentGCThread "G1 Service" [stack: 0x000000f29a400000,0x000000f29a500000] [id=16612]

Threads with active compile tasks:
C2 CompilerThread0     8326 9843       4       com.sun.beans.TypeResolver::resolve (37 bytes)
C1 CompilerThread0     8326 10102       3       org.gradle.api.internal.artifacts.ivyservice.resolveengine.graph.builder.ModuleSelectors::getFirstDependencyArtifact (47 bytes)
C2 CompilerThread1     8326 10069       4       com.esotericsoftware.kryo.io.Input::readString (127 bytes)
C2 CompilerThread2     8326 9842       4       java.beans.Introspector::addMethod (196 bytes)

VM state: at safepoint (normal execution)

VM Mutex/Monitor currently owned by a thread:  ([mutex/lock_event])
[0x0000026bfa235b60] Threads_lock - owner thread: 0x0000026bff08f5f0
[0x0000026bfa236070] Heap_lock - owner thread: 0x0000026b9a7011b0

Heap address: 0x0000000080000000, size: 2048 MB, Compressed Oops mode: 32-bit

CDS archive(s) not mapped
Compressed class space mapped at: 0x0000000100000000-0x0000000140000000, reserved size: 1073741824
Narrow klass base: 0x0000000000000000, Narrow klass shift: 3, Narrow klass range: 0x140000000

GC Precious Log:
 CPUs: 8 total, 8 available
 Memory: 16179M
 Large Page Support: Disabled
 NUMA Support: Disabled
 Compressed Oops: Enabled (32-bit)
 Heap Region Size: 1M
 Heap Min Capacity: 8M
 Heap Initial Capacity: 254M
 Heap Max Capacity: 2G
 Pre-touch: Disabled
 Parallel Workers: 8
 Concurrent Workers: 2
 Concurrent Refinement Workers: 8
 Periodic GC: Disabled

Heap:
 garbage-first heap   total 260096K, used 91723K [0x0000000080000000, 0x0000000100000000)
  region size 1024K, 5 young (5120K), 5 survivors (5120K)
 Metaspace       used 94891K, committed 95552K, reserved 1138688K
  class space    used 12969K, committed 13312K, reserved 1048576K

Heap Regions: E=young(eden), S=young(survivor), O=old, HS=humongous(starts), HC=humongous(continues), CS=collection set, F=free, OA=open archive, CA=closed archive, TAMS=top-at-mark-start (previous, next)
|   0|0x0000000080000000, 0x0000000080100000, 0x0000000080100000|100%|HS|  |TAMS 0x0000000080100000, 0x0000000080000000| Complete 
|   1|0x0000000080100000, 0x0000000080200000, 0x0000000080200000|100%|HC|  |TAMS 0x0000000080200000, 0x0000000080100000| Complete 
|   2|0x0000000080200000, 0x0000000080300000, 0x0000000080300000|100%|HC|  |TAMS 0x0000000080300000, 0x0000000080200000| Complete 
|   3|0x0000000080300000, 0x0000000080400000, 0x0000000080400000|100%|HC|  |TAMS 0x0000000080400000, 0x0000000080300000| Complete 
|   4|0x0000000080400000, 0x0000000080500000, 0x0000000080500000|100%| O|  |TAMS 0x0000000080500000, 0x0000000080400000| Untracked 
|   5|0x0000000080500000, 0x0000000080600000, 0x0000000080600000|100%| O|  |TAMS 0x0000000080600000, 0x0000000080500000| Untracked 
|   6|0x0000000080600000, 0x0000000080700000, 0x0000000080700000|100%| O|  |TAMS 0x0000000080700000, 0x0000000080600000| Untracked 
|   7|0x0000000080700000, 0x0000000080800000, 0x0000000080800000|100%| O|  |TAMS 0x0000000080800000, 0x0000000080700000| Untracked 
|   8|0x0000000080800000, 0x0000000080900000, 0x0000000080900000|100%| O|  |TAMS 0x0000000080900000, 0x0000000080800000| Untracked 
|   9|0x0000000080900000, 0x0000000080a00000, 0x0000000080a00000|100%| O|  |TAMS 0x0000000080a00000, 0x0000000080900000| Untracked 
|  10|0x0000000080a00000, 0x0000000080b00000, 0x0000000080b00000|100%| O|  |TAMS 0x0000000080b00000, 0x0000000080a00000| Untracked 
|  11|0x0000000080b00000, 0x0000000080c00000, 0x0000000080c00000|100%| O|  |TAMS 0x0000000080c00000, 0x0000000080b00000| Untracked 
|  12|0x0000000080c00000, 0x0000000080d00000, 0x0000000080d00000|100%| O|  |TAMS 0x0000000080d00000, 0x0000000080c00000| Untracked 
|  13|0x0000000080d00000, 0x0000000080e00000, 0x0000000080e00000|100%| O|  |TAMS 0x0000000080e00000, 0x0000000080d00000| Untracked 
|  14|0x0000000080e00000, 0x0000000080f00000, 0x0000000080f00000|100%| O|  |TAMS 0x0000000080f00000, 0x0000000080e00000| Untracked 
|  15|0x0000000080f00000, 0x0000000081000000, 0x0000000081000000|100%| O|  |TAMS 0x0000000081000000, 0x0000000080f00000| Untracked 
|  16|0x0000000081000000, 0x0000000081100000, 0x0000000081100000|100%| O|  |TAMS 0x0000000081100000, 0x0000000081000000| Untracked 
|  17|0x0000000081100000, 0x0000000081200000, 0x0000000081200000|100%| O|  |TAMS 0x0000000081200000, 0x0000000081100000| Untracked 
|  18|0x0000000081200000, 0x0000000081300000, 0x0000000081300000|100%| O|  |TAMS 0x0000000081300000, 0x0000000081200000| Untracked 
|  19|0x0000000081300000, 0x0000000081400000, 0x0000000081400000|100%| O|  |TAMS 0x0000000081400000, 0x0000000081300000| Untracked 
|  20|0x0000000081400000, 0x0000000081500000, 0x0000000081500000|100%| O|  |TAMS 0x0000000081500000, 0x0000000081400000| Untracked 
|  21|0x0000000081500000, 0x0000000081600000, 0x0000000081600000|100%| O|  |TAMS 0x0000000081600000, 0x0000000081500000| Untracked 
|  22|0x0000000081600000, 0x0000000081700000, 0x0000000081700000|100%| O|  |TAMS 0x0000000081700000, 0x0000000081600000| Untracked 
|  23|0x0000000081700000, 0x0000000081800000, 0x0000000081800000|100%| O|  |TAMS 0x0000000081800000, 0x0000000081700000| Untracked 
|  24|0x0000000081800000, 0x0000000081900000, 0x0000000081900000|100%| O|  |TAMS 0x0000000081900000, 0x0000000081800000| Untracked 
|  25|0x0000000081900000, 0x0000000081a00000, 0x0000000081a00000|100%| O|  |TAMS 0x0000000081a00000, 0x0000000081900000| Untracked 
|  26|0x0000000081a00000, 0x0000000081b00000, 0x0000000081b00000|100%| O|  |TAMS 0x0000000081b00000, 0x0000000081a00000| Untracked 
|  27|0x0000000081b00000, 0x0000000081c00000, 0x0000000081c00000|100%| O|  |TAMS 0x0000000081c00000, 0x0000000081b00000| Untracked 
|  28|0x0000000081c00000, 0x0000000081d00000, 0x0000000081d00000|100%| O|  |TAMS 0x0000000081d00000, 0x0000000081c00000| Untracked 
|  29|0x0000000081d00000, 0x0000000081e00000, 0x0000000081e00000|100%| O|  |TAMS 0x0000000081e00000, 0x0000000081d00000| Untracked 
|  30|0x0000000081e00000, 0x0000000081f00000, 0x0000000081f00000|100%| O|  |TAMS 0x0000000081f00000, 0x0000000081e00000| Untracked 
|  31|0x0000000081f00000, 0x0000000082000000, 0x0000000082000000|100%|HS|  |TAMS 0x0000000082000000, 0x0000000081f00000| Complete 
|  32|0x0000000082000000, 0x0000000082100000, 0x0000000082100000|100%|HS|  |TAMS 0x0000000082100000, 0x0000000082000000| Complete 
|  33|0x0000000082100000, 0x0000000082200000, 0x0000000082200000|100%|HS|  |TAMS 0x0000000082200000, 0x0000000082100000| Complete 
|  34|0x0000000082200000, 0x0000000082300000, 0x0000000082300000|100%|HC|  |TAMS 0x0000000082300000, 0x0000000082200000| Complete 
|  35|0x0000000082300000, 0x0000000082400000, 0x0000000082400000|100%|HS|  |TAMS 0x0000000082400000, 0x0000000082300000| Complete 
|  36|0x0000000082400000, 0x0000000082500000, 0x0000000082500000|100%|HS|  |TAMS 0x0000000082500000, 0x0000000082400000| Complete 
|  37|0x0000000082500000, 0x0000000082600000, 0x0000000082600000|100%|HC|  |TAMS 0x0000000082600000, 0x0000000082500000| Complete 
|  38|0x0000000082600000, 0x0000000082700000, 0x0000000082700000|100%|HC|  |TAMS 0x0000000082700000, 0x0000000082600000| Complete 
|  39|0x0000000082700000, 0x0000000082800000, 0x0000000082800000|100%|HC|  |TAMS 0x0000000082800000, 0x0000000082700000| Complete 
|  40|0x0000000082800000, 0x0000000082900000, 0x0000000082900000|100%| O|  |TAMS 0x0000000082900000, 0x0000000082800000| Untracked 
|  41|0x0000000082900000, 0x0000000082a00000, 0x0000000082a00000|100%| O|  |TAMS 0x0000000082a00000, 0x0000000082900000| Untracked 
|  42|0x0000000082a00000, 0x0000000082b00000, 0x0000000082b00000|100%| O|  |TAMS 0x0000000082b00000, 0x0000000082a00000| Untracked 
|  43|0x0000000082b00000, 0x0000000082c00000, 0x0000000082c00000|100%| O|  |TAMS 0x0000000082b00000, 0x0000000082b00000| Untracked 
|  44|0x0000000082c00000, 0x0000000082d00000, 0x0000000082d00000|100%| O|  |TAMS 0x0000000082d00000, 0x0000000082c00000| Untracked 
|  45|0x0000000082d00000, 0x0000000082e00000, 0x0000000082e00000|100%| O|  |TAMS 0x0000000082e00000, 0x0000000082d00000| Untracked 
|  46|0x0000000082e00000, 0x0000000082f00000, 0x0000000082f00000|100%| O|  |TAMS 0x0000000082e00000, 0x0000000082e00000| Untracked 
|  47|0x0000000082f00000, 0x0000000083000000, 0x0000000083000000|100%| O|  |TAMS 0x0000000083000000, 0x0000000082f00000| Untracked 
|  48|0x0000000083000000, 0x0000000083100000, 0x0000000083100000|100%| O|  |TAMS 0x0000000083100000, 0x0000000083000000| Untracked 
|  49|0x0000000083100000, 0x0000000083200000, 0x0000000083200000|100%| O|  |TAMS 0x0000000083200000, 0x0000000083100000| Untracked 
|  50|0x0000000083200000, 0x0000000083300000, 0x0000000083300000|100%| O|  |TAMS 0x0000000083300000, 0x0000000083200000| Untracked 
|  51|0x0000000083300000, 0x0000000083400000, 0x0000000083400000|100%| O|  |TAMS 0x0000000083400000, 0x0000000083300000| Untracked 
|  52|0x0000000083400000, 0x0000000083500000, 0x0000000083500000|100%| O|  |TAMS 0x0000000083500000, 0x0000000083400000| Untracked 
|  53|0x0000000083500000, 0x0000000083600000, 0x0000000083600000|100%| O|  |TAMS 0x0000000083600000, 0x0000000083500000| Untracked 
|  54|0x0000000083600000, 0x0000000083700000, 0x0000000083700000|100%| O|  |TAMS 0x0000000083700000, 0x0000000083600000| Untracked 
|  55|0x0000000083700000, 0x0000000083800000, 0x0000000083800000|100%| O|  |TAMS 0x0000000083800000, 0x0000000083700000| Untracked 
|  56|0x0000000083800000, 0x0000000083900000, 0x0000000083900000|100%| O|  |TAMS 0x0000000083900000, 0x0000000083800000| Untracked 
|  57|0x0000000083900000, 0x0000000083a00000, 0x0000000083a00000|100%| O|  |TAMS 0x0000000083a00000, 0x0000000083900000| Untracked 
|  58|0x0000000083a00000, 0x0000000083b00000, 0x0000000083b00000|100%| O|  |TAMS 0x0000000083b00000, 0x0000000083a00000| Untracked 
|  59|0x0000000083b00000, 0x0000000083c00000, 0x0000000083c00000|100%| O|  |TAMS 0x0000000083c00000, 0x0000000083b00000| Untracked 
|  60|0x0000000083c00000, 0x0000000083d00000, 0x0000000083d00000|100%| O|  |TAMS 0x0000000083d00000, 0x0000000083c00000| Untracked 
|  61|0x0000000083d00000, 0x0000000083e00000, 0x0000000083e00000|100%| O|  |TAMS 0x0000000083e00000, 0x0000000083d00000| Untracked 
|  62|0x0000000083e00000, 0x0000000083f00000, 0x0000000083f00000|100%| O|  |TAMS 0x0000000083f00000, 0x0000000083e00000| Untracked 
|  63|0x0000000083f00000, 0x0000000084000000, 0x0000000084000000|100%| O|  |TAMS 0x0000000083f00000, 0x0000000083f00000| Untracked 
|  64|0x0000000084000000, 0x0000000084100000, 0x0000000084100000|100%| O|  |TAMS 0x0000000084100000, 0x0000000084000000| Untracked 
|  65|0x0000000084100000, 0x0000000084200000, 0x0000000084200000|100%| O|  |TAMS 0x0000000084200000, 0x0000000084100000| Untracked 
|  66|0x0000000084200000, 0x0000000084300000, 0x0000000084300000|100%| O|  |TAMS 0x0000000084300000, 0x0000000084200000| Untracked 
|  67|0x0000000084300000, 0x0000000084400000, 0x0000000084400000|100%| O|  |TAMS 0x0000000084400000, 0x0000000084300000| Untracked 
|  68|0x0000000084400000, 0x0000000084500000, 0x0000000084500000|100%| O|  |TAMS 0x0000000084500000, 0x0000000084400000| Untracked 
|  69|0x0000000084500000, 0x0000000084600000, 0x0000000084600000|100%| O|  |TAMS 0x0000000084600000, 0x0000000084500000| Untracked 
|  70|0x0000000084600000, 0x0000000084700000, 0x0000000084700000|100%| O|  |TAMS 0x00000000846b5000, 0x0000000084600000| Untracked 
|  71|0x0000000084700000, 0x0000000084800000, 0x0000000084800000|100%| O|  |TAMS 0x0000000084700000, 0x0000000084700000| Untracked 
|  72|0x0000000084800000, 0x0000000084900000, 0x0000000084900000|100%| O|  |TAMS 0x0000000084800000, 0x0000000084800000| Untracked 
|  73|0x0000000084900000, 0x0000000084a00000, 0x0000000084a00000|100%| O|  |TAMS 0x0000000084900000, 0x0000000084900000| Untracked 
|  74|0x0000000084a00000, 0x0000000084b00000, 0x0000000084b00000|100%| O|  |TAMS 0x0000000084a00000, 0x0000000084a00000| Untracked 
|  75|0x0000000084b00000, 0x0000000084c00000, 0x0000000084c00000|100%| O|  |TAMS 0x0000000084b00000, 0x0000000084b00000| Untracked 
|  76|0x0000000084c00000, 0x0000000084d00000, 0x0000000084d00000|100%| O|  |TAMS 0x0000000084c00000, 0x0000000084c00000| Untracked 
|  77|0x0000000084d00000, 0x0000000084e00000, 0x0000000084e00000|100%| O|  |TAMS 0x0000000084d00000, 0x0000000084d00000| Untracked 
|  78|0x0000000084e00000, 0x0000000084f00000, 0x0000000084f00000|100%| O|  |TAMS 0x0000000084e00000, 0x0000000084e00000| Untracked 
|  79|0x0000000084f00000, 0x0000000085000000, 0x0000000085000000|100%| O|  |TAMS 0x0000000084f00000, 0x0000000084f00000| Untracked 
|  80|0x0000000085000000, 0x0000000085100000, 0x0000000085100000|100%| O|  |TAMS 0x0000000085000000, 0x0000000085000000| Untracked 
|  81|0x0000000085100000, 0x0000000085200000, 0x0000000085200000|100%| O|  |TAMS 0x0000000085100000, 0x0000000085100000| Untracked 
|  82|0x0000000085200000, 0x0000000085300000, 0x0000000085300000|100%| O|  |TAMS 0x0000000085200000, 0x0000000085200000| Untracked 
|  83|0x0000000085300000, 0x0000000085400000, 0x0000000085400000|100%| O|  |TAMS 0x0000000085300000, 0x0000000085300000| Untracked 
|  84|0x0000000085400000, 0x0000000085492e00, 0x0000000085500000| 57%| O|  |TAMS 0x0000000085400000, 0x0000000085400000| Untracked 
|  85|0x0000000085500000, 0x0000000085500000, 0x0000000085600000|  0%| F|  |TAMS 0x0000000085500000, 0x0000000085500000| Untracked 
|  86|0x0000000085600000, 0x0000000085600000, 0x0000000085700000|  0%| F|  |TAMS 0x0000000085600000, 0x0000000085600000| Untracked 
|  87|0x0000000085700000, 0x0000000085700000, 0x0000000085800000|  0%| F|  |TAMS 0x0000000085700000, 0x0000000085700000| Untracked 
|  88|0x0000000085800000, 0x0000000085800000, 0x0000000085900000|  0%| F|  |TAMS 0x0000000085800000, 0x0000000085800000| Untracked 
|  89|0x0000000085900000, 0x0000000085900000, 0x0000000085a00000|  0%| F|  |TAMS 0x0000000085900000, 0x0000000085900000| Untracked 
|  90|0x0000000085a00000, 0x0000000085a00000, 0x0000000085b00000|  0%| F|  |TAMS 0x0000000085a00000, 0x0000000085a00000| Untracked 
|  91|0x0000000085b00000, 0x0000000085b00000, 0x0000000085c00000|  0%| F|  |TAMS 0x0000000085b00000, 0x0000000085b00000| Untracked 
|  92|0x0000000085c00000, 0x0000000085c00000, 0x0000000085d00000|  0%| F|  |TAMS 0x0000000085c00000, 0x0000000085c00000| Untracked 
|  93|0x0000000085d00000, 0x0000000085d00000, 0x0000000085e00000|  0%| F|  |TAMS 0x0000000085d00000, 0x0000000085d00000| Untracked 
|  94|0x0000000085e00000, 0x0000000085e00000, 0x0000000085f00000|  0%| F|  |TAMS 0x0000000085e00000, 0x0000000085e00000| Untracked 
|  95|0x0000000085f00000, 0x0000000085f00000, 0x0000000086000000|  0%| F|  |TAMS 0x0000000085f00000, 0x0000000085f00000| Untracked 
|  96|0x0000000086000000, 0x0000000086000000, 0x0000000086100000|  0%| F|  |TAMS 0x0000000086000000, 0x0000000086000000| Untracked 
|  97|0x0000000086100000, 0x0000000086100000, 0x0000000086200000|  0%| F|  |TAMS 0x0000000086100000, 0x0000000086100000| Untracked 
|  98|0x0000000086200000, 0x0000000086200000, 0x0000000086300000|  0%| F|  |TAMS 0x0000000086200000, 0x0000000086200000| Untracked 
|  99|0x0000000086300000, 0x0000000086300000, 0x0000000086400000|  0%| F|  |TAMS 0x0000000086300000, 0x0000000086300000| Untracked 
| 100|0x0000000086400000, 0x0000000086400000, 0x0000000086500000|  0%| F|  |TAMS 0x0000000086400000, 0x0000000086400000| Untracked 
| 101|0x0000000086500000, 0x0000000086500000, 0x0000000086600000|  0%| F|  |TAMS 0x0000000086500000, 0x0000000086500000| Untracked 
| 102|0x0000000086600000, 0x0000000086600000, 0x0000000086700000|  0%| F|  |TAMS 0x0000000086600000, 0x0000000086600000| Untracked 
| 103|0x0000000086700000, 0x0000000086700000, 0x0000000086800000|  0%| F|  |TAMS 0x0000000086700000, 0x0000000086700000| Untracked 
| 104|0x0000000086800000, 0x0000000086800000, 0x0000000086900000|  0%| F|  |TAMS 0x0000000086800000, 0x0000000086800000| Untracked 
| 105|0x0000000086900000, 0x0000000086900000, 0x0000000086a00000|  0%| F|  |TAMS 0x0000000086900000, 0x0000000086900000| Untracked 
| 106|0x0000000086a00000, 0x0000000086a00000, 0x0000000086b00000|  0%| F|  |TAMS 0x0000000086a00000, 0x0000000086a00000| Untracked 
| 107|0x0000000086b00000, 0x0000000086b00000, 0x0000000086c00000|  0%| F|  |TAMS 0x0000000086b00000, 0x0000000086b00000| Untracked 
| 108|0x0000000086c00000, 0x0000000086d00000, 0x0000000086d00000|100%| S|CS|TAMS 0x0000000086c00000, 0x0000000086c00000| Complete 
| 109|0x0000000086d00000, 0x0000000086e00000, 0x0000000086e00000|100%| S|CS|TAMS 0x0000000086d00000, 0x0000000086d00000| Complete 
| 110|0x0000000086e00000, 0x0000000086f00000, 0x0000000086f00000|100%| S|CS|TAMS 0x0000000086e00000, 0x0000000086e00000| Complete 
| 111|0x0000000086f00000, 0x0000000087000000, 0x0000000087000000|100%| S|CS|TAMS 0x0000000086f00000, 0x0000000086f00000| Complete 
| 112|0x0000000087000000, 0x0000000087100000, 0x0000000087100000|100%| S|CS|TAMS 0x0000000087000000, 0x0000000087000000| Complete 
| 113|0x0000000087100000, 0x0000000087100000, 0x0000000087200000|  0%| F|  |TAMS 0x0000000087100000, 0x0000000087100000| Untracked 
| 114|0x0000000087200000, 0x0000000087200000, 0x0000000087300000|  0%| F|  |TAMS 0x0000000087200000, 0x0000000087200000| Untracked 
| 115|0x0000000087300000, 0x0000000087300000, 0x0000000087400000|  0%| F|  |TAMS 0x0000000087300000, 0x0000000087300000| Untracked 
| 116|0x0000000087400000, 0x0000000087400000, 0x0000000087500000|  0%| F|  |TAMS 0x0000000087400000, 0x0000000087400000| Untracked 
| 117|0x0000000087500000, 0x0000000087500000, 0x0000000087600000|  0%| F|  |TAMS 0x0000000087500000, 0x0000000087500000| Untracked 
| 118|0x0000000087600000, 0x0000000087600000, 0x0000000087700000|  0%| F|  |TAMS 0x0000000087600000, 0x0000000087600000| Untracked 
| 119|0x0000000087700000, 0x0000000087700000, 0x0000000087800000|  0%| F|  |TAMS 0x0000000087700000, 0x0000000087700000| Untracked 
| 120|0x0000000087800000, 0x0000000087800000, 0x0000000087900000|  0%| F|  |TAMS 0x0000000087800000, 0x0000000087800000| Untracked 
| 121|0x0000000087900000, 0x0000000087900000, 0x0000000087a00000|  0%| F|  |TAMS 0x0000000087900000, 0x0000000087900000| Untracked 
| 122|0x0000000087a00000, 0x0000000087a00000, 0x0000000087b00000|  0%| F|  |TAMS 0x0000000087a00000, 0x0000000087a00000| Untracked 
| 123|0x0000000087b00000, 0x0000000087b00000, 0x0000000087c00000|  0%| F|  |TAMS 0x0000000087b00000, 0x0000000087b00000| Untracked 
| 124|0x0000000087c00000, 0x0000000087c00000, 0x0000000087d00000|  0%| F|  |TAMS 0x0000000087c00000, 0x0000000087c00000| Untracked 
| 125|0x0000000087d00000, 0x0000000087d00000, 0x0000000087e00000|  0%| F|  |TAMS 0x0000000087d00000, 0x0000000087d00000| Untracked 
| 126|0x0000000087e00000, 0x0000000087e00000, 0x0000000087f00000|  0%| F|  |TAMS 0x0000000087e00000, 0x0000000087e00000| Untracked 
| 127|0x0000000087f00000, 0x0000000087f00000, 0x0000000088000000|  0%| F|  |TAMS 0x0000000087f00000, 0x0000000087f00000| Untracked 
| 128|0x0000000088000000, 0x0000000088000000, 0x0000000088100000|  0%| F|  |TAMS 0x0000000088000000, 0x0000000088000000| Untracked 
| 129|0x0000000088100000, 0x0000000088100000, 0x0000000088200000|  0%| F|  |TAMS 0x0000000088100000, 0x0000000088100000| Untracked 
| 130|0x0000000088200000, 0x0000000088200000, 0x0000000088300000|  0%| F|  |TAMS 0x0000000088200000, 0x0000000088200000| Untracked 
| 131|0x0000000088300000, 0x0000000088300000, 0x0000000088400000|  0%| F|  |TAMS 0x0000000088300000, 0x0000000088300000| Untracked 
| 132|0x0000000088400000, 0x0000000088400000, 0x0000000088500000|  0%| F|  |TAMS 0x0000000088400000, 0x0000000088400000| Untracked 
| 133|0x0000000088500000, 0x0000000088500000, 0x0000000088600000|  0%| F|  |TAMS 0x0000000088500000, 0x0000000088500000| Untracked 
| 134|0x0000000088600000, 0x0000000088600000, 0x0000000088700000|  0%| F|  |TAMS 0x0000000088600000, 0x0000000088600000| Untracked 
| 135|0x0000000088700000, 0x0000000088700000, 0x0000000088800000|  0%| F|  |TAMS 0x0000000088700000, 0x0000000088700000| Untracked 
| 136|0x0000000088800000, 0x0000000088800000, 0x0000000088900000|  0%| F|  |TAMS 0x0000000088800000, 0x0000000088800000| Untracked 
| 137|0x0000000088900000, 0x0000000088900000, 0x0000000088a00000|  0%| F|  |TAMS 0x0000000088900000, 0x0000000088900000| Untracked 
| 138|0x0000000088a00000, 0x0000000088a00000, 0x0000000088b00000|  0%| F|  |TAMS 0x0000000088a00000, 0x0000000088a00000| Untracked 
| 139|0x0000000088b00000, 0x0000000088b00000, 0x0000000088c00000|  0%| F|  |TAMS 0x0000000088b00000, 0x0000000088b00000| Untracked 
| 140|0x0000000088c00000, 0x0000000088c00000, 0x0000000088d00000|  0%| F|  |TAMS 0x0000000088c00000, 0x0000000088c00000| Untracked 
| 141|0x0000000088d00000, 0x0000000088d00000, 0x0000000088e00000|  0%| F|  |TAMS 0x0000000088d00000, 0x0000000088d00000| Untracked 
| 142|0x0000000088e00000, 0x0000000088e00000, 0x0000000088f00000|  0%| F|  |TAMS 0x0000000088e00000, 0x0000000088e00000| Untracked 
| 143|0x0000000088f00000, 0x0000000088f00000, 0x0000000089000000|  0%| F|  |TAMS 0x0000000088f00000, 0x0000000088f00000| Untracked 
| 144|0x0000000089000000, 0x0000000089000000, 0x0000000089100000|  0%| F|  |TAMS 0x0000000089000000, 0x0000000089000000| Untracked 
| 145|0x0000000089100000, 0x0000000089100000, 0x0000000089200000|  0%| F|  |TAMS 0x0000000089100000, 0x0000000089100000| Untracked 
| 146|0x0000000089200000, 0x0000000089200000, 0x0000000089300000|  0%| F|  |TAMS 0x0000000089200000, 0x0000000089200000| Untracked 
| 147|0x0000000089300000, 0x0000000089300000, 0x0000000089400000|  0%| F|  |TAMS 0x0000000089300000, 0x0000000089300000| Untracked 
| 148|0x0000000089400000, 0x0000000089400000, 0x0000000089500000|  0%| F|  |TAMS 0x0000000089400000, 0x0000000089400000| Untracked 
| 149|0x0000000089500000, 0x0000000089500000, 0x0000000089600000|  0%| F|  |TAMS 0x0000000089500000, 0x0000000089500000| Untracked 
| 150|0x0000000089600000, 0x0000000089600000, 0x0000000089700000|  0%| F|  |TAMS 0x0000000089600000, 0x0000000089600000| Untracked 
| 151|0x0000000089700000, 0x0000000089700000, 0x0000000089800000|  0%| F|  |TAMS 0x0000000089700000, 0x0000000089700000| Untracked 
| 152|0x0000000089800000, 0x0000000089800000, 0x0000000089900000|  0%| F|  |TAMS 0x0000000089800000, 0x0000000089800000| Untracked 
| 153|0x0000000089900000, 0x0000000089900000, 0x0000000089a00000|  0%| F|  |TAMS 0x0000000089900000, 0x0000000089900000| Untracked 
| 154|0x0000000089a00000, 0x0000000089a00000, 0x0000000089b00000|  0%| F|  |TAMS 0x0000000089a00000, 0x0000000089a00000| Untracked 
| 155|0x0000000089b00000, 0x0000000089b00000, 0x0000000089c00000|  0%| F|  |TAMS 0x0000000089b00000, 0x0000000089b00000| Untracked 
| 156|0x0000000089c00000, 0x0000000089c00000, 0x0000000089d00000|  0%| F|  |TAMS 0x0000000089c00000, 0x0000000089c00000| Untracked 
| 157|0x0000000089d00000, 0x0000000089d00000, 0x0000000089e00000|  0%| F|  |TAMS 0x0000000089d00000, 0x0000000089d00000| Untracked 
| 158|0x0000000089e00000, 0x0000000089e00000, 0x0000000089f00000|  0%| F|  |TAMS 0x0000000089e00000, 0x0000000089e00000| Untracked 
| 159|0x0000000089f00000, 0x0000000089f00000, 0x000000008a000000|  0%| F|  |TAMS 0x0000000089f00000, 0x0000000089f00000| Untracked 
| 160|0x000000008a000000, 0x000000008a000000, 0x000000008a100000|  0%| F|  |TAMS 0x000000008a000000, 0x000000008a000000| Untracked 
| 161|0x000000008a100000, 0x000000008a100000, 0x000000008a200000|  0%| F|  |TAMS 0x000000008a100000, 0x000000008a100000| Untracked 
| 162|0x000000008a200000, 0x000000008a200000, 0x000000008a300000|  0%| F|  |TAMS 0x000000008a200000, 0x000000008a200000| Untracked 
| 163|0x000000008a300000, 0x000000008a300000, 0x000000008a400000|  0%| F|  |TAMS 0x000000008a300000, 0x000000008a300000| Untracked 
| 164|0x000000008a400000, 0x000000008a400000, 0x000000008a500000|  0%| F|  |TAMS 0x000000008a400000, 0x000000008a400000| Untracked 
| 165|0x000000008a500000, 0x000000008a500000, 0x000000008a600000|  0%| F|  |TAMS 0x000000008a500000, 0x000000008a500000| Untracked 
| 166|0x000000008a600000, 0x000000008a600000, 0x000000008a700000|  0%| F|  |TAMS 0x000000008a600000, 0x000000008a600000| Untracked 
| 167|0x000000008a700000, 0x000000008a700000, 0x000000008a800000|  0%| F|  |TAMS 0x000000008a700000, 0x000000008a700000| Untracked 
| 168|0x000000008a800000, 0x000000008a800000, 0x000000008a900000|  0%| F|  |TAMS 0x000000008a800000, 0x000000008a800000| Untracked 
| 169|0x000000008a900000, 0x000000008a900000, 0x000000008aa00000|  0%| F|  |TAMS 0x000000008a900000, 0x000000008a900000| Untracked 
| 170|0x000000008aa00000, 0x000000008aa00000, 0x000000008ab00000|  0%| F|  |TAMS 0x000000008aa00000, 0x000000008aa00000| Untracked 
| 171|0x000000008ab00000, 0x000000008ab00000, 0x000000008ac00000|  0%| F|  |TAMS 0x000000008ab00000, 0x000000008ab00000| Untracked 
| 172|0x000000008ac00000, 0x000000008ac00000, 0x000000008ad00000|  0%| F|  |TAMS 0x000000008ac00000, 0x000000008ac00000| Untracked 
| 173|0x000000008ad00000, 0x000000008ad00000, 0x000000008ae00000|  0%| F|  |TAMS 0x000000008ad00000, 0x000000008ad00000| Untracked 
| 174|0x000000008ae00000, 0x000000008ae00000, 0x000000008af00000|  0%| F|  |TAMS 0x000000008ae00000, 0x000000008ae00000| Untracked 
| 175|0x000000008af00000, 0x000000008af00000, 0x000000008b000000|  0%| F|  |TAMS 0x000000008af00000, 0x000000008af00000| Untracked 
| 176|0x000000008b000000, 0x000000008b000000, 0x000000008b100000|  0%| F|  |TAMS 0x000000008b000000, 0x000000008b000000| Untracked 
| 177|0x000000008b100000, 0x000000008b100000, 0x000000008b200000|  0%| F|  |TAMS 0x000000008b100000, 0x000000008b100000| Untracked 
| 178|0x000000008b200000, 0x000000008b200000, 0x000000008b300000|  0%| F|  |TAMS 0x000000008b200000, 0x000000008b200000| Untracked 
| 179|0x000000008b300000, 0x000000008b300000, 0x000000008b400000|  0%| F|  |TAMS 0x000000008b300000, 0x000000008b300000| Untracked 
| 180|0x000000008b400000, 0x000000008b400000, 0x000000008b500000|  0%| F|  |TAMS 0x000000008b400000, 0x000000008b400000| Untracked 
| 181|0x000000008b500000, 0x000000008b500000, 0x000000008b600000|  0%| F|  |TAMS 0x000000008b500000, 0x000000008b500000| Untracked 
| 182|0x000000008b600000, 0x000000008b600000, 0x000000008b700000|  0%| F|  |TAMS 0x000000008b600000, 0x000000008b600000| Untracked 
| 183|0x000000008b700000, 0x000000008b700000, 0x000000008b800000|  0%| F|  |TAMS 0x000000008b700000, 0x000000008b700000| Untracked 
| 184|0x000000008b800000, 0x000000008b800000, 0x000000008b900000|  0%| F|  |TAMS 0x000000008b800000, 0x000000008b800000| Untracked 
| 185|0x000000008b900000, 0x000000008b900000, 0x000000008ba00000|  0%| F|  |TAMS 0x000000008b900000, 0x000000008b900000| Untracked 
| 186|0x000000008ba00000, 0x000000008ba00000, 0x000000008bb00000|  0%| F|  |TAMS 0x000000008ba00000, 0x000000008ba00000| Untracked 
| 187|0x000000008bb00000, 0x000000008bb00000, 0x000000008bc00000|  0%| F|  |TAMS 0x000000008bb00000, 0x000000008bb00000| Untracked 
| 188|0x000000008bc00000, 0x000000008bc00000, 0x000000008bd00000|  0%| F|  |TAMS 0x000000008bc00000, 0x000000008bc00000| Untracked 
| 189|0x000000008bd00000, 0x000000008bd00000, 0x000000008be00000|  0%| F|  |TAMS 0x000000008bd00000, 0x000000008bd00000| Untracked 
| 190|0x000000008be00000, 0x000000008be00000, 0x000000008bf00000|  0%| F|  |TAMS 0x000000008be00000, 0x000000008be00000| Untracked 
| 191|0x000000008bf00000, 0x000000008bf00000, 0x000000008c000000|  0%| F|  |TAMS 0x000000008bf00000, 0x000000008bf00000| Untracked 
| 192|0x000000008c000000, 0x000000008c000000, 0x000000008c100000|  0%| F|  |TAMS 0x000000008c000000, 0x000000008c000000| Untracked 
| 193|0x000000008c100000, 0x000000008c100000, 0x000000008c200000|  0%| F|  |TAMS 0x000000008c100000, 0x000000008c100000| Untracked 
| 194|0x000000008c200000, 0x000000008c200000, 0x000000008c300000|  0%| F|  |TAMS 0x000000008c200000, 0x000000008c200000| Untracked 
| 195|0x000000008c300000, 0x000000008c300000, 0x000000008c400000|  0%| F|  |TAMS 0x000000008c300000, 0x000000008c300000| Untracked 
| 196|0x000000008c400000, 0x000000008c400000, 0x000000008c500000|  0%| F|  |TAMS 0x000000008c400000, 0x000000008c400000| Untracked 
| 197|0x000000008c500000, 0x000000008c500000, 0x000000008c600000|  0%| F|  |TAMS 0x000000008c500000, 0x000000008c500000| Untracked 
| 198|0x000000008c600000, 0x000000008c600000, 0x000000008c700000|  0%| F|  |TAMS 0x000000008c600000, 0x000000008c600000| Untracked 
| 199|0x000000008c700000, 0x000000008c700000, 0x000000008c800000|  0%| F|  |TAMS 0x000000008c700000, 0x000000008c700000| Untracked 
| 200|0x000000008c800000, 0x000000008c800000, 0x000000008c900000|  0%| F|  |TAMS 0x000000008c800000, 0x000000008c800000| Untracked 
| 201|0x000000008c900000, 0x000000008c900000, 0x000000008ca00000|  0%| F|  |TAMS 0x000000008c900000, 0x000000008c900000| Untracked 
| 202|0x000000008ca00000, 0x000000008ca00000, 0x000000008cb00000|  0%| F|  |TAMS 0x000000008ca00000, 0x000000008ca00000| Untracked 
| 203|0x000000008cb00000, 0x000000008cb00000, 0x000000008cc00000|  0%| F|  |TAMS 0x000000008cb00000, 0x000000008cb00000| Untracked 
| 204|0x000000008cc00000, 0x000000008cc00000, 0x000000008cd00000|  0%| F|  |TAMS 0x000000008cc00000, 0x000000008cc00000| Untracked 
| 205|0x000000008cd00000, 0x000000008cd00000, 0x000000008ce00000|  0%| F|  |TAMS 0x000000008cd00000, 0x000000008cd00000| Untracked 
| 206|0x000000008ce00000, 0x000000008ce00000, 0x000000008cf00000|  0%| F|  |TAMS 0x000000008ce00000, 0x000000008ce00000| Untracked 
| 207|0x000000008cf00000, 0x000000008cf00000, 0x000000008d000000|  0%| F|  |TAMS 0x000000008cf00000, 0x000000008cf00000| Untracked 
| 208|0x000000008d000000, 0x000000008d000000, 0x000000008d100000|  0%| F|  |TAMS 0x000000008d000000, 0x000000008d000000| Untracked 
| 209|0x000000008d100000, 0x000000008d100000, 0x000000008d200000|  0%| F|  |TAMS 0x000000008d100000, 0x000000008d100000| Untracked 
| 210|0x000000008d200000, 0x000000008d200000, 0x000000008d300000|  0%| F|  |TAMS 0x000000008d200000, 0x000000008d200000| Untracked 
| 211|0x000000008d300000, 0x000000008d300000, 0x000000008d400000|  0%| F|  |TAMS 0x000000008d300000, 0x000000008d300000| Untracked 
| 212|0x000000008d400000, 0x000000008d400000, 0x000000008d500000|  0%| F|  |TAMS 0x000000008d400000, 0x000000008d400000| Untracked 
| 213|0x000000008d500000, 0x000000008d500000, 0x000000008d600000|  0%| F|  |TAMS 0x000000008d500000, 0x000000008d500000| Untracked 
| 214|0x000000008d600000, 0x000000008d600000, 0x000000008d700000|  0%| F|  |TAMS 0x000000008d600000, 0x000000008d600000| Untracked 
| 215|0x000000008d700000, 0x000000008d700000, 0x000000008d800000|  0%| F|  |TAMS 0x000000008d700000, 0x000000008d700000| Untracked 
| 216|0x000000008d800000, 0x000000008d800000, 0x000000008d900000|  0%| F|  |TAMS 0x000000008d800000, 0x000000008d800000| Untracked 
| 217|0x000000008d900000, 0x000000008d900000, 0x000000008da00000|  0%| F|  |TAMS 0x000000008d900000, 0x000000008d900000| Untracked 
| 218|0x000000008da00000, 0x000000008da00000, 0x000000008db00000|  0%| F|  |TAMS 0x000000008da00000, 0x000000008da00000| Untracked 
| 219|0x000000008db00000, 0x000000008db00000, 0x000000008dc00000|  0%| F|  |TAMS 0x000000008db00000, 0x000000008db00000| Untracked 
| 220|0x000000008dc00000, 0x000000008dc00000, 0x000000008dd00000|  0%| F|  |TAMS 0x000000008dc00000, 0x000000008dc00000| Untracked 
| 221|0x000000008dd00000, 0x000000008dd00000, 0x000000008de00000|  0%| F|  |TAMS 0x000000008dd00000, 0x000000008dd00000| Untracked 
| 222|0x000000008de00000, 0x000000008de00000, 0x000000008df00000|  0%| F|  |TAMS 0x000000008de00000, 0x000000008de00000| Untracked 
| 223|0x000000008df00000, 0x000000008df00000, 0x000000008e000000|  0%| F|  |TAMS 0x000000008df00000, 0x000000008df00000| Untracked 
| 224|0x000000008e000000, 0x000000008e000000, 0x000000008e100000|  0%| F|  |TAMS 0x000000008e000000, 0x000000008e000000| Untracked 
| 225|0x000000008e100000, 0x000000008e100000, 0x000000008e200000|  0%| F|  |TAMS 0x000000008e100000, 0x000000008e100000| Untracked 
| 226|0x000000008e200000, 0x000000008e200000, 0x000000008e300000|  0%| F|  |TAMS 0x000000008e200000, 0x000000008e200000| Untracked 
| 227|0x000000008e300000, 0x000000008e300000, 0x000000008e400000|  0%| F|  |TAMS 0x000000008e300000, 0x000000008e300000| Untracked 
| 228|0x000000008e400000, 0x000000008e400000, 0x000000008e500000|  0%| F|  |TAMS 0x000000008e400000, 0x000000008e400000| Untracked 
| 229|0x000000008e500000, 0x000000008e500000, 0x000000008e600000|  0%| F|  |TAMS 0x000000008e500000, 0x000000008e500000| Untracked 
| 230|0x000000008e600000, 0x000000008e600000, 0x000000008e700000|  0%| F|  |TAMS 0x000000008e600000, 0x000000008e600000| Untracked 
| 231|0x000000008e700000, 0x000000008e700000, 0x000000008e800000|  0%| F|  |TAMS 0x000000008e700000, 0x000000008e700000| Untracked 
| 232|0x000000008e800000, 0x000000008e800000, 0x000000008e900000|  0%| F|  |TAMS 0x000000008e800000, 0x000000008e800000| Untracked 
| 233|0x000000008e900000, 0x000000008e900000, 0x000000008ea00000|  0%| F|  |TAMS 0x000000008e900000, 0x000000008e900000| Untracked 
| 234|0x000000008ea00000, 0x000000008ea00000, 0x000000008eb00000|  0%| F|  |TAMS 0x000000008ea00000, 0x000000008ea00000| Untracked 
| 235|0x000000008eb00000, 0x000000008eb00000, 0x000000008ec00000|  0%| F|  |TAMS 0x000000008eb00000, 0x000000008eb00000| Untracked 
| 236|0x000000008ec00000, 0x000000008ec00000, 0x000000008ed00000|  0%| F|  |TAMS 0x000000008ec00000, 0x000000008ec00000| Untracked 
| 237|0x000000008ed00000, 0x000000008ed00000, 0x000000008ee00000|  0%| F|  |TAMS 0x000000008ed00000, 0x000000008ed00000| Untracked 
| 238|0x000000008ee00000, 0x000000008ee00000, 0x000000008ef00000|  0%| F|  |TAMS 0x000000008ee00000, 0x000000008ee00000| Untracked 
| 239|0x000000008ef00000, 0x000000008ef00000, 0x000000008f000000|  0%| F|  |TAMS 0x000000008ef00000, 0x000000008ef00000| Untracked 
| 240|0x000000008f000000, 0x000000008f000000, 0x000000008f100000|  0%| F|  |TAMS 0x000000008f000000, 0x000000008f000000| Untracked 
| 241|0x000000008f100000, 0x000000008f100000, 0x000000008f200000|  0%| F|  |TAMS 0x000000008f100000, 0x000000008f100000| Untracked 
| 242|0x000000008f200000, 0x000000008f200000, 0x000000008f300000|  0%| F|  |TAMS 0x000000008f200000, 0x000000008f200000| Untracked 
| 243|0x000000008f300000, 0x000000008f300000, 0x000000008f400000|  0%| F|  |TAMS 0x000000008f300000, 0x000000008f300000| Untracked 
| 244|0x000000008f400000, 0x000000008f400000, 0x000000008f500000|  0%| F|  |TAMS 0x000000008f400000, 0x000000008f400000| Untracked 
| 245|0x000000008f500000, 0x000000008f500000, 0x000000008f600000|  0%| F|  |TAMS 0x000000008f500000, 0x000000008f500000| Untracked 
| 246|0x000000008f600000, 0x000000008f600000, 0x000000008f700000|  0%| F|  |TAMS 0x000000008f600000, 0x000000008f600000| Untracked 
| 247|0x000000008f700000, 0x000000008f700000, 0x000000008f800000|  0%| F|  |TAMS 0x000000008f700000, 0x000000008f700000| Untracked 
| 248|0x000000008f800000, 0x000000008f800000, 0x000000008f900000|  0%| F|  |TAMS 0x000000008f800000, 0x000000008f800000| Untracked 
| 249|0x000000008f900000, 0x000000008f900000, 0x000000008fa00000|  0%| F|  |TAMS 0x000000008f900000, 0x000000008f900000| Untracked 
| 250|0x000000008fa00000, 0x000000008fa00000, 0x000000008fb00000|  0%| F|  |TAMS 0x000000008fa00000, 0x000000008fa00000| Untracked 
| 251|0x000000008fb00000, 0x000000008fb00000, 0x000000008fc00000|  0%| F|  |TAMS 0x000000008fb00000, 0x000000008fb00000| Untracked 
| 252|0x000000008fc00000, 0x000000008fc00000, 0x000000008fd00000|  0%| F|  |TAMS 0x000000008fc00000, 0x000000008fc00000| Untracked 
| 253|0x000000008fd00000, 0x000000008fd00000, 0x000000008fe00000|  0%| F|  |TAMS 0x000000008fd00000, 0x000000008fd00000| Untracked 

Card table byte_map: [0x0000026bfde30000,0x0000026bfe230000] _byte_map_base: 0x0000026bfda30000

Marking Bits (Prev, Next): (CMBitMap*) 0x0000026bfa2991d0, (CMBitMap*) 0x0000026bfa299190
 Prev Bits: [0x0000026b91000000, 0x0000026b93000000)
 Next Bits: [0x0000026b8f000000, 0x0000026b91000000)

Polling page: 0x0000026bf9a00000

Metaspace:

Usage:
  Non-class:     80.00 MB used.
      Class:     12.67 MB used.
       Both:     92.67 MB used.

Virtual space:
  Non-class space:       88.00 MB reserved,      80.31 MB ( 91%) committed,  11 nodes.
      Class space:        1.00 GB reserved,      13.00 MB (  1%) committed,  1 nodes.
             Both:        1.09 GB reserved,      93.31 MB (  8%) committed. 

Chunk freelists:
   Non-Class:  3.00 MB
       Class:  3.00 MB
        Both:  6.00 MB

MaxMetaspaceSize: unlimited
CompressedClassSpaceSize: 1.00 GB
Initial GC threshold: 21.00 MB
Current GC threshold: 137.44 MB
CDS: off
MetaspaceReclaimPolicy: balanced
 - commit_granule_bytes: 65536.
 - commit_granule_words: 8192.
 - virtual_space_node_default_size: 1048576.
 - enlarge_chunks_in_place: 1.
 - new_chunks_are_fully_committed: 0.
 - uncommit_free_chunks: 1.
 - use_allocation_guard: 0.
 - handle_deallocations: 1.


Internal statistics:

num_allocs_failed_limit: 9.
num_arena_births: 966.
num_arena_deaths: 0.
num_vsnodes_births: 12.
num_vsnodes_deaths: 0.
num_space_committed: 1493.
num_space_uncommitted: 0.
num_chunks_returned_to_freelist: 9.
num_chunks_taken_from_freelist: 4397.
num_chunk_merges: 9.
num_chunk_splits: 2946.
num_chunks_enlarged: 2021.
num_purges: 0.
num_inconsistent_stats: 0.

CodeHeap 'non-profiled nmethods': size=120000Kb used=5195Kb max_used=5551Kb free=114805Kb
 bounds [0x0000026b87ad0000, 0x0000026b88040000, 0x0000026b8f000000]
CodeHeap 'profiled nmethods': size=120000Kb used=16275Kb max_used=17226Kb free=103724Kb
 bounds [0x0000026b80000000, 0x0000026b810e0000, 0x0000026b87530000]
CodeHeap 'non-nmethods': size=5760Kb used=2404Kb max_used=2466Kb free=3355Kb
 bounds [0x0000026b87530000, 0x0000026b877b0000, 0x0000026b87ad0000]
 total_blobs=9486 nmethods=8562 adapters=836
 compilation: enabled
              stopped_count=0, restarted_count=0
 full_count=0

Compilation events (20 events):
Event: 8.303 Thread 0x0000026bffcb1390 nmethod 10092 0x0000026b8027e610 code [0x0000026b8027e7e0, 0x0000026b8027ecb8]
Event: 8.303 Thread 0x0000026bffcb1390 10093       3       java.io.FileInputStream::<init> (107 bytes)
Event: 8.303 Thread 0x0000026bfff27140 nmethod 9846 0x0000026b87dbb090 code [0x0000026b87dbb2a0, 0x0000026b87dbc780]
Event: 8.303 Thread 0x0000026bfff27140 10069       4       com.esotericsoftware.kryo.io.Input::readString (127 bytes)
Event: 8.303 Thread 0x0000026bffcb1390 nmethod 10093 0x0000026b802c6510 code [0x0000026b802c6780, 0x0000026b802c7208]
Event: 8.303 Thread 0x0000026bffcb1390 10094       3       java.io.FileInputStream::open (6 bytes)
Event: 8.303 Thread 0x0000026bffcb1390 nmethod 10094 0x0000026b80721a10 code [0x0000026b80721ba0, 0x0000026b80721ce8]
Event: 8.303 Thread 0x0000026bffcb1390 10095       3       java.io.FileInputStream$1::<init> (10 bytes)
Event: 8.303 Thread 0x0000026bffcb1390 nmethod 10095 0x0000026b80af6710 code [0x0000026b80af68a0, 0x0000026b80af6a78]
Event: 8.303 Thread 0x0000026bffcb1390 10100   !   3       org.gradle.api.internal.artifacts.ivyservice.resolveengine.graph.builder.NodeState::visitDependencies (192 bytes)
Event: 8.305 Thread 0x0000026bffcb1390 nmethod 10100 0x0000026b80090990 code [0x0000026b80090d60, 0x0000026b80092bb8]
Event: 8.305 Thread 0x0000026bffcb1390 10099       1       org.gradle.api.internal.artifacts.ivyservice.resolveengine.graph.builder.NodeState::getComponent (5 bytes)
Event: 8.305 Thread 0x0000026bffcb1390 nmethod 10099 0x0000026b87e2b790 code [0x0000026b87e2b920, 0x0000026b87e2b9f8]
Event: 8.305 Thread 0x0000026bffcb1390 10096       3       org.gradle.api.internal.artifacts.ivyservice.modulecache.PersistentModuleMetadataCache$$Lambda$662/0x00000001006f31a8::create (16 bytes)
Event: 8.305 Thread 0x0000026bffcb1390 nmethod 10096 0x0000026b80bd2990 code [0x0000026b80bd2b40, 0x0000026b80bd2c88]
Event: 8.305 Thread 0x0000026bffcb1390 10097       3       org.gradle.api.internal.artifacts.ivyservice.modulecache.PersistentModuleMetadataCache::lambda$get$0 (81 bytes)
Event: 8.305 Thread 0x0000026bffcb1390 nmethod 10097 0x0000026b80554590 code [0x0000026b805547e0, 0x0000026b80555338]
Event: 8.305 Thread 0x0000026bffcb1390 10098       3       org.gradle.api.internal.artifacts.ivyservice.modulecache.ModuleMetadataCacheEntrySerializer::read (6 bytes)
Event: 8.305 Thread 0x0000026bffcb1390 nmethod 10098 0x0000026b80776210 code [0x0000026b807763c0, 0x0000026b80776508]
Event: 8.305 Thread 0x0000026bffcb1390 10102       3       org.gradle.api.internal.artifacts.ivyservice.resolveengine.graph.builder.ModuleSelectors::getFirstDependencyArtifact (47 bytes)

GC Heap History (20 events):
Event: 5.494 GC heap after
{Heap after GC invocations=22 (full 0):
 garbage-first heap   total 117760K, used 62920K [0x0000000080000000, 0x0000000100000000)
  region size 1024K, 3 young (3072K), 3 survivors (3072K)
 Metaspace       used 69692K, committed 70272K, reserved 1114112K
  class space    used 9246K, committed 9536K, reserved 1048576K
}
Event: 5.802 GC heap before
{Heap before GC invocations=23 (full 0):
 garbage-first heap   total 117760K, used 94664K [0x0000000080000000, 0x0000000100000000)
  region size 1024K, 34 young (34816K), 3 survivors (3072K)
 Metaspace       used 73505K, committed 74112K, reserved 1114112K
  class space    used 9752K, committed 10048K, reserved 1048576K
}
Event: 5.806 GC heap after
{Heap after GC invocations=24 (full 0):
 garbage-first heap   total 117760K, used 64539K [0x0000000080000000, 0x0000000100000000)
  region size 1024K, 5 young (5120K), 5 survivors (5120K)
 Metaspace       used 73505K, committed 74112K, reserved 1114112K
  class space    used 9752K, committed 10048K, reserved 1048576K
}
Event: 6.024 GC heap before
{Heap before GC invocations=24 (full 0):
 garbage-first heap   total 117760K, used 95259K [0x0000000080000000, 0x0000000100000000)
  region size 1024K, 35 young (35840K), 5 survivors (5120K)
 Metaspace       used 75684K, committed 76288K, reserved 1122304K
  class space    used 10024K, committed 10304K, reserved 1048576K
}
Event: 6.029 GC heap after
{Heap after GC invocations=25 (full 0):
 garbage-first heap   total 117760K, used 68977K [0x0000000080000000, 0x0000000100000000)
  region size 1024K, 5 young (5120K), 5 survivors (5120K)
 Metaspace       used 75684K, committed 76288K, reserved 1122304K
  class space    used 10024K, committed 10304K, reserved 1048576K
}
Event: 6.266 GC heap before
{Heap before GC invocations=26 (full 0):
 garbage-first heap   total 124928K, used 95601K [0x0000000080000000, 0x0000000100000000)
  region size 1024K, 31 young (31744K), 5 survivors (5120K)
 Metaspace       used 77717K, committed 78336K, reserved 1122304K
  class space    used 10309K, committed 10560K, reserved 1048576K
}
Event: 6.270 GC heap after
{Heap after GC invocations=27 (full 0):
 garbage-first heap   total 150528K, used 71680K [0x0000000080000000, 0x0000000100000000)
  region size 1024K, 2 young (2048K), 2 survivors (2048K)
 Metaspace       used 77717K, committed 78336K, reserved 1122304K
  class space    used 10309K, committed 10560K, reserved 1048576K
}
Event: 6.320 GC heap before
{Heap before GC invocations=27 (full 0):
 garbage-first heap   total 150528K, used 76800K [0x0000000080000000, 0x0000000100000000)
  region size 1024K, 7 young (7168K), 2 survivors (2048K)
 Metaspace       used 78201K, committed 78784K, reserved 1122304K
  class space    used 10371K, committed 10624K, reserved 1048576K
}
Event: 6.323 GC heap after
{Heap after GC invocations=28 (full 0):
 garbage-first heap   total 150528K, used 71380K [0x0000000080000000, 0x0000000100000000)
  region size 1024K, 1 young (1024K), 1 survivors (1024K)
 Metaspace       used 78201K, committed 78784K, reserved 1122304K
  class space    used 10371K, committed 10624K, reserved 1048576K
}
Event: 6.781 GC heap before
{Heap before GC invocations=28 (full 0):
 garbage-first heap   total 150528K, used 116436K [0x0000000080000000, 0x0000000100000000)
  region size 1024K, 45 young (46080K), 1 survivors (1024K)
 Metaspace       used 83334K, committed 83904K, reserved 1122304K
  class space    used 11273K, committed 11520K, reserved 1048576K
}
Event: 6.784 GC heap after
{Heap after GC invocations=29 (full 0):
 garbage-first heap   total 150528K, used 73852K [0x0000000080000000, 0x0000000100000000)
  region size 1024K, 4 young (4096K), 4 survivors (4096K)
 Metaspace       used 83334K, committed 83904K, reserved 1122304K
  class space    used 11273K, committed 11520K, reserved 1048576K
}
Event: 7.270 GC heap before
{Heap before GC invocations=30 (full 0):
 garbage-first heap   total 150528K, used 118908K [0x0000000080000000, 0x0000000100000000)
  region size 1024K, 48 young (49152K), 4 survivors (4096K)
 Metaspace       used 87644K, committed 88256K, reserved 1130496K
  class space    used 11914K, committed 12224K, reserved 1048576K
}
Event: 7.274 GC heap after
{Heap after GC invocations=31 (full 0):
 garbage-first heap   total 150528K, used 77928K [0x0000000080000000, 0x0000000100000000)
  region size 1024K, 6 young (6144K), 6 survivors (6144K)
 Metaspace       used 87644K, committed 88256K, reserved 1130496K
  class space    used 11914K, committed 12224K, reserved 1048576K
}
Event: 7.282 GC heap before
{Heap before GC invocations=31 (full 0):
 garbage-first heap   total 150528K, used 78952K [0x0000000080000000, 0x0000000100000000)
  region size 1024K, 7 young (7168K), 6 survivors (6144K)
 Metaspace       used 87781K, committed 88448K, reserved 1130496K
  class space    used 11935K, committed 12224K, reserved 1048576K
}
Event: 7.285 GC heap after
{Heap after GC invocations=32 (full 0):
 garbage-first heap   total 150528K, used 78631K [0x0000000080000000, 0x0000000100000000)
  region size 1024K, 1 young (1024K), 1 survivors (1024K)
 Metaspace       used 87781K, committed 88448K, reserved 1130496K
  class space    used 11935K, committed 12224K, reserved 1048576K
}
Event: 7.785 GC heap before
{Heap before GC invocations=32 (full 0):
 garbage-first heap   total 150528K, used 120615K [0x0000000080000000, 0x0000000100000000)
  region size 1024K, 42 young (43008K), 1 survivors (1024K)
 Metaspace       used 92401K, committed 93056K, reserved 1130496K
  class space    used 12578K, committed 12864K, reserved 1048576K
}
Event: 7.788 GC heap after
{Heap after GC invocations=33 (full 0):
 garbage-first heap   total 150528K, used 80968K [0x0000000080000000, 0x0000000100000000)
  region size 1024K, 4 young (4096K), 4 survivors (4096K)
 Metaspace       used 92401K, committed 93056K, reserved 1130496K
  class space    used 12578K, committed 12864K, reserved 1048576K
}
Event: 8.059 GC heap before
{Heap before GC invocations=33 (full 0):
 garbage-first heap   total 150528K, used 121928K [0x0000000080000000, 0x0000000100000000)
  region size 1024K, 44 young (45056K), 4 survivors (4096K)
 Metaspace       used 93545K, committed 94208K, reserved 1138688K
  class space    used 12729K, committed 13056K, reserved 1048576K
}
Event: 8.064 GC heap after
{Heap after GC invocations=34 (full 0):
 garbage-first heap   total 150528K, used 86437K [0x0000000080000000, 0x0000000100000000)
  region size 1024K, 6 young (6144K), 6 survivors (6144K)
 Metaspace       used 93545K, committed 94208K, reserved 1138688K
  class space    used 12729K, committed 13056K, reserved 1048576K
}
Event: 8.306 GC heap before
{Heap before GC invocations=34 (full 0):
 garbage-first heap   total 150528K, used 120229K [0x0000000080000000, 0x0000000100000000)
  region size 1024K, 40 young (40960K), 6 survivors (6144K)
 Metaspace       used 94891K, committed 95552K, reserved 1138688K
  class space    used 12969K, committed 13312K, reserved 1048576K
}

Dll operation events (2 events):
Event: 0.008 Loaded shared library D:\Android\Android Studio\jbr\bin\java.dll
Event: 0.237 Loaded shared library D:\Android\Android Studio\jbr\bin\verify.dll

Deoptimization events (20 events):
Event: 8.243 Thread 0x0000026b9a6fd7f0 DEOPT PACKING pc=0x0000026b87c4709c sp=0x000000f2a33fe6e0
Event: 8.243 Thread 0x0000026b9a6fd7f0 DEOPT UNPACKING pc=0x0000026b8758a1a3 sp=0x000000f2a33fe6d8 mode 2
Event: 8.244 Thread 0x0000026b9a7011b0 Uncommon trap: trap_request=0xffffffde fr.pc=0x0000026b87cc2400 relative=0x0000000000000060
Event: 8.244 Thread 0x0000026b9a7011b0 Uncommon trap: reason=class_check action=maybe_recompile pc=0x0000026b87cc2400 method=java.util.stream.StreamOpFlag.fromCharacteristics(Ljava/util/Spliterator;)I @ 14 c2
Event: 8.244 Thread 0x0000026b9a7011b0 DEOPT PACKING pc=0x0000026b87cc2400 sp=0x000000f2a2efd040
Event: 8.244 Thread 0x0000026b9a7011b0 DEOPT UNPACKING pc=0x0000026b8758a1a3 sp=0x000000f2a2efcfd8 mode 2
Event: 8.274 Thread 0x0000026b9a7011b0 Uncommon trap: trap_request=0xffffffde fr.pc=0x0000026b87f21194 relative=0x0000000000001474
Event: 8.274 Thread 0x0000026b9a7011b0 Uncommon trap: reason=class_check action=maybe_recompile pc=0x0000026b87f21194 method=java.util.concurrent.ConcurrentHashMap.putVal(Ljava/lang/Object;Ljava/lang/Object;Z)Ljava/lang/Object; @ 242 c2
Event: 8.274 Thread 0x0000026b9a7011b0 DEOPT PACKING pc=0x0000026b87f21194 sp=0x000000f2a2ef9540
Event: 8.274 Thread 0x0000026b9a7011b0 DEOPT UNPACKING pc=0x0000026b8758a1a3 sp=0x000000f2a2ef94c0 mode 2
Event: 8.274 Thread 0x0000026b9a7011b0 Uncommon trap: trap_request=0xffffffde fr.pc=0x0000026b87f21194 relative=0x0000000000001474
Event: 8.274 Thread 0x0000026b9a7011b0 Uncommon trap: reason=class_check action=maybe_recompile pc=0x0000026b87f21194 method=java.util.concurrent.ConcurrentHashMap.putVal(Ljava/lang/Object;Ljava/lang/Object;Z)Ljava/lang/Object; @ 242 c2
Event: 8.274 Thread 0x0000026b9a7011b0 DEOPT PACKING pc=0x0000026b87f21194 sp=0x000000f2a2ef9540
Event: 8.274 Thread 0x0000026b9a7011b0 DEOPT UNPACKING pc=0x0000026b8758a1a3 sp=0x000000f2a2ef94c0 mode 2
Event: 8.274 Thread 0x0000026b9a7011b0 Uncommon trap: trap_request=0xffffffde fr.pc=0x0000026b87f21194 relative=0x0000000000001474
Event: 8.274 Thread 0x0000026b9a7011b0 Uncommon trap: reason=class_check action=maybe_recompile pc=0x0000026b87f21194 method=java.util.concurrent.ConcurrentHashMap.putVal(Ljava/lang/Object;Ljava/lang/Object;Z)Ljava/lang/Object; @ 242 c2
Event: 8.274 Thread 0x0000026b9a7011b0 DEOPT PACKING pc=0x0000026b87f21194 sp=0x000000f2a2ef9540
Event: 8.274 Thread 0x0000026b9a7011b0 DEOPT UNPACKING pc=0x0000026b8758a1a3 sp=0x000000f2a2ef94c0 mode 2
Event: 8.288 Thread 0x0000026b9a7011b0 DEOPT PACKING pc=0x0000026b80e3b85b sp=0x000000f2a2ef8740
Event: 8.288 Thread 0x0000026b9a7011b0 DEOPT UNPACKING pc=0x0000026b8758ace3 sp=0x000000f2a2ef7c60 mode 0

Classes unloaded (0 events):
No events

Classes redefined (0 events):
No events

Internal exceptions (20 events):
Event: 8.161 Thread 0x0000026b973097f0 Exception <a 'java/lang/ClassNotFoundException'{0x0000000087ea95f8}: com/android/build/gradle/internal/tasks/ListingFileRedirectTaskBeanInfo> (0x0000000087ea95f8) 
thrown [s\src\hotspot\share\classfile\systemDictionary.cpp, line 256]
Event: 8.161 Thread 0x0000026b973097f0 Exception <a 'java/lang/ClassNotFoundException'{0x0000000087eb4fe8}: com/android/build/gradle/internal/tasks/ListingFileRedirectTaskCustomizer> (0x0000000087eb4fe8) 
thrown [s\src\hotspot\share\classfile\systemDictionary.cpp, line 256]
Event: 8.161 Thread 0x0000026b973097f0 Exception <a 'java/lang/ClassNotFoundException'{0x0000000087ed19a8}: com/android/build/gradle/internal/tasks/ListingFileRedirectTask_DecoratedCustomizer> (0x0000000087ed19a8) 
thrown [s\src\hotspot\share\classfile\systemDictionary.cpp, line 256]
Event: 8.165 Thread 0x0000026b973097f0 Exception <a 'java/lang/NoSuchMethodError'{0x0000000087d2ba00}: 'java.lang.Object java.lang.invoke.DirectMethodHandle$Holder.newInvokeSpecial(java.lang.Object, java.lang.Object, java.lang.Object, java.lang.Object, int, java.lang.Object)'> (0x0000000087d2ba00) 
thrown [s\src\hotspot\share\interpreter\linkResolver.cpp, line 771]
Event: 8.165 Thread 0x0000026b973097f0 Exception <a 'java/lang/NoSuchMethodError'{0x0000000087d307c0}: 'java.lang.Object java.lang.invoke.Invokers$Holder.linkToTargetMethod(java.lang.Object, java.lang.Object, java.lang.Object, int, java.lang.Object, java.lang.Object)'> (0x0000000087d307c0) 
thrown [s\src\hotspot\share\interpreter\linkResolver.cpp, line 771]
Event: 8.180 Thread 0x0000026b973097f0 Implicit null exception at 0x0000026b8801b484 to 0x0000026b8801b5f0
Event: 8.205 Thread 0x0000026b9a6fd7f0 Exception <a 'java/lang/NoSuchMethodError'{0x0000000087a1a748}: 'void java.lang.invoke.DirectMethodHandle$Holder.invokeInterface(java.lang.Object, java.lang.Object, java.lang.Object, java.lang.Object)'> (0x0000000087a1a748) 
thrown [s\src\hotspot\share\interpreter\linkResolver.cpp, line 771]
Event: 8.220 Thread 0x0000026b95758c50 Exception <a 'java/lang/NoSuchMethodError'{0x0000000087af2310}: static Lorg/gradle/internal/build/event/types/DefaultTaskStartedProgressEvent;.<clinit>()V> (0x0000000087af2310) 
thrown [s\src\hotspot\share\prims\jni.cpp, line 1108]
Event: 8.221 Thread 0x0000026b95758c50 Exception <a 'java/lang/NoSuchMethodError'{0x0000000087910b88}: static Lorg/gradle/internal/build/event/types/DefaultTaskDescriptor;.<clinit>()V> (0x0000000087910b88) 
thrown [s\src\hotspot\share\prims\jni.cpp, line 1108]
Event: 8.243 Thread 0x0000026b95758c50 Exception <a 'java/lang/NoSuchMethodError'{0x00000000878ab810}: static Lorg/gradle/internal/build/event/types/DefaultTaskFinishedProgressEvent;.<clinit>()V> (0x00000000878ab810) 
thrown [s\src\hotspot\share\prims\jni.cpp, line 1108]
Event: 8.244 Thread 0x0000026b95758c50 Exception <a 'java/lang/NoSuchMethodError'{0x00000000878ff858}: static Lorg/gradle/internal/build/event/types/DefaultTaskSuccessResult;.<clinit>()V> (0x00000000878ff858) 
thrown [s\src\hotspot\share\prims\jni.cpp, line 1108]
Event: 8.244 Thread 0x0000026b95758c50 Exception <a 'java/lang/NoSuchMethodError'{0x0000000087700f48}: static Lorg/gradle/internal/build/event/types/AbstractTaskResult;.<clinit>()V> (0x0000000087700f48) 
thrown [s\src\hotspot\share\prims\jni.cpp, line 1108]
Event: 8.248 Thread 0x0000026b9a7011b0 Exception <a 'sun/nio/fs/WindowsException'{0x00000000878fa980}> (0x00000000878fa980) 
thrown [s\src\hotspot\share\prims\jni.cpp, line 517]
Event: 8.253 Thread 0x0000026b95758c50 Exception <a 'java/lang/NoSuchMethodError'{0x000000008761d010}: static Lorg/gradle/internal/build/event/types/DefaultTaskSkippedResult;.<clinit>()V> (0x000000008761d010) 
thrown [s\src\hotspot\share\prims\jni.cpp, line 1108]
Event: 8.258 Thread 0x0000026b97d68d40 Exception <a 'java/lang/NoSuchMethodError'{0x0000000087667dc8}: static Lcom/android/buildanalyzer/common/AndroidGradlePluginAttributionData$BuildInfo;.<clinit>()V> (0x0000000087667dc8) 
thrown [s\src\hotspot\share\prims\jni.cpp, line 1108]
Event: 8.260 Thread 0x0000026b97d68d40 Exception <a 'java/lang/NoSuchMethodError'{0x000000008767fd98}: static Lcom/android/buildanalyzer/common/AndroidGradlePluginAttributionData$JavaInfo;.<clinit>()V> (0x000000008767fd98) 
thrown [s\src\hotspot\share\prims\jni.cpp, line 1108]
Event: 8.262 Thread 0x0000026b97d68d40 Exception <a 'java/lang/NoSuchMethodError'{0x00000000876caa90}: static [Ljava/lang/String;.<clinit>()V> (0x00000000876caa90) 
thrown [s\src\hotspot\share\prims\jni.cpp, line 1108]
Event: 8.264 Thread 0x0000026b97d68d40 Exception <a 'java/lang/NoSuchMethodError'{0x00000000876eb340}: static Lcom/android/buildanalyzer/common/AndroidGradlePluginAttributionData$TaskInfo;.<clinit>()V> (0x00000000876eb340) 
thrown [s\src\hotspot\share\prims\jni.cpp, line 1108]
Event: 8.265 Thread 0x0000026b97d68d40 Exception <a 'java/lang/NoSuchMethodError'{0x0000000087505440}: static Lcom/android/buildanalyzer/common/AndroidGradlePluginAttributionData$TaskCategoryInfo;.<clinit>()V> (0x0000000087505440) 
thrown [s\src\hotspot\share\prims\jni.cpp, line 1108]
Event: 8.270 Thread 0x0000026b97d68d40 Exception <a 'java/lang/NoSuchMethodError'{0x00000000874328a0}: 'void java.lang.invoke.DirectMethodHandle$Holder.invokeSpecial(java.lang.Object, java.lang.Object, java.lang.Object, int)'> (0x00000000874328a0) 
thrown [s\src\hotspot\share\interpreter\linkResolver.cpp, line 771]

VM Operations (20 events):
Event: 7.827 Executing VM operation: HandshakeAllThreads done
Event: 7.840 Executing VM operation: HandshakeAllThreads
Event: 7.840 Executing VM operation: HandshakeAllThreads done
Event: 7.854 Executing VM operation: HandshakeAllThreads
Event: 7.854 Executing VM operation: HandshakeAllThreads done
Event: 7.870 Executing VM operation: ICBufferFull
Event: 7.870 Executing VM operation: ICBufferFull done
Event: 7.909 Executing VM operation: HandshakeAllThreads
Event: 7.909 Executing VM operation: HandshakeAllThreads done
Event: 8.059 Executing VM operation: G1CollectForAllocation
Event: 8.064 Executing VM operation: G1CollectForAllocation done
Event: 8.201 Executing VM operation: HandshakeAllThreads
Event: 8.201 Executing VM operation: HandshakeAllThreads done
Event: 8.241 Executing VM operation: HandshakeAllThreads
Event: 8.241 Executing VM operation: HandshakeAllThreads done
Event: 8.263 Executing VM operation: ICBufferFull
Event: 8.263 Executing VM operation: ICBufferFull done
Event: 8.275 Executing VM operation: HandshakeAllThreads
Event: 8.276 Executing VM operation: HandshakeAllThreads done
Event: 8.306 Executing VM operation: G1CollectForAllocation

Events (20 events):
Event: 8.271 loading class java/io/ObjectInputStream$HandleTable
Event: 8.272 loading class java/io/ObjectInputStream$HandleTable done
Event: 8.272 loading class java/io/ObjectInputStream$HandleTable$HandleList
Event: 8.272 loading class java/io/ObjectInputStream$HandleTable$HandleList done
Event: 8.272 loading class java/io/ObjectInputStream$ValidationList
Event: 8.272 loading class java/io/ObjectInputStream$ValidationList done
Event: 8.272 loading class java/io/ObjectInputFilter$Config
Event: 8.272 loading class java/io/ObjectInputFilter$Config done
Event: 8.273 loading class java/io/ObjectInputFilter
Event: 8.273 loading class java/io/ObjectInputFilter done
Event: 8.273 loading class java/io/ObjectInputFilter$Config$BuiltinFilterFactory
Event: 8.273 loading class java/io/ObjectInputFilter$Config$BuiltinFilterFactory done
Event: 8.273 loading class jdk/internal/access/JavaObjectInputFilterAccess
Event: 8.273 loading class jdk/internal/access/JavaObjectInputFilterAccess done
Event: 8.273 loading class jdk/internal/event/DeserializationEvent
Event: 8.273 loading class jdk/internal/event/DeserializationEvent done
Event: 8.274 loading class java/io/ObjectInputStream$FieldValues
Event: 8.274 loading class java/io/ObjectInputStream$GetField
Event: 8.274 loading class java/io/ObjectInputStream$GetField done
Event: 8.274 loading class java/io/ObjectInputStream$FieldValues done


Dynamic libraries:
0x00007ff76ef50000 - 0x00007ff76ef5a000 	D:\Android\Android Studio\jbr\bin\java.exe
0x00007ffc34ed0000 - 0x00007ffc350e7000 	C:\WINDOWS\SYSTEM32\ntdll.dll
0x00007ffc33620000 - 0x00007ffc336e4000 	C:\WINDOWS\System32\KERNEL32.DLL
0x00007ffc326a0000 - 0x00007ffc32a46000 	C:\WINDOWS\System32\KERNELBASE.dll
0x00007ffc32b00000 - 0x00007ffc32c11000 	C:\WINDOWS\System32\ucrtbase.dll
0x00007ffc12760000 - 0x00007ffc1277b000 	D:\Android\Android Studio\jbr\bin\VCRUNTIME140.dll
0x00007ffc16980000 - 0x00007ffc16997000 	D:\Android\Android Studio\jbr\bin\jli.dll
0x00007ffc33d20000 - 0x00007ffc33ece000 	C:\WINDOWS\System32\USER32.dll
0x00007ffc32a50000 - 0x00007ffc32a76000 	C:\WINDOWS\System32\win32u.dll
0x00007ffc21cd0000 - 0x00007ffc21f63000 	C:\WINDOWS\WinSxS\amd64_microsoft.windows.common-controls_6595b64144ccf1df_6.0.22621.2506_none_270c5ae97388e100\COMCTL32.dll
0x00007ffc33470000 - 0x00007ffc33499000 	C:\WINDOWS\System32\GDI32.dll
0x00007ffc336f0000 - 0x00007ffc33797000 	C:\WINDOWS\System32\msvcrt.dll
0x00007ffc32240000 - 0x00007ffc32358000 	C:\WINDOWS\System32\gdi32full.dll
0x00007ffc323d0000 - 0x00007ffc3246a000 	C:\WINDOWS\System32\msvcp_win.dll
0x00007ffc33fd0000 - 0x00007ffc34001000 	C:\WINDOWS\System32\IMM32.DLL
0x00007ffc191c0000 - 0x00007ffc191cc000 	D:\Android\Android Studio\jbr\bin\vcruntime140_1.dll
0x00007ffbfe440000 - 0x00007ffbfe4cd000 	D:\Android\Android Studio\jbr\bin\msvcp140.dll
0x00007ffbae450000 - 0x00007ffbaf0be000 	D:\Android\Android Studio\jbr\bin\server\jvm.dll
0x00007ffc337a0000 - 0x00007ffc33851000 	C:\WINDOWS\System32\ADVAPI32.dll
0x00007ffc33b90000 - 0x00007ffc33c35000 	C:\WINDOWS\System32\sechost.dll
0x00007ffc32d80000 - 0x00007ffc32e97000 	C:\WINDOWS\System32\RPCRT4.dll
0x00007ffc27af0000 - 0x00007ffc27b24000 	C:\WINDOWS\SYSTEM32\WINMM.dll
0x00007ffc29a60000 - 0x00007ffc29a69000 	C:\WINDOWS\SYSTEM32\WSOCK32.dll
0x00007ffc24ad0000 - 0x00007ffc24ada000 	C:\WINDOWS\SYSTEM32\VERSION.dll
0x00007ffc33ab0000 - 0x00007ffc33b21000 	C:\WINDOWS\System32\WS2_32.dll
0x00007ffc312f0000 - 0x00007ffc31308000 	C:\WINDOWS\SYSTEM32\kernel.appcore.dll
0x00007ffc28550000 - 0x00007ffc2855a000 	D:\Android\Android Studio\jbr\bin\jimage.dll
0x00007ffc2fa00000 - 0x00007ffc2fc33000 	C:\WINDOWS\SYSTEM32\DBGHELP.DLL
0x00007ffc32f20000 - 0x00007ffc332a9000 	C:\WINDOWS\System32\combase.dll
0x00007ffc33c40000 - 0x00007ffc33d17000 	C:\WINDOWS\System32\OLEAUT32.dll
0x00007ffc24b50000 - 0x00007ffc24b82000 	C:\WINDOWS\SYSTEM32\dbgcore.DLL
0x00007ffc32a80000 - 0x00007ffc32afa000 	C:\WINDOWS\System32\bcryptPrimitives.dll
0x00007ffc13e40000 - 0x00007ffc13e65000 	D:\Android\Android Studio\jbr\bin\java.dll
0x00007ffc13b10000 - 0x00007ffc13b28000 	D:\Android\Android Studio\jbr\bin\zip.dll
0x00007ffc340d0000 - 0x00007ffc3492a000 	C:\WINDOWS\System32\SHELL32.dll
0x00007ffc30120000 - 0x00007ffc30a16000 	C:\WINDOWS\SYSTEM32\windows.storage.dll
0x00007ffc2ffe0000 - 0x00007ffc3011e000 	C:\WINDOWS\SYSTEM32\wintypes.dll
0x00007ffc33ed0000 - 0x00007ffc33fc3000 	C:\WINDOWS\System32\SHCORE.dll
0x00007ffc34010000 - 0x00007ffc3406e000 	C:\WINDOWS\System32\shlwapi.dll
0x00007ffc32170000 - 0x00007ffc32196000 	C:\WINDOWS\SYSTEM32\profapi.dll
0x00007ffc12590000 - 0x00007ffc125a9000 	D:\Android\Android Studio\jbr\bin\net.dll
0x00007ffc293d0000 - 0x00007ffc29507000 	C:\WINDOWS\SYSTEM32\WINHTTP.dll
0x00007ffc31780000 - 0x00007ffc317e9000 	C:\WINDOWS\system32\mswsock.dll
0x00007ffc12570000 - 0x00007ffc12586000 	D:\Android\Android Studio\jbr\bin\nio.dll
0x00007ffc27a70000 - 0x00007ffc27a80000 	D:\Android\Android Studio\jbr\bin\verify.dll
0x00007ffc24a00000 - 0x00007ffc24a27000 	D:\dev\gradle\native\68d5fa5c4cc2d200863cafc0d521ce42e7d3e7ee720ec0a83991735586a16f82\windows-amd64\native-platform.dll
0x00007ffc02530000 - 0x00007ffc02674000 	D:\dev\gradle\native\e376f236ea51e6404a007f0833ffe2c6e607c4080706a723a18a27aeea778392\windows-amd64\native-platform-file-events.dll
0x00007ffc28200000 - 0x00007ffc28209000 	D:\Android\Android Studio\jbr\bin\management.dll
0x00007ffc27b40000 - 0x00007ffc27b4b000 	D:\Android\Android Studio\jbr\bin\management_ext.dll
0x00007ffc33b80000 - 0x00007ffc33b88000 	C:\WINDOWS\System32\PSAPI.DLL
0x00007ffc319e0000 - 0x00007ffc319fb000 	C:\WINDOWS\SYSTEM32\CRYPTSP.dll
0x00007ffc31250000 - 0x00007ffc31285000 	C:\WINDOWS\system32\rsaenh.dll
0x00007ffc31880000 - 0x00007ffc318ac000 	C:\WINDOWS\SYSTEM32\USERENV.dll
0x00007ffc31bf0000 - 0x00007ffc31c18000 	C:\WINDOWS\SYSTEM32\bcrypt.dll
0x00007ffc31a00000 - 0x00007ffc31a0c000 	C:\WINDOWS\SYSTEM32\CRYPTBASE.dll
0x00007ffc30d30000 - 0x00007ffc30d5d000 	C:\WINDOWS\SYSTEM32\IPHLPAPI.DLL
0x00007ffc34950000 - 0x00007ffc34959000 	C:\WINDOWS\System32\NSI.dll
0x00007ffc292c0000 - 0x00007ffc292d9000 	C:\WINDOWS\SYSTEM32\dhcpcsvc6.DLL
0x00007ffc29210000 - 0x00007ffc2922f000 	C:\WINDOWS\SYSTEM32\dhcpcsvc.DLL
0x00007ffc30db0000 - 0x00007ffc30ea9000 	C:\WINDOWS\SYSTEM32\DNSAPI.dll
0x00007ffc22060000 - 0x00007ffc22068000 	C:\WINDOWS\system32\wshunix.dll
0x00007ffbd7bc0000 - 0x00007ffbd7bd7000 	C:\WINDOWS\system32\napinsp.dll
0x00007ffbd7ba0000 - 0x00007ffbd7bbb000 	C:\WINDOWS\system32\pnrpnsp.dll
0x00007ffbd7b80000 - 0x00007ffbd7b91000 	C:\WINDOWS\System32\winrnr.dll
0x00007ffbf9430000 - 0x00007ffbf9445000 	C:\WINDOWS\system32\wshbth.dll
0x00007ffc24d20000 - 0x00007ffc24d41000 	C:\WINDOWS\system32\nlansp_c.dll
0x00007ffc279f0000 - 0x00007ffc279fa000 	C:\Windows\System32\rasadhlp.dll
0x00007ffc284a0000 - 0x00007ffc28523000 	C:\WINDOWS\System32\fwpuclnt.dll

dbghelp: loaded successfully - version: 4.0.5 - missing functions: none
symbol engine: initialized successfully - sym options: 0x614 - pdb path: .;D:\Android\Android Studio\jbr\bin;C:\WINDOWS\SYSTEM32;C:\WINDOWS\WinSxS\amd64_microsoft.windows.common-controls_6595b64144ccf1df_6.0.22621.2506_none_270c5ae97388e100;D:\Android\Android Studio\jbr\bin\server;D:\dev\gradle\native\68d5fa5c4cc2d200863cafc0d521ce42e7d3e7ee720ec0a83991735586a16f82\windows-amd64;D:\dev\gradle\native\e376f236ea51e6404a007f0833ffe2c6e607c4080706a723a18a27aeea778392\windows-amd64

VM Arguments:
jvm_args: --add-opens=java.base/java.util=ALL-UNNAMED --add-opens=java.base/java.lang=ALL-UNNAMED --add-opens=java.base/java.lang.invoke=ALL-UNNAMED --add-opens=java.prefs/java.util.prefs=ALL-UNNAMED --add-opens=java.base/java.nio.charset=ALL-UNNAMED --add-opens=java.base/java.net=ALL-UNNAMED --add-opens=java.base/java.util.concurrent.atomic=ALL-UNNAMED -Xmx2048m -Dfile.encoding=UTF-8 -Duser.country=CN -Duser.language=zh -Duser.variant 
java_command: org.gradle.launcher.daemon.bootstrap.GradleDaemon 8.0
java_class_path (initial): D:\dev\gradle\wrapper\dists\gradle-8.0-bin\ca5e32bp14vu59qr306oxotwh\gradle-8.0\lib\gradle-launcher-8.0.jar
Launcher Type: SUN_STANDARD

[Global flags]
     intx CICompilerCount                          = 4                                         {product} {ergonomic}
     uint ConcGCThreads                            = 2                                         {product} {ergonomic}
     uint G1ConcRefinementThreads                  = 8                                         {product} {ergonomic}
   size_t G1HeapRegionSize                         = 1048576                                   {product} {ergonomic}
    uintx GCDrainStackTargetSize                   = 64                                        {product} {ergonomic}
   size_t InitialHeapSize                          = 266338304                                 {product} {ergonomic}
   size_t MarkStackSize                            = 4194304                                   {product} {ergonomic}
   size_t MaxHeapSize                              = 2147483648                                {product} {command line}
   size_t MaxNewSize                               = 1287651328                                {product} {ergonomic}
   size_t MinHeapDeltaBytes                        = 1048576                                   {product} {ergonomic}
   size_t MinHeapSize                              = 8388608                                   {product} {ergonomic}
    uintx NonNMethodCodeHeapSize                   = 5839372                                {pd product} {ergonomic}
    uintx NonProfiledCodeHeapSize                  = 122909434                              {pd product} {ergonomic}
    uintx ProfiledCodeHeapSize                     = 122909434                              {pd product} {ergonomic}
    uintx ReservedCodeCacheSize                    = 251658240                              {pd product} {ergonomic}
     bool SegmentedCodeCache                       = true                                      {product} {ergonomic}
   size_t SoftMaxHeapSize                          = 2147483648                             {manageable} {ergonomic}
     bool UseCompressedClassPointers               = true                           {product lp64_product} {ergonomic}
     bool UseCompressedOops                        = true                           {product lp64_product} {ergonomic}
     bool UseG1GC                                  = true                                      {product} {ergonomic}
     bool UseLargePagesIndividualAllocation        = false                                  {pd product} {ergonomic}

Logging:
Log output configuration:
 #0: stdout all=warning uptime,level,tags
 #1: stderr all=off uptime,level,tags

Environment Variables:
JAVA_HOME=C:\Users\aka1298\.jdks\jdk-21
PATH=C:\WINDOWS\system32;C:\WINDOWS;C:\WINDOWS\System32\Wbem;C:\WINDOWS\System32\WindowsPowerShell\v1.0\;C:\WINDOWS\System32\OpenSSH\;C:\Users\aka1298\.jdks\jdk-21\bin;D:\program\git\cmd;D:\dev\ffmpeg\bin;D:\dev\nacos\bin\;D:\program\FFDec\;C:\Users\aka1298\AppData\Roaming\npm;D:\dev\nginx-1.20.2;D:\program\sublime_text;D:\dev\Redis-5.0.14.1;D:\tools;D:\dev\python;C:\Program Files\dotnet\;D:\dev\VSC\VC\Tools\MSVC\14.16.27023\bin\HostX64\x64;D:\dev\gradle\bin;D:\program\7-Zip;d:\dev\nvm;C:\Program Files\nodejs;C:\Program Files\Docker\Docker\resources\bin;C:\Program Files\gsudo\Current;D:\dev\VS Code;D:\dev\apache-maven-3.9.4\bin;;D:\program\Tencent\web\dll;C:\Program Files\PowerShell\7\;D:\dev\python\Scripts\;D:\dev\python\;%PNPM_HOME%;C:\Users\aka1298\AppData\Local\Microsoft\WindowsApps;D:\dev\PyCharm 2022.2.2\bin;;D:\dev\JetBrains\IntelliJ IDEA 2023.1\bin;;C:\Users\aka1298\.dotnet\tools;C:\Users\aka1298\AppData\Roaming\npm;D:\JetBrains\IntelliJ IDEA Community Edition 2022.3.3\bin;;D:\dev\VS Code\bin;d:\dev\nvm;C:\Program Files\nodejs;C:\Users\aka1298\AppData\Local\Programs\oh-my-posh\bin;
USERNAME=aka1298
OS=Windows_NT
PROCESSOR_IDENTIFIER=Intel64 Family 6 Model 140 Stepping 1, GenuineIntel
TMP=C:\Users\aka1298\AppData\Local\Temp
TEMP=C:\Users\aka1298\AppData\Local\Temp


JNI global refs:
JNI global refs: 28, weak refs: 6

JNI global refs memory usage: 843, weak refs: 841


---------------  S Y S T E M  ---------------

OS:
 Windows 11 , 64 bit Build 22621 (10.0.22621.2506)
OS uptime: 5 days 12:33 hours
Hyper-V role detected

CPU: total 8 (initial active 8) (4 cores per cpu, 2 threads per core) family 6 model 140 stepping 1 microcode 0x8a, cx8, cmov, fxsr, ht, mmx, 3dnowpref, sse, sse2, sse3, ssse3, sse4.1, sse4.2, popcnt, lzcnt, tsc, tscinvbit, avx, avx2, aes, erms, clmul, bmi1, bmi2, adx, avx512f, avx512dq, avx512cd, avx512bw, avx512vl, sha, fma, vzeroupper, avx512_vpopcntdq, avx512_vpclmulqdq, avx512_vaes, avx512_vnni, clflush, clflushopt, clwb, avx512_vbmi2, avx512_vbmi, hv

Memory: 4k page, system-wide physical 16179M (523M free)
TotalPageFile size 46607M (AvailPageFile size 35M)
current process WorkingSet (physical memory assigned to process): 428M, peak: 428M
current process commit charge ("private bytes"): 570M, peak: 610M

vm_info: OpenJDK 64-Bit Server VM (17.0.6+0-b2043.56-10027231) for windows-amd64 JRE (17.0.6+0-b2043.56-10027231), built on Apr 28 2023 00:43:19 by "androidbuild" with MS VC++ 16.10 / 16.11 (VS2019)

END.
