#
# There is insufficient memory for the Java Runtime Environment to continue.
# Native memory allocation (mmap) failed to map 160432128 bytes for G1 virtual space
# Possible reasons:
#   The system is out of physical RAM or swap space
#   The process is running with CompressedOops enabled, and the Java Heap may be blocking the growth of the native heap
# Possible solutions:
#   Reduce memory load on the system
#   Increase physical memory or swap space
#   Check if swap backing store is full
#   Decrease Java heap size (-Xmx/-Xms)
#   Decrease number of Java threads
#   Decrease Java thread stack sizes (-Xss)
#   Set larger code cache with -XX:ReservedCodeCacheSize=
#   JVM is running with Unscaled Compressed Oops mode in which the Java heap is
#     placed in the first 4GB address space. The Java Heap base address is the
#     maximum limit for the native heap growth. Please use -XX:HeapBaseMinAddress
#     to set the Java Heap base and to place the Java Heap above 4GB virtual address.
# This output file may be truncated or incomplete.
#
#  Out of Memory Error (os_windows.cpp:3769), pid=16564, tid=3200
#
# JRE version: OpenJDK Runtime Environment (17.0.6) (build 17.0.6+0-b2043.56-10027231)
# Java VM: OpenJDK 64-Bit Server VM (17.0.6+0-b2043.56-10027231, mixed mode, tiered, compressed oops, compressed class ptrs, g1 gc, windows-amd64)
# No core dump will be written. Minidumps are not enabled by default on client versions of Windows
#

---------------  S U M M A R Y ------------

Command Line: --add-opens=java.base/java.util=ALL-UNNAMED --add-opens=java.base/java.lang=ALL-UNNAMED --add-opens=java.base/java.lang.invoke=ALL-UNNAMED --add-opens=java.prefs/java.util.prefs=ALL-UNNAMED --add-opens=java.base/java.nio.charset=ALL-UNNAMED --add-opens=java.base/java.net=ALL-UNNAMED --add-opens=java.base/java.util.concurrent.atomic=ALL-UNNAMED -Xmx2048m -Dfile.encoding=UTF-8 -Duser.country=CN -Duser.language=zh -Duser.variant org.gradle.launcher.daemon.bootstrap.GradleDaemon 8.0

Host: 11th Gen Intel(R) Core(TM) i5-1135G7 @ 2.40GHz, 8 cores, 15G,  Windows 11 , 64 bit Build 22621 (10.0.22621.2506)
Time: Tue Dec 19 20:04:44 2023  Windows 11 , 64 bit Build 22621 (10.0.22621.2506) elapsed time: 10.089592 seconds (0d 0h 0m 10s)

---------------  T H R E A D  ---------------

Current thread (0x0000019878a2b9e0):  VMThread "VM Thread" [stack: 0x00000010eb700000,0x00000010eb800000] [id=3200]

Stack: [0x00000010eb700000,0x00000010eb800000]
Native frames: (J=compiled Java code, j=interpreted, Vv=VM code, C=native code)
V  [jvm.dll+0x683c9a]
V  [jvm.dll+0x8427a4]
V  [jvm.dll+0x843f9e]
V  [jvm.dll+0x844603]
V  [jvm.dll+0x249b75]
V  [jvm.dll+0x680b69]
V  [jvm.dll+0x67505a]
V  [jvm.dll+0x309acb]
V  [jvm.dll+0x310f86]
V  [jvm.dll+0x3608ee]
V  [jvm.dll+0x360b1f]
V  [jvm.dll+0x2dfbf8]
V  [jvm.dll+0x2ddec4]
V  [jvm.dll+0x2dd4cc]
V  [jvm.dll+0x321f3b]
V  [jvm.dll+0x848ccb]
V  [jvm.dll+0x849a04]
V  [jvm.dll+0x849f1d]
V  [jvm.dll+0x84a2f4]
V  [jvm.dll+0x84a3c0]
V  [jvm.dll+0x7f274a]
V  [jvm.dll+0x682ad5]
C  [ucrtbase.dll+0x29363]
C  [KERNEL32.DLL+0x1257d]
C  [ntdll.dll+0x5aa58]

VM_Operation (0x00000010f48fe000): G1CollectForAllocation, mode: safepoint, requested by thread 0x0000019802bb7a00


---------------  P R O C E S S  ---------------

Threads class SMR info:
_java_thread_list=0x0000019801cdcb60, length=136, elements={
0x000001985ebe27b0, 0x0000019878a4df40, 0x000001987943b020, 0x0000019879474530,
0x0000019879474ff0, 0x00000198794a8010, 0x00000198794a8ce0, 0x00000198794aa480,
0x00000198794b0180, 0x00000198794b1a00, 0x0000019879620560, 0x0000019879656450,
0x000001987bf82fd0, 0x000001987bb97430, 0x000001987aed9280, 0x000001987afbd050,
0x000001987a1a1380, 0x000001987ab8e020, 0x000001987ac17d60, 0x000001987bd65020,
0x000001987bb224e0, 0x000001987bb20800, 0x000001987bb21670, 0x000001987bb229b0,
0x000001987bb1eff0, 0x000001987bb20cd0, 0x000001987bb211a0, 0x000001987bb21b40,
0x000001987bb22010, 0x000001987bb1f4c0, 0x000001987bb1f990, 0x000001987bb1fe60,
0x000001987bb20330, 0x000001987df4c740, 0x000001987df47a40, 0x000001987df4b400,
0x000001987df4c270, 0x000001987df4aa60, 0x000001987df4af30, 0x000001987df4bda0,
0x000001987df4b8d0, 0x000001987df49bf0, 0x000001987df4a0c0, 0x000001987df4cc10,
0x000001987df4df50, 0x000001987df488b0, 0x000001987df4e420, 0x000001987df48d80,
0x000001987df4d5b0, 0x000001987df4da80, 0x000001987df46bd0, 0x000001987df47570,
0x000001987df47f10, 0x000001987df483e0, 0x000001987df49250, 0x000001987bcb5e60,
0x000001987bcb8010, 0x000001987bcb9cf0, 0x000001987bcbb500, 0x000001987bcb7670,
0x000001987bcb6330, 0x000001987bcb5990, 0x000001987bcb4650, 0x000001987bcbb030,
0x000001987bcba1c0, 0x000001987bcb4ff0, 0x000001987bcb9350, 0x000001987bcb89b0,
0x000001987bcb4b20, 0x000001987bcb6cd0, 0x000001987bcb84e0, 0x000001987bcba690,
0x000001987bcbab60, 0x000001987bcb9820, 0x000001987bcb3cb0, 0x000001987bcb4180,
0x000001987bcb8e80, 0x000001987bcb54c0, 0x000001987bcb6800, 0x000001987bcb71a0,
0x000001987bcb7b40, 0x00000198019045c0, 0x00000198019092c0, 0x00000198019040f0,
0x0000019801903750, 0x0000019801905dd0, 0x0000019801902410, 0x00000198019028e0,
0x0000019801904f60, 0x0000019801908920, 0x0000019801905430, 0x0000019801907f80,
0x0000019801908450, 0x00000198019062a0, 0x0000019801902db0, 0x0000019801906770,
0x0000019801904a90, 0x0000019801906c40, 0x0000019801903280, 0x0000019801909790,
0x0000019801907110, 0x0000019801908df0, 0x0000019801905900, 0x0000019801903c20,
0x0000019801901f40, 0x00000198019075e0, 0x0000019801907ab0, 0x0000019801d49b40,
0x0000019801d48330, 0x0000019801d47990, 0x0000019801d49670, 0x0000019801d48800,
0x0000019801d4a010, 0x0000019801d4ae80, 0x0000019801d48cd0, 0x0000019801d4a4e0,
0x0000019801d491a0, 0x0000019801d47e60, 0x0000019801d4a9b0, 0x0000019801d4b350,
0x0000019801e33500, 0x0000019801e2d4c0, 0x0000019801e339d0, 0x0000019801e32b60,
0x0000019801e32690, 0x0000019801e34d10, 0x0000019801e2ecd0, 0x0000019801e31350,
0x0000019801e2e330, 0x0000019801e31820, 0x0000019801e31cf0, 0x0000019801e33030,
0x0000019801e2d990, 0x0000019802bb9210, 0x0000019802bbcbd0, 0x0000019802bb7a00
}

Java Threads: ( => current thread )
  0x000001985ebe27b0 JavaThread "main" [_thread_blocked, id=764, stack(0x00000010eb100000,0x00000010eb200000)]
  0x0000019878a4df40 JavaThread "Reference Handler" daemon [_thread_blocked, id=20952, stack(0x00000010eb800000,0x00000010eb900000)]
  0x000001987943b020 JavaThread "Finalizer" daemon [_thread_blocked, id=9044, stack(0x00000010eb900000,0x00000010eba00000)]
  0x0000019879474530 JavaThread "Signal Dispatcher" daemon [_thread_blocked, id=8228, stack(0x00000010eba00000,0x00000010ebb00000)]
  0x0000019879474ff0 JavaThread "Attach Listener" daemon [_thread_blocked, id=4048, stack(0x00000010ebb00000,0x00000010ebc00000)]
  0x00000198794a8010 JavaThread "Service Thread" daemon [_thread_blocked, id=11456, stack(0x00000010ebc00000,0x00000010ebd00000)]
  0x00000198794a8ce0 JavaThread "Monitor Deflation Thread" daemon [_thread_blocked, id=1272, stack(0x00000010ebd00000,0x00000010ebe00000)]
  0x00000198794aa480 JavaThread "C2 CompilerThread0" daemon [_thread_blocked, id=18056, stack(0x00000010ebe00000,0x00000010ebf00000)]
  0x00000198794b0180 JavaThread "C1 CompilerThread0" daemon [_thread_blocked, id=11240, stack(0x00000010ebf00000,0x00000010ec000000)]
  0x00000198794b1a00 JavaThread "Sweeper thread" daemon [_thread_blocked, id=3796, stack(0x00000010ec000000,0x00000010ec100000)]
  0x0000019879620560 JavaThread "Common-Cleaner" daemon [_thread_blocked, id=1828, stack(0x00000010ec100000,0x00000010ec200000)]
  0x0000019879656450 JavaThread "Notification Thread" daemon [_thread_blocked, id=468, stack(0x00000010ec200000,0x00000010ec300000)]
  0x000001987bf82fd0 JavaThread "Daemon health stats" [_thread_blocked, id=10464, stack(0x00000010ecb00000,0x00000010ecc00000)]
  0x000001987bb97430 JavaThread "Incoming local TCP Connector on port 7651" [_thread_in_native, id=14864, stack(0x00000010ec400000,0x00000010ec500000)]
  0x000001987aed9280 JavaThread "Daemon periodic checks" [_thread_blocked, id=2708, stack(0x00000010ec500000,0x00000010ec600000)]
  0x000001987afbd050 JavaThread "C2 CompilerThread1" daemon [_thread_in_native, id=20668, stack(0x00000010ecc00000,0x00000010ecd00000)]
  0x000001987a1a1380 JavaThread "Daemon" [_thread_blocked, id=18792, stack(0x00000010ecd00000,0x00000010ece00000)]
  0x000001987ab8e020 JavaThread "Handler for socket connection from /127.0.0.1:7651 to /127.0.0.1:7652" [_thread_in_native, id=20300, stack(0x00000010ece00000,0x00000010ecf00000)]
  0x000001987ac17d60 JavaThread "Cancel handler" [_thread_blocked, id=11120, stack(0x00000010ecf00000,0x00000010ed000000)]
  0x000001987bd65020 JavaThread "Daemon worker" [_thread_blocked, id=21412, stack(0x00000010ed000000,0x00000010ed100000)]
  0x000001987bb224e0 JavaThread "Asynchronous log dispatcher for DefaultDaemonConnection: socket connection from /127.0.0.1:7651 to /127.0.0.1:7652" [_thread_blocked, id=11756, stack(0x00000010ed100000,0x00000010ed200000)]
  0x000001987bb20800 JavaThread "Stdin handler" [_thread_blocked, id=12908, stack(0x00000010ed200000,0x00000010ed300000)]
  0x000001987bb21670 JavaThread "Daemon client event forwarder" [_thread_blocked, id=15932, stack(0x00000010ed300000,0x00000010ed400000)]
  0x000001987bb229b0 JavaThread "Cache worker for journal cache (D:\dev\gradle\caches\journal-1)" [_thread_blocked, id=15436, stack(0x00000010ed700000,0x00000010ed800000)]
  0x000001987bb1eff0 JavaThread "File lock request listener" [_thread_in_native, id=14540, stack(0x00000010ed800000,0x00000010ed900000)]
  0x000001987bb20cd0 JavaThread "Cache worker for file hash cache (D:\dev\gradle\caches\8.0\fileHashes)" [_thread_blocked, id=7264, stack(0x00000010ed900000,0x00000010eda00000)]
  0x000001987bb211a0 JavaThread "File watcher server" daemon [_thread_blocked, id=12780, stack(0x00000010eda00000,0x00000010edb00000)]
  0x000001987bb21b40 JavaThread "File watcher consumer" daemon [_thread_blocked, id=9592, stack(0x00000010edb00000,0x00000010edc00000)]
  0x000001987bb22010 JavaThread "Cache worker for checksums cache (D:\AndroidStudioProjects\pinokoapp\.gradle\8.0\checksums)" [_thread_blocked, id=1948, stack(0x00000010edc00000,0x00000010edd00000)]
  0x000001987bb1f4c0 JavaThread "Cache worker for cache directory md-rule (D:\dev\gradle\caches\8.0\md-rule)" [_thread_blocked, id=6812, stack(0x00000010edd00000,0x00000010ede00000)]
  0x000001987bb1f990 JavaThread "Cache worker for file content cache (D:\dev\gradle\caches\8.0\fileContent)" [_thread_blocked, id=10996, stack(0x00000010ede00000,0x00000010edf00000)]
  0x000001987bb1fe60 JavaThread "Cache worker for file hash cache (D:\AndroidStudioProjects\pinokoapp\.gradle\8.0\fileHashes)" [_thread_blocked, id=17984, stack(0x00000010edf00000,0x00000010ee000000)]
  0x000001987bb20330 JavaThread "Cache worker for cache directory md-supplier (D:\dev\gradle\caches\8.0\md-supplier)" [_thread_blocked, id=21604, stack(0x00000010ee000000,0x00000010ee100000)]
  0x000001987df4c740 JavaThread "Cache worker for execution history cache (D:\dev\gradle\caches\8.0\executionHistory)" [_thread_blocked, id=21192, stack(0x00000010ee100000,0x00000010ee200000)]
  0x000001987df47a40 JavaThread "jar transforms" [_thread_blocked, id=9160, stack(0x00000010ee200000,0x00000010ee300000)]
  0x000001987df4b400 JavaThread "jar transforms Thread 2" [_thread_blocked, id=21404, stack(0x00000010ee300000,0x00000010ee400000)]
  0x000001987df4c270 JavaThread "Cache worker for kotlin-dsl (D:\dev\gradle\caches\8.0\kotlin-dsl)" [_thread_blocked, id=4804, stack(0x00000010ee500000,0x00000010ee600000)]
  0x000001987df4aa60 JavaThread "jar transforms Thread 3" [_thread_blocked, id=16420, stack(0x00000010ee600000,0x00000010ee700000)]
  0x000001987df4af30 JavaThread "jar transforms Thread 4" [_thread_blocked, id=21424, stack(0x00000010ee700000,0x00000010ee800000)]
  0x000001987df4bda0 JavaThread "Cache worker for dependencies-accessors (D:\AndroidStudioProjects\pinokoapp\.gradle\8.0\dependencies-accessors)" [_thread_blocked, id=18492, stack(0x00000010ee800000,0x00000010ee900000)]
  0x000001987df4b8d0 JavaThread "Cache worker for Build Output Cleanup Cache (D:\AndroidStudioProjects\pinokoapp\.gradle\buildOutputCleanup)" [_thread_blocked, id=5432, stack(0x00000010ee900000,0x00000010eea00000)]
  0x000001987df49bf0 JavaThread "jar transforms Thread 5" [_thread_blocked, id=20072, stack(0x00000010eea00000,0x00000010eeb00000)]
  0x000001987df4a0c0 JavaThread "Unconstrained build operations" [_thread_blocked, id=15664, stack(0x00000010eeb00000,0x00000010eec00000)]
  0x000001987df4cc10 JavaThread "Unconstrained build operations Thread 2" [_thread_blocked, id=20404, stack(0x00000010eec00000,0x00000010eed00000)]
  0x000001987df4df50 JavaThread "Unconstrained build operations Thread 3" [_thread_blocked, id=20040, stack(0x00000010eed00000,0x00000010eee00000)]
  0x000001987df488b0 JavaThread "Unconstrained build operations Thread 4" [_thread_blocked, id=9664, stack(0x00000010eee00000,0x00000010eef00000)]
  0x000001987df4e420 JavaThread "Unconstrained build operations Thread 5" [_thread_blocked, id=20088, stack(0x00000010eef00000,0x00000010ef000000)]
  0x000001987df48d80 JavaThread "Unconstrained build operations Thread 6" [_thread_blocked, id=19500, stack(0x00000010ef000000,0x00000010ef100000)]
  0x000001987df4d5b0 JavaThread "Unconstrained build operations Thread 7" [_thread_blocked, id=10324, stack(0x00000010ef100000,0x00000010ef200000)]
  0x000001987df4da80 JavaThread "Unconstrained build operations Thread 8" [_thread_blocked, id=10956, stack(0x00000010ef200000,0x00000010ef300000)]
  0x000001987df46bd0 JavaThread "Unconstrained build operations Thread 9" [_thread_blocked, id=19876, stack(0x00000010ef300000,0x00000010ef400000)]
  0x000001987df47570 JavaThread "Unconstrained build operations Thread 10" [_thread_blocked, id=16812, stack(0x00000010ef400000,0x00000010ef500000)]
  0x000001987df47f10 JavaThread "Unconstrained build operations Thread 11" [_thread_blocked, id=21092, stack(0x00000010ef500000,0x00000010ef600000)]
  0x000001987df483e0 JavaThread "Unconstrained build operations Thread 12" [_thread_blocked, id=20440, stack(0x00000010ef600000,0x00000010ef700000)]
  0x000001987df49250 JavaThread "Unconstrained build operations Thread 13" [_thread_blocked, id=14416, stack(0x00000010ef700000,0x00000010ef800000)]
  0x000001987bcb5e60 JavaThread "Unconstrained build operations Thread 14" [_thread_blocked, id=20612, stack(0x00000010ef800000,0x00000010ef900000)]
  0x000001987bcb8010 JavaThread "Unconstrained build operations Thread 15" [_thread_blocked, id=5280, stack(0x00000010ef900000,0x00000010efa00000)]
  0x000001987bcb9cf0 JavaThread "Unconstrained build operations Thread 16" [_thread_blocked, id=16648, stack(0x00000010efa00000,0x00000010efb00000)]
  0x000001987bcbb500 JavaThread "Unconstrained build operations Thread 17" [_thread_blocked, id=15448, stack(0x00000010efb00000,0x00000010efc00000)]
  0x000001987bcb7670 JavaThread "Unconstrained build operations Thread 18" [_thread_blocked, id=16652, stack(0x00000010efc00000,0x00000010efd00000)]
  0x000001987bcb6330 JavaThread "Unconstrained build operations Thread 19" [_thread_blocked, id=22180, stack(0x00000010efd00000,0x00000010efe00000)]
  0x000001987bcb5990 JavaThread "Unconstrained build operations Thread 20" [_thread_blocked, id=1956, stack(0x00000010efe00000,0x00000010eff00000)]
  0x000001987bcb4650 JavaThread "Unconstrained build operations Thread 21" [_thread_blocked, id=6328, stack(0x00000010eff00000,0x00000010f0000000)]
  0x000001987bcbb030 JavaThread "Unconstrained build operations Thread 22" [_thread_blocked, id=8420, stack(0x00000010f0000000,0x00000010f0100000)]
  0x000001987bcba1c0 JavaThread "Unconstrained build operations Thread 23" [_thread_blocked, id=13280, stack(0x00000010f0100000,0x00000010f0200000)]
  0x000001987bcb4ff0 JavaThread "Unconstrained build operations Thread 24" [_thread_blocked, id=11676, stack(0x00000010f0200000,0x00000010f0300000)]
  0x000001987bcb9350 JavaThread "Unconstrained build operations Thread 25" [_thread_blocked, id=14156, stack(0x00000010f0300000,0x00000010f0400000)]
  0x000001987bcb89b0 JavaThread "Unconstrained build operations Thread 26" [_thread_blocked, id=22324, stack(0x00000010f0400000,0x00000010f0500000)]
  0x000001987bcb4b20 JavaThread "Unconstrained build operations Thread 27" [_thread_blocked, id=14480, stack(0x00000010f0500000,0x00000010f0600000)]
  0x000001987bcb6cd0 JavaThread "Unconstrained build operations Thread 28" [_thread_blocked, id=1812, stack(0x00000010f0600000,0x00000010f0700000)]
  0x000001987bcb84e0 JavaThread "Unconstrained build operations Thread 29" [_thread_blocked, id=18832, stack(0x00000010f0700000,0x00000010f0800000)]
  0x000001987bcba690 JavaThread "Unconstrained build operations Thread 30" [_thread_blocked, id=12768, stack(0x00000010f0800000,0x00000010f0900000)]
  0x000001987bcbab60 JavaThread "Unconstrained build operations Thread 31" [_thread_blocked, id=21860, stack(0x00000010f0900000,0x00000010f0a00000)]
  0x000001987bcb9820 JavaThread "Unconstrained build operations Thread 32" [_thread_blocked, id=8784, stack(0x00000010f0a00000,0x00000010f0b00000)]
  0x000001987bcb3cb0 JavaThread "Unconstrained build operations Thread 33" [_thread_blocked, id=22120, stack(0x00000010f0b00000,0x00000010f0c00000)]
  0x000001987bcb4180 JavaThread "Unconstrained build operations Thread 34" [_thread_blocked, id=21656, stack(0x00000010f0c00000,0x00000010f0d00000)]
  0x000001987bcb8e80 JavaThread "Unconstrained build operations Thread 35" [_thread_blocked, id=22436, stack(0x00000010f0d00000,0x00000010f0e00000)]
  0x000001987bcb54c0 JavaThread "Unconstrained build operations Thread 36" [_thread_blocked, id=12656, stack(0x00000010f0e00000,0x00000010f0f00000)]
  0x000001987bcb6800 JavaThread "Unconstrained build operations Thread 37" [_thread_blocked, id=18364, stack(0x00000010f0f00000,0x00000010f1000000)]
  0x000001987bcb71a0 JavaThread "Unconstrained build operations Thread 38" [_thread_blocked, id=17052, stack(0x00000010f1000000,0x00000010f1100000)]
  0x000001987bcb7b40 JavaThread "Unconstrained build operations Thread 39" [_thread_blocked, id=14872, stack(0x00000010f1100000,0x00000010f1200000)]
  0x00000198019045c0 JavaThread "Unconstrained build operations Thread 40" [_thread_blocked, id=3800, stack(0x00000010f1200000,0x00000010f1300000)]
  0x00000198019092c0 JavaThread "Unconstrained build operations Thread 41" [_thread_blocked, id=22508, stack(0x00000010f1300000,0x00000010f1400000)]
  0x00000198019040f0 JavaThread "Unconstrained build operations Thread 42" [_thread_blocked, id=22376, stack(0x00000010f1400000,0x00000010f1500000)]
  0x0000019801903750 JavaThread "Unconstrained build operations Thread 43" [_thread_blocked, id=17216, stack(0x00000010f1500000,0x00000010f1600000)]
  0x0000019801905dd0 JavaThread "Unconstrained build operations Thread 44" [_thread_blocked, id=18940, stack(0x00000010f1600000,0x00000010f1700000)]
  0x0000019801902410 JavaThread "Unconstrained build operations Thread 45" [_thread_blocked, id=18428, stack(0x00000010f1700000,0x00000010f1800000)]
  0x00000198019028e0 JavaThread "Unconstrained build operations Thread 46" [_thread_blocked, id=13236, stack(0x00000010f1800000,0x00000010f1900000)]
  0x0000019801904f60 JavaThread "Unconstrained build operations Thread 47" [_thread_blocked, id=17780, stack(0x00000010f1900000,0x00000010f1a00000)]
  0x0000019801908920 JavaThread "Unconstrained build operations Thread 48" [_thread_blocked, id=8396, stack(0x00000010f1a00000,0x00000010f1b00000)]
  0x0000019801905430 JavaThread "Unconstrained build operations Thread 49" [_thread_blocked, id=21620, stack(0x00000010f1b00000,0x00000010f1c00000)]
  0x0000019801907f80 JavaThread "Unconstrained build operations Thread 50" [_thread_blocked, id=16644, stack(0x00000010f1c00000,0x00000010f1d00000)]
  0x0000019801908450 JavaThread "Unconstrained build operations Thread 51" [_thread_blocked, id=14536, stack(0x00000010f1d00000,0x00000010f1e00000)]
  0x00000198019062a0 JavaThread "Unconstrained build operations Thread 52" [_thread_blocked, id=11552, stack(0x00000010f1e00000,0x00000010f1f00000)]
  0x0000019801902db0 JavaThread "Unconstrained build operations Thread 53" [_thread_blocked, id=22408, stack(0x00000010f1f00000,0x00000010f2000000)]
  0x0000019801906770 JavaThread "Unconstrained build operations Thread 54" [_thread_blocked, id=17600, stack(0x00000010f2000000,0x00000010f2100000)]
  0x0000019801904a90 JavaThread "Unconstrained build operations Thread 55" [_thread_blocked, id=13920, stack(0x00000010f2100000,0x00000010f2200000)]
  0x0000019801906c40 JavaThread "Unconstrained build operations Thread 56" [_thread_blocked, id=15912, stack(0x00000010f2200000,0x00000010f2300000)]
  0x0000019801903280 JavaThread "Unconstrained build operations Thread 57" [_thread_blocked, id=4800, stack(0x00000010f2300000,0x00000010f2400000)]
  0x0000019801909790 JavaThread "Unconstrained build operations Thread 58" [_thread_blocked, id=5636, stack(0x00000010f2400000,0x00000010f2500000)]
  0x0000019801907110 JavaThread "Unconstrained build operations Thread 59" [_thread_blocked, id=5312, stack(0x00000010f2500000,0x00000010f2600000)]
  0x0000019801908df0 JavaThread "Unconstrained build operations Thread 60" [_thread_blocked, id=13132, stack(0x00000010f2600000,0x00000010f2700000)]
  0x0000019801905900 JavaThread "Unconstrained build operations Thread 61" [_thread_blocked, id=10608, stack(0x00000010f2700000,0x00000010f2800000)]
  0x0000019801903c20 JavaThread "Unconstrained build operations Thread 62" [_thread_blocked, id=14000, stack(0x00000010f2800000,0x00000010f2900000)]
  0x0000019801901f40 JavaThread "Unconstrained build operations Thread 63" [_thread_blocked, id=10376, stack(0x00000010f2900000,0x00000010f2a00000)]
  0x00000198019075e0 JavaThread "Unconstrained build operations Thread 64" [_thread_blocked, id=5160, stack(0x00000010f2a00000,0x00000010f2b00000)]
  0x0000019801907ab0 JavaThread "Unconstrained build operations Thread 65" [_thread_blocked, id=10280, stack(0x00000010f2b00000,0x00000010f2c00000)]
  0x0000019801d49b40 JavaThread "Unconstrained build operations Thread 66" [_thread_blocked, id=20204, stack(0x00000010f2c00000,0x00000010f2d00000)]
  0x0000019801d48330 JavaThread "Unconstrained build operations Thread 67" [_thread_blocked, id=15144, stack(0x00000010f2d00000,0x00000010f2e00000)]
  0x0000019801d47990 JavaThread "Unconstrained build operations Thread 68" [_thread_blocked, id=12564, stack(0x00000010f2e00000,0x00000010f2f00000)]
  0x0000019801d49670 JavaThread "Unconstrained build operations Thread 69" [_thread_blocked, id=13276, stack(0x00000010f2f00000,0x00000010f3000000)]
  0x0000019801d48800 JavaThread "Unconstrained build operations Thread 70" [_thread_blocked, id=2924, stack(0x00000010f3000000,0x00000010f3100000)]
  0x0000019801d4a010 JavaThread "Unconstrained build operations Thread 71" [_thread_blocked, id=20456, stack(0x00000010f3100000,0x00000010f3200000)]
  0x0000019801d4ae80 JavaThread "Unconstrained build operations Thread 72" [_thread_blocked, id=13384, stack(0x00000010f3200000,0x00000010f3300000)]
  0x0000019801d48cd0 JavaThread "Unconstrained build operations Thread 73" [_thread_blocked, id=19124, stack(0x00000010f3300000,0x00000010f3400000)]
  0x0000019801d4a4e0 JavaThread "Unconstrained build operations Thread 74" [_thread_blocked, id=21256, stack(0x00000010f3400000,0x00000010f3500000)]
  0x0000019801d491a0 JavaThread "Unconstrained build operations Thread 75" [_thread_blocked, id=5788, stack(0x00000010f3500000,0x00000010f3600000)]
  0x0000019801d47e60 JavaThread "Unconstrained build operations Thread 76" [_thread_blocked, id=10256, stack(0x00000010f3600000,0x00000010f3700000)]
  0x0000019801d4a9b0 JavaThread "Unconstrained build operations Thread 77" [_thread_blocked, id=20852, stack(0x00000010f3700000,0x00000010f3800000)]
  0x0000019801d4b350 JavaThread "Unconstrained build operations Thread 78" [_thread_blocked, id=18444, stack(0x00000010f3800000,0x00000010f3900000)]
  0x0000019801e33500 JavaThread "Unconstrained build operations Thread 79" [_thread_blocked, id=5172, stack(0x00000010f3900000,0x00000010f3a00000)]
  0x0000019801e2d4c0 JavaThread "Unconstrained build operations Thread 80" [_thread_blocked, id=10812, stack(0x00000010f3a00000,0x00000010f3b00000)]
  0x0000019801e339d0 JavaThread "jar transforms Thread 6" [_thread_blocked, id=19696, stack(0x00000010f3b00000,0x00000010f3c00000)]
  0x0000019801e32b60 JavaThread "jar transforms Thread 7" [_thread_blocked, id=5556, stack(0x00000010f3c00000,0x00000010f3d00000)]
  0x0000019801e32690 JavaThread "jar transforms Thread 8" [_thread_blocked, id=17040, stack(0x00000010f3d00000,0x00000010f3e00000)]
  0x0000019801e34d10 JavaThread "build event listener" [_thread_blocked, id=15168, stack(0x00000010f3e00000,0x00000010f3f00000)]
  0x0000019801e2ecd0 JavaThread "Memory manager" [_thread_blocked, id=17976, stack(0x00000010f3f00000,0x00000010f4000000)]
  0x0000019801e31350 JavaThread "included builds" [_thread_blocked, id=19260, stack(0x00000010f4000000,0x00000010f4100000)]
  0x0000019801e2e330 JavaThread "Execution worker" [_thread_blocked, id=20280, stack(0x00000010f4100000,0x00000010f4200000)]
  0x0000019801e31820 JavaThread "Execution worker Thread 2" [_thread_blocked, id=16480, stack(0x00000010f4200000,0x00000010f4300000)]
  0x0000019801e31cf0 JavaThread "Execution worker Thread 3" [_thread_blocked, id=11796, stack(0x00000010f4300000,0x00000010f4400000)]
  0x0000019801e33030 JavaThread "Execution worker Thread 4" [_thread_blocked, id=4256, stack(0x00000010f4400000,0x00000010f4500000)]
  0x0000019801e2d990 JavaThread "Execution worker Thread 5" [_thread_blocked, id=18324, stack(0x00000010f4500000,0x00000010f4600000)]
  0x0000019802bb9210 JavaThread "Execution worker Thread 6" [_thread_blocked, id=19904, stack(0x00000010f4600000,0x00000010f4700000)]
  0x0000019802bbcbd0 JavaThread "Execution worker Thread 7" [_thread_blocked, id=19612, stack(0x00000010f4700000,0x00000010f4800000)]
  0x0000019802bb7a00 JavaThread "Cache worker for execution history cache (D:\AndroidStudioProjects\pinokoapp\.gradle\8.0\executionHistory)" [_thread_blocked, id=20016, stack(0x00000010f4800000,0x00000010f4900000)]

Other Threads:
=>0x0000019878a2b9e0 VMThread "VM Thread" [stack: 0x00000010eb700000,0x00000010eb800000] [id=3200]
  0x0000019879657140 WatcherThread [stack: 0x00000010ec300000,0x00000010ec400000] [id=17328]
  0x000001985ec3daa0 GCTaskThread "GC Thread#0" [stack: 0x00000010eb200000,0x00000010eb300000] [id=10564]
  0x0000019879e40120 GCTaskThread "GC Thread#1" [stack: 0x00000010ec600000,0x00000010ec700000] [id=21244]
  0x000001987a1157b0 GCTaskThread "GC Thread#2" [stack: 0x00000010ec700000,0x00000010ec800000] [id=9680]
  0x0000019879e407e0 GCTaskThread "GC Thread#3" [stack: 0x00000010ec800000,0x00000010ec900000] [id=18908]
  0x0000019879fa50e0 GCTaskThread "GC Thread#4" [stack: 0x00000010ec900000,0x00000010eca00000] [id=17636]
  0x0000019879fa5390 GCTaskThread "GC Thread#5" [stack: 0x00000010eca00000,0x00000010ecb00000] [id=1768]
  0x000001987baaaf70 GCTaskThread "GC Thread#6" [stack: 0x00000010ed400000,0x00000010ed500000] [id=2616]
  0x000001987c043e80 GCTaskThread "GC Thread#7" [stack: 0x00000010ed500000,0x00000010ed600000] [id=17452]
  0x000001985ec4e8f0 ConcurrentGCThread "G1 Main Marker" [stack: 0x00000010eb300000,0x00000010eb400000] [id=2164]
  0x000001985ec4f210 ConcurrentGCThread "G1 Conc#0" [stack: 0x00000010eb400000,0x00000010eb500000] [id=13952]
  0x000001987a410d40 ConcurrentGCThread "G1 Conc#1" [stack: 0x00000010ed600000,0x00000010ed700000] [id=8012]
  0x000001985ec9ecf0 ConcurrentGCThread "G1 Refine#0" [stack: 0x00000010eb500000,0x00000010eb600000] [id=7128]
  0x000001987c299030 ConcurrentGCThread "G1 Refine#1" [stack: 0x00000010ee400000,0x00000010ee500000] [id=14588]
  0x00000198788dac00 ConcurrentGCThread "G1 Service" [stack: 0x00000010eb600000,0x00000010eb700000] [id=17212]

Threads with active compile tasks:
C2 CompilerThread0    10106 12180       4       org.gradle.internal.snapshot.VfsRelativePath::compareToFirstSegment (203 bytes)
C2 CompilerThread1    10106 12044   !   4       java.nio.file.FileTreeWalker::visit (204 bytes)

VM state: at safepoint (normal execution)

VM Mutex/Monitor currently owned by a thread:  ([mutex/lock_event])
[0x000001985ebe1880] Threads_lock - owner thread: 0x0000019878a2b9e0
[0x000001985ebe09e0] Heap_lock - owner thread: 0x0000019802bb7a00

Heap address: 0x0000000080000000, size: 2048 MB, Compressed Oops mode: 32-bit

CDS archive(s) not mapped
Compressed class space mapped at: 0x0000000100000000-0x0000000140000000, reserved size: 1073741824
Narrow klass base: 0x0000000000000000, Narrow klass shift: 3, Narrow klass range: 0x140000000

GC Precious Log:
 CPUs: 8 total, 8 available
 Memory: 16179M
 Large Page Support: Disabled
 NUMA Support: Disabled
 Compressed Oops: Enabled (32-bit)
 Heap Region Size: 1M
 Heap Min Capacity: 8M
 Heap Initial Capacity: 254M
 Heap Max Capacity: 2G
 Pre-touch: Disabled
 Parallel Workers: 8
 Concurrent Workers: 2
 Concurrent Refinement Workers: 8
 Periodic GC: Disabled

Heap:
 garbage-first heap   total 260096K, used 109913K [0x0000000080000000, 0x0000000100000000)
  region size 1024K, 7 young (7168K), 7 survivors (7168K)
 Metaspace       used 97050K, committed 97664K, reserved 1138688K
  class space    used 13226K, committed 13504K, reserved 1048576K

Heap Regions: E=young(eden), S=young(survivor), O=old, HS=humongous(starts), HC=humongous(continues), CS=collection set, F=free, OA=open archive, CA=closed archive, TAMS=top-at-mark-start (previous, next)
|   0|0x0000000080000000, 0x0000000080100000, 0x0000000080100000|100%|HS|  |TAMS 0x0000000080100000, 0x0000000080000000| Complete 
|   1|0x0000000080100000, 0x0000000080200000, 0x0000000080200000|100%|HC|  |TAMS 0x0000000080200000, 0x0000000080100000| Complete 
|   2|0x0000000080200000, 0x0000000080300000, 0x0000000080300000|100%|HC|  |TAMS 0x0000000080300000, 0x0000000080200000| Complete 
|   3|0x0000000080300000, 0x0000000080400000, 0x0000000080400000|100%|HC|  |TAMS 0x0000000080400000, 0x0000000080300000| Complete 
|   4|0x0000000080400000, 0x0000000080500000, 0x0000000080500000|100%| O|  |TAMS 0x0000000080500000, 0x0000000080400000| Untracked 
|   5|0x0000000080500000, 0x0000000080600000, 0x0000000080600000|100%| O|  |TAMS 0x0000000080600000, 0x0000000080500000| Untracked 
|   6|0x0000000080600000, 0x0000000080700000, 0x0000000080700000|100%| O|  |TAMS 0x0000000080700000, 0x0000000080600000| Untracked 
|   7|0x0000000080700000, 0x0000000080800000, 0x0000000080800000|100%| O|  |TAMS 0x0000000080800000, 0x0000000080700000| Untracked 
|   8|0x0000000080800000, 0x0000000080900000, 0x0000000080900000|100%| O|  |TAMS 0x0000000080900000, 0x0000000080800000| Untracked 
|   9|0x0000000080900000, 0x0000000080a00000, 0x0000000080a00000|100%| O|  |TAMS 0x0000000080a00000, 0x0000000080900000| Untracked 
|  10|0x0000000080a00000, 0x0000000080b00000, 0x0000000080b00000|100%| O|  |TAMS 0x0000000080b00000, 0x0000000080a00000| Untracked 
|  11|0x0000000080b00000, 0x0000000080c00000, 0x0000000080c00000|100%| O|  |TAMS 0x0000000080c00000, 0x0000000080b00000| Untracked 
|  12|0x0000000080c00000, 0x0000000080d00000, 0x0000000080d00000|100%| O|  |TAMS 0x0000000080d00000, 0x0000000080c00000| Untracked 
|  13|0x0000000080d00000, 0x0000000080e00000, 0x0000000080e00000|100%| O|  |TAMS 0x0000000080e00000, 0x0000000080d00000| Untracked 
|  14|0x0000000080e00000, 0x0000000080f00000, 0x0000000080f00000|100%| O|  |TAMS 0x0000000080f00000, 0x0000000080e00000| Untracked 
|  15|0x0000000080f00000, 0x0000000081000000, 0x0000000081000000|100%| O|  |TAMS 0x0000000081000000, 0x0000000080f00000| Untracked 
|  16|0x0000000081000000, 0x0000000081100000, 0x0000000081100000|100%| O|  |TAMS 0x0000000081100000, 0x0000000081000000| Untracked 
|  17|0x0000000081100000, 0x0000000081200000, 0x0000000081200000|100%| O|  |TAMS 0x0000000081200000, 0x0000000081100000| Untracked 
|  18|0x0000000081200000, 0x0000000081300000, 0x0000000081300000|100%| O|  |TAMS 0x0000000081300000, 0x0000000081200000| Untracked 
|  19|0x0000000081300000, 0x0000000081400000, 0x0000000081400000|100%| O|  |TAMS 0x0000000081400000, 0x0000000081300000| Untracked 
|  20|0x0000000081400000, 0x0000000081500000, 0x0000000081500000|100%| O|  |TAMS 0x0000000081500000, 0x0000000081400000| Untracked 
|  21|0x0000000081500000, 0x0000000081600000, 0x0000000081600000|100%| O|  |TAMS 0x0000000081600000, 0x0000000081500000| Untracked 
|  22|0x0000000081600000, 0x0000000081700000, 0x0000000081700000|100%| O|  |TAMS 0x0000000081700000, 0x0000000081600000| Untracked 
|  23|0x0000000081700000, 0x0000000081800000, 0x0000000081800000|100%| O|  |TAMS 0x0000000081800000, 0x0000000081700000| Untracked 
|  24|0x0000000081800000, 0x0000000081900000, 0x0000000081900000|100%| O|  |TAMS 0x0000000081900000, 0x0000000081800000| Untracked 
|  25|0x0000000081900000, 0x0000000081a00000, 0x0000000081a00000|100%| O|  |TAMS 0x0000000081a00000, 0x0000000081900000| Untracked 
|  26|0x0000000081a00000, 0x0000000081b00000, 0x0000000081b00000|100%| O|  |TAMS 0x0000000081b00000, 0x0000000081a00000| Untracked 
|  27|0x0000000081b00000, 0x0000000081c00000, 0x0000000081c00000|100%| O|  |TAMS 0x0000000081c00000, 0x0000000081b00000| Untracked 
|  28|0x0000000081c00000, 0x0000000081d00000, 0x0000000081d00000|100%| O|  |TAMS 0x0000000081d00000, 0x0000000081c00000| Untracked 
|  29|0x0000000081d00000, 0x0000000081e00000, 0x0000000081e00000|100%| O|  |TAMS 0x0000000081e00000, 0x0000000081d00000| Untracked 
|  30|0x0000000081e00000, 0x0000000081f00000, 0x0000000081f00000|100%| O|  |TAMS 0x0000000081f00000, 0x0000000081e00000| Untracked 
|  31|0x0000000081f00000, 0x0000000082000000, 0x0000000082000000|100%| O|  |TAMS 0x0000000082000000, 0x0000000081f00000| Untracked 
|  32|0x0000000082000000, 0x0000000082100000, 0x0000000082100000|100%| O|  |TAMS 0x0000000082100000, 0x0000000082000000| Untracked 
|  33|0x0000000082100000, 0x0000000082200000, 0x0000000082200000|100%|HS|  |TAMS 0x0000000082200000, 0x0000000082100000| Complete 
|  34|0x0000000082200000, 0x0000000082300000, 0x0000000082300000|100%|HS|  |TAMS 0x0000000082300000, 0x0000000082200000| Complete 
|  35|0x0000000082300000, 0x0000000082400000, 0x0000000082400000|100%|HS|  |TAMS 0x0000000082400000, 0x0000000082300000| Complete 
|  36|0x0000000082400000, 0x0000000082500000, 0x0000000082500000|100%|HC|  |TAMS 0x0000000082500000, 0x0000000082400000| Complete 
|  37|0x0000000082500000, 0x0000000082600000, 0x0000000082600000|100%| O|  |TAMS 0x0000000082600000, 0x0000000082500000| Untracked 
|  38|0x0000000082600000, 0x0000000082700000, 0x0000000082700000|100%| O|  |TAMS 0x0000000082700000, 0x0000000082600000| Untracked 
|  39|0x0000000082700000, 0x0000000082800000, 0x0000000082800000|100%| O|  |TAMS 0x0000000082700000, 0x0000000082700000| Untracked 
|  40|0x0000000082800000, 0x0000000082900000, 0x0000000082900000|100%| O|  |TAMS 0x0000000082900000, 0x0000000082800000| Untracked 
|  41|0x0000000082900000, 0x0000000082a00000, 0x0000000082a00000|100%|HS|  |TAMS 0x0000000082a00000, 0x0000000082900000| Complete 
|  42|0x0000000082a00000, 0x0000000082b00000, 0x0000000082b00000|100%|HS|  |TAMS 0x0000000082b00000, 0x0000000082a00000| Complete 
|  43|0x0000000082b00000, 0x0000000082c00000, 0x0000000082c00000|100%|HC|  |TAMS 0x0000000082c00000, 0x0000000082b00000| Complete 
|  44|0x0000000082c00000, 0x0000000082d00000, 0x0000000082d00000|100%|HC|  |TAMS 0x0000000082d00000, 0x0000000082c00000| Complete 
|  45|0x0000000082d00000, 0x0000000082e00000, 0x0000000082e00000|100%|HC|  |TAMS 0x0000000082e00000, 0x0000000082d00000| Complete 
|  46|0x0000000082e00000, 0x0000000082f00000, 0x0000000082f00000|100%| O|  |TAMS 0x0000000082f00000, 0x0000000082e00000| Untracked 
|  47|0x0000000082f00000, 0x0000000083000000, 0x0000000083000000|100%| O|  |TAMS 0x0000000083000000, 0x0000000082f00000| Untracked 
|  48|0x0000000083000000, 0x0000000083100000, 0x0000000083100000|100%| O|  |TAMS 0x0000000083100000, 0x0000000083000000| Untracked 
|  49|0x0000000083100000, 0x0000000083200000, 0x0000000083200000|100%| O|  |TAMS 0x0000000083100000, 0x0000000083100000| Untracked 
|  50|0x0000000083200000, 0x0000000083300000, 0x0000000083300000|100%| O|  |TAMS 0x0000000083300000, 0x0000000083200000| Untracked 
|  51|0x0000000083300000, 0x0000000083400000, 0x0000000083400000|100%| O|  |TAMS 0x0000000083400000, 0x0000000083300000| Untracked 
|  52|0x0000000083400000, 0x0000000083500000, 0x0000000083500000|100%| O|  |TAMS 0x0000000083500000, 0x0000000083400000| Untracked 
|  53|0x0000000083500000, 0x0000000083600000, 0x0000000083600000|100%| O|  |TAMS 0x0000000083600000, 0x0000000083500000| Untracked 
|  54|0x0000000083600000, 0x0000000083700000, 0x0000000083700000|100%| O|  |TAMS 0x0000000083700000, 0x0000000083600000| Untracked 
|  55|0x0000000083700000, 0x0000000083800000, 0x0000000083800000|100%| O|  |TAMS 0x0000000083800000, 0x0000000083700000| Untracked 
|  56|0x0000000083800000, 0x0000000083900000, 0x0000000083900000|100%| O|  |TAMS 0x0000000083900000, 0x0000000083800000| Untracked 
|  57|0x0000000083900000, 0x0000000083a00000, 0x0000000083a00000|100%| O|  |TAMS 0x0000000083a00000, 0x0000000083900000| Untracked 
|  58|0x0000000083a00000, 0x0000000083b00000, 0x0000000083b00000|100%| O|  |TAMS 0x0000000083b00000, 0x0000000083a00000| Untracked 
|  59|0x0000000083b00000, 0x0000000083c00000, 0x0000000083c00000|100%| O|  |TAMS 0x0000000083c00000, 0x0000000083b00000| Untracked 
|  60|0x0000000083c00000, 0x0000000083d00000, 0x0000000083d00000|100%| O|  |TAMS 0x0000000083d00000, 0x0000000083c00000| Untracked 
|  61|0x0000000083d00000, 0x0000000083e00000, 0x0000000083e00000|100%| O|  |TAMS 0x0000000083e00000, 0x0000000083d00000| Untracked 
|  62|0x0000000083e00000, 0x0000000083f00000, 0x0000000083f00000|100%| O|  |TAMS 0x0000000083f00000, 0x0000000083e00000| Untracked 
|  63|0x0000000083f00000, 0x0000000084000000, 0x0000000084000000|100%| O|  |TAMS 0x0000000084000000, 0x0000000083f00000| Untracked 
|  64|0x0000000084000000, 0x0000000084100000, 0x0000000084100000|100%| O|  |TAMS 0x0000000084100000, 0x0000000084000000| Untracked 
|  65|0x0000000084100000, 0x0000000084200000, 0x0000000084200000|100%| O|  |TAMS 0x00000000841b2008, 0x0000000084100000| Untracked 
|  66|0x0000000084200000, 0x0000000084300000, 0x0000000084300000|100%| O|  |TAMS 0x0000000084200000, 0x0000000084200000| Untracked 
|  67|0x0000000084300000, 0x0000000084400000, 0x0000000084400000|100%| O|  |TAMS 0x0000000084300000, 0x0000000084300000| Untracked 
|  68|0x0000000084400000, 0x0000000084500000, 0x0000000084500000|100%| O|  |TAMS 0x0000000084400000, 0x0000000084400000| Untracked 
|  69|0x0000000084500000, 0x0000000084600000, 0x0000000084600000|100%| O|  |TAMS 0x0000000084500000, 0x0000000084500000| Untracked 
|  70|0x0000000084600000, 0x0000000084700000, 0x0000000084700000|100%| O|  |TAMS 0x0000000084600000, 0x0000000084600000| Untracked 
|  71|0x0000000084700000, 0x0000000084800000, 0x0000000084800000|100%| O|  |TAMS 0x0000000084700000, 0x0000000084700000| Untracked 
|  72|0x0000000084800000, 0x0000000084900000, 0x0000000084900000|100%| O|  |TAMS 0x0000000084800000, 0x0000000084800000| Untracked 
|  73|0x0000000084900000, 0x0000000084a00000, 0x0000000084a00000|100%| O|  |TAMS 0x0000000084900000, 0x0000000084900000| Untracked 
|  74|0x0000000084a00000, 0x0000000084b00000, 0x0000000084b00000|100%| O|  |TAMS 0x0000000084a00000, 0x0000000084a00000| Untracked 
|  75|0x0000000084b00000, 0x0000000084c00000, 0x0000000084c00000|100%| O|  |TAMS 0x0000000084b00000, 0x0000000084b00000| Untracked 
|  76|0x0000000084c00000, 0x0000000084d00000, 0x0000000084d00000|100%| O|  |TAMS 0x0000000084c00000, 0x0000000084c00000| Untracked 
|  77|0x0000000084d00000, 0x0000000084e00000, 0x0000000084e00000|100%| O|  |TAMS 0x0000000084d00000, 0x0000000084d00000| Untracked 
|  78|0x0000000084e00000, 0x0000000084f00000, 0x0000000084f00000|100%| O|  |TAMS 0x0000000084e00000, 0x0000000084e00000| Untracked 
|  79|0x0000000084f00000, 0x0000000085000000, 0x0000000085000000|100%| O|  |TAMS 0x0000000084f00000, 0x0000000084f00000| Untracked 
|  80|0x0000000085000000, 0x0000000085100000, 0x0000000085100000|100%| O|  |TAMS 0x0000000085000000, 0x0000000085000000| Untracked 
|  81|0x0000000085100000, 0x0000000085200000, 0x0000000085200000|100%| O|  |TAMS 0x0000000085100000, 0x0000000085100000| Untracked 
|  82|0x0000000085200000, 0x0000000085300000, 0x0000000085300000|100%| O|  |TAMS 0x0000000085200000, 0x0000000085200000| Untracked 
|  83|0x0000000085300000, 0x0000000085400000, 0x0000000085400000|100%| O|  |TAMS 0x0000000085300000, 0x0000000085300000| Untracked 
|  84|0x0000000085400000, 0x0000000085500000, 0x0000000085500000|100%| O|  |TAMS 0x0000000085400000, 0x0000000085400000| Untracked 
|  85|0x0000000085500000, 0x0000000085600000, 0x0000000085600000|100%| O|  |TAMS 0x0000000085500000, 0x0000000085500000| Untracked 
|  86|0x0000000085600000, 0x0000000085700000, 0x0000000085700000|100%| O|  |TAMS 0x0000000085600000, 0x0000000085600000| Untracked 
|  87|0x0000000085700000, 0x0000000085800000, 0x0000000085800000|100%| O|  |TAMS 0x0000000085700000, 0x0000000085700000| Untracked 
|  88|0x0000000085800000, 0x0000000085900000, 0x0000000085900000|100%| O|  |TAMS 0x0000000085800000, 0x0000000085800000| Untracked 
|  89|0x0000000085900000, 0x0000000085a00000, 0x0000000085a00000|100%| O|  |TAMS 0x0000000085900000, 0x0000000085900000| Untracked 
|  90|0x0000000085a00000, 0x0000000085b00000, 0x0000000085b00000|100%| O|  |TAMS 0x0000000085a00000, 0x0000000085a00000| Untracked 
|  91|0x0000000085b00000, 0x0000000085c00000, 0x0000000085c00000|100%| O|  |TAMS 0x0000000085b00000, 0x0000000085b00000| Untracked 
|  92|0x0000000085c00000, 0x0000000085d00000, 0x0000000085d00000|100%| O|  |TAMS 0x0000000085c00000, 0x0000000085c00000| Untracked 
|  93|0x0000000085d00000, 0x0000000085e00000, 0x0000000085e00000|100%| O|  |TAMS 0x0000000085d00000, 0x0000000085d00000| Untracked 
|  94|0x0000000085e00000, 0x0000000085f00000, 0x0000000085f00000|100%| O|  |TAMS 0x0000000085e00000, 0x0000000085e00000| Untracked 
|  95|0x0000000085f00000, 0x0000000086000000, 0x0000000086000000|100%| O|  |TAMS 0x0000000085f00000, 0x0000000085f00000| Untracked 
|  96|0x0000000086000000, 0x0000000086100000, 0x0000000086100000|100%| O|  |TAMS 0x0000000086000000, 0x0000000086000000| Untracked 
|  97|0x0000000086100000, 0x0000000086200000, 0x0000000086200000|100%| O|  |TAMS 0x0000000086100000, 0x0000000086100000| Untracked 
|  98|0x0000000086200000, 0x0000000086300000, 0x0000000086300000|100%| O|  |TAMS 0x0000000086200000, 0x0000000086200000| Untracked 
|  99|0x0000000086300000, 0x0000000086400000, 0x0000000086400000|100%| O|  |TAMS 0x0000000086300000, 0x0000000086300000| Untracked 
| 100|0x0000000086400000, 0x0000000086500000, 0x0000000086500000|100%| O|  |TAMS 0x0000000086400000, 0x0000000086400000| Untracked 
| 101|0x0000000086500000, 0x0000000086500000, 0x0000000086600000|  0%| F|  |TAMS 0x0000000086500000, 0x0000000086500000| Untracked 
| 102|0x0000000086600000, 0x0000000086600000, 0x0000000086700000|  0%| F|  |TAMS 0x0000000086600000, 0x0000000086600000| Untracked 
| 103|0x0000000086700000, 0x0000000086700000, 0x0000000086800000|  0%| F|  |TAMS 0x0000000086700000, 0x0000000086700000| Untracked 
| 104|0x0000000086800000, 0x0000000086800000, 0x0000000086900000|  0%| F|  |TAMS 0x0000000086800000, 0x0000000086800000| Untracked 
| 105|0x0000000086900000, 0x0000000086900000, 0x0000000086a00000|  0%| F|  |TAMS 0x0000000086900000, 0x0000000086900000| Untracked 
| 106|0x0000000086a00000, 0x0000000086a00000, 0x0000000086b00000|  0%| F|  |TAMS 0x0000000086a00000, 0x0000000086a00000| Untracked 
| 107|0x0000000086b00000, 0x0000000086b00000, 0x0000000086c00000|  0%| F|  |TAMS 0x0000000086b00000, 0x0000000086b00000| Untracked 
| 108|0x0000000086c00000, 0x0000000086c00000, 0x0000000086d00000|  0%| F|  |TAMS 0x0000000086c00000, 0x0000000086c00000| Untracked 
| 109|0x0000000086d00000, 0x0000000086d00000, 0x0000000086e00000|  0%| F|  |TAMS 0x0000000086d00000, 0x0000000086d00000| Untracked 
| 110|0x0000000086e00000, 0x0000000086e00000, 0x0000000086f00000|  0%| F|  |TAMS 0x0000000086e00000, 0x0000000086e00000| Untracked 
| 111|0x0000000086f00000, 0x0000000086f00000, 0x0000000087000000|  0%| F|  |TAMS 0x0000000086f00000, 0x0000000086f00000| Untracked 
| 112|0x0000000087000000, 0x0000000087000000, 0x0000000087100000|  0%| F|  |TAMS 0x0000000087000000, 0x0000000087000000| Untracked 
| 113|0x0000000087100000, 0x0000000087100000, 0x0000000087200000|  0%| F|  |TAMS 0x0000000087100000, 0x0000000087100000| Untracked 
| 114|0x0000000087200000, 0x0000000087200000, 0x0000000087300000|  0%| F|  |TAMS 0x0000000087200000, 0x0000000087200000| Untracked 
| 115|0x0000000087300000, 0x0000000087300000, 0x0000000087400000|  0%| F|  |TAMS 0x0000000087300000, 0x0000000087300000| Untracked 
| 116|0x0000000087400000, 0x0000000087400000, 0x0000000087500000|  0%| F|  |TAMS 0x0000000087400000, 0x0000000087400000| Untracked 
| 117|0x0000000087500000, 0x0000000087500000, 0x0000000087600000|  0%| F|  |TAMS 0x0000000087500000, 0x0000000087500000| Untracked 
| 118|0x0000000087600000, 0x0000000087600000, 0x0000000087700000|  0%| F|  |TAMS 0x0000000087600000, 0x0000000087600000| Untracked 
| 119|0x0000000087700000, 0x0000000087700000, 0x0000000087800000|  0%| F|  |TAMS 0x0000000087700000, 0x0000000087700000| Untracked 
| 120|0x0000000087800000, 0x0000000087800000, 0x0000000087900000|  0%| F|  |TAMS 0x0000000087800000, 0x0000000087800000| Untracked 
| 121|0x0000000087900000, 0x0000000087900000, 0x0000000087a00000|  0%| F|  |TAMS 0x0000000087900000, 0x0000000087900000| Untracked 
| 122|0x0000000087a00000, 0x0000000087a00000, 0x0000000087b00000|  0%| F|  |TAMS 0x0000000087a00000, 0x0000000087a00000| Untracked 
| 123|0x0000000087b00000, 0x0000000087b00000, 0x0000000087c00000|  0%| F|  |TAMS 0x0000000087b00000, 0x0000000087b00000| Untracked 
| 124|0x0000000087c00000, 0x0000000087c00000, 0x0000000087d00000|  0%| F|  |TAMS 0x0000000087c00000, 0x0000000087c00000| Untracked 
| 125|0x0000000087d00000, 0x0000000087d00000, 0x0000000087e00000|  0%| F|  |TAMS 0x0000000087d00000, 0x0000000087d00000| Untracked 
| 126|0x0000000087e00000, 0x0000000087e00000, 0x0000000087f00000|  0%| F|  |TAMS 0x0000000087e00000, 0x0000000087e00000| Untracked 
| 127|0x0000000087f00000, 0x0000000087f00000, 0x0000000088000000|  0%| F|  |TAMS 0x0000000087f00000, 0x0000000087f00000| Untracked 
| 128|0x0000000088000000, 0x0000000088000000, 0x0000000088100000|  0%| F|  |TAMS 0x0000000088000000, 0x0000000088000000| Untracked 
| 129|0x0000000088100000, 0x0000000088100000, 0x0000000088200000|  0%| F|  |TAMS 0x0000000088100000, 0x0000000088100000| Untracked 
| 130|0x0000000088200000, 0x0000000088200000, 0x0000000088300000|  0%| F|  |TAMS 0x0000000088200000, 0x0000000088200000| Untracked 
| 131|0x0000000088300000, 0x0000000088300000, 0x0000000088400000|  0%| F|  |TAMS 0x0000000088300000, 0x0000000088300000| Untracked 
| 132|0x0000000088400000, 0x0000000088400000, 0x0000000088500000|  0%| F|  |TAMS 0x0000000088400000, 0x0000000088400000| Untracked 
| 133|0x0000000088500000, 0x0000000088500000, 0x0000000088600000|  0%| F|  |TAMS 0x0000000088500000, 0x0000000088500000| Untracked 
| 134|0x0000000088600000, 0x0000000088656490, 0x0000000088700000| 33%| S|CS|TAMS 0x0000000088600000, 0x0000000088600000| Complete 
| 135|0x0000000088700000, 0x0000000088800000, 0x0000000088800000|100%| S|CS|TAMS 0x0000000088700000, 0x0000000088700000| Complete 
| 136|0x0000000088800000, 0x0000000088800000, 0x0000000088900000|  0%| F|  |TAMS 0x0000000088800000, 0x0000000088800000| Untracked 
| 137|0x0000000088900000, 0x0000000088900000, 0x0000000088a00000|  0%| F|  |TAMS 0x0000000088900000, 0x0000000088900000| Untracked 
| 138|0x0000000088a00000, 0x0000000088a00000, 0x0000000088b00000|  0%| F|  |TAMS 0x0000000088a00000, 0x0000000088a00000| Untracked 
| 139|0x0000000088b00000, 0x0000000088c00000, 0x0000000088c00000|100%| S|CS|TAMS 0x0000000088b00000, 0x0000000088b00000| Complete 
| 140|0x0000000088c00000, 0x0000000088d00000, 0x0000000088d00000|100%| S|CS|TAMS 0x0000000088c00000, 0x0000000088c00000| Complete 
| 141|0x0000000088d00000, 0x0000000088e00000, 0x0000000088e00000|100%| S|CS|TAMS 0x0000000088d00000, 0x0000000088d00000| Complete 
| 142|0x0000000088e00000, 0x0000000088f00000, 0x0000000088f00000|100%| S|CS|TAMS 0x0000000088e00000, 0x0000000088e00000| Complete 
| 143|0x0000000088f00000, 0x0000000089000000, 0x0000000089000000|100%| S|CS|TAMS 0x0000000088f00000, 0x0000000088f00000| Complete 
| 144|0x0000000089000000, 0x0000000089000000, 0x0000000089100000|  0%| F|  |TAMS 0x0000000089000000, 0x0000000089000000| Untracked 
| 145|0x0000000089100000, 0x0000000089100000, 0x0000000089200000|  0%| F|  |TAMS 0x0000000089100000, 0x0000000089100000| Untracked 
| 146|0x0000000089200000, 0x0000000089200000, 0x0000000089300000|  0%| F|  |TAMS 0x0000000089200000, 0x0000000089200000| Untracked 
| 147|0x0000000089300000, 0x0000000089300000, 0x0000000089400000|  0%| F|  |TAMS 0x0000000089300000, 0x0000000089300000| Untracked 
| 148|0x0000000089400000, 0x0000000089400000, 0x0000000089500000|  0%| F|  |TAMS 0x0000000089400000, 0x0000000089400000| Untracked 
| 149|0x0000000089500000, 0x0000000089500000, 0x0000000089600000|  0%| F|  |TAMS 0x0000000089500000, 0x0000000089500000| Untracked 
| 150|0x0000000089600000, 0x0000000089600000, 0x0000000089700000|  0%| F|  |TAMS 0x0000000089600000, 0x0000000089600000| Untracked 
| 151|0x0000000089700000, 0x0000000089700000, 0x0000000089800000|  0%| F|  |TAMS 0x0000000089700000, 0x0000000089700000| Untracked 
| 152|0x0000000089800000, 0x0000000089800000, 0x0000000089900000|  0%| F|  |TAMS 0x0000000089800000, 0x0000000089800000| Untracked 
| 153|0x0000000089900000, 0x0000000089900000, 0x0000000089a00000|  0%| F|  |TAMS 0x0000000089900000, 0x0000000089900000| Untracked 
| 154|0x0000000089a00000, 0x0000000089a00000, 0x0000000089b00000|  0%| F|  |TAMS 0x0000000089a00000, 0x0000000089a00000| Untracked 
| 155|0x0000000089b00000, 0x0000000089b00000, 0x0000000089c00000|  0%| F|  |TAMS 0x0000000089b00000, 0x0000000089b00000| Untracked 
| 156|0x0000000089c00000, 0x0000000089c00000, 0x0000000089d00000|  0%| F|  |TAMS 0x0000000089c00000, 0x0000000089c00000| Untracked 
| 157|0x0000000089d00000, 0x0000000089d00000, 0x0000000089e00000|  0%| F|  |TAMS 0x0000000089d00000, 0x0000000089d00000| Untracked 
| 158|0x0000000089e00000, 0x0000000089e00000, 0x0000000089f00000|  0%| F|  |TAMS 0x0000000089e00000, 0x0000000089e00000| Untracked 
| 159|0x0000000089f00000, 0x0000000089f00000, 0x000000008a000000|  0%| F|  |TAMS 0x0000000089f00000, 0x0000000089f00000| Untracked 
| 160|0x000000008a000000, 0x000000008a000000, 0x000000008a100000|  0%| F|  |TAMS 0x000000008a000000, 0x000000008a000000| Untracked 
| 161|0x000000008a100000, 0x000000008a100000, 0x000000008a200000|  0%| F|  |TAMS 0x000000008a100000, 0x000000008a100000| Untracked 
| 162|0x000000008a200000, 0x000000008a200000, 0x000000008a300000|  0%| F|  |TAMS 0x000000008a200000, 0x000000008a200000| Untracked 
| 163|0x000000008a300000, 0x000000008a300000, 0x000000008a400000|  0%| F|  |TAMS 0x000000008a300000, 0x000000008a300000| Untracked 
| 164|0x000000008a400000, 0x000000008a400000, 0x000000008a500000|  0%| F|  |TAMS 0x000000008a400000, 0x000000008a400000| Untracked 
| 165|0x000000008a500000, 0x000000008a500000, 0x000000008a600000|  0%| F|  |TAMS 0x000000008a500000, 0x000000008a500000| Untracked 
| 166|0x000000008a600000, 0x000000008a600000, 0x000000008a700000|  0%| F|  |TAMS 0x000000008a600000, 0x000000008a600000| Untracked 
| 167|0x000000008a700000, 0x000000008a700000, 0x000000008a800000|  0%| F|  |TAMS 0x000000008a700000, 0x000000008a700000| Untracked 
| 168|0x000000008a800000, 0x000000008a800000, 0x000000008a900000|  0%| F|  |TAMS 0x000000008a800000, 0x000000008a800000| Untracked 
| 169|0x000000008a900000, 0x000000008a900000, 0x000000008aa00000|  0%| F|  |TAMS 0x000000008a900000, 0x000000008a900000| Untracked 
| 170|0x000000008aa00000, 0x000000008aa00000, 0x000000008ab00000|  0%| F|  |TAMS 0x000000008aa00000, 0x000000008aa00000| Untracked 
| 171|0x000000008ab00000, 0x000000008ab00000, 0x000000008ac00000|  0%| F|  |TAMS 0x000000008ab00000, 0x000000008ab00000| Untracked 
| 172|0x000000008ac00000, 0x000000008ac00000, 0x000000008ad00000|  0%| F|  |TAMS 0x000000008ac00000, 0x000000008ac00000| Untracked 
| 173|0x000000008ad00000, 0x000000008ad00000, 0x000000008ae00000|  0%| F|  |TAMS 0x000000008ad00000, 0x000000008ad00000| Untracked 
| 174|0x000000008ae00000, 0x000000008ae00000, 0x000000008af00000|  0%| F|  |TAMS 0x000000008ae00000, 0x000000008ae00000| Untracked 
| 175|0x000000008af00000, 0x000000008af00000, 0x000000008b000000|  0%| F|  |TAMS 0x000000008af00000, 0x000000008af00000| Untracked 
| 176|0x000000008b000000, 0x000000008b000000, 0x000000008b100000|  0%| F|  |TAMS 0x000000008b000000, 0x000000008b000000| Untracked 
| 177|0x000000008b100000, 0x000000008b100000, 0x000000008b200000|  0%| F|  |TAMS 0x000000008b100000, 0x000000008b100000| Untracked 
| 178|0x000000008b200000, 0x000000008b200000, 0x000000008b300000|  0%| F|  |TAMS 0x000000008b200000, 0x000000008b200000| Untracked 
| 179|0x000000008b300000, 0x000000008b300000, 0x000000008b400000|  0%| F|  |TAMS 0x000000008b300000, 0x000000008b300000| Untracked 
| 180|0x000000008b400000, 0x000000008b400000, 0x000000008b500000|  0%| F|  |TAMS 0x000000008b400000, 0x000000008b400000| Untracked 
| 181|0x000000008b500000, 0x000000008b500000, 0x000000008b600000|  0%| F|  |TAMS 0x000000008b500000, 0x000000008b500000| Untracked 
| 182|0x000000008b600000, 0x000000008b600000, 0x000000008b700000|  0%| F|  |TAMS 0x000000008b600000, 0x000000008b600000| Untracked 
| 183|0x000000008b700000, 0x000000008b700000, 0x000000008b800000|  0%| F|  |TAMS 0x000000008b700000, 0x000000008b700000| Untracked 
| 184|0x000000008b800000, 0x000000008b800000, 0x000000008b900000|  0%| F|  |TAMS 0x000000008b800000, 0x000000008b800000| Untracked 
| 185|0x000000008b900000, 0x000000008b900000, 0x000000008ba00000|  0%| F|  |TAMS 0x000000008b900000, 0x000000008b900000| Untracked 
| 186|0x000000008ba00000, 0x000000008ba00000, 0x000000008bb00000|  0%| F|  |TAMS 0x000000008ba00000, 0x000000008ba00000| Untracked 
| 187|0x000000008bb00000, 0x000000008bb00000, 0x000000008bc00000|  0%| F|  |TAMS 0x000000008bb00000, 0x000000008bb00000| Untracked 
| 188|0x000000008bc00000, 0x000000008bc00000, 0x000000008bd00000|  0%| F|  |TAMS 0x000000008bc00000, 0x000000008bc00000| Untracked 
| 189|0x000000008bd00000, 0x000000008bd00000, 0x000000008be00000|  0%| F|  |TAMS 0x000000008bd00000, 0x000000008bd00000| Untracked 
| 190|0x000000008be00000, 0x000000008be00000, 0x000000008bf00000|  0%| F|  |TAMS 0x000000008be00000, 0x000000008be00000| Untracked 
| 191|0x000000008bf00000, 0x000000008bf00000, 0x000000008c000000|  0%| F|  |TAMS 0x000000008bf00000, 0x000000008bf00000| Untracked 
| 192|0x000000008c000000, 0x000000008c000000, 0x000000008c100000|  0%| F|  |TAMS 0x000000008c000000, 0x000000008c000000| Untracked 
| 193|0x000000008c100000, 0x000000008c100000, 0x000000008c200000|  0%| F|  |TAMS 0x000000008c100000, 0x000000008c100000| Untracked 
| 194|0x000000008c200000, 0x000000008c200000, 0x000000008c300000|  0%| F|  |TAMS 0x000000008c200000, 0x000000008c200000| Untracked 
| 195|0x000000008c300000, 0x000000008c300000, 0x000000008c400000|  0%| F|  |TAMS 0x000000008c300000, 0x000000008c300000| Untracked 
| 196|0x000000008c400000, 0x000000008c400000, 0x000000008c500000|  0%| F|  |TAMS 0x000000008c400000, 0x000000008c400000| Untracked 
| 197|0x000000008c500000, 0x000000008c500000, 0x000000008c600000|  0%| F|  |TAMS 0x000000008c500000, 0x000000008c500000| Untracked 
| 198|0x000000008c600000, 0x000000008c600000, 0x000000008c700000|  0%| F|  |TAMS 0x000000008c600000, 0x000000008c600000| Untracked 
| 199|0x000000008c700000, 0x000000008c700000, 0x000000008c800000|  0%| F|  |TAMS 0x000000008c700000, 0x000000008c700000| Untracked 
| 200|0x000000008c800000, 0x000000008c800000, 0x000000008c900000|  0%| F|  |TAMS 0x000000008c800000, 0x000000008c800000| Untracked 
| 201|0x000000008c900000, 0x000000008c900000, 0x000000008ca00000|  0%| F|  |TAMS 0x000000008c900000, 0x000000008c900000| Untracked 
| 202|0x000000008ca00000, 0x000000008ca00000, 0x000000008cb00000|  0%| F|  |TAMS 0x000000008ca00000, 0x000000008ca00000| Untracked 
| 203|0x000000008cb00000, 0x000000008cb00000, 0x000000008cc00000|  0%| F|  |TAMS 0x000000008cb00000, 0x000000008cb00000| Untracked 
| 204|0x000000008cc00000, 0x000000008cc00000, 0x000000008cd00000|  0%| F|  |TAMS 0x000000008cc00000, 0x000000008cc00000| Untracked 
| 205|0x000000008cd00000, 0x000000008cd00000, 0x000000008ce00000|  0%| F|  |TAMS 0x000000008cd00000, 0x000000008cd00000| Untracked 
| 206|0x000000008ce00000, 0x000000008ce00000, 0x000000008cf00000|  0%| F|  |TAMS 0x000000008ce00000, 0x000000008ce00000| Untracked 
| 207|0x000000008cf00000, 0x000000008cf00000, 0x000000008d000000|  0%| F|  |TAMS 0x000000008cf00000, 0x000000008cf00000| Untracked 
| 208|0x000000008d000000, 0x000000008d000000, 0x000000008d100000|  0%| F|  |TAMS 0x000000008d000000, 0x000000008d000000| Untracked 
| 209|0x000000008d100000, 0x000000008d100000, 0x000000008d200000|  0%| F|  |TAMS 0x000000008d100000, 0x000000008d100000| Untracked 
| 210|0x000000008d200000, 0x000000008d200000, 0x000000008d300000|  0%| F|  |TAMS 0x000000008d200000, 0x000000008d200000| Untracked 
| 211|0x000000008d300000, 0x000000008d300000, 0x000000008d400000|  0%| F|  |TAMS 0x000000008d300000, 0x000000008d300000| Untracked 
| 212|0x000000008d400000, 0x000000008d400000, 0x000000008d500000|  0%| F|  |TAMS 0x000000008d400000, 0x000000008d400000| Untracked 
| 213|0x000000008d500000, 0x000000008d500000, 0x000000008d600000|  0%| F|  |TAMS 0x000000008d500000, 0x000000008d500000| Untracked 
| 214|0x000000008d600000, 0x000000008d600000, 0x000000008d700000|  0%| F|  |TAMS 0x000000008d600000, 0x000000008d600000| Untracked 
| 215|0x000000008d700000, 0x000000008d700000, 0x000000008d800000|  0%| F|  |TAMS 0x000000008d700000, 0x000000008d700000| Untracked 
| 216|0x000000008d800000, 0x000000008d800000, 0x000000008d900000|  0%| F|  |TAMS 0x000000008d800000, 0x000000008d800000| Untracked 
| 217|0x000000008d900000, 0x000000008d900000, 0x000000008da00000|  0%| F|  |TAMS 0x000000008d900000, 0x000000008d900000| Untracked 
| 218|0x000000008da00000, 0x000000008da00000, 0x000000008db00000|  0%| F|  |TAMS 0x000000008da00000, 0x000000008da00000| Untracked 
| 219|0x000000008db00000, 0x000000008db00000, 0x000000008dc00000|  0%| F|  |TAMS 0x000000008db00000, 0x000000008db00000| Untracked 
| 220|0x000000008dc00000, 0x000000008dc00000, 0x000000008dd00000|  0%| F|  |TAMS 0x000000008dc00000, 0x000000008dc00000| Untracked 
| 221|0x000000008dd00000, 0x000000008dd00000, 0x000000008de00000|  0%| F|  |TAMS 0x000000008dd00000, 0x000000008dd00000| Untracked 
| 222|0x000000008de00000, 0x000000008de00000, 0x000000008df00000|  0%| F|  |TAMS 0x000000008de00000, 0x000000008de00000| Untracked 
| 223|0x000000008df00000, 0x000000008df00000, 0x000000008e000000|  0%| F|  |TAMS 0x000000008df00000, 0x000000008df00000| Untracked 
| 224|0x000000008e000000, 0x000000008e000000, 0x000000008e100000|  0%| F|  |TAMS 0x000000008e000000, 0x000000008e000000| Untracked 
| 225|0x000000008e100000, 0x000000008e100000, 0x000000008e200000|  0%| F|  |TAMS 0x000000008e100000, 0x000000008e100000| Untracked 
| 226|0x000000008e200000, 0x000000008e200000, 0x000000008e300000|  0%| F|  |TAMS 0x000000008e200000, 0x000000008e200000| Untracked 
| 227|0x000000008e300000, 0x000000008e300000, 0x000000008e400000|  0%| F|  |TAMS 0x000000008e300000, 0x000000008e300000| Untracked 
| 228|0x000000008e400000, 0x000000008e400000, 0x000000008e500000|  0%| F|  |TAMS 0x000000008e400000, 0x000000008e400000| Untracked 
| 229|0x000000008e500000, 0x000000008e500000, 0x000000008e600000|  0%| F|  |TAMS 0x000000008e500000, 0x000000008e500000| Untracked 
| 230|0x000000008e600000, 0x000000008e600000, 0x000000008e700000|  0%| F|  |TAMS 0x000000008e600000, 0x000000008e600000| Untracked 
| 231|0x000000008e700000, 0x000000008e700000, 0x000000008e800000|  0%| F|  |TAMS 0x000000008e700000, 0x000000008e700000| Untracked 
| 232|0x000000008e800000, 0x000000008e800000, 0x000000008e900000|  0%| F|  |TAMS 0x000000008e800000, 0x000000008e800000| Untracked 
| 233|0x000000008e900000, 0x000000008e900000, 0x000000008ea00000|  0%| F|  |TAMS 0x000000008e900000, 0x000000008e900000| Untracked 
| 234|0x000000008ea00000, 0x000000008ea00000, 0x000000008eb00000|  0%| F|  |TAMS 0x000000008ea00000, 0x000000008ea00000| Untracked 
| 235|0x000000008eb00000, 0x000000008eb00000, 0x000000008ec00000|  0%| F|  |TAMS 0x000000008eb00000, 0x000000008eb00000| Untracked 
| 236|0x000000008ec00000, 0x000000008ec00000, 0x000000008ed00000|  0%| F|  |TAMS 0x000000008ec00000, 0x000000008ec00000| Untracked 
| 237|0x000000008ed00000, 0x000000008ed00000, 0x000000008ee00000|  0%| F|  |TAMS 0x000000008ed00000, 0x000000008ed00000| Untracked 
| 238|0x000000008ee00000, 0x000000008ee00000, 0x000000008ef00000|  0%| F|  |TAMS 0x000000008ee00000, 0x000000008ee00000| Untracked 
| 239|0x000000008ef00000, 0x000000008ef00000, 0x000000008f000000|  0%| F|  |TAMS 0x000000008ef00000, 0x000000008ef00000| Untracked 
| 240|0x000000008f000000, 0x000000008f000000, 0x000000008f100000|  0%| F|  |TAMS 0x000000008f000000, 0x000000008f000000| Untracked 
| 241|0x000000008f100000, 0x000000008f100000, 0x000000008f200000|  0%| F|  |TAMS 0x000000008f100000, 0x000000008f100000| Untracked 
| 242|0x000000008f200000, 0x000000008f200000, 0x000000008f300000|  0%| F|  |TAMS 0x000000008f200000, 0x000000008f200000| Untracked 
| 243|0x000000008f300000, 0x000000008f300000, 0x000000008f400000|  0%| F|  |TAMS 0x000000008f300000, 0x000000008f300000| Untracked 
| 244|0x000000008f400000, 0x000000008f400000, 0x000000008f500000|  0%| F|  |TAMS 0x000000008f400000, 0x000000008f400000| Untracked 
| 245|0x000000008f500000, 0x000000008f500000, 0x000000008f600000|  0%| F|  |TAMS 0x000000008f500000, 0x000000008f500000| Untracked 
| 246|0x000000008f600000, 0x000000008f600000, 0x000000008f700000|  0%| F|  |TAMS 0x000000008f600000, 0x000000008f600000| Untracked 
| 247|0x000000008f700000, 0x000000008f700000, 0x000000008f800000|  0%| F|  |TAMS 0x000000008f700000, 0x000000008f700000| Untracked 
| 248|0x000000008f800000, 0x000000008f800000, 0x000000008f900000|  0%| F|  |TAMS 0x000000008f800000, 0x000000008f800000| Untracked 
| 249|0x000000008f900000, 0x000000008f900000, 0x000000008fa00000|  0%| F|  |TAMS 0x000000008f900000, 0x000000008f900000| Untracked 
| 250|0x000000008fa00000, 0x000000008fa00000, 0x000000008fb00000|  0%| F|  |TAMS 0x000000008fa00000, 0x000000008fa00000| Untracked 
| 251|0x000000008fb00000, 0x000000008fb00000, 0x000000008fc00000|  0%| F|  |TAMS 0x000000008fb00000, 0x000000008fb00000| Untracked 
| 252|0x000000008fc00000, 0x000000008fc00000, 0x000000008fd00000|  0%| F|  |TAMS 0x000000008fc00000, 0x000000008fc00000| Untracked 
| 253|0x000000008fd00000, 0x000000008fd00000, 0x000000008fe00000|  0%| F|  |TAMS 0x000000008fd00000, 0x000000008fd00000| Untracked 

Card table byte_map: [0x00000198717d0000,0x0000019871bd0000] _byte_map_base: 0x00000198713d0000

Marking Bits (Prev, Next): (CMBitMap*) 0x000001985ec3e000, (CMBitMap*) 0x000001985ec3dfc0
 Prev Bits: [0x0000019873fd0000, 0x0000019875fd0000)
 Next Bits: [0x0000019871fd0000, 0x0000019873fd0000)

Polling page: 0x000001985cb60000

Metaspace:

Usage:
  Non-class:     81.86 MB used.
      Class:     12.92 MB used.
       Both:     94.78 MB used.

Virtual space:
  Non-class space:       88.00 MB reserved,      82.19 MB ( 93%) committed,  11 nodes.
      Class space:        1.00 GB reserved,      13.19 MB (  1%) committed,  1 nodes.
             Both:        1.09 GB reserved,      95.38 MB (  9%) committed. 

Chunk freelists:
   Non-Class:  1.81 MB
       Class:  2.75 MB
        Both:  4.57 MB

MaxMetaspaceSize: unlimited
CompressedClassSpaceSize: 1.00 GB
Initial GC threshold: 21.00 MB
Current GC threshold: 127.31 MB
CDS: off
MetaspaceReclaimPolicy: balanced
 - commit_granule_bytes: 65536.
 - commit_granule_words: 8192.
 - virtual_space_node_default_size: 1048576.
 - enlarge_chunks_in_place: 1.
 - new_chunks_are_fully_committed: 0.
 - uncommit_free_chunks: 1.
 - use_allocation_guard: 0.
 - handle_deallocations: 1.


Internal statistics:

num_allocs_failed_limit: 6.
num_arena_births: 1030.
num_arena_deaths: 0.
num_vsnodes_births: 12.
num_vsnodes_deaths: 0.
num_space_committed: 1526.
num_space_uncommitted: 0.
num_chunks_returned_to_freelist: 6.
num_chunks_taken_from_freelist: 4651.
num_chunk_merges: 6.
num_chunk_splits: 3047.
num_chunks_enlarged: 2032.
num_purges: 0.
num_inconsistent_stats: 0.

CodeHeap 'non-profiled nmethods': size=120000Kb used=5342Kb max_used=5630Kb free=114657Kb
 bounds [0x0000019869b70000, 0x000001986a0f0000, 0x00000198710a0000]
CodeHeap 'profiled nmethods': size=120000Kb used=20636Kb max_used=20731Kb free=99363Kb
 bounds [0x00000198620a0000, 0x00000198634e0000, 0x00000198695d0000]
CodeHeap 'non-nmethods': size=5760Kb used=2401Kb max_used=2466Kb free=3359Kb
 bounds [0x00000198695d0000, 0x0000019869850000, 0x0000019869b70000]
 total_blobs=11484 nmethods=10560 adapters=836
 compilation: enabled
              stopped_count=0, restarted_count=0
 full_count=0

Compilation events (20 events):
Event: 10.071 Thread 0x00000198794b0180 12215       2       java.nio.MappedByteBuffer::flip (5 bytes)
Event: 10.071 Thread 0x00000198794b0180 nmethod 12215 0x00000198621ba190 code [0x00000198621ba320, 0x00000198621ba438]
Event: 10.071 Thread 0x00000198794b0180 12216       1       org.gradle.api.internal.tasks.properties.DefaultCacheableOutputFilePropertySpec::getOutputType (5 bytes)
Event: 10.071 Thread 0x00000198794b0180 nmethod 12216 0x0000019869db1c90 code [0x0000019869db1e20, 0x0000019869db1ef8]
Event: 10.072 Thread 0x00000198794b0180 12217       2       org.gradle.api.internal.tasks.properties.AbstractValidatingProperty::prepareValue (10 bytes)
Event: 10.072 Thread 0x00000198794b0180 nmethod 12217 0x0000019862469410 code [0x00000198624695a0, 0x00000198624696c8]
Event: 10.072 Thread 0x00000198794b0180 12218       2       java.util.Spliterators$IteratorSpliterator::forEachRemaining (58 bytes)
Event: 10.072 Thread 0x00000198794b0180 nmethod 12218 0x0000019862468e10 code [0x0000019862468fe0, 0x0000019862469298]
Event: 10.074 Thread 0x00000198794b0180 12219       2       org.gradle.api.internal.tasks.properties.FileParameterUtils::resolveInputFileValue (26 bytes)
Event: 10.075 Thread 0x00000198794b0180 nmethod 12219 0x0000019862468990 code [0x0000019862468b40, 0x0000019862468cd8]
Event: 10.075 Thread 0x00000198794b0180 12221       2       org.gradle.api.internal.provider.AbstractProperty$NonFinalizedValue::finalState (10 bytes)
Event: 10.075 Thread 0x00000198794b0180 nmethod 12221 0x0000019862468610 code [0x00000198624687a0, 0x00000198624688b8]
Event: 10.075 Thread 0x00000198794b0180 12220       2       org.gradle.api.internal.file.DefaultFileCollectionFactory::resolvingLeniently (9 bytes)
Event: 10.075 Thread 0x00000198794b0180 nmethod 12220 0x0000019862468010 code [0x00000198624681e0, 0x0000019862468488]
Event: 10.075 Thread 0x00000198794b0180 12223       2       org.gradle.internal.properties.annotations.NestedBeanAnnotationHandler::visitPropertyValue (52 bytes)
Event: 10.076 Thread 0x00000198794b0180 nmethod 12223 0x0000019862467690 code [0x00000198624678a0, 0x0000019862467cd8]
Event: 10.076 Thread 0x00000198794b0180 12224       2       org.gradle.launcher.daemon.protocol.Message::<init> (5 bytes)
Event: 10.076 Thread 0x00000198794b0180 nmethod 12224 0x0000019862ac5010 code [0x0000019862ac51a0, 0x0000019862ac5298]
Event: 10.076 Thread 0x00000198794b0180 12222       1       org.gradle.internal.MutableBoolean::set (6 bytes)
Event: 10.076 Thread 0x00000198794b0180 nmethod 12222 0x0000019869db1990 code [0x0000019869db1b20, 0x0000019869db1bf8]

GC Heap History (20 events):
Event: 6.257 GC heap after
{Heap after GC invocations=27 (full 0):
 garbage-first heap   total 122880K, used 63745K [0x0000000080000000, 0x0000000100000000)
  region size 1024K, 3 young (3072K), 3 survivors (3072K)
 Metaspace       used 70921K, committed 71488K, reserved 1114112K
  class space    used 9391K, committed 9664K, reserved 1048576K
}
Event: 6.569 GC heap before
{Heap before GC invocations=28 (full 0):
 garbage-first heap   total 122880K, used 99585K [0x0000000080000000, 0x0000000100000000)
  region size 1024K, 38 young (38912K), 3 survivors (3072K)
 Metaspace       used 75445K, committed 76032K, reserved 1122304K
  class space    used 10006K, committed 10304K, reserved 1048576K
}
Event: 6.572 GC heap after
{Heap after GC invocations=29 (full 0):
 garbage-first heap   total 122880K, used 66403K [0x0000000080000000, 0x0000000100000000)
  region size 1024K, 3 young (3072K), 3 survivors (3072K)
 Metaspace       used 75445K, committed 76032K, reserved 1122304K
  class space    used 10006K, committed 10304K, reserved 1048576K
}
Event: 6.597 GC heap before
{Heap before GC invocations=29 (full 0):
 garbage-first heap   total 122880K, used 69475K [0x0000000080000000, 0x0000000100000000)
  region size 1024K, 6 young (6144K), 3 survivors (3072K)
 Metaspace       used 75603K, committed 76224K, reserved 1122304K
  class space    used 10020K, committed 10304K, reserved 1048576K
}
Event: 6.599 GC heap after
{Heap after GC invocations=30 (full 0):
 garbage-first heap   total 122880K, used 67240K [0x0000000080000000, 0x0000000100000000)
  region size 1024K, 1 young (1024K), 1 survivors (1024K)
 Metaspace       used 75603K, committed 76224K, reserved 1122304K
  class space    used 10020K, committed 10304K, reserved 1048576K
}
Event: 6.819 GC heap before
{Heap before GC invocations=30 (full 0):
 garbage-first heap   total 122880K, used 101032K [0x0000000080000000, 0x0000000100000000)
  region size 1024K, 34 young (34816K), 1 survivors (1024K)
 Metaspace       used 77283K, committed 77888K, reserved 1122304K
  class space    used 10256K, committed 10560K, reserved 1048576K
}
Event: 6.822 GC heap after
{Heap after GC invocations=31 (full 0):
 garbage-first heap   total 211968K, used 70160K [0x0000000080000000, 0x0000000100000000)
  region size 1024K, 4 young (4096K), 4 survivors (4096K)
 Metaspace       used 77283K, committed 77888K, reserved 1122304K
  class space    used 10256K, committed 10560K, reserved 1048576K
}
Event: 7.616 GC heap before
{Heap before GC invocations=32 (full 0):
 garbage-first heap   total 211968K, used 146960K [0x0000000080000000, 0x0000000100000000)
  region size 1024K, 78 young (79872K), 4 survivors (4096K)
 Metaspace       used 85556K, committed 86208K, reserved 1130496K
  class space    used 11609K, committed 11904K, reserved 1048576K
}
Event: 7.622 GC heap after
{Heap after GC invocations=33 (full 0):
 garbage-first heap   total 211968K, used 75453K [0x0000000080000000, 0x0000000100000000)
  region size 1024K, 9 young (9216K), 9 survivors (9216K)
 Metaspace       used 85556K, committed 86208K, reserved 1130496K
  class space    used 11609K, committed 11904K, reserved 1048576K
}
Event: 7.635 GC heap before
{Heap before GC invocations=33 (full 0):
 garbage-first heap   total 211968K, used 76477K [0x0000000080000000, 0x0000000100000000)
  region size 1024K, 10 young (10240K), 9 survivors (9216K)
 Metaspace       used 85620K, committed 86272K, reserved 1130496K
  class space    used 11616K, committed 11904K, reserved 1048576K
}
Event: 7.640 GC heap after
{Heap after GC invocations=34 (full 0):
 garbage-first heap   total 211968K, used 75867K [0x0000000080000000, 0x0000000100000000)
  region size 1024K, 2 young (2048K), 2 survivors (2048K)
 Metaspace       used 85620K, committed 86272K, reserved 1130496K
  class space    used 11616K, committed 11904K, reserved 1048576K
}
Event: 8.575 GC heap before
{Heap before GC invocations=34 (full 0):
 garbage-first heap   total 211968K, used 165979K [0x0000000080000000, 0x0000000100000000)
  region size 1024K, 90 young (92160K), 2 survivors (2048K)
 Metaspace       used 93489K, committed 94080K, reserved 1130496K
  class space    used 12725K, committed 12992K, reserved 1048576K
}
Event: 8.581 GC heap after
{Heap after GC invocations=35 (full 0):
 garbage-first heap   total 211968K, used 82747K [0x0000000080000000, 0x0000000100000000)
  region size 1024K, 8 young (8192K), 8 survivors (8192K)
 Metaspace       used 93489K, committed 94080K, reserved 1130496K
  class space    used 12725K, committed 12992K, reserved 1048576K
}
Event: 9.047 GC heap before
{Heap before GC invocations=35 (full 0):
 garbage-first heap   total 211968K, used 167739K [0x0000000080000000, 0x0000000100000000)
  region size 1024K, 91 young (93184K), 8 survivors (8192K)
 Metaspace       used 95638K, committed 96320K, reserved 1138688K
  class space    used 13132K, committed 13440K, reserved 1048576K
}
Event: 9.057 GC heap after
{Heap after GC invocations=36 (full 0):
 garbage-first heap   total 211968K, used 94531K [0x0000000080000000, 0x0000000100000000)
  region size 1024K, 12 young (12288K), 12 survivors (12288K)
 Metaspace       used 95638K, committed 96320K, reserved 1138688K
  class space    used 13132K, committed 13440K, reserved 1048576K
}
Event: 9.394 GC heap before
{Heap before GC invocations=36 (full 0):
 garbage-first heap   total 211968K, used 166211K [0x0000000080000000, 0x0000000100000000)
  region size 1024K, 83 young (84992K), 12 survivors (12288K)
 Metaspace       used 96099K, committed 96768K, reserved 1138688K
  class space    used 13140K, committed 13440K, reserved 1048576K
}
Event: 9.403 GC heap after
{Heap after GC invocations=37 (full 0):
 garbage-first heap   total 211968K, used 100804K [0x0000000080000000, 0x0000000100000000)
  region size 1024K, 7 young (7168K), 7 survivors (7168K)
 Metaspace       used 96099K, committed 96768K, reserved 1138688K
  class space    used 13140K, committed 13440K, reserved 1048576K
}
Event: 9.733 GC heap before
{Heap before GC invocations=37 (full 0):
 garbage-first heap   total 211968K, used 169412K [0x0000000080000000, 0x0000000100000000)
  region size 1024K, 75 young (76800K), 7 survivors (7168K)
 Metaspace       used 96577K, committed 97216K, reserved 1138688K
  class space    used 13188K, committed 13504K, reserved 1048576K
}
Event: 9.738 GC heap after
{Heap after GC invocations=38 (full 0):
 garbage-first heap   total 211968K, used 105743K [0x0000000080000000, 0x0000000100000000)
  region size 1024K, 8 young (8192K), 8 survivors (8192K)
 Metaspace       used 96577K, committed 97216K, reserved 1138688K
  class space    used 13188K, committed 13504K, reserved 1048576K
}
Event: 10.078 GC heap before
{Heap before GC invocations=38 (full 0):
 garbage-first heap   total 211968K, used 169231K [0x0000000080000000, 0x0000000100000000)
  region size 1024K, 71 young (72704K), 8 survivors (8192K)
 Metaspace       used 97050K, committed 97664K, reserved 1138688K
  class space    used 13226K, committed 13504K, reserved 1048576K
}

Dll operation events (2 events):
Event: 0.009 Loaded shared library D:\Android\Android Studio\jbr\bin\java.dll
Event: 0.285 Loaded shared library D:\Android\Android Studio\jbr\bin\verify.dll

Deoptimization events (20 events):
Event: 9.962 Thread 0x0000019801e31820 DEOPT PACKING pc=0x0000019869e56f0c sp=0x00000010f42f8a50
Event: 9.962 Thread 0x0000019801e31820 DEOPT UNPACKING pc=0x000001986962a1a3 sp=0x00000010f42f89d0 mode 2
Event: 9.975 Thread 0x0000019801e31820 Uncommon trap: trap_request=0xffffffc6 fr.pc=0x0000019869f53f40 relative=0x0000000000000120
Event: 9.975 Thread 0x0000019801e31820 Uncommon trap: reason=bimorphic_or_optimized_type_check action=maybe_recompile pc=0x0000019869f53f40 method=com.google.common.collect.RegularImmutableMap.checkNoConflictInKeyBucket(Ljava/lang/Object;Ljava/lang/Object;Lcom/google/common/collect/ImmutableMa
Event: 9.975 Thread 0x0000019801e31820 DEOPT PACKING pc=0x0000019869f53f40 sp=0x00000010f42fcfc0
Event: 9.975 Thread 0x0000019801e31820 DEOPT UNPACKING pc=0x000001986962a1a3 sp=0x00000010f42fcf58 mode 2
Event: 10.005 Thread 0x0000019801e31820 Uncommon trap: trap_request=0xffffffd6 fr.pc=0x0000019869e7d60c relative=0x00000000000007ec
Event: 10.005 Thread 0x0000019801e31820 Uncommon trap: reason=array_check action=maybe_recompile pc=0x0000019869e7d60c method=java.util.TimSort.reverseRange([Ljava/lang/Object;II)V @ 27 c2
Event: 10.005 Thread 0x0000019801e31820 DEOPT PACKING pc=0x0000019869e7d60c sp=0x00000010f42fc390
Event: 10.005 Thread 0x0000019801e31820 DEOPT UNPACKING pc=0x000001986962a1a3 sp=0x00000010f42fc2d0 mode 2
Event: 10.008 Thread 0x0000019801e31820 Uncommon trap: trap_request=0xffffffd6 fr.pc=0x0000019869e7d60c relative=0x00000000000007ec
Event: 10.008 Thread 0x0000019801e31820 Uncommon trap: reason=array_check action=maybe_recompile pc=0x0000019869e7d60c method=java.util.TimSort.reverseRange([Ljava/lang/Object;II)V @ 27 c2
Event: 10.008 Thread 0x0000019801e31820 DEOPT PACKING pc=0x0000019869e7d60c sp=0x00000010f42faea0
Event: 10.008 Thread 0x0000019801e31820 DEOPT UNPACKING pc=0x000001986962a1a3 sp=0x00000010f42fade0 mode 2
Event: 10.035 Thread 0x0000019802bbcbd0 Uncommon trap: trap_request=0xffffffc6 fr.pc=0x0000019869f53f40 relative=0x0000000000000120
Event: 10.035 Thread 0x0000019802bbcbd0 Uncommon trap: reason=bimorphic_or_optimized_type_check action=maybe_recompile pc=0x0000019869f53f40 method=com.google.common.collect.RegularImmutableMap.checkNoConflictInKeyBucket(Ljava/lang/Object;Ljava/lang/Object;Lcom/google/common/collect/ImmutableMa
Event: 10.035 Thread 0x0000019802bbcbd0 DEOPT PACKING pc=0x0000019869f53f40 sp=0x00000010f47fcf20
Event: 10.035 Thread 0x0000019802bbcbd0 DEOPT UNPACKING pc=0x000001986962a1a3 sp=0x00000010f47fceb8 mode 2
Event: 10.053 Thread 0x00000198019040f0 DEOPT PACKING pc=0x0000019862f5b356 sp=0x00000010f14fce90
Event: 10.053 Thread 0x00000198019040f0 DEOPT UNPACKING pc=0x000001986962ace3 sp=0x00000010f14fc338 mode 0

Classes unloaded (0 events):
No events

Classes redefined (0 events):
No events

Internal exceptions (20 events):
Event: 9.005 Thread 0x000001987bcb6330 Exception <a 'java/lang/NoSuchMethodError'{0x00000000885826d0}: 'java.lang.Object java.lang.invoke.DirectMethodHandle$Holder.invokeSpecialIFC(java.lang.Object, java.lang.Object, java.lang.Object)'> (0x00000000885826d0) 
thrown [s\src\hotspot\share\interpreter\linkResolver.cpp, line 771]
Event: 9.005 Thread 0x00000198019075e0 Exception <a 'java/lang/NoSuchMethodError'{0x000000008859edf0}: 'java.lang.Object java.lang.invoke.DirectMethodHandle$Holder.invokeSpecialIFC(java.lang.Object, java.lang.Object, java.lang.Object)'> (0x000000008859edf0) 
thrown [s\src\hotspot\share\interpreter\linkResolver.cpp, line 771]
Event: 9.005 Thread 0x0000019801d47e60 Exception <a 'java/lang/NoSuchMethodError'{0x0000000088568760}: 'java.lang.Object java.lang.invoke.DirectMethodHandle$Holder.invokeSpecialIFC(java.lang.Object, java.lang.Object, java.lang.Object)'> (0x0000000088568760) 
thrown [s\src\hotspot\share\interpreter\linkResolver.cpp, line 771]
Event: 9.005 Thread 0x000001987bcba1c0 Exception <a 'java/lang/NoSuchMethodError'{0x00000000885c5ec8}: 'java.lang.Object java.lang.invoke.DirectMethodHandle$Holder.invokeSpecialIFC(java.lang.Object, java.lang.Object, java.lang.Object)'> (0x00000000885c5ec8) 
thrown [s\src\hotspot\share\interpreter\linkResolver.cpp, line 771]
Event: 9.005 Thread 0x0000019801907f80 Exception <a 'java/lang/NoSuchMethodError'{0x00000000885b0c48}: 'java.lang.Object java.lang.invoke.DirectMethodHandle$Holder.invokeSpecialIFC(java.lang.Object, java.lang.Object, java.lang.Object)'> (0x00000000885b0c48) 
thrown [s\src\hotspot\share\interpreter\linkResolver.cpp, line 771]
Event: 9.005 Thread 0x000001987df483e0 Exception <a 'java/lang/NoSuchMethodError'{0x0000000088515a78}: 'java.lang.Object java.lang.invoke.DirectMethodHandle$Holder.invokeSpecialIFC(java.lang.Object, java.lang.Object, java.lang.Object)'> (0x0000000088515a78) 
thrown [s\src\hotspot\share\interpreter\linkResolver.cpp, line 771]
Event: 9.005 Thread 0x0000019801d4a9b0 Exception <a 'java/lang/NoSuchMethodError'{0x0000000088534238}: 'java.lang.Object java.lang.invoke.DirectMethodHandle$Holder.invokeSpecialIFC(java.lang.Object, java.lang.Object, java.lang.Object)'> (0x0000000088534238) 
thrown [s\src\hotspot\share\interpreter\linkResolver.cpp, line 771]
Event: 9.005 Thread 0x0000019801e31820 Exception <a 'java/lang/NoSuchMethodError'{0x000000008854a7d0}: 'java.lang.Object java.lang.invoke.DirectMethodHandle$Holder.invokeSpecialIFC(java.lang.Object, java.lang.Object, java.lang.Object)'> (0x000000008854a7d0) 
thrown [s\src\hotspot\share\interpreter\linkResolver.cpp, line 771]
Event: 9.097 Thread 0x0000019801907110 Exception <a 'java/lang/NoSuchMethodError'{0x000000008c381278}: 'void java.lang.invoke.DirectMethodHandle$Holder.invokeVirtual(java.lang.Object, java.lang.Object)'> (0x000000008c381278) 
thrown [s\src\hotspot\share\interpreter\linkResolver.cpp, line 771]
Event: 9.298 Thread 0x00000198019045c0 Implicit null exception at 0x000001986a0c46db to 0x000001986a0c4764
Event: 9.583 Thread 0x0000019801d47990 Implicit null exception at 0x0000019869d83242 to 0x0000019869d83bd4
Event: 9.641 Thread 0x0000019801e31820 Exception <a 'java/lang/NoSuchMethodError'{0x000000008a56f208}: static Lcom/android/build/gradle/internal/scope/InternalArtifactType;.<clinit>()V> (0x000000008a56f208) 
thrown [s\src\hotspot\share\prims\jni.cpp, line 1108]
Event: 9.642 Thread 0x0000019801e31820 Exception <a 'java/lang/NoSuchMethodError'{0x000000008a570960}: static Lcom/android/build/gradle/internal/scope/InternalArtifactType;.<clinit>()V> (0x000000008a570960) 
thrown [s\src\hotspot\share\prims\jni.cpp, line 1108]
Event: 9.642 Thread 0x0000019801e31820 Exception <a 'java/lang/NoSuchMethodError'{0x000000008a573b00}: static Lcom/android/build/api/artifact/Artifact$Single;.<clinit>()V> (0x000000008a573b00) 
thrown [s\src\hotspot\share\prims\jni.cpp, line 1108]
Event: 9.642 Thread 0x0000019801e31820 Exception <a 'java/lang/NoSuchMethodError'{0x000000008a576090}: static Ljava/lang/Object;.<clinit>()V> (0x000000008a576090) 
thrown [s\src\hotspot\share\prims\jni.cpp, line 1108]
Event: 9.642 Thread 0x0000019801e31820 Exception <a 'java/lang/NoSuchMethodError'{0x000000008a58c4d0}: static Lcom/android/build/api/artifact/ArtifactKind;.<clinit>()V> (0x000000008a58c4d0) 
thrown [s\src\hotspot\share\prims\jni.cpp, line 1108]
Event: 9.642 Thread 0x0000019801e31820 Exception <a 'java/lang/NoSuchMethodError'{0x000000008a58d690}: static Lcom/android/build/api/artifact/ArtifactKind;.<clinit>()V> (0x000000008a58d690) 
thrown [s\src\hotspot\share\prims\jni.cpp, line 1108]
Event: 9.849 Thread 0x0000019801e31820 Exception <a 'java/lang/NoSuchMethodError'{0x000000008b80d690}: 'int java.lang.invoke.DirectMethodHandle$Holder.invokeSpecial(java.lang.Object, java.lang.Object, java.lang.Object, java.lang.Object, java.lang.Object)'> (0x000000008b80d690) 
thrown [s\src\hotspot\share\interpreter\linkResolver.cpp, line 771]
Event: 10.005 Thread 0x0000019801e31820 Exception <a 'java/lang/NoSuchMethodError'{0x000000008a1745b0}: static Ljava/lang/Object;.<clinit>()V> (0x000000008a1745b0) 
thrown [s\src\hotspot\share\prims\jni.cpp, line 1108]
Event: 10.037 Thread 0x0000019802bbcbd0 Exception <a 'sun/nio/fs/WindowsException'{0x0000000089c1b818}> (0x0000000089c1b818) 
thrown [s\src\hotspot\share\prims\jni.cpp, line 517]

VM Operations (20 events):
Event: 9.578 Executing VM operation: ICBufferFull done
Event: 9.645 Executing VM operation: HandshakeAllThreads
Event: 9.645 Executing VM operation: HandshakeAllThreads done
Event: 9.652 Executing VM operation: HandshakeAllThreads
Event: 9.652 Executing VM operation: HandshakeAllThreads done
Event: 9.654 Executing VM operation: HandshakeAllThreads
Event: 9.654 Executing VM operation: HandshakeAllThreads done
Event: 9.732 Executing VM operation: G1CollectForAllocation
Event: 9.738 Executing VM operation: G1CollectForAllocation done
Event: 9.836 Executing VM operation: ICBufferFull
Event: 9.837 Executing VM operation: ICBufferFull done
Event: 9.845 Executing VM operation: HandshakeAllThreads
Event: 9.845 Executing VM operation: HandshakeAllThreads done
Event: 9.847 Executing VM operation: HandshakeAllThreads
Event: 9.847 Executing VM operation: HandshakeAllThreads done
Event: 9.848 Executing VM operation: HandshakeAllThreads
Event: 9.848 Executing VM operation: HandshakeAllThreads done
Event: 9.965 Executing VM operation: ICBufferFull
Event: 9.966 Executing VM operation: ICBufferFull done
Event: 10.077 Executing VM operation: G1CollectForAllocation

Events (20 events):
Event: 9.534 Thread 0x00000198794b1a00 flushing nmethod 0x00000198630b5690
Event: 9.534 Thread 0x00000198794b1a00 flushing nmethod 0x00000198630f9910
Event: 9.534 Thread 0x00000198794b1a00 flushing nmethod 0x00000198630fb210
Event: 9.534 Thread 0x00000198794b1a00 flushing nmethod 0x0000019863124510
Event: 9.534 Thread 0x00000198794b1a00 flushing nmethod 0x0000019863171390
Event: 9.534 Thread 0x00000198794b1a00 flushing nmethod 0x00000198631ac190
Event: 9.534 Thread 0x00000198794b1a00 flushing nmethod 0x00000198631ae290
Event: 9.534 Thread 0x00000198794b1a00 flushing nmethod 0x00000198631b3910
Event: 9.534 Thread 0x00000198794b1a00 flushing nmethod 0x00000198631bd090
Event: 9.534 Thread 0x00000198794b1a00 flushing nmethod 0x00000198631ce790
Event: 9.534 Thread 0x00000198794b1a00 flushing nmethod 0x00000198631dc510
Event: 9.534 Thread 0x00000198794b1a00 flushing nmethod 0x00000198631de390
Event: 9.534 Thread 0x00000198794b1a00 flushing nmethod 0x00000198631ded90
Event: 9.535 Thread 0x00000198794b1a00 flushing nmethod 0x00000198632df210
Event: 9.535 Thread 0x00000198794b1a00 flushing nmethod 0x00000198632ebe90
Event: 9.535 Thread 0x00000198794b1a00 flushing nmethod 0x00000198632f3710
Event: 9.535 Thread 0x00000198794b1a00 flushing nmethod 0x000001986330b390
Event: 9.536 Thread 0x00000198794b1a00 flushing nmethod 0x00000198633c2210
Event: 9.832 loading class java/nio/file/FileTreeWalker$1
Event: 9.832 loading class java/nio/file/FileTreeWalker$1 done


Dynamic libraries:
0x00007ff76ef50000 - 0x00007ff76ef5a000 	D:\Android\Android Studio\jbr\bin\java.exe
0x00007ffc34ed0000 - 0x00007ffc350e7000 	C:\WINDOWS\SYSTEM32\ntdll.dll
0x00007ffc33620000 - 0x00007ffc336e4000 	C:\WINDOWS\System32\KERNEL32.DLL
0x00007ffc326a0000 - 0x00007ffc32a46000 	C:\WINDOWS\System32\KERNELBASE.dll
0x00007ffc32b00000 - 0x00007ffc32c11000 	C:\WINDOWS\System32\ucrtbase.dll
0x00007ffc16980000 - 0x00007ffc16997000 	D:\Android\Android Studio\jbr\bin\jli.dll
0x00007ffc12760000 - 0x00007ffc1277b000 	D:\Android\Android Studio\jbr\bin\VCRUNTIME140.dll
0x00007ffc33d20000 - 0x00007ffc33ece000 	C:\WINDOWS\System32\USER32.dll
0x00007ffc21cd0000 - 0x00007ffc21f63000 	C:\WINDOWS\WinSxS\amd64_microsoft.windows.common-controls_6595b64144ccf1df_6.0.22621.2506_none_270c5ae97388e100\COMCTL32.dll
0x00007ffc32a50000 - 0x00007ffc32a76000 	C:\WINDOWS\System32\win32u.dll
0x00007ffc33470000 - 0x00007ffc33499000 	C:\WINDOWS\System32\GDI32.dll
0x00007ffc336f0000 - 0x00007ffc33797000 	C:\WINDOWS\System32\msvcrt.dll
0x00007ffc32240000 - 0x00007ffc32358000 	C:\WINDOWS\System32\gdi32full.dll
0x00007ffc323d0000 - 0x00007ffc3246a000 	C:\WINDOWS\System32\msvcp_win.dll
0x00007ffc33fd0000 - 0x00007ffc34001000 	C:\WINDOWS\System32\IMM32.DLL
0x00007ffc191c0000 - 0x00007ffc191cc000 	D:\Android\Android Studio\jbr\bin\vcruntime140_1.dll
0x00007ffbfe440000 - 0x00007ffbfe4cd000 	D:\Android\Android Studio\jbr\bin\msvcp140.dll
0x00007ffbae450000 - 0x00007ffbaf0be000 	D:\Android\Android Studio\jbr\bin\server\jvm.dll
0x00007ffc337a0000 - 0x00007ffc33851000 	C:\WINDOWS\System32\ADVAPI32.dll
0x00007ffc33b90000 - 0x00007ffc33c35000 	C:\WINDOWS\System32\sechost.dll
0x00007ffc32d80000 - 0x00007ffc32e97000 	C:\WINDOWS\System32\RPCRT4.dll
0x00007ffc29a60000 - 0x00007ffc29a69000 	C:\WINDOWS\SYSTEM32\WSOCK32.dll
0x00007ffc27af0000 - 0x00007ffc27b24000 	C:\WINDOWS\SYSTEM32\WINMM.dll
0x00007ffc33ab0000 - 0x00007ffc33b21000 	C:\WINDOWS\System32\WS2_32.dll
0x00007ffc24ad0000 - 0x00007ffc24ada000 	C:\WINDOWS\SYSTEM32\VERSION.dll
0x00007ffc312f0000 - 0x00007ffc31308000 	C:\WINDOWS\SYSTEM32\kernel.appcore.dll
0x00007ffc28550000 - 0x00007ffc2855a000 	D:\Android\Android Studio\jbr\bin\jimage.dll
0x00007ffc2fa00000 - 0x00007ffc2fc33000 	C:\WINDOWS\SYSTEM32\DBGHELP.DLL
0x00007ffc32f20000 - 0x00007ffc332a9000 	C:\WINDOWS\System32\combase.dll
0x00007ffc33c40000 - 0x00007ffc33d17000 	C:\WINDOWS\System32\OLEAUT32.dll
0x00007ffc24b50000 - 0x00007ffc24b82000 	C:\WINDOWS\SYSTEM32\dbgcore.DLL
0x00007ffc32a80000 - 0x00007ffc32afa000 	C:\WINDOWS\System32\bcryptPrimitives.dll
0x00007ffc13e40000 - 0x00007ffc13e65000 	D:\Android\Android Studio\jbr\bin\java.dll
0x00007ffc13b10000 - 0x00007ffc13b28000 	D:\Android\Android Studio\jbr\bin\zip.dll
0x00007ffc340d0000 - 0x00007ffc3492a000 	C:\WINDOWS\System32\SHELL32.dll
0x00007ffc30120000 - 0x00007ffc30a16000 	C:\WINDOWS\SYSTEM32\windows.storage.dll
0x00007ffc2ffe0000 - 0x00007ffc3011e000 	C:\WINDOWS\SYSTEM32\wintypes.dll
0x00007ffc33ed0000 - 0x00007ffc33fc3000 	C:\WINDOWS\System32\SHCORE.dll
0x00007ffc34010000 - 0x00007ffc3406e000 	C:\WINDOWS\System32\shlwapi.dll
0x00007ffc32170000 - 0x00007ffc32196000 	C:\WINDOWS\SYSTEM32\profapi.dll
0x00007ffc12590000 - 0x00007ffc125a9000 	D:\Android\Android Studio\jbr\bin\net.dll
0x00007ffc293d0000 - 0x00007ffc29507000 	C:\WINDOWS\SYSTEM32\WINHTTP.dll
0x00007ffc31780000 - 0x00007ffc317e9000 	C:\WINDOWS\system32\mswsock.dll
0x00007ffc12570000 - 0x00007ffc12586000 	D:\Android\Android Studio\jbr\bin\nio.dll
0x00007ffc27a70000 - 0x00007ffc27a80000 	D:\Android\Android Studio\jbr\bin\verify.dll
0x00007ffc24a00000 - 0x00007ffc24a27000 	D:\dev\gradle\native\68d5fa5c4cc2d200863cafc0d521ce42e7d3e7ee720ec0a83991735586a16f82\windows-amd64\native-platform.dll
0x00007ffc02530000 - 0x00007ffc02674000 	D:\dev\gradle\native\e376f236ea51e6404a007f0833ffe2c6e607c4080706a723a18a27aeea778392\windows-amd64\native-platform-file-events.dll
0x00007ffc28200000 - 0x00007ffc28209000 	D:\Android\Android Studio\jbr\bin\management.dll
0x00007ffc27b40000 - 0x00007ffc27b4b000 	D:\Android\Android Studio\jbr\bin\management_ext.dll
0x00007ffc33b80000 - 0x00007ffc33b88000 	C:\WINDOWS\System32\PSAPI.DLL
0x00007ffc319e0000 - 0x00007ffc319fb000 	C:\WINDOWS\SYSTEM32\CRYPTSP.dll
0x00007ffc31250000 - 0x00007ffc31285000 	C:\WINDOWS\system32\rsaenh.dll
0x00007ffc31880000 - 0x00007ffc318ac000 	C:\WINDOWS\SYSTEM32\USERENV.dll
0x00007ffc31bf0000 - 0x00007ffc31c18000 	C:\WINDOWS\SYSTEM32\bcrypt.dll
0x00007ffc31a00000 - 0x00007ffc31a0c000 	C:\WINDOWS\SYSTEM32\CRYPTBASE.dll
0x00007ffc30d30000 - 0x00007ffc30d5d000 	C:\WINDOWS\SYSTEM32\IPHLPAPI.DLL
0x00007ffc34950000 - 0x00007ffc34959000 	C:\WINDOWS\System32\NSI.dll
0x00007ffc292c0000 - 0x00007ffc292d9000 	C:\WINDOWS\SYSTEM32\dhcpcsvc6.DLL
0x00007ffc29210000 - 0x00007ffc2922f000 	C:\WINDOWS\SYSTEM32\dhcpcsvc.DLL
0x00007ffc30db0000 - 0x00007ffc30ea9000 	C:\WINDOWS\SYSTEM32\DNSAPI.dll
0x00007ffc22060000 - 0x00007ffc22068000 	C:\WINDOWS\system32\wshunix.dll
0x00007ffbd7bc0000 - 0x00007ffbd7bd7000 	C:\WINDOWS\system32\napinsp.dll
0x00007ffbd7ba0000 - 0x00007ffbd7bbb000 	C:\WINDOWS\system32\pnrpnsp.dll
0x00007ffbd7b80000 - 0x00007ffbd7b91000 	C:\WINDOWS\System32\winrnr.dll
0x00007ffbf9430000 - 0x00007ffbf9445000 	C:\WINDOWS\system32\wshbth.dll
0x00007ffc24d20000 - 0x00007ffc24d41000 	C:\WINDOWS\system32\nlansp_c.dll
0x00007ffc279f0000 - 0x00007ffc279fa000 	C:\Windows\System32\rasadhlp.dll
0x00007ffc284a0000 - 0x00007ffc28523000 	C:\WINDOWS\System32\fwpuclnt.dll

dbghelp: loaded successfully - version: 4.0.5 - missing functions: none
symbol engine: initialized successfully - sym options: 0x614 - pdb path: .;D:\Android\Android Studio\jbr\bin;C:\WINDOWS\SYSTEM32;C:\WINDOWS\WinSxS\amd64_microsoft.windows.common-controls_6595b64144ccf1df_6.0.22621.2506_none_270c5ae97388e100;D:\Android\Android Studio\jbr\bin\server;D:\dev\gradle\native\68d5fa5c4cc2d200863cafc0d521ce42e7d3e7ee720ec0a83991735586a16f82\windows-amd64;D:\dev\gradle\native\e376f236ea51e6404a007f0833ffe2c6e607c4080706a723a18a27aeea778392\windows-amd64

VM Arguments:
jvm_args: --add-opens=java.base/java.util=ALL-UNNAMED --add-opens=java.base/java.lang=ALL-UNNAMED --add-opens=java.base/java.lang.invoke=ALL-UNNAMED --add-opens=java.prefs/java.util.prefs=ALL-UNNAMED --add-opens=java.base/java.nio.charset=ALL-UNNAMED --add-opens=java.base/java.net=ALL-UNNAMED --add-opens=java.base/java.util.concurrent.atomic=ALL-UNNAMED -Xmx2048m -Dfile.encoding=UTF-8 -Duser.country=CN -Duser.language=zh -Duser.variant 
java_command: org.gradle.launcher.daemon.bootstrap.GradleDaemon 8.0
java_class_path (initial): D:\dev\gradle\wrapper\dists\gradle-8.0-bin\ca5e32bp14vu59qr306oxotwh\gradle-8.0\lib\gradle-launcher-8.0.jar
Launcher Type: SUN_STANDARD

[Global flags]
     intx CICompilerCount                          = 4                                         {product} {ergonomic}
     uint ConcGCThreads                            = 2                                         {product} {ergonomic}
     uint G1ConcRefinementThreads                  = 8                                         {product} {ergonomic}
   size_t G1HeapRegionSize                         = 1048576                                   {product} {ergonomic}
    uintx GCDrainStackTargetSize                   = 64                                        {product} {ergonomic}
   size_t InitialHeapSize                          = 266338304                                 {product} {ergonomic}
   size_t MarkStackSize                            = 4194304                                   {product} {ergonomic}
   size_t MaxHeapSize                              = 2147483648                                {product} {command line}
   size_t MaxNewSize                               = 1287651328                                {product} {ergonomic}
   size_t MinHeapDeltaBytes                        = 1048576                                   {product} {ergonomic}
   size_t MinHeapSize                              = 8388608                                   {product} {ergonomic}
    uintx NonNMethodCodeHeapSize                   = 5839372                                {pd product} {ergonomic}
    uintx NonProfiledCodeHeapSize                  = 122909434                              {pd product} {ergonomic}
    uintx ProfiledCodeHeapSize                     = 122909434                              {pd product} {ergonomic}
    uintx ReservedCodeCacheSize                    = 251658240                              {pd product} {ergonomic}
     bool SegmentedCodeCache                       = true                                      {product} {ergonomic}
   size_t SoftMaxHeapSize                          = 2147483648                             {manageable} {ergonomic}
     bool UseCompressedClassPointers               = true                           {product lp64_product} {ergonomic}
     bool UseCompressedOops                        = true                           {product lp64_product} {ergonomic}
     bool UseG1GC                                  = true                                      {product} {ergonomic}
     bool UseLargePagesIndividualAllocation        = false                                  {pd product} {ergonomic}

Logging:
Log output configuration:
 #0: stdout all=warning uptime,level,tags
 #1: stderr all=off uptime,level,tags

Environment Variables:
JAVA_HOME=C:\Users\aka1298\.jdks\jdk-21
PATH=C:\WINDOWS\system32;C:\WINDOWS;C:\WINDOWS\System32\Wbem;C:\WINDOWS\System32\WindowsPowerShell\v1.0\;C:\WINDOWS\System32\OpenSSH\;C:\Users\aka1298\.jdks\jdk-21\bin;D:\program\git\cmd;D:\dev\ffmpeg\bin;D:\dev\nacos\bin\;D:\program\FFDec\;C:\Users\aka1298\AppData\Roaming\npm;D:\dev\nginx-1.20.2;D:\program\sublime_text;D:\dev\Redis-5.0.14.1;D:\tools;D:\dev\python;C:\Program Files\dotnet\;D:\dev\VSC\VC\Tools\MSVC\14.16.27023\bin\HostX64\x64;D:\dev\gradle\bin;D:\program\7-Zip;d:\dev\nvm;C:\Program Files\nodejs;C:\Program Files\Docker\Docker\resources\bin;C:\Program Files\gsudo\Current;D:\dev\VS Code;D:\dev\apache-maven-3.9.4\bin;;D:\program\Tencent\web\dll;C:\Program Files\PowerShell\7\;D:\dev\python\Scripts\;D:\dev\python\;%PNPM_HOME%;C:\Users\aka1298\AppData\Local\Microsoft\WindowsApps;D:\dev\PyCharm 2022.2.2\bin;;D:\dev\JetBrains\IntelliJ IDEA 2023.1\bin;;C:\Users\aka1298\.dotnet\tools;C:\Users\aka1298\AppData\Roaming\npm;D:\JetBrains\IntelliJ IDEA Community Edition 2022.3.3\bin;;D:\dev\VS Code\bin;d:\dev\nvm;C:\Program Files\nodejs;C:\Users\aka1298\AppData\Local\Programs\oh-my-posh\bin;
USERNAME=aka1298
OS=Windows_NT
PROCESSOR_IDENTIFIER=Intel64 Family 6 Model 140 Stepping 1, GenuineIntel
TMP=C:\Users\aka1298\AppData\Local\Temp
TEMP=C:\Users\aka1298\AppData\Local\Temp


JNI global refs:
JNI global refs: 27, weak refs: 12

JNI global refs memory usage: 843, weak refs: 841


---------------  S Y S T E M  ---------------

OS:
 Windows 11 , 64 bit Build 22621 (10.0.22621.2506)
OS uptime: 5 days 12:33 hours
Hyper-V role detected

CPU: total 8 (initial active 8) (4 cores per cpu, 2 threads per core) family 6 model 140 stepping 1 microcode 0x8a, cx8, cmov, fxsr, ht, mmx, 3dnowpref, sse, sse2, sse3, ssse3, sse4.1, sse4.2, popcnt, lzcnt, tsc, tscinvbit, avx, avx2, aes, erms, clmul, bmi1, bmi2, adx, avx512f, avx512dq, avx512cd, avx512bw, avx512vl, sha, fma, vzeroupper, avx512_vpopcntdq, avx512_vpclmulqdq, avx512_vaes, avx512_vnni, clflush, clflushopt, clwb, avx512_vbmi2, avx512_vbmi, hv

Memory: 4k page, system-wide physical 16179M (391M free)
TotalPageFile size 46607M (AvailPageFile size 77M)
current process WorkingSet (physical memory assigned to process): 484M, peak: 484M
current process commit charge ("private bytes"): 567M, peak: 717M

vm_info: OpenJDK 64-Bit Server VM (17.0.6+0-b2043.56-10027231) for windows-amd64 JRE (17.0.6+0-b2043.56-10027231), built on Apr 28 2023 00:43:19 by "androidbuild" with MS VC++ 16.10 / 16.11 (VS2019)

END.
