#
# There is insufficient memory for the Java Runtime Environment to continue.
# Native memory allocation (malloc) failed to allocate 1275488 bytes for Chunk::new
# Possible reasons:
#   The system is out of physical RAM or swap space
#   The process is running with CompressedOops enabled, and the Java Heap may be blocking the growth of the native heap
# Possible solutions:
#   Reduce memory load on the system
#   Increase physical memory or swap space
#   Check if swap backing store is full
#   Decrease Java heap size (-Xmx/-Xms)
#   Decrease number of Java threads
#   Decrease Java thread stack sizes (-Xss)
#   Set larger code cache with -XX:ReservedCodeCacheSize=
#   JVM is running with Unscaled Compressed Oops mode in which the Java heap is
#     placed in the first 4GB address space. The Java Heap base address is the
#     maximum limit for the native heap growth. Please use -XX:HeapBaseMinAddress
#     to set the Java Heap base and to place the Java Heap above 4GB virtual address.
# This output file may be truncated or incomplete.
#
#  Out of Memory Error (arena.cpp:189), pid=18200, tid=1840
#
# JRE version: OpenJDK Runtime Environment (17.0.6) (build 17.0.6+0-b2043.56-10027231)
# Java VM: OpenJDK 64-Bit Server VM (17.0.6+0-b2043.56-10027231, mixed mode, tiered, compressed oops, compressed class ptrs, g1 gc, windows-amd64)
# No core dump will be written. Minidumps are not enabled by default on client versions of Windows
#

---------------  S U M M A R Y ------------

Command Line: --add-opens=java.base/java.util=ALL-UNNAMED --add-opens=java.base/java.lang=ALL-UNNAMED --add-opens=java.base/java.lang.invoke=ALL-UNNAMED --add-opens=java.prefs/java.util.prefs=ALL-UNNAMED --add-opens=java.base/java.nio.charset=ALL-UNNAMED --add-opens=java.base/java.net=ALL-UNNAMED --add-opens=java.base/java.util.concurrent.atomic=ALL-UNNAMED -Xmx2048m -Dfile.encoding=UTF-8 -Duser.country=CN -Duser.language=zh -Duser.variant org.gradle.launcher.daemon.bootstrap.GradleDaemon 8.0

Host: 11th Gen Intel(R) Core(TM) i5-1135G7 @ 2.40GHz, 8 cores, 15G,  Windows 11 , 64 bit Build 22621 (10.0.22621.2506)
Time: Tue Dec 19 20:05:16 2023  Windows 11 , 64 bit Build 22621 (10.0.22621.2506) elapsed time: 8.650256 seconds (0d 0h 0m 8s)

---------------  T H R E A D  ---------------

Current thread (0x00000215e8727c10):  JavaThread "C2 CompilerThread1" daemon [_thread_in_native, id=1840, stack(0x000000bda3f00000,0x000000bda4000000)]


Current CompileTask:
C2:   8650 9736       4       groovy.lang.MetaClassImpl$1MOPIter::methodNameAction (325 bytes)

Stack: [0x000000bda3f00000,0x000000bda4000000]
Native frames: (J=compiled Java code, j=interpreted, Vv=VM code, C=native code)
V  [jvm.dll+0x683c9a]
V  [jvm.dll+0x8427a4]
V  [jvm.dll+0x843f9e]
V  [jvm.dll+0x844603]
V  [jvm.dll+0x249b75]
V  [jvm.dll+0xabcac]
V  [jvm.dll+0xac27c]
V  [jvm.dll+0x368857]
V  [jvm.dll+0x1bced2]
V  [jvm.dll+0x21c359]
V  [jvm.dll+0x21b621]
V  [jvm.dll+0x1a4fdd]
V  [jvm.dll+0x22b098]
V  [jvm.dll+0x229159]
V  [jvm.dll+0x7f81ec]
V  [jvm.dll+0x7f274a]
V  [jvm.dll+0x682ad5]
C  [ucrtbase.dll+0x29363]
C  [KERNEL32.DLL+0x1257d]
C  [ntdll.dll+0x5aa58]


---------------  P R O C E S S  ---------------

Threads class SMR info:
_java_thread_list=0x00000215e86c8470, length=128, elements={
0x00000215cdb9caf0, 0x00000215e8468e60, 0x00000215e8469920, 0x00000215e849e570,
0x00000215e849f030, 0x00000215e84a3910, 0x00000215e84a41d0, 0x00000215e84a4e70,
0x00000215e84a5820, 0x00000215e84a6120, 0x00000215e8636040, 0x00000215e863a930,
0x00000215e8727c10, 0x00000215e9ae4480, 0x00000215eaab6240, 0x00000215e9e53020,
0x00000215eb62a9a0, 0x00000215eb62ae70, 0x00000215e9edd9e0, 0x00000215eacfb170,
0x00000215e9950190, 0x00000215e994f320, 0x00000215e994db10, 0x00000215e994e4b0,
0x00000215e9950b30, 0x00000215e994e980, 0x00000215e994dfe0, 0x00000215e994d170,
0x00000215e994fcc0, 0x00000215e994d640, 0x00000215e9950660, 0x00000215e994ee50,
0x00000215e994f7f0, 0x00000215edb0fc80, 0x00000215edb13b10, 0x00000215edb13fe0,
0x00000215edb10fc0, 0x00000215edb0e940, 0x00000215edb10620, 0x00000215edb127d0,
0x00000215edb0d600, 0x00000215edb0e470, 0x00000215edb10af0, 0x00000215edb13170,
0x00000215edb13640, 0x00000215edb0f2e0, 0x00000215edb11490, 0x00000215edb11960,
0x00000215edb11e30, 0x00000215edb12ca0, 0x00000215eb4e1710, 0x00000215eb4e0d70,
0x00000215eb4e68e0, 0x00000215eb4dff00, 0x00000215eb4e6410, 0x00000215eb4e38c0,
0x00000215eb4e5a70, 0x00000215eb4e3d90, 0x00000215eb4e4260, 0x00000215eb4e5f40,
0x00000215eb4e03d0, 0x00000215eb4e08a0, 0x00000215eb4df560, 0x00000215eb4df090,
0x00000215eb4e1240, 0x00000215eb4e4730, 0x00000215eb4e1be0, 0x00000215eb4dfa30,
0x00000215eb4e4c00, 0x00000215eb4e20b0, 0x00000215eb4e33f0, 0x00000215eb4e50d0,
0x00000215eb4e55a0, 0x00000215eb4e2580, 0x00000215eb4e2a50, 0x00000215eb4e2f20,
0x00000215eee12120, 0x00000215eee0c5b0, 0x00000215eee0ec30, 0x00000215eee0c0e0,
0x00000215eee10de0, 0x00000215eee0f5d0, 0x00000215eee10910, 0x00000215eee10440,
0x00000215eee0f100, 0x00000215eee125f0, 0x00000215eee0faa0, 0x00000215eee0d8f0,
0x00000215eee0ca80, 0x00000215eee0ff70, 0x00000215eee112b0, 0x00000215eee0cf50,
0x00000215eee0e760, 0x00000215eee13460, 0x00000215eee0d420, 0x00000215eee0ddc0,
0x00000215eee0e290, 0x00000215eee11780, 0x00000215eee11c50, 0x00000215eee12ac0,
0x00000215eee13930, 0x00000215eee12f90, 0x00000215ebf54200, 0x00000215ebf53860,
0x00000215ebf57220, 0x00000215ebf55a10, 0x00000215ebf55ee0, 0x00000215ebf563b0,
0x00000215ebf55540, 0x00000215ebf56880, 0x00000215ebf56d50, 0x00000215ebf546d0,
0x00000215ebf53d30, 0x00000215ebf54ba0, 0x00000215ebf55070, 0x00000215ef5f23e0,
0x00000215ef5ee080, 0x00000215ef5f58d0, 0x00000215ef5f3720, 0x00000215ef5ef3c0,
0x00000215ef5ee550, 0x00000215ef5f5400, 0x00000215ef5f28b0, 0x00000215ef5f0bd0,
0x00000215ef5eea20, 0x00000215ef5ef890, 0x00000215ef5f2d80, 0x00000215eec79110
}

Java Threads: ( => current thread )
  0x00000215cdb9caf0 JavaThread "main" [_thread_blocked, id=16468, stack(0x000000bda2c00000,0x000000bda2d00000)]
  0x00000215e8468e60 JavaThread "Reference Handler" daemon [_thread_blocked, id=8632, stack(0x000000bda3300000,0x000000bda3400000)]
  0x00000215e8469920 JavaThread "Finalizer" daemon [_thread_blocked, id=20468, stack(0x000000bda3400000,0x000000bda3500000)]
  0x00000215e849e570 JavaThread "Signal Dispatcher" daemon [_thread_blocked, id=3944, stack(0x000000bda3500000,0x000000bda3600000)]
  0x00000215e849f030 JavaThread "Attach Listener" daemon [_thread_blocked, id=10228, stack(0x000000bda3600000,0x000000bda3700000)]
  0x00000215e84a3910 JavaThread "Service Thread" daemon [_thread_blocked, id=21548, stack(0x000000bda3700000,0x000000bda3800000)]
  0x00000215e84a41d0 JavaThread "Monitor Deflation Thread" daemon [_thread_blocked, id=14104, stack(0x000000bda3800000,0x000000bda3900000)]
  0x00000215e84a4e70 JavaThread "C2 CompilerThread0" daemon [_thread_in_native, id=2304, stack(0x000000bda3900000,0x000000bda3a00000)]
  0x00000215e84a5820 JavaThread "C1 CompilerThread0" daemon [_thread_blocked, id=2056, stack(0x000000bda3a00000,0x000000bda3b00000)]
  0x00000215e84a6120 JavaThread "Sweeper thread" daemon [_thread_blocked, id=21784, stack(0x000000bda3b00000,0x000000bda3c00000)]
  0x00000215e8636040 JavaThread "Common-Cleaner" daemon [_thread_blocked, id=16948, stack(0x000000bda3c00000,0x000000bda3d00000)]
  0x00000215e863a930 JavaThread "Notification Thread" daemon [_thread_blocked, id=14024, stack(0x000000bda3d00000,0x000000bda3e00000)]
=>0x00000215e8727c10 JavaThread "C2 CompilerThread1" daemon [_thread_in_native, id=1840, stack(0x000000bda3f00000,0x000000bda4000000)]
  0x00000215e9ae4480 JavaThread "Daemon health stats" [_thread_blocked, id=19864, stack(0x000000bda4600000,0x000000bda4700000)]
  0x00000215eaab6240 JavaThread "Incoming local TCP Connector on port 7676" [_thread_in_native, id=13336, stack(0x000000bda4700000,0x000000bda4800000)]
  0x00000215e9e53020 JavaThread "Daemon periodic checks" [_thread_blocked, id=6036, stack(0x000000bda4800000,0x000000bda4900000)]
  0x00000215eb62a9a0 JavaThread "Daemon" [_thread_blocked, id=7500, stack(0x000000bda4900000,0x000000bda4a00000)]
  0x00000215eb62ae70 JavaThread "Handler for socket connection from /127.0.0.1:7676 to /127.0.0.1:7677" [_thread_in_native, id=20588, stack(0x000000bda4a00000,0x000000bda4b00000)]
  0x00000215e9edd9e0 JavaThread "Cancel handler" [_thread_blocked, id=2624, stack(0x000000bda4b00000,0x000000bda4c00000)]
  0x00000215eacfb170 JavaThread "Daemon worker" [_thread_in_Java, id=16844, stack(0x000000bda4c00000,0x000000bda4d00000)]
  0x00000215e9950190 JavaThread "Asynchronous log dispatcher for DefaultDaemonConnection: socket connection from /127.0.0.1:7676 to /127.0.0.1:7677" [_thread_blocked, id=15268, stack(0x000000bda4d00000,0x000000bda4e00000)]
  0x00000215e994f320 JavaThread "Stdin handler" [_thread_blocked, id=10848, stack(0x000000bda4e00000,0x000000bda4f00000)]
  0x00000215e994db10 JavaThread "Daemon client event forwarder" [_thread_blocked, id=4196, stack(0x000000bda4f00000,0x000000bda5000000)]
  0x00000215e994e4b0 JavaThread "Cache worker for journal cache (D:\dev\gradle\caches\journal-1)" [_thread_blocked, id=9384, stack(0x000000bda5300000,0x000000bda5400000)]
  0x00000215e9950b30 JavaThread "File lock request listener" [_thread_in_native, id=5776, stack(0x000000bda5400000,0x000000bda5500000)]
  0x00000215e994e980 JavaThread "Cache worker for file hash cache (D:\dev\gradle\caches\8.0\fileHashes)" [_thread_blocked, id=14008, stack(0x000000bda5500000,0x000000bda5600000)]
  0x00000215e994dfe0 JavaThread "File watcher server" daemon [_thread_in_native, id=17136, stack(0x000000bda5600000,0x000000bda5700000)]
  0x00000215e994d170 JavaThread "File watcher consumer" daemon [_thread_blocked, id=2060, stack(0x000000bda5700000,0x000000bda5800000)]
  0x00000215e994fcc0 JavaThread "Cache worker for checksums cache (D:\AndroidStudioProjects\pinokoapp\.gradle\8.0\checksums)" [_thread_blocked, id=4944, stack(0x000000bda5800000,0x000000bda5900000)]
  0x00000215e994d640 JavaThread "Cache worker for cache directory md-rule (D:\dev\gradle\caches\8.0\md-rule)" [_thread_blocked, id=16672, stack(0x000000bda5900000,0x000000bda5a00000)]
  0x00000215e9950660 JavaThread "Cache worker for file content cache (D:\dev\gradle\caches\8.0\fileContent)" [_thread_blocked, id=7524, stack(0x000000bda5a00000,0x000000bda5b00000)]
  0x00000215e994ee50 JavaThread "Cache worker for file hash cache (D:\AndroidStudioProjects\pinokoapp\.gradle\8.0\fileHashes)" [_thread_blocked, id=5352, stack(0x000000bda5b00000,0x000000bda5c00000)]
  0x00000215e994f7f0 JavaThread "Cache worker for cache directory md-supplier (D:\dev\gradle\caches\8.0\md-supplier)" [_thread_blocked, id=21616, stack(0x000000bda5c00000,0x000000bda5d00000)]
  0x00000215edb0fc80 JavaThread "Cache worker for execution history cache (D:\dev\gradle\caches\8.0\executionHistory)" [_thread_blocked, id=5840, stack(0x000000bda5d00000,0x000000bda5e00000)]
  0x00000215edb13b10 JavaThread "jar transforms" [_thread_blocked, id=12444, stack(0x000000bda5e00000,0x000000bda5f00000)]
  0x00000215edb13fe0 JavaThread "jar transforms Thread 2" [_thread_blocked, id=18128, stack(0x000000bda5f00000,0x000000bda6000000)]
  0x00000215edb10fc0 JavaThread "Cache worker for kotlin-dsl (D:\dev\gradle\caches\8.0\kotlin-dsl)" [_thread_blocked, id=10012, stack(0x000000bda6100000,0x000000bda6200000)]
  0x00000215edb0e940 JavaThread "jar transforms Thread 3" [_thread_blocked, id=7132, stack(0x000000bda6200000,0x000000bda6300000)]
  0x00000215edb10620 JavaThread "jar transforms Thread 4" [_thread_blocked, id=20520, stack(0x000000bda6300000,0x000000bda6400000)]
  0x00000215edb127d0 JavaThread "Cache worker for dependencies-accessors (D:\AndroidStudioProjects\pinokoapp\.gradle\8.0\dependencies-accessors)" [_thread_blocked, id=18340, stack(0x000000bda6400000,0x000000bda6500000)]
  0x00000215edb0d600 JavaThread "Cache worker for Build Output Cleanup Cache (D:\AndroidStudioProjects\pinokoapp\.gradle\buildOutputCleanup)" [_thread_blocked, id=11908, stack(0x000000bda6500000,0x000000bda6600000)]
  0x00000215edb0e470 JavaThread "jar transforms Thread 5" [_thread_blocked, id=8384, stack(0x000000bda6600000,0x000000bda6700000)]
  0x00000215edb10af0 JavaThread "Unconstrained build operations" [_thread_blocked, id=18500, stack(0x000000bda6700000,0x000000bda6800000)]
  0x00000215edb13170 JavaThread "Unconstrained build operations Thread 2" [_thread_blocked, id=10992, stack(0x000000bda6800000,0x000000bda6900000)]
  0x00000215edb13640 JavaThread "Unconstrained build operations Thread 3" [_thread_blocked, id=12708, stack(0x000000bda6900000,0x000000bda6a00000)]
  0x00000215edb0f2e0 JavaThread "Unconstrained build operations Thread 4" [_thread_blocked, id=21600, stack(0x000000bda6a00000,0x000000bda6b00000)]
  0x00000215edb11490 JavaThread "Unconstrained build operations Thread 5" [_thread_blocked, id=4188, stack(0x000000bda6b00000,0x000000bda6c00000)]
  0x00000215edb11960 JavaThread "Unconstrained build operations Thread 6" [_thread_blocked, id=7348, stack(0x000000bda6c00000,0x000000bda6d00000)]
  0x00000215edb11e30 JavaThread "Unconstrained build operations Thread 7" [_thread_blocked, id=21112, stack(0x000000bda6d00000,0x000000bda6e00000)]
  0x00000215edb12ca0 JavaThread "Unconstrained build operations Thread 8" [_thread_blocked, id=17348, stack(0x000000bda6e00000,0x000000bda6f00000)]
  0x00000215eb4e1710 JavaThread "Unconstrained build operations Thread 9" [_thread_blocked, id=12160, stack(0x000000bda6f00000,0x000000bda7000000)]
  0x00000215eb4e0d70 JavaThread "Unconstrained build operations Thread 10" [_thread_blocked, id=13692, stack(0x000000bda7000000,0x000000bda7100000)]
  0x00000215eb4e68e0 JavaThread "Unconstrained build operations Thread 11" [_thread_blocked, id=7812, stack(0x000000bda7100000,0x000000bda7200000)]
  0x00000215eb4dff00 JavaThread "Unconstrained build operations Thread 12" [_thread_blocked, id=17116, stack(0x000000bda7200000,0x000000bda7300000)]
  0x00000215eb4e6410 JavaThread "Unconstrained build operations Thread 13" [_thread_blocked, id=1976, stack(0x000000bda7300000,0x000000bda7400000)]
  0x00000215eb4e38c0 JavaThread "Unconstrained build operations Thread 14" [_thread_blocked, id=15264, stack(0x000000bda7400000,0x000000bda7500000)]
  0x00000215eb4e5a70 JavaThread "Unconstrained build operations Thread 15" [_thread_blocked, id=14836, stack(0x000000bda7500000,0x000000bda7600000)]
  0x00000215eb4e3d90 JavaThread "Unconstrained build operations Thread 16" [_thread_blocked, id=8824, stack(0x000000bda7600000,0x000000bda7700000)]
  0x00000215eb4e4260 JavaThread "Unconstrained build operations Thread 17" [_thread_blocked, id=1100, stack(0x000000bda7700000,0x000000bda7800000)]
  0x00000215eb4e5f40 JavaThread "Unconstrained build operations Thread 18" [_thread_blocked, id=1568, stack(0x000000bda7800000,0x000000bda7900000)]
  0x00000215eb4e03d0 JavaThread "Unconstrained build operations Thread 19" [_thread_blocked, id=14032, stack(0x000000bda7900000,0x000000bda7a00000)]
  0x00000215eb4e08a0 JavaThread "Unconstrained build operations Thread 20" [_thread_blocked, id=8960, stack(0x000000bda7a00000,0x000000bda7b00000)]
  0x00000215eb4df560 JavaThread "Unconstrained build operations Thread 21" [_thread_blocked, id=7684, stack(0x000000bda7b00000,0x000000bda7c00000)]
  0x00000215eb4df090 JavaThread "Unconstrained build operations Thread 22" [_thread_blocked, id=6744, stack(0x000000bda7c00000,0x000000bda7d00000)]
  0x00000215eb4e1240 JavaThread "Unconstrained build operations Thread 23" [_thread_blocked, id=21744, stack(0x000000bda7d00000,0x000000bda7e00000)]
  0x00000215eb4e4730 JavaThread "Unconstrained build operations Thread 24" [_thread_blocked, id=16692, stack(0x000000bda7e00000,0x000000bda7f00000)]
  0x00000215eb4e1be0 JavaThread "Unconstrained build operations Thread 25" [_thread_blocked, id=19348, stack(0x000000bda7f00000,0x000000bda8000000)]
  0x00000215eb4dfa30 JavaThread "Unconstrained build operations Thread 26" [_thread_blocked, id=10456, stack(0x000000bda8000000,0x000000bda8100000)]
  0x00000215eb4e4c00 JavaThread "Unconstrained build operations Thread 27" [_thread_blocked, id=5048, stack(0x000000bda8100000,0x000000bda8200000)]
  0x00000215eb4e20b0 JavaThread "Unconstrained build operations Thread 28" [_thread_blocked, id=21868, stack(0x000000bda8200000,0x000000bda8300000)]
  0x00000215eb4e33f0 JavaThread "Unconstrained build operations Thread 29" [_thread_blocked, id=18024, stack(0x000000bda8300000,0x000000bda8400000)]
  0x00000215eb4e50d0 JavaThread "Unconstrained build operations Thread 30" [_thread_blocked, id=11112, stack(0x000000bda8400000,0x000000bda8500000)]
  0x00000215eb4e55a0 JavaThread "Unconstrained build operations Thread 31" [_thread_blocked, id=21236, stack(0x000000bda8500000,0x000000bda8600000)]
  0x00000215eb4e2580 JavaThread "Unconstrained build operations Thread 32" [_thread_blocked, id=7080, stack(0x000000bda8600000,0x000000bda8700000)]
  0x00000215eb4e2a50 JavaThread "Unconstrained build operations Thread 33" [_thread_blocked, id=22332, stack(0x000000bda8700000,0x000000bda8800000)]
  0x00000215eb4e2f20 JavaThread "Unconstrained build operations Thread 34" [_thread_blocked, id=8416, stack(0x000000bda8800000,0x000000bda8900000)]
  0x00000215eee12120 JavaThread "Unconstrained build operations Thread 35" [_thread_blocked, id=1436, stack(0x000000bda8900000,0x000000bda8a00000)]
  0x00000215eee0c5b0 JavaThread "Unconstrained build operations Thread 36" [_thread_blocked, id=8800, stack(0x000000bda8a00000,0x000000bda8b00000)]
  0x00000215eee0ec30 JavaThread "Unconstrained build operations Thread 37" [_thread_blocked, id=18744, stack(0x000000bda8b00000,0x000000bda8c00000)]
  0x00000215eee0c0e0 JavaThread "Unconstrained build operations Thread 38" [_thread_blocked, id=17624, stack(0x000000bda8c00000,0x000000bda8d00000)]
  0x00000215eee10de0 JavaThread "Unconstrained build operations Thread 39" [_thread_blocked, id=6532, stack(0x000000bda8d00000,0x000000bda8e00000)]
  0x00000215eee0f5d0 JavaThread "Unconstrained build operations Thread 40" [_thread_blocked, id=4428, stack(0x000000bda8e00000,0x000000bda8f00000)]
  0x00000215eee10910 JavaThread "Unconstrained build operations Thread 41" [_thread_blocked, id=12112, stack(0x000000bda8f00000,0x000000bda9000000)]
  0x00000215eee10440 JavaThread "Unconstrained build operations Thread 42" [_thread_blocked, id=8528, stack(0x000000bda9000000,0x000000bda9100000)]
  0x00000215eee0f100 JavaThread "Unconstrained build operations Thread 43" [_thread_blocked, id=19820, stack(0x000000bda9100000,0x000000bda9200000)]
  0x00000215eee125f0 JavaThread "Unconstrained build operations Thread 44" [_thread_blocked, id=19364, stack(0x000000bda9200000,0x000000bda9300000)]
  0x00000215eee0faa0 JavaThread "Unconstrained build operations Thread 45" [_thread_blocked, id=10424, stack(0x000000bda9300000,0x000000bda9400000)]
  0x00000215eee0d8f0 JavaThread "Unconstrained build operations Thread 46" [_thread_blocked, id=13528, stack(0x000000bda9400000,0x000000bda9500000)]
  0x00000215eee0ca80 JavaThread "Unconstrained build operations Thread 47" [_thread_blocked, id=21304, stack(0x000000bda9500000,0x000000bda9600000)]
  0x00000215eee0ff70 JavaThread "Unconstrained build operations Thread 48" [_thread_blocked, id=7936, stack(0x000000bda9600000,0x000000bda9700000)]
  0x00000215eee112b0 JavaThread "Unconstrained build operations Thread 49" [_thread_blocked, id=11648, stack(0x000000bda9700000,0x000000bda9800000)]
  0x00000215eee0cf50 JavaThread "Unconstrained build operations Thread 50" [_thread_blocked, id=20192, stack(0x000000bda9800000,0x000000bda9900000)]
  0x00000215eee0e760 JavaThread "Unconstrained build operations Thread 51" [_thread_blocked, id=9304, stack(0x000000bda9900000,0x000000bda9a00000)]
  0x00000215eee13460 JavaThread "Unconstrained build operations Thread 52" [_thread_blocked, id=13640, stack(0x000000bda9a00000,0x000000bda9b00000)]
  0x00000215eee0d420 JavaThread "Unconstrained build operations Thread 53" [_thread_blocked, id=22176, stack(0x000000bda9b00000,0x000000bda9c00000)]
  0x00000215eee0ddc0 JavaThread "Unconstrained build operations Thread 54" [_thread_blocked, id=13876, stack(0x000000bda9c00000,0x000000bda9d00000)]
  0x00000215eee0e290 JavaThread "Unconstrained build operations Thread 55" [_thread_blocked, id=9992, stack(0x000000bda9d00000,0x000000bda9e00000)]
  0x00000215eee11780 JavaThread "Unconstrained build operations Thread 56" [_thread_blocked, id=18776, stack(0x000000bda9e00000,0x000000bda9f00000)]
  0x00000215eee11c50 JavaThread "Unconstrained build operations Thread 57" [_thread_blocked, id=3984, stack(0x000000bda9f00000,0x000000bdaa000000)]
  0x00000215eee12ac0 JavaThread "Unconstrained build operations Thread 58" [_thread_blocked, id=18596, stack(0x000000bdaa000000,0x000000bdaa100000)]
  0x00000215eee13930 JavaThread "Unconstrained build operations Thread 59" [_thread_blocked, id=7760, stack(0x000000bdaa100000,0x000000bdaa200000)]
  0x00000215eee12f90 JavaThread "Unconstrained build operations Thread 60" [_thread_blocked, id=13552, stack(0x000000bdaa200000,0x000000bdaa300000)]
  0x00000215ebf54200 JavaThread "Unconstrained build operations Thread 61" [_thread_blocked, id=1908, stack(0x000000bdaa300000,0x000000bdaa400000)]
  0x00000215ebf53860 JavaThread "Unconstrained build operations Thread 62" [_thread_blocked, id=8296, stack(0x000000bdaa400000,0x000000bdaa500000)]
  0x00000215ebf57220 JavaThread "Unconstrained build operations Thread 63" [_thread_blocked, id=3620, stack(0x000000bdaa500000,0x000000bdaa600000)]
  0x00000215ebf55a10 JavaThread "Unconstrained build operations Thread 64" [_thread_blocked, id=3448, stack(0x000000bdaa600000,0x000000bdaa700000)]
  0x00000215ebf55ee0 JavaThread "Unconstrained build operations Thread 65" [_thread_blocked, id=7748, stack(0x000000bdaa700000,0x000000bdaa800000)]
  0x00000215ebf563b0 JavaThread "Unconstrained build operations Thread 66" [_thread_blocked, id=7920, stack(0x000000bdaa800000,0x000000bdaa900000)]
  0x00000215ebf55540 JavaThread "Unconstrained build operations Thread 67" [_thread_blocked, id=21688, stack(0x000000bdaa900000,0x000000bdaaa00000)]
  0x00000215ebf56880 JavaThread "Unconstrained build operations Thread 68" [_thread_blocked, id=21536, stack(0x000000bdaaa00000,0x000000bdaab00000)]
  0x00000215ebf56d50 JavaThread "Unconstrained build operations Thread 69" [_thread_blocked, id=18888, stack(0x000000bdaab00000,0x000000bdaac00000)]
  0x00000215ebf546d0 JavaThread "Unconstrained build operations Thread 70" [_thread_blocked, id=22032, stack(0x000000bdaac00000,0x000000bdaad00000)]
  0x00000215ebf53d30 JavaThread "Unconstrained build operations Thread 71" [_thread_blocked, id=15548, stack(0x000000bdaad00000,0x000000bdaae00000)]
  0x00000215ebf54ba0 JavaThread "Unconstrained build operations Thread 72" [_thread_blocked, id=10988, stack(0x000000bdaae00000,0x000000bdaaf00000)]
  0x00000215ebf55070 JavaThread "Unconstrained build operations Thread 73" [_thread_blocked, id=15884, stack(0x000000bdaaf00000,0x000000bdab000000)]
  0x00000215ef5f23e0 JavaThread "Unconstrained build operations Thread 74" [_thread_blocked, id=12328, stack(0x000000bdab000000,0x000000bdab100000)]
  0x00000215ef5ee080 JavaThread "Unconstrained build operations Thread 75" [_thread_blocked, id=5384, stack(0x000000bdab100000,0x000000bdab200000)]
  0x00000215ef5f58d0 JavaThread "Unconstrained build operations Thread 76" [_thread_blocked, id=17356, stack(0x000000bdab200000,0x000000bdab300000)]
  0x00000215ef5f3720 JavaThread "Unconstrained build operations Thread 77" [_thread_blocked, id=21836, stack(0x000000bdab300000,0x000000bdab400000)]
  0x00000215ef5ef3c0 JavaThread "Unconstrained build operations Thread 78" [_thread_blocked, id=10068, stack(0x000000bdab400000,0x000000bdab500000)]
  0x00000215ef5ee550 JavaThread "Unconstrained build operations Thread 79" [_thread_blocked, id=3948, stack(0x000000bdab500000,0x000000bdab600000)]
  0x00000215ef5f5400 JavaThread "Unconstrained build operations Thread 80" [_thread_blocked, id=6584, stack(0x000000bdab600000,0x000000bdab700000)]
  0x00000215ef5f28b0 JavaThread "jar transforms Thread 6" [_thread_blocked, id=19992, stack(0x000000bdab700000,0x000000bdab800000)]
  0x00000215ef5f0bd0 JavaThread "jar transforms Thread 7" [_thread_blocked, id=2352, stack(0x000000bdab800000,0x000000bdab900000)]
  0x00000215ef5eea20 JavaThread "jar transforms Thread 8" [_thread_blocked, id=13812, stack(0x000000bdab900000,0x000000bdaba00000)]
  0x00000215ef5ef890 JavaThread "build event listener" [_thread_blocked, id=7472, stack(0x000000bdaba00000,0x000000bdabb00000)]
  0x00000215ef5f2d80 JavaThread "Memory manager" [_thread_blocked, id=15716, stack(0x000000bdabb00000,0x000000bdabc00000)]
  0x00000215eec79110 JavaThread "C2 CompilerThread2" daemon [_thread_in_native, id=19376, stack(0x000000bda4500000,0x000000bda4600000)]

Other Threads:
  0x00000215e8455630 VMThread "VM Thread" [stack: 0x000000bda3200000,0x000000bda3300000] [id=19504]
  0x00000215cdc48a00 WatcherThread [stack: 0x000000bda3e00000,0x000000bda3f00000] [id=15976]
  0x00000215cdbf72d0 GCTaskThread "GC Thread#0" [stack: 0x000000bda2d00000,0x000000bda2e00000] [id=10936]
  0x00000215e8a47da0 GCTaskThread "GC Thread#1" [stack: 0x000000bda4000000,0x000000bda4100000] [id=2012]
  0x00000215e94c3810 GCTaskThread "GC Thread#2" [stack: 0x000000bda4100000,0x000000bda4200000] [id=3964]
  0x00000215e8f51cd0 GCTaskThread "GC Thread#3" [stack: 0x000000bda4200000,0x000000bda4300000] [id=15028]
  0x00000215e94e4f40 GCTaskThread "GC Thread#4" [stack: 0x000000bda4300000,0x000000bda4400000] [id=11336]
  0x00000215e8eba450 GCTaskThread "GC Thread#5" [stack: 0x000000bda4400000,0x000000bda4500000] [id=19908]
  0x00000215e92566a0 GCTaskThread "GC Thread#6" [stack: 0x000000bda5000000,0x000000bda5100000] [id=8196]
  0x00000215e9ef9f50 GCTaskThread "GC Thread#7" [stack: 0x000000bda5100000,0x000000bda5200000] [id=460]
  0x00000215cdc46010 ConcurrentGCThread "G1 Main Marker" [stack: 0x000000bda2e00000,0x000000bda2f00000] [id=12392]
  0x00000215cdc470d0 ConcurrentGCThread "G1 Conc#0" [stack: 0x000000bda2f00000,0x000000bda3000000] [id=16176]
  0x00000215e9f2faf0 ConcurrentGCThread "G1 Conc#1" [stack: 0x000000bda5200000,0x000000bda5300000] [id=8540]
  0x00000215cdc5dca0 ConcurrentGCThread "G1 Refine#0" [stack: 0x000000bda3000000,0x000000bda3100000] [id=1040]
  0x00000215ede15da0 ConcurrentGCThread "G1 Refine#1" [stack: 0x000000bda6000000,0x000000bda6100000] [id=2592]
  0x00000215cdc5e5d0 ConcurrentGCThread "G1 Service" [stack: 0x000000bda3100000,0x000000bda3200000] [id=7864]

Threads with active compile tasks:
C2 CompilerThread0     8663 9803       4       org.codehaus.groovy.runtime.metaclass.MetaMethodIndex::addMethodToList (131 bytes)
C2 CompilerThread1     8663 9736       4       groovy.lang.MetaClassImpl$1MOPIter::methodNameAction (325 bytes)
C2 CompilerThread2     8663 9488       4       org.gradle.internal.instantiation.generator.AbstractClassGenerator::inspectType (560 bytes)

VM state: not at safepoint (normal execution)

VM Mutex/Monitor currently owned by a thread: None

Heap address: 0x0000000080000000, size: 2048 MB, Compressed Oops mode: 32-bit

CDS archive(s) not mapped
Compressed class space mapped at: 0x0000000100000000-0x0000000140000000, reserved size: 1073741824
Narrow klass base: 0x0000000000000000, Narrow klass shift: 3, Narrow klass range: 0x140000000

GC Precious Log:
 CPUs: 8 total, 8 available
 Memory: 16179M
 Large Page Support: Disabled
 NUMA Support: Disabled
 Compressed Oops: Enabled (32-bit)
 Heap Region Size: 1M
 Heap Min Capacity: 8M
 Heap Initial Capacity: 254M
 Heap Max Capacity: 2G
 Pre-touch: Disabled
 Parallel Workers: 8
 Concurrent Workers: 2
 Concurrent Refinement Workers: 8
 Periodic GC: Disabled

Heap:
 garbage-first heap   total 249856K, used 130785K [0x0000000080000000, 0x0000000100000000)
  region size 1024K, 61 young (62464K), 9 survivors (9216K)
 Metaspace       used 93569K, committed 94208K, reserved 1130496K
  class space    used 12728K, committed 13056K, reserved 1048576K

Heap Regions: E=young(eden), S=young(survivor), O=old, HS=humongous(starts), HC=humongous(continues), CS=collection set, F=free, OA=open archive, CA=closed archive, TAMS=top-at-mark-start (previous, next)
|   0|0x0000000080000000, 0x0000000080100000, 0x0000000080100000|100%|HS|  |TAMS 0x0000000080100000, 0x0000000080000000| Complete 
|   1|0x0000000080100000, 0x0000000080200000, 0x0000000080200000|100%|HC|  |TAMS 0x0000000080200000, 0x0000000080100000| Complete 
|   2|0x0000000080200000, 0x0000000080300000, 0x0000000080300000|100%|HC|  |TAMS 0x0000000080300000, 0x0000000080200000| Complete 
|   3|0x0000000080300000, 0x0000000080400000, 0x0000000080400000|100%|HC|  |TAMS 0x0000000080400000, 0x0000000080300000| Complete 
|   4|0x0000000080400000, 0x0000000080500000, 0x0000000080500000|100%| O|  |TAMS 0x0000000080500000, 0x0000000080400000| Untracked 
|   5|0x0000000080500000, 0x0000000080600000, 0x0000000080600000|100%| O|  |TAMS 0x0000000080600000, 0x0000000080500000| Untracked 
|   6|0x0000000080600000, 0x0000000080700000, 0x0000000080700000|100%| O|  |TAMS 0x0000000080700000, 0x0000000080600000| Untracked 
|   7|0x0000000080700000, 0x0000000080800000, 0x0000000080800000|100%| O|  |TAMS 0x0000000080800000, 0x0000000080700000| Untracked 
|   8|0x0000000080800000, 0x0000000080900000, 0x0000000080900000|100%| O|  |TAMS 0x0000000080900000, 0x0000000080800000| Untracked 
|   9|0x0000000080900000, 0x0000000080a00000, 0x0000000080a00000|100%| O|  |TAMS 0x0000000080a00000, 0x0000000080900000| Untracked 
|  10|0x0000000080a00000, 0x0000000080b00000, 0x0000000080b00000|100%| O|  |TAMS 0x0000000080b00000, 0x0000000080a00000| Untracked 
|  11|0x0000000080b00000, 0x0000000080c00000, 0x0000000080c00000|100%| O|  |TAMS 0x0000000080c00000, 0x0000000080b00000| Untracked 
|  12|0x0000000080c00000, 0x0000000080d00000, 0x0000000080d00000|100%| O|  |TAMS 0x0000000080d00000, 0x0000000080c00000| Untracked 
|  13|0x0000000080d00000, 0x0000000080e00000, 0x0000000080e00000|100%| O|  |TAMS 0x0000000080e00000, 0x0000000080d00000| Untracked 
|  14|0x0000000080e00000, 0x0000000080f00000, 0x0000000080f00000|100%| O|  |TAMS 0x0000000080f00000, 0x0000000080e00000| Untracked 
|  15|0x0000000080f00000, 0x0000000081000000, 0x0000000081000000|100%| O|  |TAMS 0x0000000081000000, 0x0000000080f00000| Untracked 
|  16|0x0000000081000000, 0x0000000081100000, 0x0000000081100000|100%| O|  |TAMS 0x0000000081100000, 0x0000000081000000| Untracked 
|  17|0x0000000081100000, 0x0000000081200000, 0x0000000081200000|100%| O|  |TAMS 0x0000000081200000, 0x0000000081100000| Untracked 
|  18|0x0000000081200000, 0x0000000081300000, 0x0000000081300000|100%| O|  |TAMS 0x0000000081300000, 0x0000000081200000| Untracked 
|  19|0x0000000081300000, 0x0000000081400000, 0x0000000081400000|100%| O|  |TAMS 0x0000000081400000, 0x0000000081300000| Untracked 
|  20|0x0000000081400000, 0x0000000081500000, 0x0000000081500000|100%| O|  |TAMS 0x0000000081500000, 0x0000000081400000| Untracked 
|  21|0x0000000081500000, 0x0000000081600000, 0x0000000081600000|100%| O|  |TAMS 0x0000000081600000, 0x0000000081500000| Untracked 
|  22|0x0000000081600000, 0x0000000081700000, 0x0000000081700000|100%| O|  |TAMS 0x0000000081700000, 0x0000000081600000| Untracked 
|  23|0x0000000081700000, 0x0000000081800000, 0x0000000081800000|100%| O|  |TAMS 0x0000000081800000, 0x0000000081700000| Untracked 
|  24|0x0000000081800000, 0x00000000818bd000, 0x0000000081900000| 73%| O|  |TAMS 0x0000000081800000, 0x0000000081800000| Untracked 
|  25|0x0000000081900000, 0x0000000081a00000, 0x0000000081a00000|100%| O|  |TAMS 0x0000000081a00000, 0x0000000081900000| Untracked 
|  26|0x0000000081a00000, 0x0000000081b00000, 0x0000000081b00000|100%| O|  |TAMS 0x0000000081b00000, 0x0000000081a00000| Untracked 
|  27|0x0000000081b00000, 0x0000000081c00000, 0x0000000081c00000|100%| O|  |TAMS 0x0000000081c00000, 0x0000000081b00000| Untracked 
|  28|0x0000000081c00000, 0x0000000081d00000, 0x0000000081d00000|100%| O|  |TAMS 0x0000000081d00000, 0x0000000081c00000| Untracked 
|  29|0x0000000081d00000, 0x0000000081e00000, 0x0000000081e00000|100%| O|  |TAMS 0x0000000081e00000, 0x0000000081d00000| Untracked 
|  30|0x0000000081e00000, 0x0000000081f00000, 0x0000000081f00000|100%| O|  |TAMS 0x0000000081f00000, 0x0000000081e00000| Untracked 
|  31|0x0000000081f00000, 0x0000000082000000, 0x0000000082000000|100%| O|  |TAMS 0x0000000082000000, 0x0000000081f00000| Untracked 
|  32|0x0000000082000000, 0x0000000082100000, 0x0000000082100000|100%|HS|  |TAMS 0x0000000082100000, 0x0000000082000000| Complete 
|  33|0x0000000082100000, 0x0000000082200000, 0x0000000082200000|100%|HS|  |TAMS 0x0000000082200000, 0x0000000082100000| Complete 
|  34|0x0000000082200000, 0x0000000082300000, 0x0000000082300000|100%|HS|  |TAMS 0x0000000082300000, 0x0000000082200000| Complete 
|  35|0x0000000082300000, 0x0000000082400000, 0x0000000082400000|100%|HC|  |TAMS 0x0000000082400000, 0x0000000082300000| Complete 
|  36|0x0000000082400000, 0x0000000082500000, 0x0000000082500000|100%| O|  |TAMS 0x0000000082500000, 0x0000000082400000| Untracked 
|  37|0x0000000082500000, 0x0000000082600000, 0x0000000082600000|100%| O|  |TAMS 0x0000000082600000, 0x0000000082500000| Untracked 
|  38|0x0000000082600000, 0x0000000082700000, 0x0000000082700000|100%| O|  |TAMS 0x0000000082700000, 0x0000000082600000| Untracked 
|  39|0x0000000082700000, 0x0000000082800000, 0x0000000082800000|100%| O|  |TAMS 0x0000000082800000, 0x0000000082700000| Untracked 
|  40|0x0000000082800000, 0x0000000082900000, 0x0000000082900000|100%|HS|  |TAMS 0x0000000082900000, 0x0000000082800000| Complete 
|  41|0x0000000082900000, 0x0000000082a00000, 0x0000000082a00000|100%|HS|  |TAMS 0x0000000082a00000, 0x0000000082900000| Complete 
|  42|0x0000000082a00000, 0x0000000082b00000, 0x0000000082b00000|100%|HC|  |TAMS 0x0000000082b00000, 0x0000000082a00000| Complete 
|  43|0x0000000082b00000, 0x0000000082c00000, 0x0000000082c00000|100%|HC|  |TAMS 0x0000000082c00000, 0x0000000082b00000| Complete 
|  44|0x0000000082c00000, 0x0000000082d00000, 0x0000000082d00000|100%|HC|  |TAMS 0x0000000082d00000, 0x0000000082c00000| Complete 
|  45|0x0000000082d00000, 0x0000000082e00000, 0x0000000082e00000|100%| O|  |TAMS 0x0000000082e00000, 0x0000000082d00000| Untracked 
|  46|0x0000000082e00000, 0x0000000082f00000, 0x0000000082f00000|100%| O|  |TAMS 0x0000000082f00000, 0x0000000082e00000| Untracked 
|  47|0x0000000082f00000, 0x0000000082f00000, 0x0000000083000000|  0%| F|  |TAMS 0x0000000082f00000, 0x0000000082f00000| Untracked 
|  48|0x0000000083000000, 0x0000000083100000, 0x0000000083100000|100%| O|  |TAMS 0x0000000083100000, 0x0000000083000000| Untracked 
|  49|0x0000000083100000, 0x0000000083200000, 0x0000000083200000|100%| O|  |TAMS 0x0000000083200000, 0x0000000083100000| Untracked 
|  50|0x0000000083200000, 0x0000000083300000, 0x0000000083300000|100%| O|  |TAMS 0x0000000083300000, 0x0000000083200000| Untracked 
|  51|0x0000000083300000, 0x0000000083400000, 0x0000000083400000|100%| O|  |TAMS 0x0000000083400000, 0x0000000083300000| Untracked 
|  52|0x0000000083400000, 0x0000000083500000, 0x0000000083500000|100%| O|  |TAMS 0x0000000083500000, 0x0000000083400000| Untracked 
|  53|0x0000000083500000, 0x0000000083600000, 0x0000000083600000|100%| O|  |TAMS 0x0000000083600000, 0x0000000083500000| Untracked 
|  54|0x0000000083600000, 0x0000000083700000, 0x0000000083700000|100%| O|  |TAMS 0x0000000083700000, 0x0000000083600000| Untracked 
|  55|0x0000000083700000, 0x0000000083800000, 0x0000000083800000|100%| O|  |TAMS 0x0000000083800000, 0x0000000083700000| Untracked 
|  56|0x0000000083800000, 0x0000000083900000, 0x0000000083900000|100%| O|  |TAMS 0x0000000083900000, 0x0000000083800000| Untracked 
|  57|0x0000000083900000, 0x0000000083a00000, 0x0000000083a00000|100%| O|  |TAMS 0x0000000083a00000, 0x0000000083900000| Untracked 
|  58|0x0000000083a00000, 0x0000000083b00000, 0x0000000083b00000|100%| O|  |TAMS 0x0000000083b00000, 0x0000000083a00000| Untracked 
|  59|0x0000000083b00000, 0x0000000083c00000, 0x0000000083c00000|100%| O|  |TAMS 0x0000000083c00000, 0x0000000083b00000| Untracked 
|  60|0x0000000083c00000, 0x0000000083d00000, 0x0000000083d00000|100%| O|  |TAMS 0x0000000083d00000, 0x0000000083c00000| Untracked 
|  61|0x0000000083d00000, 0x0000000083e00000, 0x0000000083e00000|100%| O|  |TAMS 0x0000000083e00000, 0x0000000083d00000| Untracked 
|  62|0x0000000083e00000, 0x0000000083f00000, 0x0000000083f00000|100%| O|  |TAMS 0x0000000083f00000, 0x0000000083e00000| Untracked 
|  63|0x0000000083f00000, 0x0000000084000000, 0x0000000084000000|100%| O|  |TAMS 0x0000000084000000, 0x0000000083f00000| Untracked 
|  64|0x0000000084000000, 0x0000000084100000, 0x0000000084100000|100%| O|  |TAMS 0x0000000084043000, 0x0000000084000000| Untracked 
|  65|0x0000000084100000, 0x0000000084200000, 0x0000000084200000|100%| O|  |TAMS 0x0000000084100000, 0x0000000084100000| Untracked 
|  66|0x0000000084200000, 0x0000000084300000, 0x0000000084300000|100%| O|  |TAMS 0x0000000084200000, 0x0000000084200000| Untracked 
|  67|0x0000000084300000, 0x0000000084400000, 0x0000000084400000|100%| O|  |TAMS 0x0000000084300000, 0x0000000084300000| Untracked 
|  68|0x0000000084400000, 0x0000000084500000, 0x0000000084500000|100%| O|  |TAMS 0x0000000084400000, 0x0000000084400000| Untracked 
|  69|0x0000000084500000, 0x0000000084500000, 0x0000000084600000|  0%| F|  |TAMS 0x0000000084500000, 0x0000000084500000| Untracked 
|  70|0x0000000084600000, 0x0000000084600000, 0x0000000084700000|  0%| F|  |TAMS 0x0000000084600000, 0x0000000084600000| Untracked 
|  71|0x0000000084700000, 0x0000000084700000, 0x0000000084800000|  0%| F|  |TAMS 0x0000000084700000, 0x0000000084700000| Untracked 
|  72|0x0000000084800000, 0x0000000084800000, 0x0000000084900000|  0%| F|  |TAMS 0x0000000084800000, 0x0000000084800000| Untracked 
|  73|0x0000000084900000, 0x0000000084900000, 0x0000000084a00000|  0%| F|  |TAMS 0x0000000084900000, 0x0000000084900000| Untracked 
|  74|0x0000000084a00000, 0x0000000084a00000, 0x0000000084b00000|  0%| F|  |TAMS 0x0000000084a00000, 0x0000000084a00000| Untracked 
|  75|0x0000000084b00000, 0x0000000084b00000, 0x0000000084c00000|  0%| F|  |TAMS 0x0000000084b00000, 0x0000000084b00000| Untracked 
|  76|0x0000000084c00000, 0x0000000084c00000, 0x0000000084d00000|  0%| F|  |TAMS 0x0000000084c00000, 0x0000000084c00000| Untracked 
|  77|0x0000000084d00000, 0x0000000084d00000, 0x0000000084e00000|  0%| F|  |TAMS 0x0000000084d00000, 0x0000000084d00000| Untracked 
|  78|0x0000000084e00000, 0x0000000084e00000, 0x0000000084f00000|  0%| F|  |TAMS 0x0000000084e00000, 0x0000000084e00000| Untracked 
|  79|0x0000000084f00000, 0x0000000084f00000, 0x0000000085000000|  0%| F|  |TAMS 0x0000000084f00000, 0x0000000084f00000| Untracked 
|  80|0x0000000085000000, 0x0000000085000000, 0x0000000085100000|  0%| F|  |TAMS 0x0000000085000000, 0x0000000085000000| Untracked 
|  81|0x0000000085100000, 0x0000000085100000, 0x0000000085200000|  0%| F|  |TAMS 0x0000000085100000, 0x0000000085100000| Untracked 
|  82|0x0000000085200000, 0x0000000085200000, 0x0000000085300000|  0%| F|  |TAMS 0x0000000085200000, 0x0000000085200000| Untracked 
|  83|0x0000000085300000, 0x0000000085300000, 0x0000000085400000|  0%| F|  |TAMS 0x0000000085300000, 0x0000000085300000| Untracked 
|  84|0x0000000085400000, 0x0000000085400000, 0x0000000085500000|  0%| F|  |TAMS 0x0000000085400000, 0x0000000085400000| Untracked 
|  85|0x0000000085500000, 0x0000000085500000, 0x0000000085600000|  0%| F|  |TAMS 0x0000000085500000, 0x0000000085500000| Untracked 
|  86|0x0000000085600000, 0x0000000085600000, 0x0000000085700000|  0%| F|  |TAMS 0x0000000085600000, 0x0000000085600000| Untracked 
|  87|0x0000000085700000, 0x0000000085700000, 0x0000000085800000|  0%| F|  |TAMS 0x0000000085700000, 0x0000000085700000| Untracked 
|  88|0x0000000085800000, 0x0000000085800000, 0x0000000085900000|  0%| F|  |TAMS 0x0000000085800000, 0x0000000085800000| Untracked 
|  89|0x0000000085900000, 0x0000000085900000, 0x0000000085a00000|  0%| F|  |TAMS 0x0000000085900000, 0x0000000085900000| Untracked 
|  90|0x0000000085a00000, 0x0000000085a00000, 0x0000000085b00000|  0%| F|  |TAMS 0x0000000085a00000, 0x0000000085a00000| Untracked 
|  91|0x0000000085b00000, 0x0000000085b00000, 0x0000000085c00000|  0%| F|  |TAMS 0x0000000085b00000, 0x0000000085b00000| Untracked 
|  92|0x0000000085c00000, 0x0000000085c00000, 0x0000000085d00000|  0%| F|  |TAMS 0x0000000085c00000, 0x0000000085c00000| Untracked 
|  93|0x0000000085d00000, 0x0000000085d00000, 0x0000000085e00000|  0%| F|  |TAMS 0x0000000085d00000, 0x0000000085d00000| Untracked 
|  94|0x0000000085e00000, 0x0000000085e00000, 0x0000000085f00000|  0%| F|  |TAMS 0x0000000085e00000, 0x0000000085e00000| Untracked 
|  95|0x0000000085f00000, 0x0000000085f00000, 0x0000000086000000|  0%| F|  |TAMS 0x0000000085f00000, 0x0000000085f00000| Untracked 
|  96|0x0000000086000000, 0x0000000086000000, 0x0000000086100000|  0%| F|  |TAMS 0x0000000086000000, 0x0000000086000000| Untracked 
|  97|0x0000000086100000, 0x0000000086100000, 0x0000000086200000|  0%| F|  |TAMS 0x0000000086100000, 0x0000000086100000| Untracked 
|  98|0x0000000086200000, 0x0000000086200000, 0x0000000086300000|  0%| F|  |TAMS 0x0000000086200000, 0x0000000086200000| Untracked 
|  99|0x0000000086300000, 0x0000000086300000, 0x0000000086400000|  0%| F|  |TAMS 0x0000000086300000, 0x0000000086300000| Untracked 
| 100|0x0000000086400000, 0x0000000086400000, 0x0000000086500000|  0%| F|  |TAMS 0x0000000086400000, 0x0000000086400000| Untracked 
| 101|0x0000000086500000, 0x0000000086500000, 0x0000000086600000|  0%| F|  |TAMS 0x0000000086500000, 0x0000000086500000| Untracked 
| 102|0x0000000086600000, 0x0000000086600000, 0x0000000086700000|  0%| F|  |TAMS 0x0000000086600000, 0x0000000086600000| Untracked 
| 103|0x0000000086700000, 0x0000000086700000, 0x0000000086800000|  0%| F|  |TAMS 0x0000000086700000, 0x0000000086700000| Untracked 
| 104|0x0000000086800000, 0x0000000086800000, 0x0000000086900000|  0%| F|  |TAMS 0x0000000086800000, 0x0000000086800000| Untracked 
| 105|0x0000000086900000, 0x0000000086900000, 0x0000000086a00000|  0%| F|  |TAMS 0x0000000086900000, 0x0000000086900000| Untracked 
| 106|0x0000000086a00000, 0x0000000086a00000, 0x0000000086b00000|  0%| F|  |TAMS 0x0000000086a00000, 0x0000000086a00000| Untracked 
| 107|0x0000000086b00000, 0x0000000086b00000, 0x0000000086c00000|  0%| F|  |TAMS 0x0000000086b00000, 0x0000000086b00000| Untracked 
| 108|0x0000000086c00000, 0x0000000086c00000, 0x0000000086d00000|  0%| F|  |TAMS 0x0000000086c00000, 0x0000000086c00000| Untracked 
| 109|0x0000000086d00000, 0x0000000086d00000, 0x0000000086e00000|  0%| F|  |TAMS 0x0000000086d00000, 0x0000000086d00000| Untracked 
| 110|0x0000000086e00000, 0x0000000086e00000, 0x0000000086f00000|  0%| F|  |TAMS 0x0000000086e00000, 0x0000000086e00000| Untracked 
| 111|0x0000000086f00000, 0x0000000086f00000, 0x0000000087000000|  0%| F|  |TAMS 0x0000000086f00000, 0x0000000086f00000| Untracked 
| 112|0x0000000087000000, 0x0000000087000000, 0x0000000087100000|  0%| F|  |TAMS 0x0000000087000000, 0x0000000087000000| Untracked 
| 113|0x0000000087100000, 0x0000000087100000, 0x0000000087200000|  0%| F|  |TAMS 0x0000000087100000, 0x0000000087100000| Untracked 
| 114|0x0000000087200000, 0x0000000087200000, 0x0000000087300000|  0%| F|  |TAMS 0x0000000087200000, 0x0000000087200000| Untracked 
| 115|0x0000000087300000, 0x0000000087300000, 0x0000000087400000|  0%| F|  |TAMS 0x0000000087300000, 0x0000000087300000| Untracked 
| 116|0x0000000087400000, 0x0000000087400000, 0x0000000087500000|  0%| F|  |TAMS 0x0000000087400000, 0x0000000087400000| Untracked 
| 117|0x0000000087500000, 0x0000000087500000, 0x0000000087600000|  0%| F|  |TAMS 0x0000000087500000, 0x0000000087500000| Untracked 
| 118|0x0000000087600000, 0x0000000087600000, 0x0000000087700000|  0%| F|  |TAMS 0x0000000087600000, 0x0000000087600000| Untracked 
| 119|0x0000000087700000, 0x0000000087700000, 0x0000000087800000|  0%| F|  |TAMS 0x0000000087700000, 0x0000000087700000| Untracked 
| 120|0x0000000087800000, 0x0000000087800000, 0x0000000087900000|  0%| F|  |TAMS 0x0000000087800000, 0x0000000087800000| Untracked 
| 121|0x0000000087900000, 0x0000000087900000, 0x0000000087a00000|  0%| F|  |TAMS 0x0000000087900000, 0x0000000087900000| Untracked 
| 122|0x0000000087a00000, 0x0000000087a00000, 0x0000000087b00000|  0%| F|  |TAMS 0x0000000087a00000, 0x0000000087a00000| Untracked 
| 123|0x0000000087b00000, 0x0000000087bfb770, 0x0000000087c00000| 98%| S|CS|TAMS 0x0000000087b00000, 0x0000000087b00000| Complete 
| 124|0x0000000087c00000, 0x0000000087d00000, 0x0000000087d00000|100%| S|CS|TAMS 0x0000000087c00000, 0x0000000087c00000| Complete 
| 125|0x0000000087d00000, 0x0000000087e00000, 0x0000000087e00000|100%| S|CS|TAMS 0x0000000087d00000, 0x0000000087d00000| Complete 
| 126|0x0000000087e00000, 0x0000000087f00000, 0x0000000087f00000|100%| S|CS|TAMS 0x0000000087e00000, 0x0000000087e00000| Complete 
| 127|0x0000000087f00000, 0x0000000088000000, 0x0000000088000000|100%| S|CS|TAMS 0x0000000087f00000, 0x0000000087f00000| Complete 
| 128|0x0000000088000000, 0x0000000088100000, 0x0000000088100000|100%| S|CS|TAMS 0x0000000088000000, 0x0000000088000000| Complete 
| 129|0x0000000088100000, 0x0000000088200000, 0x0000000088200000|100%| S|CS|TAMS 0x0000000088100000, 0x0000000088100000| Complete 
| 130|0x0000000088200000, 0x0000000088300000, 0x0000000088300000|100%| S|CS|TAMS 0x0000000088200000, 0x0000000088200000| Complete 
| 131|0x0000000088300000, 0x0000000088400000, 0x0000000088400000|100%| S|CS|TAMS 0x0000000088300000, 0x0000000088300000| Complete 
| 132|0x0000000088400000, 0x0000000088400000, 0x0000000088500000|  0%| F|  |TAMS 0x0000000088400000, 0x0000000088400000| Untracked 
| 133|0x0000000088500000, 0x0000000088500000, 0x0000000088600000|  0%| F|  |TAMS 0x0000000088500000, 0x0000000088500000| Untracked 
| 134|0x0000000088600000, 0x0000000088600000, 0x0000000088700000|  0%| F|  |TAMS 0x0000000088600000, 0x0000000088600000| Untracked 
| 135|0x0000000088700000, 0x0000000088700000, 0x0000000088800000|  0%| F|  |TAMS 0x0000000088700000, 0x0000000088700000| Untracked 
| 136|0x0000000088800000, 0x0000000088800000, 0x0000000088900000|  0%| F|  |TAMS 0x0000000088800000, 0x0000000088800000| Untracked 
| 137|0x0000000088900000, 0x0000000088900000, 0x0000000088a00000|  0%| F|  |TAMS 0x0000000088900000, 0x0000000088900000| Untracked 
| 138|0x0000000088a00000, 0x0000000088a00000, 0x0000000088b00000|  0%| F|  |TAMS 0x0000000088a00000, 0x0000000088a00000| Untracked 
| 139|0x0000000088b00000, 0x0000000088b00000, 0x0000000088c00000|  0%| F|  |TAMS 0x0000000088b00000, 0x0000000088b00000| Untracked 
| 140|0x0000000088c00000, 0x0000000088c00000, 0x0000000088d00000|  0%| F|  |TAMS 0x0000000088c00000, 0x0000000088c00000| Untracked 
| 141|0x0000000088d00000, 0x0000000088d00000, 0x0000000088e00000|  0%| F|  |TAMS 0x0000000088d00000, 0x0000000088d00000| Untracked 
| 142|0x0000000088e00000, 0x0000000088e00000, 0x0000000088f00000|  0%| F|  |TAMS 0x0000000088e00000, 0x0000000088e00000| Untracked 
| 143|0x0000000088f00000, 0x0000000088f00000, 0x0000000089000000|  0%| F|  |TAMS 0x0000000088f00000, 0x0000000088f00000| Untracked 
| 144|0x0000000089000000, 0x0000000089000000, 0x0000000089100000|  0%| F|  |TAMS 0x0000000089000000, 0x0000000089000000| Untracked 
| 145|0x0000000089100000, 0x0000000089100000, 0x0000000089200000|  0%| F|  |TAMS 0x0000000089100000, 0x0000000089100000| Untracked 
| 146|0x0000000089200000, 0x0000000089200000, 0x0000000089300000|  0%| F|  |TAMS 0x0000000089200000, 0x0000000089200000| Untracked 
| 147|0x0000000089300000, 0x0000000089300000, 0x0000000089400000|  0%| F|  |TAMS 0x0000000089300000, 0x0000000089300000| Untracked 
| 148|0x0000000089400000, 0x0000000089400000, 0x0000000089500000|  0%| F|  |TAMS 0x0000000089400000, 0x0000000089400000| Untracked 
| 149|0x0000000089500000, 0x0000000089500000, 0x0000000089600000|  0%| F|  |TAMS 0x0000000089500000, 0x0000000089500000| Untracked 
| 150|0x0000000089600000, 0x0000000089600000, 0x0000000089700000|  0%| F|  |TAMS 0x0000000089600000, 0x0000000089600000| Untracked 
| 151|0x0000000089700000, 0x0000000089700000, 0x0000000089800000|  0%| F|  |TAMS 0x0000000089700000, 0x0000000089700000| Untracked 
| 152|0x0000000089800000, 0x0000000089800000, 0x0000000089900000|  0%| F|  |TAMS 0x0000000089800000, 0x0000000089800000| Untracked 
| 153|0x0000000089900000, 0x0000000089900000, 0x0000000089a00000|  0%| F|  |TAMS 0x0000000089900000, 0x0000000089900000| Untracked 
| 154|0x0000000089a00000, 0x0000000089a00000, 0x0000000089b00000|  0%| F|  |TAMS 0x0000000089a00000, 0x0000000089a00000| Untracked 
| 155|0x0000000089b00000, 0x0000000089b00000, 0x0000000089c00000|  0%| F|  |TAMS 0x0000000089b00000, 0x0000000089b00000| Untracked 
| 156|0x0000000089c00000, 0x0000000089c00000, 0x0000000089d00000|  0%| F|  |TAMS 0x0000000089c00000, 0x0000000089c00000| Untracked 
| 157|0x0000000089d00000, 0x0000000089d00000, 0x0000000089e00000|  0%| F|  |TAMS 0x0000000089d00000, 0x0000000089d00000| Untracked 
| 158|0x0000000089e00000, 0x0000000089e00000, 0x0000000089f00000|  0%| F|  |TAMS 0x0000000089e00000, 0x0000000089e00000| Untracked 
| 159|0x0000000089f00000, 0x0000000089f00000, 0x000000008a000000|  0%| F|  |TAMS 0x0000000089f00000, 0x0000000089f00000| Untracked 
| 160|0x000000008a000000, 0x000000008a000000, 0x000000008a100000|  0%| F|  |TAMS 0x000000008a000000, 0x000000008a000000| Untracked 
| 161|0x000000008a100000, 0x000000008a100000, 0x000000008a200000|  0%| F|  |TAMS 0x000000008a100000, 0x000000008a100000| Untracked 
| 162|0x000000008a200000, 0x000000008a200000, 0x000000008a300000|  0%| F|  |TAMS 0x000000008a200000, 0x000000008a200000| Untracked 
| 163|0x000000008a300000, 0x000000008a300000, 0x000000008a400000|  0%| F|  |TAMS 0x000000008a300000, 0x000000008a300000| Untracked 
| 164|0x000000008a400000, 0x000000008a400000, 0x000000008a500000|  0%| F|  |TAMS 0x000000008a400000, 0x000000008a400000| Untracked 
| 165|0x000000008a500000, 0x000000008a500000, 0x000000008a600000|  0%| F|  |TAMS 0x000000008a500000, 0x000000008a500000| Untracked 
| 166|0x000000008a600000, 0x000000008a600000, 0x000000008a700000|  0%| F|  |TAMS 0x000000008a600000, 0x000000008a600000| Untracked 
| 167|0x000000008a700000, 0x000000008a700000, 0x000000008a800000|  0%| F|  |TAMS 0x000000008a700000, 0x000000008a700000| Untracked 
| 168|0x000000008a800000, 0x000000008a800000, 0x000000008a900000|  0%| F|  |TAMS 0x000000008a800000, 0x000000008a800000| Untracked 
| 169|0x000000008a900000, 0x000000008a900000, 0x000000008aa00000|  0%| F|  |TAMS 0x000000008a900000, 0x000000008a900000| Untracked 
| 170|0x000000008aa00000, 0x000000008aa00000, 0x000000008ab00000|  0%| F|  |TAMS 0x000000008aa00000, 0x000000008aa00000| Untracked 
| 171|0x000000008ab00000, 0x000000008ab00000, 0x000000008ac00000|  0%| F|  |TAMS 0x000000008ab00000, 0x000000008ab00000| Untracked 
| 172|0x000000008ac00000, 0x000000008ac00000, 0x000000008ad00000|  0%| F|  |TAMS 0x000000008ac00000, 0x000000008ac00000| Untracked 
| 173|0x000000008ad00000, 0x000000008ad00000, 0x000000008ae00000|  0%| F|  |TAMS 0x000000008ad00000, 0x000000008ad00000| Untracked 
| 174|0x000000008ae00000, 0x000000008ae00000, 0x000000008af00000|  0%| F|  |TAMS 0x000000008ae00000, 0x000000008ae00000| Untracked 
| 175|0x000000008af00000, 0x000000008af00000, 0x000000008b000000|  0%| F|  |TAMS 0x000000008af00000, 0x000000008af00000| Untracked 
| 176|0x000000008b000000, 0x000000008b000000, 0x000000008b100000|  0%| F|  |TAMS 0x000000008b000000, 0x000000008b000000| Untracked 
| 177|0x000000008b100000, 0x000000008b100000, 0x000000008b200000|  0%| F|  |TAMS 0x000000008b100000, 0x000000008b100000| Untracked 
| 178|0x000000008b200000, 0x000000008b200000, 0x000000008b300000|  0%| F|  |TAMS 0x000000008b200000, 0x000000008b200000| Untracked 
| 179|0x000000008b300000, 0x000000008b300000, 0x000000008b400000|  0%| F|  |TAMS 0x000000008b300000, 0x000000008b300000| Untracked 
| 180|0x000000008b400000, 0x000000008b400000, 0x000000008b500000|  0%| F|  |TAMS 0x000000008b400000, 0x000000008b400000| Untracked 
| 181|0x000000008b500000, 0x000000008b500000, 0x000000008b600000|  0%| F|  |TAMS 0x000000008b500000, 0x000000008b500000| Untracked 
| 182|0x000000008b600000, 0x000000008b600000, 0x000000008b700000|  0%| F|  |TAMS 0x000000008b600000, 0x000000008b600000| Untracked 
| 183|0x000000008b700000, 0x000000008b700000, 0x000000008b800000|  0%| F|  |TAMS 0x000000008b700000, 0x000000008b700000| Untracked 
| 184|0x000000008b800000, 0x000000008b800000, 0x000000008b900000|  0%| F|  |TAMS 0x000000008b800000, 0x000000008b800000| Untracked 
| 185|0x000000008b900000, 0x000000008b900000, 0x000000008ba00000|  0%| F|  |TAMS 0x000000008b900000, 0x000000008b900000| Untracked 
| 186|0x000000008ba00000, 0x000000008ba00000, 0x000000008bb00000|  0%| F|  |TAMS 0x000000008ba00000, 0x000000008ba00000| Untracked 
| 187|0x000000008bb00000, 0x000000008bb00000, 0x000000008bc00000|  0%| F|  |TAMS 0x000000008bb00000, 0x000000008bb00000| Untracked 
| 188|0x000000008bc00000, 0x000000008bc00000, 0x000000008bd00000|  0%| F|  |TAMS 0x000000008bc00000, 0x000000008bc00000| Untracked 
| 189|0x000000008bd00000, 0x000000008bd00000, 0x000000008be00000|  0%| F|  |TAMS 0x000000008bd00000, 0x000000008bd00000| Untracked 
| 190|0x000000008be00000, 0x000000008be00000, 0x000000008bf00000|  0%| F|  |TAMS 0x000000008be00000, 0x000000008be00000| Untracked 
| 191|0x000000008bf00000, 0x000000008bf00000, 0x000000008c000000|  0%| F|  |TAMS 0x000000008bf00000, 0x000000008bf00000| Untracked 
| 192|0x000000008c000000, 0x000000008c100000, 0x000000008c100000|100%| E|  |TAMS 0x000000008c000000, 0x000000008c000000| Complete 
| 193|0x000000008c100000, 0x000000008c200000, 0x000000008c200000|100%| E|CS|TAMS 0x000000008c100000, 0x000000008c100000| Complete 
| 194|0x000000008c200000, 0x000000008c300000, 0x000000008c300000|100%| E|CS|TAMS 0x000000008c200000, 0x000000008c200000| Complete 
| 195|0x000000008c300000, 0x000000008c400000, 0x000000008c400000|100%| E|CS|TAMS 0x000000008c300000, 0x000000008c300000| Complete 
| 196|0x000000008c400000, 0x000000008c500000, 0x000000008c500000|100%| E|CS|TAMS 0x000000008c400000, 0x000000008c400000| Complete 
| 197|0x000000008c500000, 0x000000008c600000, 0x000000008c600000|100%| E|CS|TAMS 0x000000008c500000, 0x000000008c500000| Complete 
| 198|0x000000008c600000, 0x000000008c700000, 0x000000008c700000|100%| E|CS|TAMS 0x000000008c600000, 0x000000008c600000| Complete 
| 199|0x000000008c700000, 0x000000008c800000, 0x000000008c800000|100%| E|CS|TAMS 0x000000008c700000, 0x000000008c700000| Complete 
| 200|0x000000008c800000, 0x000000008c900000, 0x000000008c900000|100%| E|CS|TAMS 0x000000008c800000, 0x000000008c800000| Complete 
| 201|0x000000008c900000, 0x000000008ca00000, 0x000000008ca00000|100%| E|CS|TAMS 0x000000008c900000, 0x000000008c900000| Complete 
| 202|0x000000008ca00000, 0x000000008cb00000, 0x000000008cb00000|100%| E|CS|TAMS 0x000000008ca00000, 0x000000008ca00000| Complete 
| 203|0x000000008cb00000, 0x000000008cc00000, 0x000000008cc00000|100%| E|CS|TAMS 0x000000008cb00000, 0x000000008cb00000| Complete 
| 204|0x000000008cc00000, 0x000000008cd00000, 0x000000008cd00000|100%| E|CS|TAMS 0x000000008cc00000, 0x000000008cc00000| Complete 
| 205|0x000000008cd00000, 0x000000008ce00000, 0x000000008ce00000|100%| E|CS|TAMS 0x000000008cd00000, 0x000000008cd00000| Complete 
| 206|0x000000008ce00000, 0x000000008cf00000, 0x000000008cf00000|100%| E|CS|TAMS 0x000000008ce00000, 0x000000008ce00000| Complete 
| 207|0x000000008cf00000, 0x000000008d000000, 0x000000008d000000|100%| E|CS|TAMS 0x000000008cf00000, 0x000000008cf00000| Complete 
| 208|0x000000008d000000, 0x000000008d100000, 0x000000008d100000|100%| E|CS|TAMS 0x000000008d000000, 0x000000008d000000| Complete 
| 209|0x000000008d100000, 0x000000008d200000, 0x000000008d200000|100%| E|CS|TAMS 0x000000008d100000, 0x000000008d100000| Complete 
| 210|0x000000008d200000, 0x000000008d300000, 0x000000008d300000|100%| E|CS|TAMS 0x000000008d200000, 0x000000008d200000| Complete 
| 211|0x000000008d300000, 0x000000008d400000, 0x000000008d400000|100%| E|CS|TAMS 0x000000008d300000, 0x000000008d300000| Complete 
| 212|0x000000008d400000, 0x000000008d500000, 0x000000008d500000|100%| E|CS|TAMS 0x000000008d400000, 0x000000008d400000| Complete 
| 213|0x000000008d500000, 0x000000008d600000, 0x000000008d600000|100%| E|CS|TAMS 0x000000008d500000, 0x000000008d500000| Complete 
| 214|0x000000008d600000, 0x000000008d700000, 0x000000008d700000|100%| E|CS|TAMS 0x000000008d600000, 0x000000008d600000| Complete 
| 215|0x000000008d700000, 0x000000008d800000, 0x000000008d800000|100%| E|CS|TAMS 0x000000008d700000, 0x000000008d700000| Complete 
| 216|0x000000008d800000, 0x000000008d900000, 0x000000008d900000|100%| E|CS|TAMS 0x000000008d800000, 0x000000008d800000| Complete 
| 217|0x000000008d900000, 0x000000008da00000, 0x000000008da00000|100%| E|CS|TAMS 0x000000008d900000, 0x000000008d900000| Complete 
| 218|0x000000008da00000, 0x000000008db00000, 0x000000008db00000|100%| E|CS|TAMS 0x000000008da00000, 0x000000008da00000| Complete 
| 219|0x000000008db00000, 0x000000008dc00000, 0x000000008dc00000|100%| E|CS|TAMS 0x000000008db00000, 0x000000008db00000| Complete 
| 220|0x000000008dc00000, 0x000000008dd00000, 0x000000008dd00000|100%| E|CS|TAMS 0x000000008dc00000, 0x000000008dc00000| Complete 
| 221|0x000000008dd00000, 0x000000008de00000, 0x000000008de00000|100%| E|CS|TAMS 0x000000008dd00000, 0x000000008dd00000| Complete 
| 222|0x000000008de00000, 0x000000008df00000, 0x000000008df00000|100%| E|CS|TAMS 0x000000008de00000, 0x000000008de00000| Complete 
| 223|0x000000008df00000, 0x000000008e000000, 0x000000008e000000|100%| E|CS|TAMS 0x000000008df00000, 0x000000008df00000| Complete 
| 224|0x000000008e000000, 0x000000008e100000, 0x000000008e100000|100%| E|CS|TAMS 0x000000008e000000, 0x000000008e000000| Complete 
| 225|0x000000008e100000, 0x000000008e200000, 0x000000008e200000|100%| E|CS|TAMS 0x000000008e100000, 0x000000008e100000| Complete 
| 226|0x000000008e200000, 0x000000008e300000, 0x000000008e300000|100%| E|CS|TAMS 0x000000008e200000, 0x000000008e200000| Complete 
| 227|0x000000008e300000, 0x000000008e400000, 0x000000008e400000|100%| E|CS|TAMS 0x000000008e300000, 0x000000008e300000| Complete 
| 228|0x000000008e400000, 0x000000008e500000, 0x000000008e500000|100%| E|CS|TAMS 0x000000008e400000, 0x000000008e400000| Complete 
| 229|0x000000008e500000, 0x000000008e600000, 0x000000008e600000|100%| E|CS|TAMS 0x000000008e500000, 0x000000008e500000| Complete 
| 230|0x000000008e600000, 0x000000008e700000, 0x000000008e700000|100%| E|CS|TAMS 0x000000008e600000, 0x000000008e600000| Complete 
| 231|0x000000008e700000, 0x000000008e800000, 0x000000008e800000|100%| E|CS|TAMS 0x000000008e700000, 0x000000008e700000| Complete 
| 232|0x000000008e800000, 0x000000008e900000, 0x000000008e900000|100%| E|CS|TAMS 0x000000008e800000, 0x000000008e800000| Complete 
| 233|0x000000008e900000, 0x000000008ea00000, 0x000000008ea00000|100%| E|CS|TAMS 0x000000008e900000, 0x000000008e900000| Complete 
| 234|0x000000008ea00000, 0x000000008eb00000, 0x000000008eb00000|100%| E|CS|TAMS 0x000000008ea00000, 0x000000008ea00000| Complete 
| 235|0x000000008eb00000, 0x000000008ec00000, 0x000000008ec00000|100%| E|CS|TAMS 0x000000008eb00000, 0x000000008eb00000| Complete 
| 236|0x000000008ec00000, 0x000000008ed00000, 0x000000008ed00000|100%| E|CS|TAMS 0x000000008ec00000, 0x000000008ec00000| Complete 
| 237|0x000000008ed00000, 0x000000008ee00000, 0x000000008ee00000|100%| E|CS|TAMS 0x000000008ed00000, 0x000000008ed00000| Complete 
| 238|0x000000008ee00000, 0x000000008ef00000, 0x000000008ef00000|100%| E|CS|TAMS 0x000000008ee00000, 0x000000008ee00000| Complete 
| 239|0x000000008ef00000, 0x000000008f000000, 0x000000008f000000|100%| E|CS|TAMS 0x000000008ef00000, 0x000000008ef00000| Complete 
| 240|0x000000008f000000, 0x000000008f100000, 0x000000008f100000|100%| E|CS|TAMS 0x000000008f000000, 0x000000008f000000| Complete 
| 241|0x000000008f100000, 0x000000008f200000, 0x000000008f200000|100%| E|CS|TAMS 0x000000008f100000, 0x000000008f100000| Complete 
| 242|0x000000008f200000, 0x000000008f300000, 0x000000008f300000|100%| E|CS|TAMS 0x000000008f200000, 0x000000008f200000| Complete 
| 253|0x000000008fd00000, 0x000000008fe00000, 0x000000008fe00000|100%| E|CS|TAMS 0x000000008fd00000, 0x000000008fd00000| Complete 

Card table byte_map: [0x00000215e0790000,0x00000215e0b90000] _byte_map_base: 0x00000215e0390000

Marking Bits (Prev, Next): (CMBitMap*) 0x00000215cdbf7830, (CMBitMap*) 0x00000215cdbf77f0
 Prev Bits: [0x00000215e2f90000, 0x00000215e4f90000)
 Next Bits: [0x00000215e0f90000, 0x00000215e2f90000)

Polling page: 0x00000215cbb60000

Metaspace:

Usage:
  Non-class:     78.95 MB used.
      Class:     12.43 MB used.
       Both:     91.38 MB used.

Virtual space:
  Non-class space:       80.00 MB reserved,      79.25 MB (>99%) committed,  10 nodes.
      Class space:        1.00 GB reserved,      12.75 MB (  1%) committed,  1 nodes.
             Both:        1.08 GB reserved,      92.00 MB (  8%) committed. 

Chunk freelists:
   Non-Class:  388.00 KB
       Class:  3.25 MB
        Both:  3.62 MB

MaxMetaspaceSize: unlimited
CompressedClassSpaceSize: 1.00 GB
Initial GC threshold: 21.00 MB
Current GC threshold: 124.62 MB
CDS: off
MetaspaceReclaimPolicy: balanced
 - commit_granule_bytes: 65536.
 - commit_granule_words: 8192.
 - virtual_space_node_default_size: 1048576.
 - enlarge_chunks_in_place: 1.
 - new_chunks_are_fully_committed: 0.
 - uncommit_free_chunks: 1.
 - use_allocation_guard: 0.
 - handle_deallocations: 1.


Internal statistics:

num_allocs_failed_limit: 6.
num_arena_births: 902.
num_arena_deaths: 0.
num_vsnodes_births: 11.
num_vsnodes_deaths: 0.
num_space_committed: 1472.
num_space_uncommitted: 0.
num_chunks_returned_to_freelist: 6.
num_chunks_taken_from_freelist: 4273.
num_chunk_merges: 6.
num_chunk_splits: 2871.
num_chunks_enlarged: 1980.
num_purges: 0.
num_inconsistent_stats: 0.

CodeHeap 'non-profiled nmethods': size=120000Kb used=5039Kb max_used=5637Kb free=114960Kb
 bounds [0x00000215d8b30000, 0x00000215d90c0000, 0x00000215e0060000]
CodeHeap 'profiled nmethods': size=120000Kb used=15548Kb max_used=16768Kb free=104451Kb
 bounds [0x00000215d1060000, 0x00000215d20d0000, 0x00000215d8590000]
CodeHeap 'non-nmethods': size=5760Kb used=2401Kb max_used=2457Kb free=3358Kb
 bounds [0x00000215d8590000, 0x00000215d8800000, 0x00000215d8b30000]
 total_blobs=9228 nmethods=8308 adapters=832
 compilation: enabled
              stopped_count=0, restarted_count=0
 full_count=0

Compilation events (20 events):
Event: 8.610 Thread 0x00000215e84a5820 9815   !   3       jdk.proxy1.$Proxy79::annotationType (29 bytes)
Event: 8.611 Thread 0x00000215e84a5820 nmethod 9815 0x00000215d16a5e90 code [0x00000215d16a6060, 0x00000215d16a6438]
Event: 8.612 Thread 0x00000215e84a5820 9816       1       java.beans.GenericBeanInfo::getEventSetDescriptors (5 bytes)
Event: 8.612 Thread 0x00000215e84a5820 nmethod 9816 0x00000215d8b8fd10 code [0x00000215d8b8fea0, 0x00000215d8b8ff78]
Event: 8.612 Thread 0x00000215e84a5820 9817       1       java.beans.GenericBeanInfo::getPropertyDescriptors (5 bytes)
Event: 8.612 Thread 0x00000215e84a5820 nmethod 9817 0x00000215d8b8fa10 code [0x00000215d8b8fba0, 0x00000215d8b8fc78]
Event: 8.634 Thread 0x00000215e84a5820 9818       3       java.util.stream.ReferencePipeline::makeNodeBuilder (6 bytes)
Event: 8.634 Thread 0x00000215e84a5820 nmethod 9818 0x00000215d1166610 code [0x00000215d11667a0, 0x00000215d11668e8]
Event: 8.634 Thread 0x00000215e84a5820 9819       3       java.util.stream.Nodes::builder (30 bytes)
Event: 8.635 Thread 0x00000215e84a5820 nmethod 9819 0x00000215d15ac310 code [0x00000215d15ac500, 0x00000215d15acb08]
Event: 8.635 Thread 0x00000215e84a5820 9820       3       java.util.stream.Nodes::builder (8 bytes)
Event: 8.635 Thread 0x00000215e84a5820 nmethod 9820 0x00000215d1a99110 code [0x00000215d1a992c0, 0x00000215d1a99698]
Event: 8.635 Thread 0x00000215e84a5820 9821       3       java.util.stream.Nodes$SpinedNodeBuilder::<init> (10 bytes)
Event: 8.635 Thread 0x00000215e84a5820 nmethod 9821 0x00000215d1b89210 code [0x00000215d1b893c0, 0x00000215d1b896f8]
Event: 8.635 Thread 0x00000215e84a5820 9822       3       java.util.stream.Nodes$SpinedNodeBuilder::begin (38 bytes)
Event: 8.635 Thread 0x00000215e84a5820 nmethod 9822 0x00000215d1671b90 code [0x00000215d1671d40, 0x00000215d1671f58]
Event: 8.635 Thread 0x00000215e84a5820 9823       3       java.util.stream.Nodes$SpinedNodeBuilder::end (29 bytes)
Event: 8.635 Thread 0x00000215e84a5820 nmethod 9823 0x00000215d121e390 code [0x00000215d121e520, 0x00000215d121e638]
Event: 8.635 Thread 0x00000215e84a5820 9824       3       java.util.stream.Nodes$SpinedNodeBuilder::asArray (29 bytes)
Event: 8.635 Thread 0x00000215e84a5820 nmethod 9824 0x00000215d124f090 code [0x00000215d124f240, 0x00000215d124f388]

GC Heap History (20 events):
Event: 4.851 GC heap before
{Heap before GC invocations=21 (full 0):
 garbage-first heap   total 121856K, used 68416K [0x0000000080000000, 0x0000000100000000)
  region size 1024K, 14 young (14336K), 1 survivors (1024K)
 Metaspace       used 64233K, committed 64896K, reserved 1105920K
  class space    used 8523K, committed 8832K, reserved 1048576K
}
Event: 4.853 GC heap after
{Heap after GC invocations=22 (full 0):
 garbage-first heap   total 121856K, used 57801K [0x0000000080000000, 0x0000000100000000)
  region size 1024K, 2 young (2048K), 2 survivors (2048K)
 Metaspace       used 64233K, committed 64896K, reserved 1105920K
  class space    used 8523K, committed 8832K, reserved 1048576K
}
Event: 5.244 GC heap before
{Heap before GC invocations=23 (full 0):
 garbage-first heap   total 121856K, used 99785K [0x0000000080000000, 0x0000000100000000)
  region size 1024K, 37 young (37888K), 2 survivors (2048K)
 Metaspace       used 66624K, committed 67200K, reserved 1114112K
  class space    used 8834K, committed 9152K, reserved 1048576K
}
Event: 5.247 GC heap after
{Heap after GC invocations=24 (full 0):
 garbage-first heap   total 121856K, used 60947K [0x0000000080000000, 0x0000000100000000)
  region size 1024K, 5 young (5120K), 5 survivors (5120K)
 Metaspace       used 66624K, committed 67200K, reserved 1114112K
  class space    used 8834K, committed 9152K, reserved 1048576K
}
Event: 5.258 GC heap before
{Heap before GC invocations=24 (full 0):
 garbage-first heap   total 121856K, used 61971K [0x0000000080000000, 0x0000000100000000)
  region size 1024K, 6 young (6144K), 5 survivors (5120K)
 Metaspace       used 66690K, committed 67328K, reserved 1114112K
  class space    used 8842K, committed 9152K, reserved 1048576K
}
Event: 5.260 GC heap after
{Heap after GC invocations=25 (full 0):
 garbage-first heap   total 121856K, used 61082K [0x0000000080000000, 0x0000000100000000)
  region size 1024K, 1 young (1024K), 1 survivors (1024K)
 Metaspace       used 66690K, committed 67328K, reserved 1114112K
  class space    used 8842K, committed 9152K, reserved 1048576K
}
Event: 5.640 GC heap before
{Heap before GC invocations=25 (full 0):
 garbage-first heap   total 121856K, used 94874K [0x0000000080000000, 0x0000000100000000)
  region size 1024K, 34 young (34816K), 1 survivors (1024K)
 Metaspace       used 70112K, committed 70720K, reserved 1114112K
  class space    used 9300K, committed 9600K, reserved 1048576K
}
Event: 5.643 GC heap after
{Heap after GC invocations=26 (full 0):
 garbage-first heap   total 121856K, used 63005K [0x0000000080000000, 0x0000000100000000)
  region size 1024K, 3 young (3072K), 3 survivors (3072K)
 Metaspace       used 70112K, committed 70720K, reserved 1114112K
  class space    used 9300K, committed 9600K, reserved 1048576K
}
Event: 6.058 GC heap before
{Heap before GC invocations=27 (full 0):
 garbage-first heap   total 121856K, used 96797K [0x0000000080000000, 0x0000000100000000)
  region size 1024K, 36 young (36864K), 3 survivors (3072K)
 Metaspace       used 74256K, committed 74816K, reserved 1114112K
  class space    used 9841K, committed 10112K, reserved 1048576K
}
Event: 6.062 GC heap after
{Heap after GC invocations=28 (full 0):
 garbage-first heap   total 121856K, used 65401K [0x0000000080000000, 0x0000000100000000)
  region size 1024K, 5 young (5120K), 5 survivors (5120K)
 Metaspace       used 74256K, committed 74816K, reserved 1114112K
  class space    used 9841K, committed 10112K, reserved 1048576K
}
Event: 6.071 GC heap before
{Heap before GC invocations=28 (full 0):
 garbage-first heap   total 121856K, used 65401K [0x0000000080000000, 0x0000000100000000)
  region size 1024K, 6 young (6144K), 5 survivors (5120K)
 Metaspace       used 74404K, committed 74944K, reserved 1114112K
  class space    used 9862K, committed 10112K, reserved 1048576K
}
Event: 6.074 GC heap after
{Heap after GC invocations=29 (full 0):
 garbage-first heap   total 121856K, used 65503K [0x0000000080000000, 0x0000000100000000)
  region size 1024K, 1 young (1024K), 1 survivors (1024K)
 Metaspace       used 74404K, committed 74944K, reserved 1114112K
  class space    used 9862K, committed 10112K, reserved 1048576K
}
Event: 6.316 GC heap before
{Heap before GC invocations=29 (full 0):
 garbage-first heap   total 121856K, used 97247K [0x0000000080000000, 0x0000000100000000)
  region size 1024K, 33 young (33792K), 1 survivors (1024K)
 Metaspace       used 75841K, committed 76416K, reserved 1122304K
  class space    used 10045K, committed 10304K, reserved 1048576K
}
Event: 6.318 GC heap after
{Heap after GC invocations=30 (full 0):
 garbage-first heap   total 121856K, used 68718K [0x0000000080000000, 0x0000000100000000)
  region size 1024K, 4 young (4096K), 4 survivors (4096K)
 Metaspace       used 75841K, committed 76416K, reserved 1122304K
  class space    used 10045K, committed 10304K, reserved 1048576K
}
Event: 6.682 GC heap before
{Heap before GC invocations=31 (full 0):
 garbage-first heap   total 121856K, used 98414K [0x0000000080000000, 0x0000000100000000)
  region size 1024K, 33 young (33792K), 4 survivors (4096K)
 Metaspace       used 79195K, committed 79808K, reserved 1122304K
  class space    used 10573K, committed 10816K, reserved 1048576K
}
Event: 6.685 GC heap after
{Heap after GC invocations=32 (full 0):
 garbage-first heap   total 121856K, used 70228K [0x0000000080000000, 0x0000000100000000)
  region size 1024K, 2 young (2048K), 2 survivors (2048K)
 Metaspace       used 79195K, committed 79808K, reserved 1122304K
  class space    used 10573K, committed 10816K, reserved 1048576K
}
Event: 6.726 GC heap before
{Heap before GC invocations=32 (full 0):
 garbage-first heap   total 121856K, used 72276K [0x0000000080000000, 0x0000000100000000)
  region size 1024K, 5 young (5120K), 2 survivors (2048K)
 Metaspace       used 79588K, committed 80192K, reserved 1122304K
  class space    used 10653K, committed 10944K, reserved 1048576K
}
Event: 6.728 GC heap after
{Heap after GC invocations=33 (full 0):
 garbage-first heap   total 249856K, used 69824K [0x0000000080000000, 0x0000000100000000)
  region size 1024K, 1 young (1024K), 1 survivors (1024K)
 Metaspace       used 79588K, committed 80192K, reserved 1122304K
  class space    used 10653K, committed 10944K, reserved 1048576K
}
Event: 8.219 GC heap before
{Heap before GC invocations=33 (full 0):
 garbage-first heap   total 249856K, used 183488K [0x0000000080000000, 0x0000000100000000)
  region size 1024K, 112 young (114688K), 1 survivors (1024K)
 Metaspace       used 91895K, committed 92544K, reserved 1130496K
  class space    used 12514K, committed 12800K, reserved 1048576K
}
Event: 8.228 GC heap after
{Heap after GC invocations=34 (full 0):
 garbage-first heap   total 249856K, used 78561K [0x0000000080000000, 0x0000000100000000)
  region size 1024K, 9 young (9216K), 9 survivors (9216K)
 Metaspace       used 91895K, committed 92544K, reserved 1130496K
  class space    used 12514K, committed 12800K, reserved 1048576K
}

Dll operation events (2 events):
Event: 0.007 Loaded shared library D:\Android\Android Studio\jbr\bin\java.dll
Event: 0.212 Loaded shared library D:\Android\Android Studio\jbr\bin\verify.dll

Deoptimization events (20 events):
Event: 8.454 Thread 0x00000215eacfb170 Uncommon trap: trap_request=0xffffffc6 fr.pc=0x00000215d8edc6b0 relative=0x0000000000002590
Event: 8.454 Thread 0x00000215eacfb170 Uncommon trap: reason=bimorphic_or_optimized_type_check action=maybe_recompile pc=0x00000215d8edc6b0 method=org.codehaus.groovy.runtime.metaclass.MetaMethodIndex.isOverridden(Lgroovy/lang/MetaMethod;Lgroovy/lang/MetaMethod;)Z @ 37 c2
Event: 8.454 Thread 0x00000215eacfb170 DEOPT PACKING pc=0x00000215d8edc6b0 sp=0x000000bda4cf8340
Event: 8.454 Thread 0x00000215eacfb170 DEOPT UNPACKING pc=0x00000215d85ea1a3 sp=0x000000bda4cf82e8 mode 2
Event: 8.455 Thread 0x00000215eacfb170 Uncommon trap: trap_request=0xffffff45 fr.pc=0x00000215d8ede2e0 relative=0x00000000000041c0
Event: 8.455 Thread 0x00000215eacfb170 Uncommon trap: reason=unstable_if action=reinterpret pc=0x00000215d8ede2e0 method=org.codehaus.groovy.runtime.metaclass.MetaMethodIndex.isOverridden(Lgroovy/lang/MetaMethod;Lgroovy/lang/MetaMethod;)Z @ 33 c2
Event: 8.455 Thread 0x00000215eacfb170 DEOPT PACKING pc=0x00000215d8ede2e0 sp=0x000000bda4cf8340
Event: 8.455 Thread 0x00000215eacfb170 DEOPT UNPACKING pc=0x00000215d85ea1a3 sp=0x000000bda4cf82e8 mode 2
Event: 8.512 Thread 0x00000215eacfb170 Uncommon trap: trap_request=0xffffff45 fr.pc=0x00000215d8f0b254 relative=0x0000000000000e14
Event: 8.512 Thread 0x00000215eacfb170 Uncommon trap: reason=unstable_if action=reinterpret pc=0x00000215d8f0b254 method=java.lang.ClassLoader.checkCerts(Ljava/lang/String;Ljava/security/CodeSource;)V @ 30 c2
Event: 8.512 Thread 0x00000215eacfb170 DEOPT PACKING pc=0x00000215d8f0b254 sp=0x000000bda4cf7080
Event: 8.512 Thread 0x00000215eacfb170 DEOPT UNPACKING pc=0x00000215d85ea1a3 sp=0x000000bda4cf7058 mode 2
Event: 8.512 Thread 0x00000215eacfb170 Uncommon trap: trap_request=0xffffff45 fr.pc=0x00000215d8ec2d44 relative=0x0000000000001aa4
Event: 8.512 Thread 0x00000215eacfb170 Uncommon trap: reason=unstable_if action=reinterpret pc=0x00000215d8ec2d44 method=java.lang.ClassLoader.postDefineClass(Ljava/lang/Class;Ljava/security/ProtectionDomain;)V @ 17 c2
Event: 8.512 Thread 0x00000215eacfb170 DEOPT PACKING pc=0x00000215d8ec2d44 sp=0x000000bda4cf70c0
Event: 8.512 Thread 0x00000215eacfb170 DEOPT UNPACKING pc=0x00000215d85ea1a3 sp=0x000000bda4cf70b0 mode 2
Event: 8.512 Thread 0x00000215eacfb170 Uncommon trap: trap_request=0xffffff45 fr.pc=0x00000215d8e4225c relative=0x0000000000005f5c
Event: 8.512 Thread 0x00000215eacfb170 Uncommon trap: reason=unstable_if action=reinterpret pc=0x00000215d8e4225c method=java.lang.ClassLoader.loadClass(Ljava/lang/String;Z)Ljava/lang/Class; @ 29 c2
Event: 8.512 Thread 0x00000215eacfb170 DEOPT PACKING pc=0x00000215d8e4225c sp=0x000000bda4cf30f0
Event: 8.512 Thread 0x00000215eacfb170 DEOPT UNPACKING pc=0x00000215d85ea1a3 sp=0x000000bda4cf3168 mode 2

Classes unloaded (0 events):
No events

Classes redefined (0 events):
No events

Internal exceptions (20 events):
Event: 8.595 Thread 0x00000215eacfb170 Exception <a 'java/lang/ClassNotFoundException'{0x000000008ccd5a60}: com/android/build/gradle/tasks/ProcessMultiApkApplicationManifest_DecoratedCustomizer> (0x000000008ccd5a60) 
thrown [s\src\hotspot\share\classfile\systemDictionary.cpp, line 256]
Event: 8.599 Thread 0x00000215eacfb170 Exception <a 'java/lang/ClassNotFoundException'{0x000000008cb7fa28}: com/android/build/gradle/tasks/ProcessPackagedManifestTask_DecoratedBeanInfo> (0x000000008cb7fa28) 
thrown [s\src\hotspot\share\classfile\systemDictionary.cpp, line 256]
Event: 8.599 Thread 0x00000215eacfb170 Exception <a 'java/lang/ClassNotFoundException'{0x000000008cb8b798}: com/android/build/gradle/tasks/ProcessPackagedManifestTaskBeanInfo> (0x000000008cb8b798) 
thrown [s\src\hotspot\share\classfile\systemDictionary.cpp, line 256]
Event: 8.600 Thread 0x00000215eacfb170 Exception <a 'java/lang/ClassNotFoundException'{0x000000008cb96fb0}: com/android/build/gradle/tasks/ProcessPackagedManifestTaskCustomizer> (0x000000008cb96fb0) 
thrown [s\src\hotspot\share\classfile\systemDictionary.cpp, line 256]
Event: 8.601 Thread 0x00000215eacfb170 Exception <a 'java/lang/ClassNotFoundException'{0x000000008cbb9a18}: com/android/build/gradle/tasks/ProcessPackagedManifestTask_DecoratedCustomizer> (0x000000008cbb9a18) 
thrown [s\src\hotspot\share\classfile\systemDictionary.cpp, line 256]
Event: 8.607 Thread 0x00000215eacfb170 Exception <a 'java/lang/ClassNotFoundException'{0x000000008cab7ef0}: com/android/build/gradle/internal/res/LinkApplicationAndroidResourcesTask_DecoratedBeanInfo> (0x000000008cab7ef0) 
thrown [s\src\hotspot\share\classfile\systemDictionary.cpp, line 256]
Event: 8.607 Thread 0x00000215eacfb170 Exception <a 'java/lang/ClassNotFoundException'{0x000000008cac3cb8}: com/android/build/gradle/internal/res/LinkApplicationAndroidResourcesTaskBeanInfo> (0x000000008cac3cb8) 
thrown [s\src\hotspot\share\classfile\systemDictionary.cpp, line 256]
Event: 8.608 Thread 0x00000215eacfb170 Exception <a 'java/lang/ClassNotFoundException'{0x000000008cad0428}: com/android/build/gradle/tasks/ProcessAndroidResourcesBeanInfo> (0x000000008cad0428) 
thrown [s\src\hotspot\share\classfile\systemDictionary.cpp, line 256]
Event: 8.608 Thread 0x00000215eacfb170 Exception <a 'java/lang/ClassNotFoundException'{0x000000008cadbe70}: com/android/build/gradle/tasks/ProcessAndroidResourcesCustomizer> (0x000000008cadbe70) 
thrown [s\src\hotspot\share\classfile\systemDictionary.cpp, line 256]
Event: 8.609 Thread 0x00000215eacfb170 Exception <a 'java/lang/ClassNotFoundException'{0x000000008caf8798}: com/android/build/gradle/internal/res/LinkApplicationAndroidResourcesTaskCustomizer> (0x000000008caf8798) 
thrown [s\src\hotspot\share\classfile\systemDictionary.cpp, line 256]
Event: 8.611 Thread 0x00000215eacfb170 Exception <a 'java/lang/ClassNotFoundException'{0x000000008c95b7b0}: com/android/build/gradle/internal/res/LinkApplicationAndroidResourcesTask_DecoratedCustomizer> (0x000000008c95b7b0) 
thrown [s\src\hotspot\share\classfile\systemDictionary.cpp, line 256]
Event: 8.641 Thread 0x00000215eacfb170 Exception <a 'java/lang/ClassNotFoundException'{0x000000008c45f578}: com/google/devtools/ksp/gradle/KspTaskJvm_DecoratedBeanInfo> (0x000000008c45f578) 
thrown [s\src\hotspot\share\classfile\systemDictionary.cpp, line 256]
Event: 8.641 Thread 0x00000215eacfb170 Exception <a 'java/lang/ClassNotFoundException'{0x000000008c46ae70}: com/google/devtools/ksp/gradle/KspTaskJvmBeanInfo> (0x000000008c46ae70) 
thrown [s\src\hotspot\share\classfile\systemDictionary.cpp, line 256]
Event: 8.642 Thread 0x00000215eacfb170 Exception <a 'java/lang/ClassNotFoundException'{0x000000008c477650}: org/jetbrains/kotlin/gradle/tasks/KotlinCompileBeanInfo> (0x000000008c477650) 
thrown [s\src\hotspot\share\classfile\systemDictionary.cpp, line 256]
Event: 8.642 Thread 0x00000215eacfb170 Exception <a 'java/lang/ClassNotFoundException'{0x000000008c4844a8}: org/jetbrains/kotlin/gradle/tasks/AbstractKotlinCompileBeanInfo> (0x000000008c4844a8) 
thrown [s\src\hotspot\share\classfile\systemDictionary.cpp, line 256]
Event: 8.642 Thread 0x00000215eacfb170 Exception <a 'java/lang/ClassNotFoundException'{0x000000008c491338}: org/jetbrains/kotlin/gradle/tasks/AbstractKotlinCompileToolBeanInfo> (0x000000008c491338) 
thrown [s\src\hotspot\share\classfile\systemDictionary.cpp, line 256]
Event: 8.642 Thread 0x00000215eacfb170 Exception <a 'java/lang/ClassNotFoundException'{0x000000008c49e1a8}: org/jetbrains/kotlin/gradle/tasks/AbstractKotlinCompileToolCustomizer> (0x000000008c49e1a8) 
thrown [s\src\hotspot\share\classfile\systemDictionary.cpp, line 256]
Event: 8.643 Thread 0x00000215eacfb170 Exception <a 'java/lang/ClassNotFoundException'{0x000000008c4d1b88}: org/jetbrains/kotlin/gradle/tasks/AbstractKotlinCompileCustomizer> (0x000000008c4d1b88) 
thrown [s\src\hotspot\share\classfile\systemDictionary.cpp, line 256]
Event: 8.645 Thread 0x00000215eacfb170 Exception <a 'java/lang/ClassNotFoundException'{0x000000008c319948}: org/jetbrains/kotlin/gradle/tasks/KotlinCompileCustomizer> (0x000000008c319948) 
thrown [s\src\hotspot\share\classfile\systemDictionary.cpp, line 256]
Event: 8.647 Thread 0x00000215eacfb170 Exception <a 'java/lang/ClassNotFoundException'{0x000000008c37bb28}: com/google/devtools/ksp/gradle/KspTaskJvmCustomizer> (0x000000008c37bb28) 
thrown [s\src\hotspot\share\classfile\systemDictionary.cpp, line 256]

VM Operations (20 events):
Event: 8.043 Executing VM operation: HandshakeAllThreads
Event: 8.043 Executing VM operation: HandshakeAllThreads done
Event: 8.055 Executing VM operation: HandshakeAllThreads
Event: 8.055 Executing VM operation: HandshakeAllThreads done
Event: 8.175 Executing VM operation: ICBufferFull
Event: 8.175 Executing VM operation: ICBufferFull done
Event: 8.219 Executing VM operation: G1CollectForAllocation
Event: 8.228 Executing VM operation: G1CollectForAllocation done
Event: 8.232 Executing VM operation: HandshakeAllThreads
Event: 8.232 Executing VM operation: HandshakeAllThreads done
Event: 8.271 Executing VM operation: HandshakeAllThreads
Event: 8.271 Executing VM operation: HandshakeAllThreads done
Event: 8.285 Executing VM operation: HandshakeAllThreads
Event: 8.286 Executing VM operation: HandshakeAllThreads done
Event: 8.294 Executing VM operation: HandshakeAllThreads
Event: 8.294 Executing VM operation: HandshakeAllThreads done
Event: 8.392 Executing VM operation: ICBufferFull
Event: 8.392 Executing VM operation: ICBufferFull done
Event: 8.463 Executing VM operation: HandshakeAllThreads
Event: 8.463 Executing VM operation: HandshakeAllThreads done

Events (20 events):
Event: 8.443 loading class java/util/IdentityHashMap$IdentityHashMapIterator done
Event: 8.443 loading class java/util/IdentityHashMap$KeyIterator done
Event: 8.458 loading class java/util/AbstractCollectionBeanInfo
Event: 8.458 loading class java/util/AbstractCollectionBeanInfo done
Event: 8.458 loading class java/util/AbstractCollectionBeanInfo
Event: 8.458 loading class java/util/AbstractCollectionBeanInfo done
Event: 8.459 loading class java/util/AbstractCollectionCustomizer
Event: 8.459 loading class java/util/AbstractCollectionCustomizer done
Event: 8.459 loading class java/util/AbstractCollectionCustomizer
Event: 8.459 loading class java/util/AbstractCollectionCustomizer done
Event: 8.459 loading class sun/reflect/generics/reflectiveObjects/GenericArrayTypeImpl
Event: 8.459 loading class sun/reflect/generics/reflectiveObjects/GenericArrayTypeImpl done
Event: 8.505 loading class java/lang/ClassBeanInfo
Event: 8.505 loading class java/lang/ClassBeanInfo done
Event: 8.505 loading class java/lang/ClassBeanInfo
Event: 8.505 loading class java/lang/ClassBeanInfo done
Event: 8.505 loading class java/lang/ClassCustomizer
Event: 8.505 loading class java/lang/ClassCustomizer done
Event: 8.505 loading class java/lang/ClassCustomizer
Event: 8.505 loading class java/lang/ClassCustomizer done


Dynamic libraries:
0x00007ff76ef50000 - 0x00007ff76ef5a000 	D:\Android\Android Studio\jbr\bin\java.exe
0x00007ffc34ed0000 - 0x00007ffc350e7000 	C:\WINDOWS\SYSTEM32\ntdll.dll
0x00007ffc33620000 - 0x00007ffc336e4000 	C:\WINDOWS\System32\KERNEL32.DLL
0x00007ffc326a0000 - 0x00007ffc32a46000 	C:\WINDOWS\System32\KERNELBASE.dll
0x00007ffc32b00000 - 0x00007ffc32c11000 	C:\WINDOWS\System32\ucrtbase.dll
0x00007ffc12760000 - 0x00007ffc1277b000 	D:\Android\Android Studio\jbr\bin\VCRUNTIME140.dll
0x00007ffc16980000 - 0x00007ffc16997000 	D:\Android\Android Studio\jbr\bin\jli.dll
0x00007ffc33d20000 - 0x00007ffc33ece000 	C:\WINDOWS\System32\USER32.dll
0x00007ffc21cd0000 - 0x00007ffc21f63000 	C:\WINDOWS\WinSxS\amd64_microsoft.windows.common-controls_6595b64144ccf1df_6.0.22621.2506_none_270c5ae97388e100\COMCTL32.dll
0x00007ffc32a50000 - 0x00007ffc32a76000 	C:\WINDOWS\System32\win32u.dll
0x00007ffc336f0000 - 0x00007ffc33797000 	C:\WINDOWS\System32\msvcrt.dll
0x00007ffc33470000 - 0x00007ffc33499000 	C:\WINDOWS\System32\GDI32.dll
0x00007ffc32240000 - 0x00007ffc32358000 	C:\WINDOWS\System32\gdi32full.dll
0x00007ffc323d0000 - 0x00007ffc3246a000 	C:\WINDOWS\System32\msvcp_win.dll
0x00007ffc33fd0000 - 0x00007ffc34001000 	C:\WINDOWS\System32\IMM32.DLL
0x00007ffc191c0000 - 0x00007ffc191cc000 	D:\Android\Android Studio\jbr\bin\vcruntime140_1.dll
0x00007ffbfe440000 - 0x00007ffbfe4cd000 	D:\Android\Android Studio\jbr\bin\msvcp140.dll
0x00007ffbae450000 - 0x00007ffbaf0be000 	D:\Android\Android Studio\jbr\bin\server\jvm.dll
0x00007ffc337a0000 - 0x00007ffc33851000 	C:\WINDOWS\System32\ADVAPI32.dll
0x00007ffc33b90000 - 0x00007ffc33c35000 	C:\WINDOWS\System32\sechost.dll
0x00007ffc32d80000 - 0x00007ffc32e97000 	C:\WINDOWS\System32\RPCRT4.dll
0x00007ffc24ad0000 - 0x00007ffc24ada000 	C:\WINDOWS\SYSTEM32\VERSION.dll
0x00007ffc29a60000 - 0x00007ffc29a69000 	C:\WINDOWS\SYSTEM32\WSOCK32.dll
0x00007ffc27af0000 - 0x00007ffc27b24000 	C:\WINDOWS\SYSTEM32\WINMM.dll
0x00007ffc33ab0000 - 0x00007ffc33b21000 	C:\WINDOWS\System32\WS2_32.dll
0x00007ffc312f0000 - 0x00007ffc31308000 	C:\WINDOWS\SYSTEM32\kernel.appcore.dll
0x00007ffc28550000 - 0x00007ffc2855a000 	D:\Android\Android Studio\jbr\bin\jimage.dll
0x00007ffc2fa00000 - 0x00007ffc2fc33000 	C:\WINDOWS\SYSTEM32\DBGHELP.DLL
0x00007ffc32f20000 - 0x00007ffc332a9000 	C:\WINDOWS\System32\combase.dll
0x00007ffc33c40000 - 0x00007ffc33d17000 	C:\WINDOWS\System32\OLEAUT32.dll
0x00007ffc24b50000 - 0x00007ffc24b82000 	C:\WINDOWS\SYSTEM32\dbgcore.DLL
0x00007ffc32a80000 - 0x00007ffc32afa000 	C:\WINDOWS\System32\bcryptPrimitives.dll
0x00007ffc13e40000 - 0x00007ffc13e65000 	D:\Android\Android Studio\jbr\bin\java.dll
0x00007ffc13b10000 - 0x00007ffc13b28000 	D:\Android\Android Studio\jbr\bin\zip.dll
0x00007ffc340d0000 - 0x00007ffc3492a000 	C:\WINDOWS\System32\SHELL32.dll
0x00007ffc30120000 - 0x00007ffc30a16000 	C:\WINDOWS\SYSTEM32\windows.storage.dll
0x00007ffc2ffe0000 - 0x00007ffc3011e000 	C:\WINDOWS\SYSTEM32\wintypes.dll
0x00007ffc33ed0000 - 0x00007ffc33fc3000 	C:\WINDOWS\System32\SHCORE.dll
0x00007ffc34010000 - 0x00007ffc3406e000 	C:\WINDOWS\System32\shlwapi.dll
0x00007ffc32170000 - 0x00007ffc32196000 	C:\WINDOWS\SYSTEM32\profapi.dll
0x00007ffc12590000 - 0x00007ffc125a9000 	D:\Android\Android Studio\jbr\bin\net.dll
0x00007ffc293d0000 - 0x00007ffc29507000 	C:\WINDOWS\SYSTEM32\WINHTTP.dll
0x00007ffc31780000 - 0x00007ffc317e9000 	C:\WINDOWS\system32\mswsock.dll
0x00007ffc12570000 - 0x00007ffc12586000 	D:\Android\Android Studio\jbr\bin\nio.dll
0x00007ffc27a70000 - 0x00007ffc27a80000 	D:\Android\Android Studio\jbr\bin\verify.dll
0x00007ffc24a00000 - 0x00007ffc24a27000 	D:\dev\gradle\native\68d5fa5c4cc2d200863cafc0d521ce42e7d3e7ee720ec0a83991735586a16f82\windows-amd64\native-platform.dll
0x00007ffc02530000 - 0x00007ffc02674000 	D:\dev\gradle\native\e376f236ea51e6404a007f0833ffe2c6e607c4080706a723a18a27aeea778392\windows-amd64\native-platform-file-events.dll
0x00007ffc28200000 - 0x00007ffc28209000 	D:\Android\Android Studio\jbr\bin\management.dll
0x00007ffc27b40000 - 0x00007ffc27b4b000 	D:\Android\Android Studio\jbr\bin\management_ext.dll
0x00007ffc33b80000 - 0x00007ffc33b88000 	C:\WINDOWS\System32\PSAPI.DLL
0x00007ffc319e0000 - 0x00007ffc319fb000 	C:\WINDOWS\SYSTEM32\CRYPTSP.dll
0x00007ffc31250000 - 0x00007ffc31285000 	C:\WINDOWS\system32\rsaenh.dll
0x00007ffc31880000 - 0x00007ffc318ac000 	C:\WINDOWS\SYSTEM32\USERENV.dll
0x00007ffc31bf0000 - 0x00007ffc31c18000 	C:\WINDOWS\SYSTEM32\bcrypt.dll
0x00007ffc31a00000 - 0x00007ffc31a0c000 	C:\WINDOWS\SYSTEM32\CRYPTBASE.dll
0x00007ffc30d30000 - 0x00007ffc30d5d000 	C:\WINDOWS\SYSTEM32\IPHLPAPI.DLL
0x00007ffc34950000 - 0x00007ffc34959000 	C:\WINDOWS\System32\NSI.dll
0x00007ffc292c0000 - 0x00007ffc292d9000 	C:\WINDOWS\SYSTEM32\dhcpcsvc6.DLL
0x00007ffc29210000 - 0x00007ffc2922f000 	C:\WINDOWS\SYSTEM32\dhcpcsvc.DLL
0x00007ffc30db0000 - 0x00007ffc30ea9000 	C:\WINDOWS\SYSTEM32\DNSAPI.dll
0x00007ffc22060000 - 0x00007ffc22068000 	C:\WINDOWS\system32\wshunix.dll
0x00007ffbd7bc0000 - 0x00007ffbd7bd7000 	C:\WINDOWS\system32\napinsp.dll
0x00007ffbd7ba0000 - 0x00007ffbd7bbb000 	C:\WINDOWS\system32\pnrpnsp.dll
0x00007ffbd7b80000 - 0x00007ffbd7b91000 	C:\WINDOWS\System32\winrnr.dll
0x00007ffbf9430000 - 0x00007ffbf9445000 	C:\WINDOWS\system32\wshbth.dll
0x00007ffc24d20000 - 0x00007ffc24d41000 	C:\WINDOWS\system32\nlansp_c.dll
0x00007ffc279f0000 - 0x00007ffc279fa000 	C:\Windows\System32\rasadhlp.dll
0x00007ffc284a0000 - 0x00007ffc28523000 	C:\WINDOWS\System32\fwpuclnt.dll

dbghelp: loaded successfully - version: 4.0.5 - missing functions: none
symbol engine: initialized successfully - sym options: 0x614 - pdb path: .;D:\Android\Android Studio\jbr\bin;C:\WINDOWS\SYSTEM32;C:\WINDOWS\WinSxS\amd64_microsoft.windows.common-controls_6595b64144ccf1df_6.0.22621.2506_none_270c5ae97388e100;D:\Android\Android Studio\jbr\bin\server;D:\dev\gradle\native\68d5fa5c4cc2d200863cafc0d521ce42e7d3e7ee720ec0a83991735586a16f82\windows-amd64;D:\dev\gradle\native\e376f236ea51e6404a007f0833ffe2c6e607c4080706a723a18a27aeea778392\windows-amd64

VM Arguments:
jvm_args: --add-opens=java.base/java.util=ALL-UNNAMED --add-opens=java.base/java.lang=ALL-UNNAMED --add-opens=java.base/java.lang.invoke=ALL-UNNAMED --add-opens=java.prefs/java.util.prefs=ALL-UNNAMED --add-opens=java.base/java.nio.charset=ALL-UNNAMED --add-opens=java.base/java.net=ALL-UNNAMED --add-opens=java.base/java.util.concurrent.atomic=ALL-UNNAMED -Xmx2048m -Dfile.encoding=UTF-8 -Duser.country=CN -Duser.language=zh -Duser.variant 
java_command: org.gradle.launcher.daemon.bootstrap.GradleDaemon 8.0
java_class_path (initial): D:\dev\gradle\wrapper\dists\gradle-8.0-bin\ca5e32bp14vu59qr306oxotwh\gradle-8.0\lib\gradle-launcher-8.0.jar
Launcher Type: SUN_STANDARD

[Global flags]
     intx CICompilerCount                          = 4                                         {product} {ergonomic}
     uint ConcGCThreads                            = 2                                         {product} {ergonomic}
     uint G1ConcRefinementThreads                  = 8                                         {product} {ergonomic}
   size_t G1HeapRegionSize                         = 1048576                                   {product} {ergonomic}
    uintx GCDrainStackTargetSize                   = 64                                        {product} {ergonomic}
   size_t InitialHeapSize                          = 266338304                                 {product} {ergonomic}
   size_t MarkStackSize                            = 4194304                                   {product} {ergonomic}
   size_t MaxHeapSize                              = 2147483648                                {product} {command line}
   size_t MaxNewSize                               = 1287651328                                {product} {ergonomic}
   size_t MinHeapDeltaBytes                        = 1048576                                   {product} {ergonomic}
   size_t MinHeapSize                              = 8388608                                   {product} {ergonomic}
    uintx NonNMethodCodeHeapSize                   = 5839372                                {pd product} {ergonomic}
    uintx NonProfiledCodeHeapSize                  = 122909434                              {pd product} {ergonomic}
    uintx ProfiledCodeHeapSize                     = 122909434                              {pd product} {ergonomic}
    uintx ReservedCodeCacheSize                    = 251658240                              {pd product} {ergonomic}
     bool SegmentedCodeCache                       = true                                      {product} {ergonomic}
   size_t SoftMaxHeapSize                          = 2147483648                             {manageable} {ergonomic}
     bool UseCompressedClassPointers               = true                           {product lp64_product} {ergonomic}
     bool UseCompressedOops                        = true                           {product lp64_product} {ergonomic}
     bool UseG1GC                                  = true                                      {product} {ergonomic}
     bool UseLargePagesIndividualAllocation        = false                                  {pd product} {ergonomic}

Logging:
Log output configuration:
 #0: stdout all=warning uptime,level,tags
 #1: stderr all=off uptime,level,tags

Environment Variables:
JAVA_HOME=C:\Users\aka1298\.jdks\jdk-21
PATH=C:\WINDOWS\system32;C:\WINDOWS;C:\WINDOWS\System32\Wbem;C:\WINDOWS\System32\WindowsPowerShell\v1.0\;C:\WINDOWS\System32\OpenSSH\;C:\Users\aka1298\.jdks\jdk-21\bin;D:\program\git\cmd;D:\dev\ffmpeg\bin;D:\dev\nacos\bin\;D:\program\FFDec\;C:\Users\aka1298\AppData\Roaming\npm;D:\dev\nginx-1.20.2;D:\program\sublime_text;D:\dev\Redis-5.0.14.1;D:\tools;D:\dev\python;C:\Program Files\dotnet\;D:\dev\VSC\VC\Tools\MSVC\14.16.27023\bin\HostX64\x64;D:\dev\gradle\bin;D:\program\7-Zip;d:\dev\nvm;C:\Program Files\nodejs;C:\Program Files\Docker\Docker\resources\bin;C:\Program Files\gsudo\Current;D:\dev\VS Code;D:\dev\apache-maven-3.9.4\bin;;D:\program\Tencent\web\dll;C:\Program Files\PowerShell\7\;D:\dev\python\Scripts\;D:\dev\python\;%PNPM_HOME%;C:\Users\aka1298\AppData\Local\Microsoft\WindowsApps;D:\dev\PyCharm 2022.2.2\bin;;D:\dev\JetBrains\IntelliJ IDEA 2023.1\bin;;C:\Users\aka1298\.dotnet\tools;C:\Users\aka1298\AppData\Roaming\npm;D:\JetBrains\IntelliJ IDEA Community Edition 2022.3.3\bin;;D:\dev\VS Code\bin;d:\dev\nvm;C:\Program Files\nodejs;C:\Users\aka1298\AppData\Local\Programs\oh-my-posh\bin;
USERNAME=aka1298
OS=Windows_NT
PROCESSOR_IDENTIFIER=Intel64 Family 6 Model 140 Stepping 1, GenuineIntel
TMP=C:\Users\aka1298\AppData\Local\Temp
TEMP=C:\Users\aka1298\AppData\Local\Temp


JNI global refs:
JNI global refs: 29, weak refs: 6

JNI global refs memory usage: 843, weak refs: 841


---------------  S Y S T E M  ---------------

OS:
 Windows 11 , 64 bit Build 22621 (10.0.22621.2506)
OS uptime: 5 days 12:34 hours
Hyper-V role detected

CPU: total 8 (initial active 8) (4 cores per cpu, 2 threads per core) family 6 model 140 stepping 1 microcode 0x8a, cx8, cmov, fxsr, ht, mmx, 3dnowpref, sse, sse2, sse3, ssse3, sse4.1, sse4.2, popcnt, lzcnt, tsc, tscinvbit, avx, avx2, aes, erms, clmul, bmi1, bmi2, adx, avx512f, avx512dq, avx512cd, avx512bw, avx512vl, sha, fma, vzeroupper, avx512_vpopcntdq, avx512_vpclmulqdq, avx512_vaes, avx512_vnni, clflush, clflushopt, clwb, avx512_vbmi2, avx512_vbmi, hv

Memory: 4k page, system-wide physical 16179M (652M free)
TotalPageFile size 46607M (AvailPageFile size 4M)
current process WorkingSet (physical memory assigned to process): 502M, peak: 503M
current process commit charge ("private bytes"): 554M, peak: 555M

vm_info: OpenJDK 64-Bit Server VM (17.0.6+0-b2043.56-10027231) for windows-amd64 JRE (17.0.6+0-b2043.56-10027231), built on Apr 28 2023 00:43:19 by "androidbuild" with MS VC++ 16.10 / 16.11 (VS2019)

END.
